<?xml version="1.0" encoding="utf-8"?><testsuites><testsuite name="pytest" errors="1" failures="0" skipped="0" tests="1" time="11.047" timestamp="2024-01-18T02:45:54.264238" hostname="chaitanyasai-HP-ProBook-440-G5"><testcase classname="" name="gw1" time="0.000"><error message="collection failure">Different tests were collected between gw0 and gw1. The difference is:
--- gw0

+++ gw1

@@ -174,134 +174,134 @@

 tensorflow_lite_tests/test_tfl_HardSwish.py::TestTFLiteHardSwishLayerTest::test_hardswish[ ie_device:CPU - precision:FP32 - params:{'shape': [4]} ]
 tensorflow_lite_tests/test_tfl_HardSwish.py::TestTFLiteHardSwishLayerTest::test_hardswish[ ie_device:GPU - precision:FP16 - params:{'shape': [5, 2]} ]
 tensorflow_lite_tests/test_tfl_HardSwish.py::TestTFLiteHardSwishLayerTest::test_hardswish[ ie_device:CPU - precision:FP16 - params:{'shape': [4]} ]
-tensorflow_lite_tests/test_tfl_BinaryWithActivation.py::TestTFLiteBinaryWithActivationLayerTest::test_binary[ ie_device:CPU - precision:FP16 - params:{'op_name': 'DIV', 'op_func': &lt;function divide at 0x7fc024585360&gt;, 'kwargs_to_prepare_input': 'positive', 'shape': [9, 10], 'activation': &lt;function relu at 0x7fc03e1b70a0&gt;} ]
-tensorflow_lite_tests/test_tfl_BinaryWithActivation.py::TestTFLiteBinaryWithActivationLayerTest::test_binary[ ie_device:CPU - precision:FP16 - params:{'op_name': 'DIV', 'op_func': &lt;function divide at 0x7fc024585360&gt;, 'kwargs_to_prepare_input': 'positive', 'shape': [9, 10], 'activation': None} ]
-tensorflow_lite_tests/test_tfl_BinaryWithActivation.py::TestTFLiteBinaryWithActivationLayerTest::test_binary[ ie_device:GPU - precision:FP32 - params:{'op_name': 'MUL', 'op_func': &lt;function multiply at 0x7fc024585090&gt;, 'shape': [9, 10], 'activation': None} ]
-tensorflow_lite_tests/test_tfl_BinaryWithActivation.py::TestTFLiteBinaryWithActivationLayerTest::test_binary[ ie_device:GPU - precision:FP16 - params:{'op_name': 'ADD', 'op_func': &lt;function add at 0x7fc024584f70&gt;, 'shape': [9, 10], 'activation': &lt;function relu at 0x7fc03e1b70a0&gt;} ]
-tensorflow_lite_tests/test_tfl_BinaryWithActivation.py::TestTFLiteBinaryWithActivationLayerTest::test_binary[ ie_device:GPU - precision:FP16 - params:{'op_name': 'SUB', 'op_func': &lt;function subtract at 0x7fc03e1f0280&gt;, 'shape': [5, 2, 3, 2], 'activation': &lt;function &lt;lambda&gt; at 0x7fc0224cc940&gt;} ]
-tensorflow_lite_tests/test_tfl_BinaryWithActivation.py::TestTFLiteBinaryWithActivationLayerTest::test_binary[ ie_device:GPU - precision:FP16 - params:{'op_name': 'ADD', 'op_func': &lt;function add at 0x7fc024584f70&gt;, 'shape': [9, 10], 'activation': &lt;function &lt;lambda&gt; at 0x7fc0224cc940&gt;} ]
-tensorflow_lite_tests/test_tfl_BinaryWithActivation.py::TestTFLiteBinaryWithActivationLayerTest::test_binary[ ie_device:GPU - precision:FP16 - params:{'op_name': 'DIV', 'op_func': &lt;function divide at 0x7fc024585360&gt;, 'kwargs_to_prepare_input': 'positive', 'shape': [9, 10], 'activation': &lt;function &lt;lambda&gt; at 0x7fc0224cc940&gt;} ]
-tensorflow_lite_tests/test_tfl_BinaryWithActivation.py::TestTFLiteBinaryWithActivationLayerTest::test_binary[ ie_device:CPU - precision:FP32 - params:{'op_name': 'ADD', 'op_func': &lt;function add at 0x7fc024584f70&gt;, 'shape': [5, 2, 3, 2], 'activation': &lt;function relu at 0x7fc03e1b70a0&gt;} ]
-tensorflow_lite_tests/test_tfl_BinaryWithActivation.py::TestTFLiteBinaryWithActivationLayerTest::test_binary[ ie_device:CPU - precision:FP16 - params:{'op_name': 'SUB', 'op_func': &lt;function subtract at 0x7fc03e1f0280&gt;, 'shape': [9, 10], 'activation': &lt;function relu6 at 0x7fc02452b9a0&gt;} ]
-tensorflow_lite_tests/test_tfl_BinaryWithActivation.py::TestTFLiteBinaryWithActivationLayerTest::test_binary[ ie_device:CPU - precision:FP32 - params:{'op_name': 'DIV', 'op_func': &lt;function divide at 0x7fc024585360&gt;, 'kwargs_to_prepare_input': 'positive', 'shape': [5, 2, 3, 2], 'activation': &lt;function relu6 at 0x7fc02452b9a0&gt;} ]
-tensorflow_lite_tests/test_tfl_BinaryWithActivation.py::TestTFLiteBinaryWithActivationLayerTest::test_binary[ ie_device:CPU - precision:FP16 - params:{'op_name': 'ADD', 'op_func': &lt;function add at 0x7fc024584f70&gt;, 'shape': [9, 10], 'activation': &lt;function &lt;lambda&gt; at 0x7fc0224cc940&gt;} ]
-tensorflow_lite_tests/test_tfl_BinaryWithActivation.py::TestTFLiteBinaryWithActivationLayerTest::test_binary[ ie_device:CPU - precision:FP16 - params:{'op_name': 'SUB', 'op_func': &lt;function subtract at 0x7fc03e1f0280&gt;, 'shape': [5, 2, 3, 2], 'activation': &lt;function relu6 at 0x7fc02452b9a0&gt;} ]
-tensorflow_lite_tests/test_tfl_BinaryWithActivation.py::TestTFLiteBinaryWithActivationLayerTest::test_binary[ ie_device:CPU - precision:FP16 - params:{'op_name': 'DIV', 'op_func': &lt;function divide at 0x7fc024585360&gt;, 'kwargs_to_prepare_input': 'positive', 'shape': [9, 10], 'activation': &lt;function &lt;lambda&gt; at 0x7fc0224cc940&gt;} ]
-tensorflow_lite_tests/test_tfl_BinaryWithActivation.py::TestTFLiteBinaryWithActivationLayerTest::test_binary[ ie_device:GPU - precision:FP16 - params:{'op_name': 'DIV', 'op_func': &lt;function divide at 0x7fc024585360&gt;, 'kwargs_to_prepare_input': 'positive', 'shape': [9, 10], 'activation': None} ]
-tensorflow_lite_tests/test_tfl_BinaryWithActivation.py::TestTFLiteBinaryWithActivationLayerTest::test_binary[ ie_device:CPU - precision:FP32 - params:{'op_name': 'DIV', 'op_func': &lt;function divide at 0x7fc024585360&gt;, 'kwargs_to_prepare_input': 'positive', 'shape': [9, 10], 'activation': &lt;function relu at 0x7fc03e1b70a0&gt;} ]
-tensorflow_lite_tests/test_tfl_BinaryWithActivation.py::TestTFLiteBinaryWithActivationLayerTest::test_binary[ ie_device:CPU - precision:FP32 - params:{'op_name': 'SUB', 'op_func': &lt;function subtract at 0x7fc03e1f0280&gt;, 'shape': [9, 10], 'activation': &lt;function relu6 at 0x7fc02452b9a0&gt;} ]
-tensorflow_lite_tests/test_tfl_BinaryWithActivation.py::TestTFLiteBinaryWithActivationLayerTest::test_binary[ ie_device:CPU - precision:FP32 - params:{'op_name': 'ADD', 'op_func': &lt;function add at 0x7fc024584f70&gt;, 'shape': [9, 10], 'activation': &lt;function relu at 0x7fc03e1b70a0&gt;} ]
-tensorflow_lite_tests/test_tfl_BinaryWithActivation.py::TestTFLiteBinaryWithActivationLayerTest::test_binary[ ie_device:CPU - precision:FP16 - params:{'op_name': 'MUL', 'op_func': &lt;function multiply at 0x7fc024585090&gt;, 'shape': [5, 2, 3, 2], 'activation': &lt;function relu6 at 0x7fc02452b9a0&gt;} ]
-tensorflow_lite_tests/test_tfl_BinaryWithActivation.py::TestTFLiteBinaryWithActivationLayerTest::test_binary[ ie_device:GPU - precision:FP16 - params:{'op_name': 'MUL', 'op_func': &lt;function multiply at 0x7fc024585090&gt;, 'shape': [9, 10], 'activation': &lt;function &lt;lambda&gt; at 0x7fc0224cc940&gt;} ]
-tensorflow_lite_tests/test_tfl_BinaryWithActivation.py::TestTFLiteBinaryWithActivationLayerTest::test_binary[ ie_device:GPU - precision:FP32 - params:{'op_name': 'MUL', 'op_func': &lt;function multiply at 0x7fc024585090&gt;, 'shape': [5, 2, 3, 2], 'activation': &lt;function &lt;lambda&gt; at 0x7fc0224cc940&gt;} ]
-tensorflow_lite_tests/test_tfl_BinaryWithActivation.py::TestTFLiteBinaryWithActivationLayerTest::test_binary[ ie_device:CPU - precision:FP16 - params:{'op_name': 'MUL', 'op_func': &lt;function multiply at 0x7fc024585090&gt;, 'shape': [9, 10], 'activation': &lt;function &lt;lambda&gt; at 0x7fc0224cc940&gt;} ]
-tensorflow_lite_tests/test_tfl_BinaryWithActivation.py::TestTFLiteBinaryWithActivationLayerTest::test_binary[ ie_device:GPU - precision:FP16 - params:{'op_name': 'ADD', 'op_func': &lt;function add at 0x7fc024584f70&gt;, 'shape': [9, 10], 'activation': None} ]
-tensorflow_lite_tests/test_tfl_BinaryWithActivation.py::TestTFLiteBinaryWithActivationLayerTest::test_binary[ ie_device:GPU - precision:FP16 - params:{'op_name': 'MUL', 'op_func': &lt;function multiply at 0x7fc024585090&gt;, 'shape': [9, 10], 'activation': None} ]
-tensorflow_lite_tests/test_tfl_BinaryWithActivation.py::TestTFLiteBinaryWithActivationLayerTest::test_binary[ ie_device:GPU - precision:FP32 - params:{'op_name': 'SUB', 'op_func': &lt;function subtract at 0x7fc03e1f0280&gt;, 'shape': [5, 2, 3, 2], 'activation': None} ]
-tensorflow_lite_tests/test_tfl_BinaryWithActivation.py::TestTFLiteBinaryWithActivationLayerTest::test_binary[ ie_device:GPU - precision:FP32 - params:{'op_name': 'MUL', 'op_func': &lt;function multiply at 0x7fc024585090&gt;, 'shape': [9, 10], 'activation': &lt;function relu6 at 0x7fc02452b9a0&gt;} ]
-tensorflow_lite_tests/test_tfl_BinaryWithActivation.py::TestTFLiteBinaryWithActivationLayerTest::test_binary[ ie_device:GPU - precision:FP32 - params:{'op_name': 'ADD', 'op_func': &lt;function add at 0x7fc024584f70&gt;, 'shape': [5, 2, 3, 2], 'activation': &lt;function relu at 0x7fc03e1b70a0&gt;} ]
-tensorflow_lite_tests/test_tfl_BinaryWithActivation.py::TestTFLiteBinaryWithActivationLayerTest::test_binary[ ie_device:GPU - precision:FP32 - params:{'op_name': 'ADD', 'op_func': &lt;function add at 0x7fc024584f70&gt;, 'shape': [5, 2, 3, 2], 'activation': None} ]
-tensorflow_lite_tests/test_tfl_BinaryWithActivation.py::TestTFLiteBinaryWithActivationLayerTest::test_binary[ ie_device:CPU - precision:FP32 - params:{'op_name': 'DIV', 'op_func': &lt;function divide at 0x7fc024585360&gt;, 'kwargs_to_prepare_input': 'positive', 'shape': [5, 2, 3, 2], 'activation': &lt;function &lt;lambda&gt; at 0x7fc0224cc940&gt;} ]
-tensorflow_lite_tests/test_tfl_BinaryWithActivation.py::TestTFLiteBinaryWithActivationLayerTest::test_binary[ ie_device:CPU - precision:FP32 - params:{'op_name': 'ADD', 'op_func': &lt;function add at 0x7fc024584f70&gt;, 'shape': [9, 10], 'activation': &lt;function relu6 at 0x7fc02452b9a0&gt;} ]
-tensorflow_lite_tests/test_tfl_BinaryWithActivation.py::TestTFLiteBinaryWithActivationLayerTest::test_binary[ ie_device:GPU - precision:FP32 - params:{'op_name': 'DIV', 'op_func': &lt;function divide at 0x7fc024585360&gt;, 'kwargs_to_prepare_input': 'positive', 'shape': [5, 2, 3, 2], 'activation': &lt;function &lt;lambda&gt; at 0x7fc0224cc940&gt;} ]
-tensorflow_lite_tests/test_tfl_BinaryWithActivation.py::TestTFLiteBinaryWithActivationLayerTest::test_binary[ ie_device:GPU - precision:FP16 - params:{'op_name': 'SUB', 'op_func': &lt;function subtract at 0x7fc03e1f0280&gt;, 'shape': [9, 10], 'activation': &lt;function &lt;lambda&gt; at 0x7fc0224cc940&gt;} ]
-tensorflow_lite_tests/test_tfl_BinaryWithActivation.py::TestTFLiteBinaryWithActivationLayerTest::test_binary[ ie_device:GPU - precision:FP32 - params:{'op_name': 'DIV', 'op_func': &lt;function divide at 0x7fc024585360&gt;, 'kwargs_to_prepare_input': 'positive', 'shape': [9, 10], 'activation': &lt;function relu6 at 0x7fc02452b9a0&gt;} ]
-tensorflow_lite_tests/test_tfl_BinaryWithActivation.py::TestTFLiteBinaryWithActivationLayerTest::test_binary[ ie_device:CPU - precision:FP32 - params:{'op_name': 'ADD', 'op_func': &lt;function add at 0x7fc024584f70&gt;, 'shape': [5, 2, 3, 2], 'activation': &lt;function &lt;lambda&gt; at 0x7fc0224cc940&gt;} ]
-tensorflow_lite_tests/test_tfl_BinaryWithActivation.py::TestTFLiteBinaryWithActivationLayerTest::test_binary[ ie_device:GPU - precision:FP32 - params:{'op_name': 'MUL', 'op_func': &lt;function multiply at 0x7fc024585090&gt;, 'shape': [5, 2, 3, 2], 'activation': &lt;function relu6 at 0x7fc02452b9a0&gt;} ]
-tensorflow_lite_tests/test_tfl_BinaryWithActivation.py::TestTFLiteBinaryWithActivationLayerTest::test_binary[ ie_device:GPU - precision:FP32 - params:{'op_name': 'SUB', 'op_func': &lt;function subtract at 0x7fc03e1f0280&gt;, 'shape': [9, 10], 'activation': &lt;function relu at 0x7fc03e1b70a0&gt;} ]
-tensorflow_lite_tests/test_tfl_BinaryWithActivation.py::TestTFLiteBinaryWithActivationLayerTest::test_binary[ ie_device:GPU - precision:FP16 - params:{'op_name': 'MUL', 'op_func': &lt;function multiply at 0x7fc024585090&gt;, 'shape': [9, 10], 'activation': &lt;function relu at 0x7fc03e1b70a0&gt;} ]
-tensorflow_lite_tests/test_tfl_BinaryWithActivation.py::TestTFLiteBinaryWithActivationLayerTest::test_binary[ ie_device:GPU - precision:FP32 - params:{'op_name': 'DIV', 'op_func': &lt;function divide at 0x7fc024585360&gt;, 'kwargs_to_prepare_input': 'positive', 'shape': [9, 10], 'activation': &lt;function &lt;lambda&gt; at 0x7fc0224cc940&gt;} ]
-tensorflow_lite_tests/test_tfl_BinaryWithActivation.py::TestTFLiteBinaryWithActivationLayerTest::test_binary[ ie_device:CPU - precision:FP32 - params:{'op_name': 'DIV', 'op_func': &lt;function divide at 0x7fc024585360&gt;, 'kwargs_to_prepare_input': 'positive', 'shape': [9, 10], 'activation': &lt;function relu6 at 0x7fc02452b9a0&gt;} ]
-tensorflow_lite_tests/test_tfl_BinaryWithActivation.py::TestTFLiteBinaryWithActivationLayerTest::test_binary[ ie_device:CPU - precision:FP32 - params:{'op_name': 'SUB', 'op_func': &lt;function subtract at 0x7fc03e1f0280&gt;, 'shape': [9, 10], 'activation': &lt;function &lt;lambda&gt; at 0x7fc0224cc940&gt;} ]
-tensorflow_lite_tests/test_tfl_BinaryWithActivation.py::TestTFLiteBinaryWithActivationLayerTest::test_binary[ ie_device:GPU - precision:FP16 - params:{'op_name': 'DIV', 'op_func': &lt;function divide at 0x7fc024585360&gt;, 'kwargs_to_prepare_input': 'positive', 'shape': [5, 2, 3, 2], 'activation': &lt;function &lt;lambda&gt; at 0x7fc0224cc940&gt;} ]
-tensorflow_lite_tests/test_tfl_BinaryWithActivation.py::TestTFLiteBinaryWithActivationLayerTest::test_binary[ ie_device:CPU - precision:FP16 - params:{'op_name': 'SUB', 'op_func': &lt;function subtract at 0x7fc03e1f0280&gt;, 'shape': [5, 2, 3, 2], 'activation': None} ]
-tensorflow_lite_tests/test_tfl_BinaryWithActivation.py::TestTFLiteBinaryWithActivationLayerTest::test_binary[ ie_device:GPU - precision:FP32 - params:{'op_name': 'SUB', 'op_func': &lt;function subtract at 0x7fc03e1f0280&gt;, 'shape': [9, 10], 'activation': None} ]
-tensorflow_lite_tests/test_tfl_BinaryWithActivation.py::TestTFLiteBinaryWithActivationLayerTest::test_binary[ ie_device:GPU - precision:FP32 - params:{'op_name': 'ADD', 'op_func': &lt;function add at 0x7fc024584f70&gt;, 'shape': [9, 10], 'activation': &lt;function relu at 0x7fc03e1b70a0&gt;} ]
-tensorflow_lite_tests/test_tfl_BinaryWithActivation.py::TestTFLiteBinaryWithActivationLayerTest::test_binary[ ie_device:CPU - precision:FP32 - params:{'op_name': 'SUB', 'op_func': &lt;function subtract at 0x7fc03e1f0280&gt;, 'shape': [9, 10], 'activation': None} ]
-tensorflow_lite_tests/test_tfl_BinaryWithActivation.py::TestTFLiteBinaryWithActivationLayerTest::test_binary[ ie_device:GPU - precision:FP16 - params:{'op_name': 'DIV', 'op_func': &lt;function divide at 0x7fc024585360&gt;, 'kwargs_to_prepare_input': 'positive', 'shape': [5, 2, 3, 2], 'activation': None} ]
-tensorflow_lite_tests/test_tfl_BinaryWithActivation.py::TestTFLiteBinaryWithActivationLayerTest::test_binary[ ie_device:GPU - precision:FP16 - params:{'op_name': 'SUB', 'op_func': &lt;function subtract at 0x7fc03e1f0280&gt;, 'shape': [5, 2, 3, 2], 'activation': None} ]
-tensorflow_lite_tests/test_tfl_BinaryWithActivation.py::TestTFLiteBinaryWithActivationLayerTest::test_binary[ ie_device:CPU - precision:FP32 - params:{'op_name': 'MUL', 'op_func': &lt;function multiply at 0x7fc024585090&gt;, 'shape': [9, 10], 'activation': &lt;function relu at 0x7fc03e1b70a0&gt;} ]
-tensorflow_lite_tests/test_tfl_BinaryWithActivation.py::TestTFLiteBinaryWithActivationLayerTest::test_binary[ ie_device:GPU - precision:FP32 - params:{'op_name': 'ADD', 'op_func': &lt;function add at 0x7fc024584f70&gt;, 'shape': [9, 10], 'activation': &lt;function relu6 at 0x7fc02452b9a0&gt;} ]
-tensorflow_lite_tests/test_tfl_BinaryWithActivation.py::TestTFLiteBinaryWithActivationLayerTest::test_binary[ ie_device:CPU - precision:FP16 - params:{'op_name': 'SUB', 'op_func': &lt;function subtract at 0x7fc03e1f0280&gt;, 'shape': [5, 2, 3, 2], 'activation': &lt;function relu at 0x7fc03e1b70a0&gt;} ]
-tensorflow_lite_tests/test_tfl_BinaryWithActivation.py::TestTFLiteBinaryWithActivationLayerTest::test_binary[ ie_device:GPU - precision:FP16 - params:{'op_name': 'SUB', 'op_func': &lt;function subtract at 0x7fc03e1f0280&gt;, 'shape': [9, 10], 'activation': None} ]
-tensorflow_lite_tests/test_tfl_BinaryWithActivation.py::TestTFLiteBinaryWithActivationLayerTest::test_binary[ ie_device:CPU - precision:FP32 - params:{'op_name': 'MUL', 'op_func': &lt;function multiply at 0x7fc024585090&gt;, 'shape': [5, 2, 3, 2], 'activation': None} ]
-tensorflow_lite_tests/test_tfl_BinaryWithActivation.py::TestTFLiteBinaryWithActivationLayerTest::test_binary[ ie_device:CPU - precision:FP32 - params:{'op_name': 'SUB', 'op_func': &lt;function subtract at 0x7fc03e1f0280&gt;, 'shape': [5, 2, 3, 2], 'activation': &lt;function relu at 0x7fc03e1b70a0&gt;} ]
-tensorflow_lite_tests/test_tfl_BinaryWithActivation.py::TestTFLiteBinaryWithActivationLayerTest::test_binary[ ie_device:CPU - precision:FP16 - params:{'op_name': 'MUL', 'op_func': &lt;function multiply at 0x7fc024585090&gt;, 'shape': [9, 10], 'activation': &lt;function relu6 at 0x7fc02452b9a0&gt;} ]
-tensorflow_lite_tests/test_tfl_BinaryWithActivation.py::TestTFLiteBinaryWithActivationLayerTest::test_binary[ ie_device:GPU - precision:FP16 - params:{'op_name': 'MUL', 'op_func': &lt;function multiply at 0x7fc024585090&gt;, 'shape': [5, 2, 3, 2], 'activation': &lt;function relu6 at 0x7fc02452b9a0&gt;} ]
-tensorflow_lite_tests/test_tfl_BinaryWithActivation.py::TestTFLiteBinaryWithActivationLayerTest::test_binary[ ie_device:CPU - precision:FP32 - params:{'op_name': 'ADD', 'op_func': &lt;function add at 0x7fc024584f70&gt;, 'shape': [5, 2, 3, 2], 'activation': None} ]
-tensorflow_lite_tests/test_tfl_BinaryWithActivation.py::TestTFLiteBinaryWithActivationLayerTest::test_binary[ ie_device:GPU - precision:FP16 - params:{'op_name': 'SUB', 'op_func': &lt;function subtract at 0x7fc03e1f0280&gt;, 'shape': [9, 10], 'activation': &lt;function relu at 0x7fc03e1b70a0&gt;} ]
-tensorflow_lite_tests/test_tfl_BinaryWithActivation.py::TestTFLiteBinaryWithActivationLayerTest::test_binary[ ie_device:CPU - precision:FP16 - params:{'op_name': 'MUL', 'op_func': &lt;function multiply at 0x7fc024585090&gt;, 'shape': [5, 2, 3, 2], 'activation': &lt;function &lt;lambda&gt; at 0x7fc0224cc940&gt;} ]
-tensorflow_lite_tests/test_tfl_BinaryWithActivation.py::TestTFLiteBinaryWithActivationLayerTest::test_binary[ ie_device:GPU - precision:FP32 - params:{'op_name': 'MUL', 'op_func': &lt;function multiply at 0x7fc024585090&gt;, 'shape': [5, 2, 3, 2], 'activation': None} ]
-tensorflow_lite_tests/test_tfl_BinaryWithActivation.py::TestTFLiteBinaryWithActivationLayerTest::test_binary[ ie_device:CPU - precision:FP32 - params:{'op_name': 'ADD', 'op_func': &lt;function add at 0x7fc024584f70&gt;, 'shape': [5, 2, 3, 2], 'activation': &lt;function relu6 at 0x7fc02452b9a0&gt;} ]
-tensorflow_lite_tests/test_tfl_BinaryWithActivation.py::TestTFLiteBinaryWithActivationLayerTest::test_binary[ ie_device:CPU - precision:FP16 - params:{'op_name': 'ADD', 'op_func': &lt;function add at 0x7fc024584f70&gt;, 'shape': [5, 2, 3, 2], 'activation': &lt;function relu at 0x7fc03e1b70a0&gt;} ]
-tensorflow_lite_tests/test_tfl_BinaryWithActivation.py::TestTFLiteBinaryWithActivationLayerTest::test_binary[ ie_device:CPU - precision:FP16 - params:{'op_name': 'MUL', 'op_func': &lt;function multiply at 0x7fc024585090&gt;, 'shape': [9, 10], 'activation': None} ]
-tensorflow_lite_tests/test_tfl_BinaryWithActivation.py::TestTFLiteBinaryWithActivationLayerTest::test_binary[ ie_device:GPU - precision:FP32 - params:{'op_name': 'SUB', 'op_func': &lt;function subtract at 0x7fc03e1f0280&gt;, 'shape': [9, 10], 'activation': &lt;function relu6 at 0x7fc02452b9a0&gt;} ]
-tensorflow_lite_tests/test_tfl_BinaryWithActivation.py::TestTFLiteBinaryWithActivationLayerTest::test_binary[ ie_device:GPU - precision:FP16 - params:{'op_name': 'SUB', 'op_func': &lt;function subtract at 0x7fc03e1f0280&gt;, 'shape': [9, 10], 'activation': &lt;function relu6 at 0x7fc02452b9a0&gt;} ]
-tensorflow_lite_tests/test_tfl_BinaryWithActivation.py::TestTFLiteBinaryWithActivationLayerTest::test_binary[ ie_device:CPU - precision:FP32 - params:{'op_name': 'MUL', 'op_func': &lt;function multiply at 0x7fc024585090&gt;, 'shape': [5, 2, 3, 2], 'activation': &lt;function &lt;lambda&gt; at 0x7fc0224cc940&gt;} ]
-tensorflow_lite_tests/test_tfl_BinaryWithActivation.py::TestTFLiteBinaryWithActivationLayerTest::test_binary[ ie_device:CPU - precision:FP16 - params:{'op_name': 'DIV', 'op_func': &lt;function divide at 0x7fc024585360&gt;, 'kwargs_to_prepare_input': 'positive', 'shape': [9, 10], 'activation': &lt;function relu6 at 0x7fc02452b9a0&gt;} ]
-tensorflow_lite_tests/test_tfl_BinaryWithActivation.py::TestTFLiteBinaryWithActivationLayerTest::test_binary[ ie_device:CPU - precision:FP32 - params:{'op_name': 'MUL', 'op_func': &lt;function multiply at 0x7fc024585090&gt;, 'shape': [9, 10], 'activation': &lt;function &lt;lambda&gt; at 0x7fc0224cc940&gt;} ]
-tensorflow_lite_tests/test_tfl_BinaryWithActivation.py::TestTFLiteBinaryWithActivationLayerTest::test_binary[ ie_device:GPU - precision:FP32 - params:{'op_name': 'DIV', 'op_func': &lt;function divide at 0x7fc024585360&gt;, 'kwargs_to_prepare_input': 'positive', 'shape': [9, 10], 'activation': None} ]
-tensorflow_lite_tests/test_tfl_BinaryWithActivation.py::TestTFLiteBinaryWithActivationLayerTest::test_binary[ ie_device:CPU - precision:FP32 - params:{'op_name': 'ADD', 'op_func': &lt;function add at 0x7fc024584f70&gt;, 'shape': [9, 10], 'activation': None} ]
-tensorflow_lite_tests/test_tfl_BinaryWithActivation.py::TestTFLiteBinaryWithActivationLayerTest::test_binary[ ie_device:CPU - precision:FP32 - params:{'op_name': 'DIV', 'op_func': &lt;function divide at 0x7fc024585360&gt;, 'kwargs_to_prepare_input': 'positive', 'shape': [9, 10], 'activation': &lt;function &lt;lambda&gt; at 0x7fc0224cc940&gt;} ]
-tensorflow_lite_tests/test_tfl_BinaryWithActivation.py::TestTFLiteBinaryWithActivationLayerTest::test_binary[ ie_device:GPU - precision:FP32 - params:{'op_name': 'ADD', 'op_func': &lt;function add at 0x7fc024584f70&gt;, 'shape': [9, 10], 'activation': &lt;function &lt;lambda&gt; at 0x7fc0224cc940&gt;} ]
-tensorflow_lite_tests/test_tfl_BinaryWithActivation.py::TestTFLiteBinaryWithActivationLayerTest::test_binary[ ie_device:GPU - precision:FP16 - params:{'op_name': 'MUL', 'op_func': &lt;function multiply at 0x7fc024585090&gt;, 'shape': [5, 2, 3, 2], 'activation': &lt;function &lt;lambda&gt; at 0x7fc0224cc940&gt;} ]
-tensorflow_lite_tests/test_tfl_BinaryWithActivation.py::TestTFLiteBinaryWithActivationLayerTest::test_binary[ ie_device:CPU - precision:FP32 - params:{'op_name': 'MUL', 'op_func': &lt;function multiply at 0x7fc024585090&gt;, 'shape': [5, 2, 3, 2], 'activation': &lt;function relu6 at 0x7fc02452b9a0&gt;} ]
-tensorflow_lite_tests/test_tfl_BinaryWithActivation.py::TestTFLiteBinaryWithActivationLayerTest::test_binary[ ie_device:GPU - precision:FP32 - params:{'op_name': 'MUL', 'op_func': &lt;function multiply at 0x7fc024585090&gt;, 'shape': [9, 10], 'activation': &lt;function relu at 0x7fc03e1b70a0&gt;} ]
-tensorflow_lite_tests/test_tfl_BinaryWithActivation.py::TestTFLiteBinaryWithActivationLayerTest::test_binary[ ie_device:CPU - precision:FP16 - params:{'op_name': 'ADD', 'op_func': &lt;function add at 0x7fc024584f70&gt;, 'shape': [5, 2, 3, 2], 'activation': &lt;function relu6 at 0x7fc02452b9a0&gt;} ]
-tensorflow_lite_tests/test_tfl_BinaryWithActivation.py::TestTFLiteBinaryWithActivationLayerTest::test_binary[ ie_device:CPU - precision:FP16 - params:{'op_name': 'SUB', 'op_func': &lt;function subtract at 0x7fc03e1f0280&gt;, 'shape': [9, 10], 'activation': &lt;function relu at 0x7fc03e1b70a0&gt;} ]
-tensorflow_lite_tests/test_tfl_BinaryWithActivation.py::TestTFLiteBinaryWithActivationLayerTest::test_binary[ ie_device:GPU - precision:FP16 - params:{'op_name': 'ADD', 'op_func': &lt;function add at 0x7fc024584f70&gt;, 'shape': [9, 10], 'activation': &lt;function relu6 at 0x7fc02452b9a0&gt;} ]
-tensorflow_lite_tests/test_tfl_BinaryWithActivation.py::TestTFLiteBinaryWithActivationLayerTest::test_binary[ ie_device:GPU - precision:FP32 - params:{'op_name': 'ADD', 'op_func': &lt;function add at 0x7fc024584f70&gt;, 'shape': [5, 2, 3, 2], 'activation': &lt;function relu6 at 0x7fc02452b9a0&gt;} ]
-tensorflow_lite_tests/test_tfl_BinaryWithActivation.py::TestTFLiteBinaryWithActivationLayerTest::test_binary[ ie_device:GPU - precision:FP16 - params:{'op_name': 'MUL', 'op_func': &lt;function multiply at 0x7fc024585090&gt;, 'shape': [5, 2, 3, 2], 'activation': &lt;function relu at 0x7fc03e1b70a0&gt;} ]
-tensorflow_lite_tests/test_tfl_BinaryWithActivation.py::TestTFLiteBinaryWithActivationLayerTest::test_binary[ ie_device:CPU - precision:FP16 - params:{'op_name': 'MUL', 'op_func': &lt;function multiply at 0x7fc024585090&gt;, 'shape': [9, 10], 'activation': &lt;function relu at 0x7fc03e1b70a0&gt;} ]
-tensorflow_lite_tests/test_tfl_BinaryWithActivation.py::TestTFLiteBinaryWithActivationLayerTest::test_binary[ ie_device:GPU - precision:FP32 - params:{'op_name': 'SUB', 'op_func': &lt;function subtract at 0x7fc03e1f0280&gt;, 'shape': [5, 2, 3, 2], 'activation': &lt;function relu at 0x7fc03e1b70a0&gt;} ]
-tensorflow_lite_tests/test_tfl_BinaryWithActivation.py::TestTFLiteBinaryWithActivationLayerTest::test_binary[ ie_device:CPU - precision:FP16 - params:{'op_name': 'ADD', 'op_func': &lt;function add at 0x7fc024584f70&gt;, 'shape': [9, 10], 'activation': &lt;function relu at 0x7fc03e1b70a0&gt;} ]
-tensorflow_lite_tests/test_tfl_BinaryWithActivation.py::TestTFLiteBinaryWithActivationLayerTest::test_binary[ ie_device:GPU - precision:FP16 - params:{'op_name': 'ADD', 'op_func': &lt;function add at 0x7fc024584f70&gt;, 'shape': [5, 2, 3, 2], 'activation': None} ]
-tensorflow_lite_tests/test_tfl_BinaryWithActivation.py::TestTFLiteBinaryWithActivationLayerTest::test_binary[ ie_device:CPU - precision:FP32 - params:{'op_name': 'SUB', 'op_func': &lt;function subtract at 0x7fc03e1f0280&gt;, 'shape': [5, 2, 3, 2], 'activation': None} ]
-tensorflow_lite_tests/test_tfl_BinaryWithActivation.py::TestTFLiteBinaryWithActivationLayerTest::test_binary[ ie_device:CPU - precision:FP32 - params:{'op_name': 'ADD', 'op_func': &lt;function add at 0x7fc024584f70&gt;, 'shape': [9, 10], 'activation': &lt;function &lt;lambda&gt; at 0x7fc0224cc940&gt;} ]
-tensorflow_lite_tests/test_tfl_BinaryWithActivation.py::TestTFLiteBinaryWithActivationLayerTest::test_binary[ ie_device:GPU - precision:FP32 - params:{'op_name': 'MUL', 'op_func': &lt;function multiply at 0x7fc024585090&gt;, 'shape': [9, 10], 'activation': &lt;function &lt;lambda&gt; at 0x7fc0224cc940&gt;} ]
-tensorflow_lite_tests/test_tfl_BinaryWithActivation.py::TestTFLiteBinaryWithActivationLayerTest::test_binary[ ie_device:GPU - precision:FP32 - params:{'op_name': 'DIV', 'op_func': &lt;function divide at 0x7fc024585360&gt;, 'kwargs_to_prepare_input': 'positive', 'shape': [9, 10], 'activation': &lt;function relu at 0x7fc03e1b70a0&gt;} ]
-tensorflow_lite_tests/test_tfl_BinaryWithActivation.py::TestTFLiteBinaryWithActivationLayerTest::test_binary[ ie_device:GPU - precision:FP16 - params:{'op_name': 'ADD', 'op_func': &lt;function add at 0x7fc024584f70&gt;, 'shape': [5, 2, 3, 2], 'activation': &lt;function relu at 0x7fc03e1b70a0&gt;} ]
-tensorflow_lite_tests/test_tfl_BinaryWithActivation.py::TestTFLiteBinaryWithActivationLayerTest::test_binary[ ie_device:CPU - precision:FP16 - params:{'op_name': 'SUB', 'op_func': &lt;function subtract at 0x7fc03e1f0280&gt;, 'shape': [9, 10], 'activation': &lt;function &lt;lambda&gt; at 0x7fc0224cc940&gt;} ]
-tensorflow_lite_tests/test_tfl_BinaryWithActivation.py::TestTFLiteBinaryWithActivationLayerTest::test_binary[ ie_device:CPU - precision:FP16 - params:{'op_name': 'ADD', 'op_func': &lt;function add at 0x7fc024584f70&gt;, 'shape': [5, 2, 3, 2], 'activation': None} ]
-tensorflow_lite_tests/test_tfl_BinaryWithActivation.py::TestTFLiteBinaryWithActivationLayerTest::test_binary[ ie_device:CPU - precision:FP32 - params:{'op_name': 'MUL', 'op_func': &lt;function multiply at 0x7fc024585090&gt;, 'shape': [9, 10], 'activation': None} ]
-tensorflow_lite_tests/test_tfl_BinaryWithActivation.py::TestTFLiteBinaryWithActivationLayerTest::test_binary[ ie_device:CPU - precision:FP16 - params:{'op_name': 'DIV', 'op_func': &lt;function divide at 0x7fc024585360&gt;, 'kwargs_to_prepare_input': 'positive', 'shape': [5, 2, 3, 2], 'activation': &lt;function relu at 0x7fc03e1b70a0&gt;} ]
-tensorflow_lite_tests/test_tfl_BinaryWithActivation.py::TestTFLiteBinaryWithActivationLayerTest::test_binary[ ie_device:GPU - precision:FP16 - params:{'op_name': 'ADD', 'op_func': &lt;function add at 0x7fc024584f70&gt;, 'shape': [5, 2, 3, 2], 'activation': &lt;function &lt;lambda&gt; at 0x7fc0224cc940&gt;} ]
-tensorflow_lite_tests/test_tfl_BinaryWithActivation.py::TestTFLiteBinaryWithActivationLayerTest::test_binary[ ie_device:CPU - precision:FP32 - params:{'op_name': 'SUB', 'op_func': &lt;function subtract at 0x7fc03e1f0280&gt;, 'shape': [9, 10], 'activation': &lt;function relu at 0x7fc03e1b70a0&gt;} ]
-tensorflow_lite_tests/test_tfl_BinaryWithActivation.py::TestTFLiteBinaryWithActivationLayerTest::test_binary[ ie_device:CPU - precision:FP32 - params:{'op_name': 'DIV', 'op_func': &lt;function divide at 0x7fc024585360&gt;, 'kwargs_to_prepare_input': 'positive', 'shape': [5, 2, 3, 2], 'activation': &lt;function relu at 0x7fc03e1b70a0&gt;} ]
-tensorflow_lite_tests/test_tfl_BinaryWithActivation.py::TestTFLiteBinaryWithActivationLayerTest::test_binary[ ie_device:CPU - precision:FP16 - params:{'op_name': 'DIV', 'op_func': &lt;function divide at 0x7fc024585360&gt;, 'kwargs_to_prepare_input': 'positive', 'shape': [5, 2, 3, 2], 'activation': &lt;function &lt;lambda&gt; at 0x7fc0224cc940&gt;} ]
-tensorflow_lite_tests/test_tfl_BinaryWithActivation.py::TestTFLiteBinaryWithActivationLayerTest::test_binary[ ie_device:GPU - precision:FP32 - params:{'op_name': 'ADD', 'op_func': &lt;function add at 0x7fc024584f70&gt;, 'shape': [9, 10], 'activation': None} ]
-tensorflow_lite_tests/test_tfl_BinaryWithActivation.py::TestTFLiteBinaryWithActivationLayerTest::test_binary[ ie_device:CPU - precision:FP32 - params:{'op_name': 'DIV', 'op_func': &lt;function divide at 0x7fc024585360&gt;, 'kwargs_to_prepare_input': 'positive', 'shape': [5, 2, 3, 2], 'activation': None} ]
-tensorflow_lite_tests/test_tfl_BinaryWithActivation.py::TestTFLiteBinaryWithActivationLayerTest::test_binary[ ie_device:GPU - precision:FP32 - params:{'op_name': 'SUB', 'op_func': &lt;function subtract at 0x7fc03e1f0280&gt;, 'shape': [5, 2, 3, 2], 'activation': &lt;function relu6 at 0x7fc02452b9a0&gt;} ]
-tensorflow_lite_tests/test_tfl_BinaryWithActivation.py::TestTFLiteBinaryWithActivationLayerTest::test_binary[ ie_device:GPU - precision:FP16 - params:{'op_name': 'MUL', 'op_func': &lt;function multiply at 0x7fc024585090&gt;, 'shape': [5, 2, 3, 2], 'activation': None} ]
-tensorflow_lite_tests/test_tfl_BinaryWithActivation.py::TestTFLiteBinaryWithActivationLayerTest::test_binary[ ie_device:CPU - precision:FP16 - params:{'op_name': 'ADD', 'op_func': &lt;function add at 0x7fc024584f70&gt;, 'shape': [9, 10], 'activation': None} ]
-tensorflow_lite_tests/test_tfl_BinaryWithActivation.py::TestTFLiteBinaryWithActivationLayerTest::test_binary[ ie_device:CPU - precision:FP32 - params:{'op_name': 'SUB', 'op_func': &lt;function subtract at 0x7fc03e1f0280&gt;, 'shape': [5, 2, 3, 2], 'activation': &lt;function relu6 at 0x7fc02452b9a0&gt;} ]
-tensorflow_lite_tests/test_tfl_BinaryWithActivation.py::TestTFLiteBinaryWithActivationLayerTest::test_binary[ ie_device:CPU - precision:FP16 - params:{'op_name': 'SUB', 'op_func': &lt;function subtract at 0x7fc03e1f0280&gt;, 'shape': [9, 10], 'activation': None} ]
-tensorflow_lite_tests/test_tfl_BinaryWithActivation.py::TestTFLiteBinaryWithActivationLayerTest::test_binary[ ie_device:CPU - precision:FP16 - params:{'op_name': 'DIV', 'op_func': &lt;function divide at 0x7fc024585360&gt;, 'kwargs_to_prepare_input': 'positive', 'shape': [5, 2, 3, 2], 'activation': &lt;function relu6 at 0x7fc02452b9a0&gt;} ]
-tensorflow_lite_tests/test_tfl_BinaryWithActivation.py::TestTFLiteBinaryWithActivationLayerTest::test_binary[ ie_device:GPU - precision:FP16 - params:{'op_name': 'DIV', 'op_func': &lt;function divide at 0x7fc024585360&gt;, 'kwargs_to_prepare_input': 'positive', 'shape': [5, 2, 3, 2], 'activation': &lt;function relu6 at 0x7fc02452b9a0&gt;} ]
-tensorflow_lite_tests/test_tfl_BinaryWithActivation.py::TestTFLiteBinaryWithActivationLayerTest::test_binary[ ie_device:GPU - precision:FP32 - params:{'op_name': 'DIV', 'op_func': &lt;function divide at 0x7fc024585360&gt;, 'kwargs_to_prepare_input': 'positive', 'shape': [5, 2, 3, 2], 'activation': &lt;function relu at 0x7fc03e1b70a0&gt;} ]
-tensorflow_lite_tests/test_tfl_BinaryWithActivation.py::TestTFLiteBinaryWithActivationLayerTest::test_binary[ ie_device:GPU - precision:FP32 - params:{'op_name': 'SUB', 'op_func': &lt;function subtract at 0x7fc03e1f0280&gt;, 'shape': [5, 2, 3, 2], 'activation': &lt;function &lt;lambda&gt; at 0x7fc0224cc940&gt;} ]
-tensorflow_lite_tests/test_tfl_BinaryWithActivation.py::TestTFLiteBinaryWithActivationLayerTest::test_binary[ ie_device:CPU - precision:FP32 - params:{'op_name': 'DIV', 'op_func': &lt;function divide at 0x7fc024585360&gt;, 'kwargs_to_prepare_input': 'positive', 'shape': [9, 10], 'activation': None} ]
-tensorflow_lite_tests/test_tfl_BinaryWithActivation.py::TestTFLiteBinaryWithActivationLayerTest::test_binary[ ie_device:GPU - precision:FP16 - params:{'op_name': 'MUL', 'op_func': &lt;function multiply at 0x7fc024585090&gt;, 'shape': [9, 10], 'activation': &lt;function relu6 at 0x7fc02452b9a0&gt;} ]
-tensorflow_lite_tests/test_tfl_BinaryWithActivation.py::TestTFLiteBinaryWithActivationLayerTest::test_binary[ ie_device:GPU - precision:FP16 - params:{'op_name': 'ADD', 'op_func': &lt;function add at 0x7fc024584f70&gt;, 'shape': [5, 2, 3, 2], 'activation': &lt;function relu6 at 0x7fc02452b9a0&gt;} ]
-tensorflow_lite_tests/test_tfl_BinaryWithActivation.py::TestTFLiteBinaryWithActivationLayerTest::test_binary[ ie_device:GPU - precision:FP32 - params:{'op_name': 'MUL', 'op_func': &lt;function multiply at 0x7fc024585090&gt;, 'shape': [5, 2, 3, 2], 'activation': &lt;function relu at 0x7fc03e1b70a0&gt;} ]
-tensorflow_lite_tests/test_tfl_BinaryWithActivation.py::TestTFLiteBinaryWithActivationLayerTest::test_binary[ ie_device:CPU - precision:FP32 - params:{'op_name': 'MUL', 'op_func': &lt;function multiply at 0x7fc024585090&gt;, 'shape': [5, 2, 3, 2], 'activation': &lt;function relu at 0x7fc03e1b70a0&gt;} ]
-tensorflow_lite_tests/test_tfl_BinaryWithActivation.py::TestTFLiteBinaryWithActivationLayerTest::test_binary[ ie_device:CPU - precision:FP32 - params:{'op_name': 'MUL', 'op_func': &lt;function multiply at 0x7fc024585090&gt;, 'shape': [9, 10], 'activation': &lt;function relu6 at 0x7fc02452b9a0&gt;} ]
-tensorflow_lite_tests/test_tfl_BinaryWithActivation.py::TestTFLiteBinaryWithActivationLayerTest::test_binary[ ie_device:GPU - precision:FP16 - params:{'op_name': 'DIV', 'op_func': &lt;function divide at 0x7fc024585360&gt;, 'kwargs_to_prepare_input': 'positive', 'shape': [5, 2, 3, 2], 'activation': &lt;function relu at 0x7fc03e1b70a0&gt;} ]
-tensorflow_lite_tests/test_tfl_BinaryWithActivation.py::TestTFLiteBinaryWithActivationLayerTest::test_binary[ ie_device:GPU - precision:FP16 - params:{'op_name': 'SUB', 'op_func': &lt;function subtract at 0x7fc03e1f0280&gt;, 'shape': [5, 2, 3, 2], 'activation': &lt;function relu6 at 0x7fc02452b9a0&gt;} ]
-tensorflow_lite_tests/test_tfl_BinaryWithActivation.py::TestTFLiteBinaryWithActivationLayerTest::test_binary[ ie_device:GPU - precision:FP16 - params:{'op_name': 'SUB', 'op_func': &lt;function subtract at 0x7fc03e1f0280&gt;, 'shape': [5, 2, 3, 2], 'activation': &lt;function relu at 0x7fc03e1b70a0&gt;} ]
-tensorflow_lite_tests/test_tfl_BinaryWithActivation.py::TestTFLiteBinaryWithActivationLayerTest::test_binary[ ie_device:CPU - precision:FP16 - params:{'op_name': 'SUB', 'op_func': &lt;function subtract at 0x7fc03e1f0280&gt;, 'shape': [5, 2, 3, 2], 'activation': &lt;function &lt;lambda&gt; at 0x7fc0224cc940&gt;} ]
-tensorflow_lite_tests/test_tfl_BinaryWithActivation.py::TestTFLiteBinaryWithActivationLayerTest::test_binary[ ie_device:GPU - precision:FP32 - params:{'op_name': 'DIV', 'op_func': &lt;function divide at 0x7fc024585360&gt;, 'kwargs_to_prepare_input': 'positive', 'shape': [5, 2, 3, 2], 'activation': None} ]
-tensorflow_lite_tests/test_tfl_BinaryWithActivation.py::TestTFLiteBinaryWithActivationLayerTest::test_binary[ ie_device:GPU - precision:FP32 - params:{'op_name': 'SUB', 'op_func': &lt;function subtract at 0x7fc03e1f0280&gt;, 'shape': [9, 10], 'activation': &lt;function &lt;lambda&gt; at 0x7fc0224cc940&gt;} ]
-tensorflow_lite_tests/test_tfl_BinaryWithActivation.py::TestTFLiteBinaryWithActivationLayerTest::test_binary[ ie_device:CPU - precision:FP16 - params:{'op_name': 'MUL', 'op_func': &lt;function multiply at 0x7fc024585090&gt;, 'shape': [5, 2, 3, 2], 'activation': None} ]
-tensorflow_lite_tests/test_tfl_BinaryWithActivation.py::TestTFLiteBinaryWithActivationLayerTest::test_binary[ ie_device:GPU - precision:FP32 - params:{'op_name': 'DIV', 'op_func': &lt;function divide at 0x7fc024585360&gt;, 'kwargs_to_prepare_input': 'positive', 'shape': [5, 2, 3, 2], 'activation': &lt;function relu6 at 0x7fc02452b9a0&gt;} ]
-tensorflow_lite_tests/test_tfl_BinaryWithActivation.py::TestTFLiteBinaryWithActivationLayerTest::test_binary[ ie_device:GPU - precision:FP32 - params:{'op_name': 'ADD', 'op_func': &lt;function add at 0x7fc024584f70&gt;, 'shape': [5, 2, 3, 2], 'activation': &lt;function &lt;lambda&gt; at 0x7fc0224cc940&gt;} ]
-tensorflow_lite_tests/test_tfl_BinaryWithActivation.py::TestTFLiteBinaryWithActivationLayerTest::test_binary[ ie_device:CPU - precision:FP32 - params:{'op_name': 'SUB', 'op_func': &lt;function subtract at 0x7fc03e1f0280&gt;, 'shape': [5, 2, 3, 2], 'activation': &lt;function &lt;lambda&gt; at 0x7fc0224cc940&gt;} ]
-tensorflow_lite_tests/test_tfl_BinaryWithActivation.py::TestTFLiteBinaryWithActivationLayerTest::test_binary[ ie_device:CPU - precision:FP16 - params:{'op_name': 'DIV', 'op_func': &lt;function divide at 0x7fc024585360&gt;, 'kwargs_to_prepare_input': 'positive', 'shape': [5, 2, 3, 2], 'activation': None} ]
-tensorflow_lite_tests/test_tfl_BinaryWithActivation.py::TestTFLiteBinaryWithActivationLayerTest::test_binary[ ie_device:CPU - precision:FP16 - params:{'op_name': 'MUL', 'op_func': &lt;function multiply at 0x7fc024585090&gt;, 'shape': [5, 2, 3, 2], 'activation': &lt;function relu at 0x7fc03e1b70a0&gt;} ]
-tensorflow_lite_tests/test_tfl_BinaryWithActivation.py::TestTFLiteBinaryWithActivationLayerTest::test_binary[ ie_device:GPU - precision:FP16 - params:{'op_name': 'DIV', 'op_func': &lt;function divide at 0x7fc024585360&gt;, 'kwargs_to_prepare_input': 'positive', 'shape': [9, 10], 'activation': &lt;function relu at 0x7fc03e1b70a0&gt;} ]
-tensorflow_lite_tests/test_tfl_BinaryWithActivation.py::TestTFLiteBinaryWithActivationLayerTest::test_binary[ ie_device:GPU - precision:FP16 - params:{'op_name': 'DIV', 'op_func': &lt;function divide at 0x7fc024585360&gt;, 'kwargs_to_prepare_input': 'positive', 'shape': [9, 10], 'activation': &lt;function relu6 at 0x7fc02452b9a0&gt;} ]
-tensorflow_lite_tests/test_tfl_BinaryWithActivation.py::TestTFLiteBinaryWithActivationLayerTest::test_binary[ ie_device:CPU - precision:FP16 - params:{'op_name': 'ADD', 'op_func': &lt;function add at 0x7fc024584f70&gt;, 'shape': [5, 2, 3, 2], 'activation': &lt;function &lt;lambda&gt; at 0x7fc0224cc940&gt;} ]
-tensorflow_lite_tests/test_tfl_BinaryWithActivation.py::TestTFLiteBinaryWithActivationLayerTest::test_binary[ ie_device:CPU - precision:FP16 - params:{'op_name': 'ADD', 'op_func': &lt;function add at 0x7fc024584f70&gt;, 'shape': [9, 10], 'activation': &lt;function relu6 at 0x7fc02452b9a0&gt;} ]
+tensorflow_lite_tests/test_tfl_BinaryWithActivation.py::TestTFLiteBinaryWithActivationLayerTest::test_binary[ ie_device:GPU - precision:FP32 - params:{'op_name': 'MUL', 'op_func': &lt;function multiply at 0x7fa0630c9090&gt;, 'shape': [9, 10], 'activation': None} ]
+tensorflow_lite_tests/test_tfl_BinaryWithActivation.py::TestTFLiteBinaryWithActivationLayerTest::test_binary[ ie_device:GPU - precision:FP16 - params:{'op_name': 'DIV', 'op_func': &lt;function divide at 0x7fa0630c9360&gt;, 'kwargs_to_prepare_input': 'positive', 'shape': [5, 2, 3, 2], 'activation': &lt;function relu6 at 0x7fa06306f9a0&gt;} ]
+tensorflow_lite_tests/test_tfl_BinaryWithActivation.py::TestTFLiteBinaryWithActivationLayerTest::test_binary[ ie_device:GPU - precision:FP16 - params:{'op_name': 'ADD', 'op_func': &lt;function add at 0x7fa0630c8f70&gt;, 'shape': [9, 10], 'activation': &lt;function relu6 at 0x7fa06306f9a0&gt;} ]
+tensorflow_lite_tests/test_tfl_BinaryWithActivation.py::TestTFLiteBinaryWithActivationLayerTest::test_binary[ ie_device:CPU - precision:FP32 - params:{'op_name': 'SUB', 'op_func': &lt;function subtract at 0x7fa07cd9c280&gt;, 'shape': [9, 10], 'activation': &lt;function relu at 0x7fa07cd630a0&gt;} ]
+tensorflow_lite_tests/test_tfl_BinaryWithActivation.py::TestTFLiteBinaryWithActivationLayerTest::test_binary[ ie_device:GPU - precision:FP32 - params:{'op_name': 'MUL', 'op_func': &lt;function multiply at 0x7fa0630c9090&gt;, 'shape': [9, 10], 'activation': &lt;function relu6 at 0x7fa06306f9a0&gt;} ]
+tensorflow_lite_tests/test_tfl_BinaryWithActivation.py::TestTFLiteBinaryWithActivationLayerTest::test_binary[ ie_device:GPU - precision:FP16 - params:{'op_name': 'MUL', 'op_func': &lt;function multiply at 0x7fa0630c9090&gt;, 'shape': [5, 2, 3, 2], 'activation': None} ]
+tensorflow_lite_tests/test_tfl_BinaryWithActivation.py::TestTFLiteBinaryWithActivationLayerTest::test_binary[ ie_device:CPU - precision:FP32 - params:{'op_name': 'ADD', 'op_func': &lt;function add at 0x7fa0630c8f70&gt;, 'shape': [5, 2, 3, 2], 'activation': &lt;function &lt;lambda&gt; at 0x7fa061230940&gt;} ]
+tensorflow_lite_tests/test_tfl_BinaryWithActivation.py::TestTFLiteBinaryWithActivationLayerTest::test_binary[ ie_device:GPU - precision:FP16 - params:{'op_name': 'DIV', 'op_func': &lt;function divide at 0x7fa0630c9360&gt;, 'kwargs_to_prepare_input': 'positive', 'shape': [5, 2, 3, 2], 'activation': &lt;function relu at 0x7fa07cd630a0&gt;} ]
+tensorflow_lite_tests/test_tfl_BinaryWithActivation.py::TestTFLiteBinaryWithActivationLayerTest::test_binary[ ie_device:GPU - precision:FP32 - params:{'op_name': 'DIV', 'op_func': &lt;function divide at 0x7fa0630c9360&gt;, 'kwargs_to_prepare_input': 'positive', 'shape': [5, 2, 3, 2], 'activation': &lt;function &lt;lambda&gt; at 0x7fa061230940&gt;} ]
+tensorflow_lite_tests/test_tfl_BinaryWithActivation.py::TestTFLiteBinaryWithActivationLayerTest::test_binary[ ie_device:GPU - precision:FP32 - params:{'op_name': 'MUL', 'op_func': &lt;function multiply at 0x7fa0630c9090&gt;, 'shape': [9, 10], 'activation': &lt;function &lt;lambda&gt; at 0x7fa061230940&gt;} ]
+tensorflow_lite_tests/test_tfl_BinaryWithActivation.py::TestTFLiteBinaryWithActivationLayerTest::test_binary[ ie_device:CPU - precision:FP16 - params:{'op_name': 'DIV', 'op_func': &lt;function divide at 0x7fa0630c9360&gt;, 'kwargs_to_prepare_input': 'positive', 'shape': [5, 2, 3, 2], 'activation': &lt;function relu6 at 0x7fa06306f9a0&gt;} ]
+tensorflow_lite_tests/test_tfl_BinaryWithActivation.py::TestTFLiteBinaryWithActivationLayerTest::test_binary[ ie_device:GPU - precision:FP16 - params:{'op_name': 'SUB', 'op_func': &lt;function subtract at 0x7fa07cd9c280&gt;, 'shape': [5, 2, 3, 2], 'activation': &lt;function relu6 at 0x7fa06306f9a0&gt;} ]
+tensorflow_lite_tests/test_tfl_BinaryWithActivation.py::TestTFLiteBinaryWithActivationLayerTest::test_binary[ ie_device:GPU - precision:FP16 - params:{'op_name': 'DIV', 'op_func': &lt;function divide at 0x7fa0630c9360&gt;, 'kwargs_to_prepare_input': 'positive', 'shape': [9, 10], 'activation': &lt;function &lt;lambda&gt; at 0x7fa061230940&gt;} ]
+tensorflow_lite_tests/test_tfl_BinaryWithActivation.py::TestTFLiteBinaryWithActivationLayerTest::test_binary[ ie_device:GPU - precision:FP32 - params:{'op_name': 'SUB', 'op_func': &lt;function subtract at 0x7fa07cd9c280&gt;, 'shape': [5, 2, 3, 2], 'activation': &lt;function relu6 at 0x7fa06306f9a0&gt;} ]
+tensorflow_lite_tests/test_tfl_BinaryWithActivation.py::TestTFLiteBinaryWithActivationLayerTest::test_binary[ ie_device:CPU - precision:FP16 - params:{'op_name': 'ADD', 'op_func': &lt;function add at 0x7fa0630c8f70&gt;, 'shape': [9, 10], 'activation': &lt;function relu6 at 0x7fa06306f9a0&gt;} ]
+tensorflow_lite_tests/test_tfl_BinaryWithActivation.py::TestTFLiteBinaryWithActivationLayerTest::test_binary[ ie_device:CPU - precision:FP16 - params:{'op_name': 'SUB', 'op_func': &lt;function subtract at 0x7fa07cd9c280&gt;, 'shape': [9, 10], 'activation': None} ]
+tensorflow_lite_tests/test_tfl_BinaryWithActivation.py::TestTFLiteBinaryWithActivationLayerTest::test_binary[ ie_device:CPU - precision:FP16 - params:{'op_name': 'MUL', 'op_func': &lt;function multiply at 0x7fa0630c9090&gt;, 'shape': [9, 10], 'activation': &lt;function relu at 0x7fa07cd630a0&gt;} ]
+tensorflow_lite_tests/test_tfl_BinaryWithActivation.py::TestTFLiteBinaryWithActivationLayerTest::test_binary[ ie_device:CPU - precision:FP16 - params:{'op_name': 'SUB', 'op_func': &lt;function subtract at 0x7fa07cd9c280&gt;, 'shape': [5, 2, 3, 2], 'activation': None} ]
+tensorflow_lite_tests/test_tfl_BinaryWithActivation.py::TestTFLiteBinaryWithActivationLayerTest::test_binary[ ie_device:CPU - precision:FP32 - params:{'op_name': 'SUB', 'op_func': &lt;function subtract at 0x7fa07cd9c280&gt;, 'shape': [9, 10], 'activation': &lt;function relu6 at 0x7fa06306f9a0&gt;} ]
+tensorflow_lite_tests/test_tfl_BinaryWithActivation.py::TestTFLiteBinaryWithActivationLayerTest::test_binary[ ie_device:CPU - precision:FP32 - params:{'op_name': 'ADD', 'op_func': &lt;function add at 0x7fa0630c8f70&gt;, 'shape': [9, 10], 'activation': &lt;function relu6 at 0x7fa06306f9a0&gt;} ]
+tensorflow_lite_tests/test_tfl_BinaryWithActivation.py::TestTFLiteBinaryWithActivationLayerTest::test_binary[ ie_device:GPU - precision:FP16 - params:{'op_name': 'MUL', 'op_func': &lt;function multiply at 0x7fa0630c9090&gt;, 'shape': [5, 2, 3, 2], 'activation': &lt;function &lt;lambda&gt; at 0x7fa061230940&gt;} ]
+tensorflow_lite_tests/test_tfl_BinaryWithActivation.py::TestTFLiteBinaryWithActivationLayerTest::test_binary[ ie_device:GPU - precision:FP32 - params:{'op_name': 'ADD', 'op_func': &lt;function add at 0x7fa0630c8f70&gt;, 'shape': [9, 10], 'activation': None} ]
+tensorflow_lite_tests/test_tfl_BinaryWithActivation.py::TestTFLiteBinaryWithActivationLayerTest::test_binary[ ie_device:GPU - precision:FP16 - params:{'op_name': 'DIV', 'op_func': &lt;function divide at 0x7fa0630c9360&gt;, 'kwargs_to_prepare_input': 'positive', 'shape': [9, 10], 'activation': &lt;function relu at 0x7fa07cd630a0&gt;} ]
+tensorflow_lite_tests/test_tfl_BinaryWithActivation.py::TestTFLiteBinaryWithActivationLayerTest::test_binary[ ie_device:GPU - precision:FP16 - params:{'op_name': 'ADD', 'op_func': &lt;function add at 0x7fa0630c8f70&gt;, 'shape': [5, 2, 3, 2], 'activation': &lt;function relu at 0x7fa07cd630a0&gt;} ]
+tensorflow_lite_tests/test_tfl_BinaryWithActivation.py::TestTFLiteBinaryWithActivationLayerTest::test_binary[ ie_device:GPU - precision:FP16 - params:{'op_name': 'MUL', 'op_func': &lt;function multiply at 0x7fa0630c9090&gt;, 'shape': [9, 10], 'activation': None} ]
+tensorflow_lite_tests/test_tfl_BinaryWithActivation.py::TestTFLiteBinaryWithActivationLayerTest::test_binary[ ie_device:GPU - precision:FP16 - params:{'op_name': 'MUL', 'op_func': &lt;function multiply at 0x7fa0630c9090&gt;, 'shape': [9, 10], 'activation': &lt;function &lt;lambda&gt; at 0x7fa061230940&gt;} ]
+tensorflow_lite_tests/test_tfl_BinaryWithActivation.py::TestTFLiteBinaryWithActivationLayerTest::test_binary[ ie_device:GPU - precision:FP32 - params:{'op_name': 'MUL', 'op_func': &lt;function multiply at 0x7fa0630c9090&gt;, 'shape': [9, 10], 'activation': &lt;function relu at 0x7fa07cd630a0&gt;} ]
+tensorflow_lite_tests/test_tfl_BinaryWithActivation.py::TestTFLiteBinaryWithActivationLayerTest::test_binary[ ie_device:CPU - precision:FP16 - params:{'op_name': 'DIV', 'op_func': &lt;function divide at 0x7fa0630c9360&gt;, 'kwargs_to_prepare_input': 'positive', 'shape': [5, 2, 3, 2], 'activation': &lt;function relu at 0x7fa07cd630a0&gt;} ]
+tensorflow_lite_tests/test_tfl_BinaryWithActivation.py::TestTFLiteBinaryWithActivationLayerTest::test_binary[ ie_device:CPU - precision:FP32 - params:{'op_name': 'MUL', 'op_func': &lt;function multiply at 0x7fa0630c9090&gt;, 'shape': [9, 10], 'activation': &lt;function relu6 at 0x7fa06306f9a0&gt;} ]
+tensorflow_lite_tests/test_tfl_BinaryWithActivation.py::TestTFLiteBinaryWithActivationLayerTest::test_binary[ ie_device:GPU - precision:FP16 - params:{'op_name': 'MUL', 'op_func': &lt;function multiply at 0x7fa0630c9090&gt;, 'shape': [5, 2, 3, 2], 'activation': &lt;function relu at 0x7fa07cd630a0&gt;} ]
+tensorflow_lite_tests/test_tfl_BinaryWithActivation.py::TestTFLiteBinaryWithActivationLayerTest::test_binary[ ie_device:CPU - precision:FP16 - params:{'op_name': 'SUB', 'op_func': &lt;function subtract at 0x7fa07cd9c280&gt;, 'shape': [5, 2, 3, 2], 'activation': &lt;function relu at 0x7fa07cd630a0&gt;} ]
+tensorflow_lite_tests/test_tfl_BinaryWithActivation.py::TestTFLiteBinaryWithActivationLayerTest::test_binary[ ie_device:GPU - precision:FP16 - params:{'op_name': 'ADD', 'op_func': &lt;function add at 0x7fa0630c8f70&gt;, 'shape': [5, 2, 3, 2], 'activation': None} ]
+tensorflow_lite_tests/test_tfl_BinaryWithActivation.py::TestTFLiteBinaryWithActivationLayerTest::test_binary[ ie_device:GPU - precision:FP16 - params:{'op_name': 'DIV', 'op_func': &lt;function divide at 0x7fa0630c9360&gt;, 'kwargs_to_prepare_input': 'positive', 'shape': [5, 2, 3, 2], 'activation': &lt;function &lt;lambda&gt; at 0x7fa061230940&gt;} ]
+tensorflow_lite_tests/test_tfl_BinaryWithActivation.py::TestTFLiteBinaryWithActivationLayerTest::test_binary[ ie_device:GPU - precision:FP32 - params:{'op_name': 'ADD', 'op_func': &lt;function add at 0x7fa0630c8f70&gt;, 'shape': [9, 10], 'activation': &lt;function relu at 0x7fa07cd630a0&gt;} ]
+tensorflow_lite_tests/test_tfl_BinaryWithActivation.py::TestTFLiteBinaryWithActivationLayerTest::test_binary[ ie_device:GPU - precision:FP16 - params:{'op_name': 'SUB', 'op_func': &lt;function subtract at 0x7fa07cd9c280&gt;, 'shape': [9, 10], 'activation': &lt;function relu at 0x7fa07cd630a0&gt;} ]
+tensorflow_lite_tests/test_tfl_BinaryWithActivation.py::TestTFLiteBinaryWithActivationLayerTest::test_binary[ ie_device:CPU - precision:FP32 - params:{'op_name': 'SUB', 'op_func': &lt;function subtract at 0x7fa07cd9c280&gt;, 'shape': [5, 2, 3, 2], 'activation': &lt;function relu6 at 0x7fa06306f9a0&gt;} ]
+tensorflow_lite_tests/test_tfl_BinaryWithActivation.py::TestTFLiteBinaryWithActivationLayerTest::test_binary[ ie_device:GPU - precision:FP32 - params:{'op_name': 'MUL', 'op_func': &lt;function multiply at 0x7fa0630c9090&gt;, 'shape': [5, 2, 3, 2], 'activation': &lt;function relu6 at 0x7fa06306f9a0&gt;} ]
+tensorflow_lite_tests/test_tfl_BinaryWithActivation.py::TestTFLiteBinaryWithActivationLayerTest::test_binary[ ie_device:GPU - precision:FP32 - params:{'op_name': 'ADD', 'op_func': &lt;function add at 0x7fa0630c8f70&gt;, 'shape': [9, 10], 'activation': &lt;function relu6 at 0x7fa06306f9a0&gt;} ]
+tensorflow_lite_tests/test_tfl_BinaryWithActivation.py::TestTFLiteBinaryWithActivationLayerTest::test_binary[ ie_device:GPU - precision:FP16 - params:{'op_name': 'MUL', 'op_func': &lt;function multiply at 0x7fa0630c9090&gt;, 'shape': [9, 10], 'activation': &lt;function relu at 0x7fa07cd630a0&gt;} ]
+tensorflow_lite_tests/test_tfl_BinaryWithActivation.py::TestTFLiteBinaryWithActivationLayerTest::test_binary[ ie_device:GPU - precision:FP16 - params:{'op_name': 'SUB', 'op_func': &lt;function subtract at 0x7fa07cd9c280&gt;, 'shape': [9, 10], 'activation': &lt;function relu6 at 0x7fa06306f9a0&gt;} ]
+tensorflow_lite_tests/test_tfl_BinaryWithActivation.py::TestTFLiteBinaryWithActivationLayerTest::test_binary[ ie_device:GPU - precision:FP16 - params:{'op_name': 'ADD', 'op_func': &lt;function add at 0x7fa0630c8f70&gt;, 'shape': [5, 2, 3, 2], 'activation': &lt;function &lt;lambda&gt; at 0x7fa061230940&gt;} ]
+tensorflow_lite_tests/test_tfl_BinaryWithActivation.py::TestTFLiteBinaryWithActivationLayerTest::test_binary[ ie_device:CPU - precision:FP32 - params:{'op_name': 'SUB', 'op_func': &lt;function subtract at 0x7fa07cd9c280&gt;, 'shape': [5, 2, 3, 2], 'activation': &lt;function relu at 0x7fa07cd630a0&gt;} ]
+tensorflow_lite_tests/test_tfl_BinaryWithActivation.py::TestTFLiteBinaryWithActivationLayerTest::test_binary[ ie_device:CPU - precision:FP32 - params:{'op_name': 'MUL', 'op_func': &lt;function multiply at 0x7fa0630c9090&gt;, 'shape': [9, 10], 'activation': &lt;function &lt;lambda&gt; at 0x7fa061230940&gt;} ]
+tensorflow_lite_tests/test_tfl_BinaryWithActivation.py::TestTFLiteBinaryWithActivationLayerTest::test_binary[ ie_device:CPU - precision:FP32 - params:{'op_name': 'MUL', 'op_func': &lt;function multiply at 0x7fa0630c9090&gt;, 'shape': [5, 2, 3, 2], 'activation': None} ]
+tensorflow_lite_tests/test_tfl_BinaryWithActivation.py::TestTFLiteBinaryWithActivationLayerTest::test_binary[ ie_device:CPU - precision:FP16 - params:{'op_name': 'SUB', 'op_func': &lt;function subtract at 0x7fa07cd9c280&gt;, 'shape': [9, 10], 'activation': &lt;function relu at 0x7fa07cd630a0&gt;} ]
+tensorflow_lite_tests/test_tfl_BinaryWithActivation.py::TestTFLiteBinaryWithActivationLayerTest::test_binary[ ie_device:CPU - precision:FP16 - params:{'op_name': 'ADD', 'op_func': &lt;function add at 0x7fa0630c8f70&gt;, 'shape': [5, 2, 3, 2], 'activation': &lt;function relu6 at 0x7fa06306f9a0&gt;} ]
+tensorflow_lite_tests/test_tfl_BinaryWithActivation.py::TestTFLiteBinaryWithActivationLayerTest::test_binary[ ie_device:GPU - precision:FP16 - params:{'op_name': 'SUB', 'op_func': &lt;function subtract at 0x7fa07cd9c280&gt;, 'shape': [5, 2, 3, 2], 'activation': &lt;function relu at 0x7fa07cd630a0&gt;} ]
+tensorflow_lite_tests/test_tfl_BinaryWithActivation.py::TestTFLiteBinaryWithActivationLayerTest::test_binary[ ie_device:CPU - precision:FP32 - params:{'op_name': 'DIV', 'op_func': &lt;function divide at 0x7fa0630c9360&gt;, 'kwargs_to_prepare_input': 'positive', 'shape': [9, 10], 'activation': None} ]
+tensorflow_lite_tests/test_tfl_BinaryWithActivation.py::TestTFLiteBinaryWithActivationLayerTest::test_binary[ ie_device:GPU - precision:FP32 - params:{'op_name': 'ADD', 'op_func': &lt;function add at 0x7fa0630c8f70&gt;, 'shape': [5, 2, 3, 2], 'activation': &lt;function relu at 0x7fa07cd630a0&gt;} ]
+tensorflow_lite_tests/test_tfl_BinaryWithActivation.py::TestTFLiteBinaryWithActivationLayerTest::test_binary[ ie_device:GPU - precision:FP16 - params:{'op_name': 'ADD', 'op_func': &lt;function add at 0x7fa0630c8f70&gt;, 'shape': [9, 10], 'activation': None} ]
+tensorflow_lite_tests/test_tfl_BinaryWithActivation.py::TestTFLiteBinaryWithActivationLayerTest::test_binary[ ie_device:CPU - precision:FP16 - params:{'op_name': 'MUL', 'op_func': &lt;function multiply at 0x7fa0630c9090&gt;, 'shape': [5, 2, 3, 2], 'activation': None} ]
+tensorflow_lite_tests/test_tfl_BinaryWithActivation.py::TestTFLiteBinaryWithActivationLayerTest::test_binary[ ie_device:CPU - precision:FP16 - params:{'op_name': 'MUL', 'op_func': &lt;function multiply at 0x7fa0630c9090&gt;, 'shape': [9, 10], 'activation': None} ]
+tensorflow_lite_tests/test_tfl_BinaryWithActivation.py::TestTFLiteBinaryWithActivationLayerTest::test_binary[ ie_device:CPU - precision:FP32 - params:{'op_name': 'DIV', 'op_func': &lt;function divide at 0x7fa0630c9360&gt;, 'kwargs_to_prepare_input': 'positive', 'shape': [9, 10], 'activation': &lt;function &lt;lambda&gt; at 0x7fa061230940&gt;} ]
+tensorflow_lite_tests/test_tfl_BinaryWithActivation.py::TestTFLiteBinaryWithActivationLayerTest::test_binary[ ie_device:GPU - precision:FP16 - params:{'op_name': 'MUL', 'op_func': &lt;function multiply at 0x7fa0630c9090&gt;, 'shape': [9, 10], 'activation': &lt;function relu6 at 0x7fa06306f9a0&gt;} ]
+tensorflow_lite_tests/test_tfl_BinaryWithActivation.py::TestTFLiteBinaryWithActivationLayerTest::test_binary[ ie_device:CPU - precision:FP16 - params:{'op_name': 'MUL', 'op_func': &lt;function multiply at 0x7fa0630c9090&gt;, 'shape': [5, 2, 3, 2], 'activation': &lt;function relu6 at 0x7fa06306f9a0&gt;} ]
+tensorflow_lite_tests/test_tfl_BinaryWithActivation.py::TestTFLiteBinaryWithActivationLayerTest::test_binary[ ie_device:CPU - precision:FP16 - params:{'op_name': 'ADD', 'op_func': &lt;function add at 0x7fa0630c8f70&gt;, 'shape': [9, 10], 'activation': &lt;function relu at 0x7fa07cd630a0&gt;} ]
+tensorflow_lite_tests/test_tfl_BinaryWithActivation.py::TestTFLiteBinaryWithActivationLayerTest::test_binary[ ie_device:GPU - precision:FP32 - params:{'op_name': 'MUL', 'op_func': &lt;function multiply at 0x7fa0630c9090&gt;, 'shape': [5, 2, 3, 2], 'activation': &lt;function &lt;lambda&gt; at 0x7fa061230940&gt;} ]
+tensorflow_lite_tests/test_tfl_BinaryWithActivation.py::TestTFLiteBinaryWithActivationLayerTest::test_binary[ ie_device:GPU - precision:FP32 - params:{'op_name': 'SUB', 'op_func': &lt;function subtract at 0x7fa07cd9c280&gt;, 'shape': [5, 2, 3, 2], 'activation': None} ]
+tensorflow_lite_tests/test_tfl_BinaryWithActivation.py::TestTFLiteBinaryWithActivationLayerTest::test_binary[ ie_device:CPU - precision:FP16 - params:{'op_name': 'SUB', 'op_func': &lt;function subtract at 0x7fa07cd9c280&gt;, 'shape': [5, 2, 3, 2], 'activation': &lt;function &lt;lambda&gt; at 0x7fa061230940&gt;} ]
+tensorflow_lite_tests/test_tfl_BinaryWithActivation.py::TestTFLiteBinaryWithActivationLayerTest::test_binary[ ie_device:CPU - precision:FP16 - params:{'op_name': 'MUL', 'op_func': &lt;function multiply at 0x7fa0630c9090&gt;, 'shape': [5, 2, 3, 2], 'activation': &lt;function relu at 0x7fa07cd630a0&gt;} ]
+tensorflow_lite_tests/test_tfl_BinaryWithActivation.py::TestTFLiteBinaryWithActivationLayerTest::test_binary[ ie_device:CPU - precision:FP32 - params:{'op_name': 'MUL', 'op_func': &lt;function multiply at 0x7fa0630c9090&gt;, 'shape': [5, 2, 3, 2], 'activation': &lt;function relu6 at 0x7fa06306f9a0&gt;} ]
+tensorflow_lite_tests/test_tfl_BinaryWithActivation.py::TestTFLiteBinaryWithActivationLayerTest::test_binary[ ie_device:CPU - precision:FP16 - params:{'op_name': 'MUL', 'op_func': &lt;function multiply at 0x7fa0630c9090&gt;, 'shape': [9, 10], 'activation': &lt;function relu6 at 0x7fa06306f9a0&gt;} ]
+tensorflow_lite_tests/test_tfl_BinaryWithActivation.py::TestTFLiteBinaryWithActivationLayerTest::test_binary[ ie_device:CPU - precision:FP32 - params:{'op_name': 'ADD', 'op_func': &lt;function add at 0x7fa0630c8f70&gt;, 'shape': [9, 10], 'activation': &lt;function relu at 0x7fa07cd630a0&gt;} ]
+tensorflow_lite_tests/test_tfl_BinaryWithActivation.py::TestTFLiteBinaryWithActivationLayerTest::test_binary[ ie_device:CPU - precision:FP32 - params:{'op_name': 'ADD', 'op_func': &lt;function add at 0x7fa0630c8f70&gt;, 'shape': [9, 10], 'activation': None} ]
+tensorflow_lite_tests/test_tfl_BinaryWithActivation.py::TestTFLiteBinaryWithActivationLayerTest::test_binary[ ie_device:GPU - precision:FP16 - params:{'op_name': 'SUB', 'op_func': &lt;function subtract at 0x7fa07cd9c280&gt;, 'shape': [9, 10], 'activation': None} ]
+tensorflow_lite_tests/test_tfl_BinaryWithActivation.py::TestTFLiteBinaryWithActivationLayerTest::test_binary[ ie_device:GPU - precision:FP32 - params:{'op_name': 'ADD', 'op_func': &lt;function add at 0x7fa0630c8f70&gt;, 'shape': [5, 2, 3, 2], 'activation': &lt;function &lt;lambda&gt; at 0x7fa061230940&gt;} ]
+tensorflow_lite_tests/test_tfl_BinaryWithActivation.py::TestTFLiteBinaryWithActivationLayerTest::test_binary[ ie_device:GPU - precision:FP32 - params:{'op_name': 'SUB', 'op_func': &lt;function subtract at 0x7fa07cd9c280&gt;, 'shape': [5, 2, 3, 2], 'activation': &lt;function &lt;lambda&gt; at 0x7fa061230940&gt;} ]
+tensorflow_lite_tests/test_tfl_BinaryWithActivation.py::TestTFLiteBinaryWithActivationLayerTest::test_binary[ ie_device:CPU - precision:FP16 - params:{'op_name': 'SUB', 'op_func': &lt;function subtract at 0x7fa07cd9c280&gt;, 'shape': [9, 10], 'activation': &lt;function relu6 at 0x7fa06306f9a0&gt;} ]
+tensorflow_lite_tests/test_tfl_BinaryWithActivation.py::TestTFLiteBinaryWithActivationLayerTest::test_binary[ ie_device:GPU - precision:FP16 - params:{'op_name': 'MUL', 'op_func': &lt;function multiply at 0x7fa0630c9090&gt;, 'shape': [5, 2, 3, 2], 'activation': &lt;function relu6 at 0x7fa06306f9a0&gt;} ]
+tensorflow_lite_tests/test_tfl_BinaryWithActivation.py::TestTFLiteBinaryWithActivationLayerTest::test_binary[ ie_device:GPU - precision:FP16 - params:{'op_name': 'SUB', 'op_func': &lt;function subtract at 0x7fa07cd9c280&gt;, 'shape': [5, 2, 3, 2], 'activation': &lt;function &lt;lambda&gt; at 0x7fa061230940&gt;} ]
+tensorflow_lite_tests/test_tfl_BinaryWithActivation.py::TestTFLiteBinaryWithActivationLayerTest::test_binary[ ie_device:GPU - precision:FP32 - params:{'op_name': 'ADD', 'op_func': &lt;function add at 0x7fa0630c8f70&gt;, 'shape': [5, 2, 3, 2], 'activation': None} ]
+tensorflow_lite_tests/test_tfl_BinaryWithActivation.py::TestTFLiteBinaryWithActivationLayerTest::test_binary[ ie_device:CPU - precision:FP32 - params:{'op_name': 'MUL', 'op_func': &lt;function multiply at 0x7fa0630c9090&gt;, 'shape': [5, 2, 3, 2], 'activation': &lt;function relu at 0x7fa07cd630a0&gt;} ]
+tensorflow_lite_tests/test_tfl_BinaryWithActivation.py::TestTFLiteBinaryWithActivationLayerTest::test_binary[ ie_device:CPU - precision:FP32 - params:{'op_name': 'DIV', 'op_func': &lt;function divide at 0x7fa0630c9360&gt;, 'kwargs_to_prepare_input': 'positive', 'shape': [9, 10], 'activation': &lt;function relu6 at 0x7fa06306f9a0&gt;} ]
+tensorflow_lite_tests/test_tfl_BinaryWithActivation.py::TestTFLiteBinaryWithActivationLayerTest::test_binary[ ie_device:GPU - precision:FP32 - params:{'op_name': 'DIV', 'op_func': &lt;function divide at 0x7fa0630c9360&gt;, 'kwargs_to_prepare_input': 'positive', 'shape': [9, 10], 'activation': &lt;function relu at 0x7fa07cd630a0&gt;} ]
+tensorflow_lite_tests/test_tfl_BinaryWithActivation.py::TestTFLiteBinaryWithActivationLayerTest::test_binary[ ie_device:CPU - precision:FP32 - params:{'op_name': 'ADD', 'op_func': &lt;function add at 0x7fa0630c8f70&gt;, 'shape': [5, 2, 3, 2], 'activation': None} ]
+tensorflow_lite_tests/test_tfl_BinaryWithActivation.py::TestTFLiteBinaryWithActivationLayerTest::test_binary[ ie_device:CPU - precision:FP32 - params:{'op_name': 'SUB', 'op_func': &lt;function subtract at 0x7fa07cd9c280&gt;, 'shape': [5, 2, 3, 2], 'activation': &lt;function &lt;lambda&gt; at 0x7fa061230940&gt;} ]
+tensorflow_lite_tests/test_tfl_BinaryWithActivation.py::TestTFLiteBinaryWithActivationLayerTest::test_binary[ ie_device:GPU - precision:FP32 - params:{'op_name': 'SUB', 'op_func': &lt;function subtract at 0x7fa07cd9c280&gt;, 'shape': [5, 2, 3, 2], 'activation': &lt;function relu at 0x7fa07cd630a0&gt;} ]
+tensorflow_lite_tests/test_tfl_BinaryWithActivation.py::TestTFLiteBinaryWithActivationLayerTest::test_binary[ ie_device:CPU - precision:FP16 - params:{'op_name': 'ADD', 'op_func': &lt;function add at 0x7fa0630c8f70&gt;, 'shape': [5, 2, 3, 2], 'activation': None} ]
+tensorflow_lite_tests/test_tfl_BinaryWithActivation.py::TestTFLiteBinaryWithActivationLayerTest::test_binary[ ie_device:CPU - precision:FP16 - params:{'op_name': 'ADD', 'op_func': &lt;function add at 0x7fa0630c8f70&gt;, 'shape': [5, 2, 3, 2], 'activation': &lt;function &lt;lambda&gt; at 0x7fa061230940&gt;} ]
+tensorflow_lite_tests/test_tfl_BinaryWithActivation.py::TestTFLiteBinaryWithActivationLayerTest::test_binary[ ie_device:GPU - precision:FP16 - params:{'op_name': 'ADD', 'op_func': &lt;function add at 0x7fa0630c8f70&gt;, 'shape': [9, 10], 'activation': &lt;function &lt;lambda&gt; at 0x7fa061230940&gt;} ]
+tensorflow_lite_tests/test_tfl_BinaryWithActivation.py::TestTFLiteBinaryWithActivationLayerTest::test_binary[ ie_device:CPU - precision:FP16 - params:{'op_name': 'MUL', 'op_func': &lt;function multiply at 0x7fa0630c9090&gt;, 'shape': [9, 10], 'activation': &lt;function &lt;lambda&gt; at 0x7fa061230940&gt;} ]
+tensorflow_lite_tests/test_tfl_BinaryWithActivation.py::TestTFLiteBinaryWithActivationLayerTest::test_binary[ ie_device:GPU - precision:FP32 - params:{'op_name': 'DIV', 'op_func': &lt;function divide at 0x7fa0630c9360&gt;, 'kwargs_to_prepare_input': 'positive', 'shape': [9, 10], 'activation': None} ]
+tensorflow_lite_tests/test_tfl_BinaryWithActivation.py::TestTFLiteBinaryWithActivationLayerTest::test_binary[ ie_device:GPU - precision:FP32 - params:{'op_name': 'SUB', 'op_func': &lt;function subtract at 0x7fa07cd9c280&gt;, 'shape': [9, 10], 'activation': &lt;function relu6 at 0x7fa06306f9a0&gt;} ]
+tensorflow_lite_tests/test_tfl_BinaryWithActivation.py::TestTFLiteBinaryWithActivationLayerTest::test_binary[ ie_device:CPU - precision:FP16 - params:{'op_name': 'DIV', 'op_func': &lt;function divide at 0x7fa0630c9360&gt;, 'kwargs_to_prepare_input': 'positive', 'shape': [9, 10], 'activation': &lt;function relu at 0x7fa07cd630a0&gt;} ]
+tensorflow_lite_tests/test_tfl_BinaryWithActivation.py::TestTFLiteBinaryWithActivationLayerTest::test_binary[ ie_device:CPU - precision:FP16 - params:{'op_name': 'DIV', 'op_func': &lt;function divide at 0x7fa0630c9360&gt;, 'kwargs_to_prepare_input': 'positive', 'shape': [5, 2, 3, 2], 'activation': &lt;function &lt;lambda&gt; at 0x7fa061230940&gt;} ]
+tensorflow_lite_tests/test_tfl_BinaryWithActivation.py::TestTFLiteBinaryWithActivationLayerTest::test_binary[ ie_device:CPU - precision:FP32 - params:{'op_name': 'MUL', 'op_func': &lt;function multiply at 0x7fa0630c9090&gt;, 'shape': [9, 10], 'activation': None} ]
+tensorflow_lite_tests/test_tfl_BinaryWithActivation.py::TestTFLiteBinaryWithActivationLayerTest::test_binary[ ie_device:CPU - precision:FP16 - params:{'op_name': 'ADD', 'op_func': &lt;function add at 0x7fa0630c8f70&gt;, 'shape': [9, 10], 'activation': None} ]
+tensorflow_lite_tests/test_tfl_BinaryWithActivation.py::TestTFLiteBinaryWithActivationLayerTest::test_binary[ ie_device:GPU - precision:FP32 - params:{'op_name': 'DIV', 'op_func': &lt;function divide at 0x7fa0630c9360&gt;, 'kwargs_to_prepare_input': 'positive', 'shape': [5, 2, 3, 2], 'activation': &lt;function relu at 0x7fa07cd630a0&gt;} ]
+tensorflow_lite_tests/test_tfl_BinaryWithActivation.py::TestTFLiteBinaryWithActivationLayerTest::test_binary[ ie_device:CPU - precision:FP16 - params:{'op_name': 'DIV', 'op_func': &lt;function divide at 0x7fa0630c9360&gt;, 'kwargs_to_prepare_input': 'positive', 'shape': [5, 2, 3, 2], 'activation': None} ]
+tensorflow_lite_tests/test_tfl_BinaryWithActivation.py::TestTFLiteBinaryWithActivationLayerTest::test_binary[ ie_device:CPU - precision:FP16 - params:{'op_name': 'ADD', 'op_func': &lt;function add at 0x7fa0630c8f70&gt;, 'shape': [9, 10], 'activation': &lt;function &lt;lambda&gt; at 0x7fa061230940&gt;} ]
+tensorflow_lite_tests/test_tfl_BinaryWithActivation.py::TestTFLiteBinaryWithActivationLayerTest::test_binary[ ie_device:CPU - precision:FP32 - params:{'op_name': 'ADD', 'op_func': &lt;function add at 0x7fa0630c8f70&gt;, 'shape': [9, 10], 'activation': &lt;function &lt;lambda&gt; at 0x7fa061230940&gt;} ]
+tensorflow_lite_tests/test_tfl_BinaryWithActivation.py::TestTFLiteBinaryWithActivationLayerTest::test_binary[ ie_device:GPU - precision:FP16 - params:{'op_name': 'ADD', 'op_func': &lt;function add at 0x7fa0630c8f70&gt;, 'shape': [5, 2, 3, 2], 'activation': &lt;function relu6 at 0x7fa06306f9a0&gt;} ]
+tensorflow_lite_tests/test_tfl_BinaryWithActivation.py::TestTFLiteBinaryWithActivationLayerTest::test_binary[ ie_device:CPU - precision:FP16 - params:{'op_name': 'ADD', 'op_func': &lt;function add at 0x7fa0630c8f70&gt;, 'shape': [5, 2, 3, 2], 'activation': &lt;function relu at 0x7fa07cd630a0&gt;} ]
+tensorflow_lite_tests/test_tfl_BinaryWithActivation.py::TestTFLiteBinaryWithActivationLayerTest::test_binary[ ie_device:GPU - precision:FP32 - params:{'op_name': 'DIV', 'op_func': &lt;function divide at 0x7fa0630c9360&gt;, 'kwargs_to_prepare_input': 'positive', 'shape': [9, 10], 'activation': &lt;function relu6 at 0x7fa06306f9a0&gt;} ]
+tensorflow_lite_tests/test_tfl_BinaryWithActivation.py::TestTFLiteBinaryWithActivationLayerTest::test_binary[ ie_device:CPU - precision:FP32 - params:{'op_name': 'SUB', 'op_func': &lt;function subtract at 0x7fa07cd9c280&gt;, 'shape': [5, 2, 3, 2], 'activation': None} ]
+tensorflow_lite_tests/test_tfl_BinaryWithActivation.py::TestTFLiteBinaryWithActivationLayerTest::test_binary[ ie_device:CPU - precision:FP16 - params:{'op_name': 'DIV', 'op_func': &lt;function divide at 0x7fa0630c9360&gt;, 'kwargs_to_prepare_input': 'positive', 'shape': [9, 10], 'activation': &lt;function relu6 at 0x7fa06306f9a0&gt;} ]
+tensorflow_lite_tests/test_tfl_BinaryWithActivation.py::TestTFLiteBinaryWithActivationLayerTest::test_binary[ ie_device:GPU - precision:FP16 - params:{'op_name': 'DIV', 'op_func': &lt;function divide at 0x7fa0630c9360&gt;, 'kwargs_to_prepare_input': 'positive', 'shape': [9, 10], 'activation': &lt;function relu6 at 0x7fa06306f9a0&gt;} ]
+tensorflow_lite_tests/test_tfl_BinaryWithActivation.py::TestTFLiteBinaryWithActivationLayerTest::test_binary[ ie_device:GPU - precision:FP32 - params:{'op_name': 'ADD', 'op_func': &lt;function add at 0x7fa0630c8f70&gt;, 'shape': [5, 2, 3, 2], 'activation': &lt;function relu6 at 0x7fa06306f9a0&gt;} ]
+tensorflow_lite_tests/test_tfl_BinaryWithActivation.py::TestTFLiteBinaryWithActivationLayerTest::test_binary[ ie_device:GPU - precision:FP16 - params:{'op_name': 'DIV', 'op_func': &lt;function divide at 0x7fa0630c9360&gt;, 'kwargs_to_prepare_input': 'positive', 'shape': [9, 10], 'activation': None} ]
+tensorflow_lite_tests/test_tfl_BinaryWithActivation.py::TestTFLiteBinaryWithActivationLayerTest::test_binary[ ie_device:CPU - precision:FP32 - params:{'op_name': 'MUL', 'op_func': &lt;function multiply at 0x7fa0630c9090&gt;, 'shape': [5, 2, 3, 2], 'activation': &lt;function &lt;lambda&gt; at 0x7fa061230940&gt;} ]
+tensorflow_lite_tests/test_tfl_BinaryWithActivation.py::TestTFLiteBinaryWithActivationLayerTest::test_binary[ ie_device:CPU - precision:FP32 - params:{'op_name': 'SUB', 'op_func': &lt;function subtract at 0x7fa07cd9c280&gt;, 'shape': [9, 10], 'activation': &lt;function &lt;lambda&gt; at 0x7fa061230940&gt;} ]
+tensorflow_lite_tests/test_tfl_BinaryWithActivation.py::TestTFLiteBinaryWithActivationLayerTest::test_binary[ ie_device:GPU - precision:FP16 - params:{'op_name': 'SUB', 'op_func': &lt;function subtract at 0x7fa07cd9c280&gt;, 'shape': [9, 10], 'activation': &lt;function &lt;lambda&gt; at 0x7fa061230940&gt;} ]
+tensorflow_lite_tests/test_tfl_BinaryWithActivation.py::TestTFLiteBinaryWithActivationLayerTest::test_binary[ ie_device:GPU - precision:FP32 - params:{'op_name': 'SUB', 'op_func': &lt;function subtract at 0x7fa07cd9c280&gt;, 'shape': [9, 10], 'activation': &lt;function &lt;lambda&gt; at 0x7fa061230940&gt;} ]
+tensorflow_lite_tests/test_tfl_BinaryWithActivation.py::TestTFLiteBinaryWithActivationLayerTest::test_binary[ ie_device:GPU - precision:FP32 - params:{'op_name': 'MUL', 'op_func': &lt;function multiply at 0x7fa0630c9090&gt;, 'shape': [5, 2, 3, 2], 'activation': None} ]
+tensorflow_lite_tests/test_tfl_BinaryWithActivation.py::TestTFLiteBinaryWithActivationLayerTest::test_binary[ ie_device:CPU - precision:FP16 - params:{'op_name': 'SUB', 'op_func': &lt;function subtract at 0x7fa07cd9c280&gt;, 'shape': [5, 2, 3, 2], 'activation': &lt;function relu6 at 0x7fa06306f9a0&gt;} ]
+tensorflow_lite_tests/test_tfl_BinaryWithActivation.py::TestTFLiteBinaryWithActivationLayerTest::test_binary[ ie_device:CPU - precision:FP32 - params:{'op_name': 'SUB', 'op_func': &lt;function subtract at 0x7fa07cd9c280&gt;, 'shape': [9, 10], 'activation': None} ]
+tensorflow_lite_tests/test_tfl_BinaryWithActivation.py::TestTFLiteBinaryWithActivationLayerTest::test_binary[ ie_device:GPU - precision:FP32 - params:{'op_name': 'SUB', 'op_func': &lt;function subtract at 0x7fa07cd9c280&gt;, 'shape': [9, 10], 'activation': &lt;function relu at 0x7fa07cd630a0&gt;} ]
+tensorflow_lite_tests/test_tfl_BinaryWithActivation.py::TestTFLiteBinaryWithActivationLayerTest::test_binary[ ie_device:GPU - precision:FP32 - params:{'op_name': 'ADD', 'op_func': &lt;function add at 0x7fa0630c8f70&gt;, 'shape': [9, 10], 'activation': &lt;function &lt;lambda&gt; at 0x7fa061230940&gt;} ]
+tensorflow_lite_tests/test_tfl_BinaryWithActivation.py::TestTFLiteBinaryWithActivationLayerTest::test_binary[ ie_device:CPU - precision:FP16 - params:{'op_name': 'MUL', 'op_func': &lt;function multiply at 0x7fa0630c9090&gt;, 'shape': [5, 2, 3, 2], 'activation': &lt;function &lt;lambda&gt; at 0x7fa061230940&gt;} ]
+tensorflow_lite_tests/test_tfl_BinaryWithActivation.py::TestTFLiteBinaryWithActivationLayerTest::test_binary[ ie_device:GPU - precision:FP16 - params:{'op_name': 'ADD', 'op_func': &lt;function add at 0x7fa0630c8f70&gt;, 'shape': [9, 10], 'activation': &lt;function relu at 0x7fa07cd630a0&gt;} ]
+tensorflow_lite_tests/test_tfl_BinaryWithActivation.py::TestTFLiteBinaryWithActivationLayerTest::test_binary[ ie_device:CPU - precision:FP16 - params:{'op_name': 'SUB', 'op_func': &lt;function subtract at 0x7fa07cd9c280&gt;, 'shape': [9, 10], 'activation': &lt;function &lt;lambda&gt; at 0x7fa061230940&gt;} ]
+tensorflow_lite_tests/test_tfl_BinaryWithActivation.py::TestTFLiteBinaryWithActivationLayerTest::test_binary[ ie_device:GPU - precision:FP32 - params:{'op_name': 'MUL', 'op_func': &lt;function multiply at 0x7fa0630c9090&gt;, 'shape': [5, 2, 3, 2], 'activation': &lt;function relu at 0x7fa07cd630a0&gt;} ]
+tensorflow_lite_tests/test_tfl_BinaryWithActivation.py::TestTFLiteBinaryWithActivationLayerTest::test_binary[ ie_device:CPU - precision:FP32 - params:{'op_name': 'ADD', 'op_func': &lt;function add at 0x7fa0630c8f70&gt;, 'shape': [5, 2, 3, 2], 'activation': &lt;function relu at 0x7fa07cd630a0&gt;} ]
+tensorflow_lite_tests/test_tfl_BinaryWithActivation.py::TestTFLiteBinaryWithActivationLayerTest::test_binary[ ie_device:CPU - precision:FP32 - params:{'op_name': 'DIV', 'op_func': &lt;function divide at 0x7fa0630c9360&gt;, 'kwargs_to_prepare_input': 'positive', 'shape': [5, 2, 3, 2], 'activation': &lt;function &lt;lambda&gt; at 0x7fa061230940&gt;} ]
+tensorflow_lite_tests/test_tfl_BinaryWithActivation.py::TestTFLiteBinaryWithActivationLayerTest::test_binary[ ie_device:CPU - precision:FP32 - params:{'op_name': 'DIV', 'op_func': &lt;function divide at 0x7fa0630c9360&gt;, 'kwargs_to_prepare_input': 'positive', 'shape': [5, 2, 3, 2], 'activation': &lt;function relu at 0x7fa07cd630a0&gt;} ]
+tensorflow_lite_tests/test_tfl_BinaryWithActivation.py::TestTFLiteBinaryWithActivationLayerTest::test_binary[ ie_device:CPU - precision:FP16 - params:{'op_name': 'DIV', 'op_func': &lt;function divide at 0x7fa0630c9360&gt;, 'kwargs_to_prepare_input': 'positive', 'shape': [9, 10], 'activation': None} ]
+tensorflow_lite_tests/test_tfl_BinaryWithActivation.py::TestTFLiteBinaryWithActivationLayerTest::test_binary[ ie_device:CPU - precision:FP32 - params:{'op_name': 'ADD', 'op_func': &lt;function add at 0x7fa0630c8f70&gt;, 'shape': [5, 2, 3, 2], 'activation': &lt;function relu6 at 0x7fa06306f9a0&gt;} ]
+tensorflow_lite_tests/test_tfl_BinaryWithActivation.py::TestTFLiteBinaryWithActivationLayerTest::test_binary[ ie_device:GPU - precision:FP32 - params:{'op_name': 'DIV', 'op_func': &lt;function divide at 0x7fa0630c9360&gt;, 'kwargs_to_prepare_input': 'positive', 'shape': [9, 10], 'activation': &lt;function &lt;lambda&gt; at 0x7fa061230940&gt;} ]
+tensorflow_lite_tests/test_tfl_BinaryWithActivation.py::TestTFLiteBinaryWithActivationLayerTest::test_binary[ ie_device:CPU - precision:FP16 - params:{'op_name': 'DIV', 'op_func': &lt;function divide at 0x7fa0630c9360&gt;, 'kwargs_to_prepare_input': 'positive', 'shape': [9, 10], 'activation': &lt;function &lt;lambda&gt; at 0x7fa061230940&gt;} ]
+tensorflow_lite_tests/test_tfl_BinaryWithActivation.py::TestTFLiteBinaryWithActivationLayerTest::test_binary[ ie_device:CPU - precision:FP32 - params:{'op_name': 'MUL', 'op_func': &lt;function multiply at 0x7fa0630c9090&gt;, 'shape': [9, 10], 'activation': &lt;function relu at 0x7fa07cd630a0&gt;} ]
+tensorflow_lite_tests/test_tfl_BinaryWithActivation.py::TestTFLiteBinaryWithActivationLayerTest::test_binary[ ie_device:CPU - precision:FP32 - params:{'op_name': 'DIV', 'op_func': &lt;function divide at 0x7fa0630c9360&gt;, 'kwargs_to_prepare_input': 'positive', 'shape': [5, 2, 3, 2], 'activation': None} ]
+tensorflow_lite_tests/test_tfl_BinaryWithActivation.py::TestTFLiteBinaryWithActivationLayerTest::test_binary[ ie_device:GPU - precision:FP16 - params:{'op_name': 'DIV', 'op_func': &lt;function divide at 0x7fa0630c9360&gt;, 'kwargs_to_prepare_input': 'positive', 'shape': [5, 2, 3, 2], 'activation': None} ]
+tensorflow_lite_tests/test_tfl_BinaryWithActivation.py::TestTFLiteBinaryWithActivationLayerTest::test_binary[ ie_device:GPU - precision:FP32 - params:{'op_name': 'DIV', 'op_func': &lt;function divide at 0x7fa0630c9360&gt;, 'kwargs_to_prepare_input': 'positive', 'shape': [5, 2, 3, 2], 'activation': &lt;function relu6 at 0x7fa06306f9a0&gt;} ]
+tensorflow_lite_tests/test_tfl_BinaryWithActivation.py::TestTFLiteBinaryWithActivationLayerTest::test_binary[ ie_device:GPU - precision:FP32 - params:{'op_name': 'SUB', 'op_func': &lt;function subtract at 0x7fa07cd9c280&gt;, 'shape': [9, 10], 'activation': None} ]
+tensorflow_lite_tests/test_tfl_BinaryWithActivation.py::TestTFLiteBinaryWithActivationLayerTest::test_binary[ ie_device:GPU - precision:FP16 - params:{'op_name': 'SUB', 'op_func': &lt;function subtract at 0x7fa07cd9c280&gt;, 'shape': [5, 2, 3, 2], 'activation': None} ]
+tensorflow_lite_tests/test_tfl_BinaryWithActivation.py::TestTFLiteBinaryWithActivationLayerTest::test_binary[ ie_device:GPU - precision:FP32 - params:{'op_name': 'DIV', 'op_func': &lt;function divide at 0x7fa0630c9360&gt;, 'kwargs_to_prepare_input': 'positive', 'shape': [5, 2, 3, 2], 'activation': None} ]
+tensorflow_lite_tests/test_tfl_BinaryWithActivation.py::TestTFLiteBinaryWithActivationLayerTest::test_binary[ ie_device:CPU - precision:FP32 - params:{'op_name': 'DIV', 'op_func': &lt;function divide at 0x7fa0630c9360&gt;, 'kwargs_to_prepare_input': 'positive', 'shape': [9, 10], 'activation': &lt;function relu at 0x7fa07cd630a0&gt;} ]
+tensorflow_lite_tests/test_tfl_BinaryWithActivation.py::TestTFLiteBinaryWithActivationLayerTest::test_binary[ ie_device:CPU - precision:FP32 - params:{'op_name': 'DIV', 'op_func': &lt;function divide at 0x7fa0630c9360&gt;, 'kwargs_to_prepare_input': 'positive', 'shape': [5, 2, 3, 2], 'activation': &lt;function relu6 at 0x7fa06306f9a0&gt;} ]
 tensorflow_lite_tests/test_tfl_Reshape.py::TestTFLiteReshapeLayerTest::test_reshape[ ie_device:GPU - precision:FP32 - params:{'shape': [1], 'out_shape': [8, 2, 10, 8]} ]
 tensorflow_lite_tests/test_tfl_Reshape.py::TestTFLiteReshapeLayerTest::test_reshape[ ie_device:GPU - precision:FP16 - params:{'shape': [1], 'out_shape': [8, 2, 10, 8]} ]
 tensorflow_lite_tests/test_tfl_Reshape.py::TestTFLiteReshapeLayerTest::test_reshape[ ie_device:CPU - precision:FP32 - params:{'shape': [7, 1], 'out_shape': [10, 3, 8]} ]
@@ -374,86 +374,86 @@

 tensorflow_lite_tests/test_tfl_Squeeze.py::TestTFLiteSqueezeLayerTest::test_squeeze_dims[ ie_device:GPU - precision:FP16 - params:{'shape': [4, 5, 7], 'axis': [3, 9]} ]
 tensorflow_lite_tests/test_tfl_Squeeze.py::TestTFLiteSqueezeLayerTest::test_squeeze_dims[ ie_device:GPU - precision:FP32 - params:{'shape': [9, 3, 10, 4], 'axis': [-1, -2, -3]} ]
[...]
+tensorflow_lite_tests/test_tfl_Binary.py::TestTFLiteBinaryLayerTest::test_binary[ ie_device:GPU - precision:FP32 - params:{'op_name': 'SQUARED_DIFFERENCE', 'op_func': &lt;function squared_difference at 0x7fa07d01af80&gt;, 'shape': [6, 1]} ]
+tensorflow_lite_tests/test_tfl_Binary.py::TestTFLiteBinaryLayerTest::test_binary[ ie_device:GPU - precision:FP32 - params:{'op_name': 'FLOOR_MOD', 'op_func': &lt;function floor_mod at 0x7fa0630c9750&gt;, 'kwargs_to_prepare_input': 'positive', 'shape': [4, 1, 5, 1]} ]
+tensorflow_lite_tests/test_tfl_Binary.py::TestTFLiteBinaryLayerTest::test_binary[ ie_device:GPU - precision:FP32 - params:{'op_name': 'LESS', 'op_func': &lt;function less at 0x7fa07d1bcaf0&gt;, 'shape': [6, 1]} ]
+tensorflow_lite_tests/test_tfl_Binary.py::TestTFLiteBinaryLayerTest::test_binary[ ie_device:CPU - precision:FP16 - params:{'op_name': 'SQUARED_DIFFERENCE', 'op_func': &lt;function squared_difference at 0x7fa07d01af80&gt;, 'shape': [6, 1]} ]
+tensorflow_lite_tests/test_tfl_Binary.py::TestTFLiteBinaryLayerTest::test_binary[ ie_device:CPU - precision:FP16 - params:{'op_name': 'LOGICAL_OR', 'op_func': &lt;function logical_or at 0x7fa07d1bdd80&gt;, 'kwargs_to_prepare_input': 'boolean', 'dtype': tf.bool, 'shape': [6, 1]} ]
+tensorflow_lite_tests/test_tfl_Binary.py::TestTFLiteBinaryLayerTest::test_binary[ ie_device:GPU - precision:FP32 - params:{'op_name': 'SQUARED_DIFFERENCE', 'op_func': &lt;function squared_difference at 0x7fa07d01af80&gt;, 'shape': [4, 1, 5, 1]} ]
+tensorflow_lite_tests/test_tfl_Binary.py::TestTFLiteBinaryLayerTest::test_binary[ ie_device:CPU - precision:FP32 - params:{'op_name': 'FLOOR_DIV', 'op_func': &lt;function floordiv at 0x7fa07cd9f5b0&gt;, 'kwargs_to_prepare_input': 'positive', 'shape': [6, 1]} ]
+tensorflow_lite_tests/test_tfl_Binary.py::TestTFLiteBinaryLayerTest::test_binary[ ie_device:CPU - precision:FP16 - params:{'op_name': 'GREATER_EQUAL', 'op_func': &lt;function greater_equal at 0x7fa07d1a3130&gt;, 'shape': [4, 1, 5, 1]} ]
+tensorflow_lite_tests/test_tfl_Binary.py::TestTFLiteBinaryLayerTest::test_binary[ ie_device:CPU - precision:FP32 - params:{'op_name': 'NOT_EQUAL', 'op_func': &lt;function not_equal at 0x7fa07cdb9ea0&gt;, 'shape': [4, 1, 5, 1]} ]
+tensorflow_lite_tests/test_tfl_Binary.py::TestTFLiteBinaryLayerTest::test_binary[ ie_device:CPU - precision:FP16 - params:{'op_name': 'GREATER', 'op_func': &lt;function greater at 0x7fa07d1a2e60&gt;, 'shape': [4, 1, 5, 1]} ]
+tensorflow_lite_tests/test_tfl_Binary.py::TestTFLiteBinaryLayerTest::test_binary[ ie_device:CPU - precision:FP16 - params:{'op_name': 'LESS_EQUAL', 'op_func': &lt;function less_equal at 0x7fa07d1bcdc0&gt;, 'shape': [6, 1]} ]
+tensorflow_lite_tests/test_tfl_Binary.py::TestTFLiteBinaryLayerTest::test_binary[ ie_device:CPU - precision:FP32 - params:{'op_name': 'LESS', 'op_func': &lt;function less at 0x7fa07d1bcaf0&gt;, 'shape': [4, 1, 5, 1]} ]
+tensorflow_lite_tests/test_tfl_Binary.py::TestTFLiteBinaryLayerTest::test_binary[ ie_device:CPU - precision:FP16 - params:{'op_name': 'LOGICAL_AND', 'op_func': &lt;function logical_and at 0x7fa07d1bd900&gt;, 'kwargs_to_prepare_input': 'boolean', 'dtype': tf.bool, 'shape': [4, 1, 5, 1]} ]
+tensorflow_lite_tests/test_tfl_Binary.py::TestTFLiteBinaryLayerTest::test_binary[ ie_device:GPU - precision:FP32 - params:{'op_name': 'MAXIMUM', 'op_func': &lt;function maximum at 0x7fa0630c9870&gt;, 'shape': [6, 1]} ]
+tensorflow_lite_tests/test_tfl_Binary.py::TestTFLiteBinaryLayerTest::test_binary[ ie_device:CPU - precision:FP32 - params:{'op_name': 'EQUAL', 'op_func': &lt;function equal at 0x7fa07cdb9cf0&gt;, 'shape': [4, 1, 5, 1]} ]
+tensorflow_lite_tests/test_tfl_Binary.py::TestTFLiteBinaryLayerTest::test_binary[ ie_device:CPU - precision:FP16 - params:{'op_name': 'NOT_EQUAL', 'op_func': &lt;function not_equal at 0x7fa07cdb9ea0&gt;, 'shape': [4, 1, 5, 1]} ]
+tensorflow_lite_tests/test_tfl_Binary.py::TestTFLiteBinaryLayerTest::test_binary[ ie_device:CPU - precision:FP16 - params:{'op_name': 'FLOOR_MOD', 'op_func': &lt;function floor_mod at 0x7fa0630c9750&gt;, 'kwargs_to_prepare_input': 'positive', 'shape': [6, 1]} ]
+tensorflow_lite_tests/test_tfl_Binary.py::TestTFLiteBinaryLayerTest::test_binary[ ie_device:GPU - precision:FP32 - params:{'op_name': 'FLOOR_DIV', 'op_func': &lt;function floordiv at 0x7fa07cd9f5b0&gt;, 'kwargs_to_prepare_input': 'positive', 'shape': [4, 1, 5, 1]} ]
+tensorflow_lite_tests/test_tfl_Binary.py::TestTFLiteBinaryLayerTest::test_binary[ ie_device:CPU - precision:FP16 - params:{'op_name': 'FLOOR_DIV', 'op_func': &lt;function floordiv at 0x7fa07cd9f5b0&gt;, 'kwargs_to_prepare_input': 'positive', 'shape': [6, 1]} ]
+tensorflow_lite_tests/test_tfl_Binary.py::TestTFLiteBinaryLayerTest::test_binary[ ie_device:CPU - precision:FP32 - params:{'op_name': 'GREATER_EQUAL', 'op_func': &lt;function greater_equal at 0x7fa07d1a3130&gt;, 'shape': [4, 1, 5, 1]} ]
+tensorflow_lite_tests/test_tfl_Binary.py::TestTFLiteBinaryLayerTest::test_binary[ ie_device:GPU - precision:FP32 - params:{'op_name': 'LOGICAL_OR', 'op_func': &lt;function logical_or at 0x7fa07d1bdd80&gt;, 'kwargs_to_prepare_input': 'boolean', 'dtype': tf.bool, 'shape': [4, 1, 5, 1]} ]
+tensorflow_lite_tests/test_tfl_Binary.py::TestTFLiteBinaryLayerTest::test_binary[ ie_device:GPU - precision:FP16 - params:{'op_name': 'LESS_EQUAL', 'op_func': &lt;function less_equal at 0x7fa07d1bcdc0&gt;, 'shape': [4, 1, 5, 1]} ]
+tensorflow_lite_tests/test_tfl_Binary.py::TestTFLiteBinaryLayerTest::test_binary[ ie_device:CPU - precision:FP32 - params:{'op_name': 'NOT_EQUAL', 'op_func': &lt;function not_equal at 0x7fa07cdb9ea0&gt;, 'shape': [6, 1]} ]
+tensorflow_lite_tests/test_tfl_Binary.py::TestTFLiteBinaryLayerTest::test_binary[ ie_device:GPU - precision:FP16 - params:{'op_name': 'FLOOR_MOD', 'op_func': &lt;function floor_mod at 0x7fa0630c9750&gt;, 'kwargs_to_prepare_input': 'positive', 'shape': [6, 1]} ]
+tensorflow_lite_tests/test_tfl_Binary.py::TestTFLiteBinaryLayerTest::test_binary[ ie_device:GPU - precision:FP16 - params:{'op_name': 'GREATER', 'op_func': &lt;function greater at 0x7fa07d1a2e60&gt;, 'shape': [6, 1]} ]
+tensorflow_lite_tests/test_tfl_Binary.py::TestTFLiteBinaryLayerTest::test_binary[ ie_device:GPU - precision:FP32 - params:{'op_name': 'NOT_EQUAL', 'op_func': &lt;function not_equal at 0x7fa07cdb9ea0&gt;, 'shape': [4, 1, 5, 1]} ]
+tensorflow_lite_tests/test_tfl_Binary.py::TestTFLiteBinaryLayerTest::test_binary[ ie_device:CPU - precision:FP16 - params:{'op_name': 'LESS_EQUAL', 'op_func': &lt;function less_equal at 0x7fa07d1bcdc0&gt;, 'shape': [4, 1, 5, 1]} ]
+tensorflow_lite_tests/test_tfl_Binary.py::TestTFLiteBinaryLayerTest::test_binary[ ie_device:GPU - precision:FP16 - params:{'op_name': 'GREATER', 'op_func': &lt;function greater at 0x7fa07d1a2e60&gt;, 'shape': [4, 1, 5, 1]} ]
+tensorflow_lite_tests/test_tfl_Binary.py::TestTFLiteBinaryLayerTest::test_binary[ ie_device:GPU - precision:FP16 - params:{'op_name': 'LOGICAL_AND', 'op_func': &lt;function logical_and at 0x7fa07d1bd900&gt;, 'kwargs_to_prepare_input': 'boolean', 'dtype': tf.bool, 'shape': [6, 1]} ]
+tensorflow_lite_tests/test_tfl_Binary.py::TestTFLiteBinaryLayerTest::test_binary[ ie_device:GPU - precision:FP16 - params:{'op_name': 'POW', 'op_func': &lt;function pow at 0x7fa07cd9cb80&gt;, 'kwargs_to_prepare_input': 'positive', 'shape': [4, 1, 5, 1]} ]
+tensorflow_lite_tests/test_tfl_Binary.py::TestTFLiteBinaryLayerTest::test_binary[ ie_device:CPU - precision:FP32 - params:{'op_name': 'LOGICAL_AND', 'op_func': &lt;function logical_and at 0x7fa07d1bd900&gt;, 'kwargs_to_prepare_input': 'boolean', 'dtype': tf.bool, 'shape': [6, 1]} ]
+tensorflow_lite_tests/test_tfl_Binary.py::TestTFLiteBinaryLayerTest::test_binary[ ie_device:GPU - precision:FP32 - params:{'op_name': 'GREATER_EQUAL', 'op_func': &lt;function greater_equal at 0x7fa07d1a3130&gt;, 'shape': [4, 1, 5, 1]} ]
+tensorflow_lite_tests/test_tfl_Binary.py::TestTFLiteBinaryLayerTest::test_binary[ ie_device:CPU - precision:FP16 - params:{'op_name': 'FLOOR_DIV', 'op_func': &lt;function floordiv at 0x7fa07cd9f5b0&gt;, 'kwargs_to_prepare_input': 'positive', 'shape': [4, 1, 5, 1]} ]
+tensorflow_lite_tests/test_tfl_Binary.py::TestTFLiteBinaryLayerTest::test_binary[ ie_device:CPU - precision:FP16 - params:{'op_name': 'MINIMUM', 'op_func': &lt;function minimum at 0x7fa0630c9900&gt;, 'shape': [6, 1]} ]
+tensorflow_lite_tests/test_tfl_Binary.py::TestTFLiteBinaryLayerTest::test_binary[ ie_device:CPU - precision:FP16 - params:{'op_name': 'SQUARED_DIFFERENCE', 'op_func': &lt;function squared_difference at 0x7fa07d01af80&gt;, 'shape': [4, 1, 5, 1]} ]
+tensorflow_lite_tests/test_tfl_Binary.py::TestTFLiteBinaryLayerTest::test_binary[ ie_device:CPU - precision:FP32 - params:{'op_name': 'MAXIMUM', 'op_func': &lt;function maximum at 0x7fa0630c9870&gt;, 'shape': [4, 1, 5, 1]} ]
+tensorflow_lite_tests/test_tfl_Binary.py::TestTFLiteBinaryLayerTest::test_binary[ ie_device:GPU - precision:FP16 - params:{'op_name': 'FLOOR_DIV', 'op_func': &lt;function floordiv at 0x7fa07cd9f5b0&gt;, 'kwargs_to_prepare_input': 'positive', 'shape': [6, 1]} ]
+tensorflow_lite_tests/test_tfl_Binary.py::TestTFLiteBinaryLayerTest::test_binary[ ie_device:CPU - precision:FP32 - params:{'op_name': 'LOGICAL_OR', 'op_func': &lt;function logical_or at 0x7fa07d1bdd80&gt;, 'kwargs_to_prepare_input': 'boolean', 'dtype': tf.bool, 'shape': [4, 1, 5, 1]} ]
+tensorflow_lite_tests/test_tfl_Binary.py::TestTFLiteBinaryLayerTest::test_binary[ ie_device:CPU - precision:FP16 - params:{'op_name': 'LESS', 'op_func': &lt;function less at 0x7fa07d1bcaf0&gt;, 'shape': [6, 1]} ]
+tensorflow_lite_tests/test_tfl_Binary.py::TestTFLiteBinaryLayerTest::test_binary[ ie_device:CPU - precision:FP16 - params:{'op_name': 'MAXIMUM', 'op_func': &lt;function maximum at 0x7fa0630c9870&gt;, 'shape': [6, 1]} ]
+tensorflow_lite_tests/test_tfl_Binary.py::TestTFLiteBinaryLayerTest::test_binary[ ie_device:GPU - precision:FP32 - params:{'op_name': 'GREATER', 'op_func': &lt;function greater at 0x7fa07d1a2e60&gt;, 'shape': [4, 1, 5, 1]} ]
+tensorflow_lite_tests/test_tfl_Binary.py::TestTFLiteBinaryLayerTest::test_binary[ ie_device:GPU - precision:FP32 - params:{'op_name': 'LESS_EQUAL', 'op_func': &lt;function less_equal at 0x7fa07d1bcdc0&gt;, 'shape': [4, 1, 5, 1]} ]
+tensorflow_lite_tests/test_tfl_Binary.py::TestTFLiteBinaryLayerTest::test_binary[ ie_device:GPU - precision:FP16 - params:{'op_name': 'LOGICAL_OR', 'op_func': &lt;function logical_or at 0x7fa07d1bdd80&gt;, 'kwargs_to_prepare_input': 'boolean', 'dtype': tf.bool, 'shape': [4, 1, 5, 1]} ]
+tensorflow_lite_tests/test_tfl_Binary.py::TestTFLiteBinaryLayerTest::test_binary[ ie_device:CPU - precision:FP16 - params:{'op_name': 'LOGICAL_AND', 'op_func': &lt;function logical_and at 0x7fa07d1bd900&gt;, 'kwargs_to_prepare_input': 'boolean', 'dtype': tf.bool, 'shape': [6, 1]} ]
+tensorflow_lite_tests/test_tfl_Binary.py::TestTFLiteBinaryLayerTest::test_binary[ ie_device:GPU - precision:FP16 - params:{'op_name': 'MAXIMUM', 'op_func': &lt;function maximum at 0x7fa0630c9870&gt;, 'shape': [6, 1]} ]
+tensorflow_lite_tests/test_tfl_Binary.py::TestTFLiteBinaryLayerTest::test_binary[ ie_device:GPU - precision:FP16 - params:{'op_name': 'MINIMUM', 'op_func': &lt;function minimum at 0x7fa0630c9900&gt;, 'shape': [6, 1]} ]
+tensorflow_lite_tests/test_tfl_Binary.py::TestTFLiteBinaryLayerTest::test_binary[ ie_device:CPU - precision:FP32 - params:{'op_name': 'FLOOR_MOD', 'op_func': &lt;function floor_mod at 0x7fa0630c9750&gt;, 'kwargs_to_prepare_input': 'positive', 'shape': [6, 1]} ]
+tensorflow_lite_tests/test_tfl_Binary.py::TestTFLiteBinaryLayerTest::test_binary[ ie_device:GPU - precision:FP32 - params:{'op_name': 'LOGICAL_AND', 'op_func': &lt;function logical_and at 0x7fa07d1bd900&gt;, 'kwargs_to_prepare_input': 'boolean', 'dtype': tf.bool, 'shape': [6, 1]} ]
+tensorflow_lite_tests/test_tfl_Binary.py::TestTFLiteBinaryLayerTest::test_binary[ ie_device:GPU - precision:FP32 - params:{'op_name': 'FLOOR_MOD', 'op_func': &lt;function floor_mod at 0x7fa0630c9750&gt;, 'kwargs_to_prepare_input': 'positive', 'shape': [6, 1]} ]
+tensorflow_lite_tests/test_tfl_Binary.py::TestTFLiteBinaryLayerTest::test_binary[ ie_device:CPU - precision:FP16 - params:{'op_name': 'FLOOR_MOD', 'op_func': &lt;function floor_mod at 0x7fa0630c9750&gt;, 'kwargs_to_prepare_input': 'positive', 'shape': [4, 1, 5, 1]} ]
+tensorflow_lite_tests/test_tfl_Binary.py::TestTFLiteBinaryLayerTest::test_binary[ ie_device:GPU - precision:FP16 - params:{'op_name': 'GREATER_EQUAL', 'op_func': &lt;function greater_equal at 0x7fa07d1a3130&gt;, 'shape': [4, 1, 5, 1]} ]
+tensorflow_lite_tests/test_tfl_Binary.py::TestTFLiteBinaryLayerTest::test_binary[ ie_device:GPU - precision:FP16 - params:{'op_name': 'EQUAL', 'op_func': &lt;function equal at 0x7fa07cdb9cf0&gt;, 'shape': [6, 1]} ]
+tensorflow_lite_tests/test_tfl_Binary.py::TestTFLiteBinaryLayerTest::test_binary[ ie_device:CPU - precision:FP16 - params:{'op_name': 'EQUAL', 'op_func': &lt;function equal at 0x7fa07cdb9cf0&gt;, 'shape': [4, 1, 5, 1]} ]
+tensorflow_lite_tests/test_tfl_Binary.py::TestTFLiteBinaryLayerTest::test_binary[ ie_device:GPU - precision:FP16 - params:{'op_name': 'LOGICAL_OR', 'op_func': &lt;function logical_or at 0x7fa07d1bdd80&gt;, 'kwargs_to_prepare_input': 'boolean', 'dtype': tf.bool, 'shape': [6, 1]} ]
+tensorflow_lite_tests/test_tfl_Binary.py::TestTFLiteBinaryLayerTest::test_binary[ ie_device:CPU - precision:FP16 - params:{'op_name': 'GREATER', 'op_func': &lt;function greater at 0x7fa07d1a2e60&gt;, 'shape': [6, 1]} ]
+tensorflow_lite_tests/test_tfl_Binary.py::TestTFLiteBinaryLayerTest::test_binary[ ie_device:GPU - precision:FP16 - params:{'op_name': 'SQUARED_DIFFERENCE', 'op_func': &lt;function squared_difference at 0x7fa07d01af80&gt;, 'shape': [6, 1]} ]
+tensorflow_lite_tests/test_tfl_Binary.py::TestTFLiteBinaryLayerTest::test_binary[ ie_device:CPU - precision:FP16 - params:{'op_name': 'MINIMUM', 'op_func': &lt;function minimum at 0x7fa0630c9900&gt;, 'shape': [4, 1, 5, 1]} ]
+tensorflow_lite_tests/test_tfl_Binary.py::TestTFLiteBinaryLayerTest::test_binary[ ie_device:CPU - precision:FP32 - params:{'op_name': 'LOGICAL_OR', 'op_func': &lt;function logical_or at 0x7fa07d1bdd80&gt;, 'kwargs_to_prepare_input': 'boolean', 'dtype': tf.bool, 'shape': [6, 1]} ]
+tensorflow_lite_tests/test_tfl_Binary.py::TestTFLiteBinaryLayerTest::test_binary[ ie_device:GPU - precision:FP32 - params:{'op_name': 'LESS_EQUAL', 'op_func': &lt;function less_equal at 0x7fa07d1bcdc0&gt;, 'shape': [6, 1]} ]
+tensorflow_lite_tests/test_tfl_Binary.py::TestTFLiteBinaryLayerTest::test_binary[ ie_device:GPU - precision:FP16 - params:{'op_name': 'EQUAL', 'op_func': &lt;function equal at 0x7fa07cdb9cf0&gt;, 'shape': [4, 1, 5, 1]} ]
+tensorflow_lite_tests/test_tfl_Binary.py::TestTFLiteBinaryLayerTest::test_binary[ ie_device:CPU - precision:FP16 - params:{'op_name': 'GREATER_EQUAL', 'op_func': &lt;function greater_equal at 0x7fa07d1a3130&gt;, 'shape': [6, 1]} ]
+tensorflow_lite_tests/test_tfl_Binary.py::TestTFLiteBinaryLayerTest::test_binary[ ie_device:CPU - precision:FP16 - params:{'op_name': 'LESS', 'op_func': &lt;function less at 0x7fa07d1bcaf0&gt;, 'shape': [4, 1, 5, 1]} ]
+tensorflow_lite_tests/test_tfl_Binary.py::TestTFLiteBinaryLayerTest::test_binary[ ie_device:GPU - precision:FP32 - params:{'op_name': 'POW', 'op_func': &lt;function pow at 0x7fa07cd9cb80&gt;, 'kwargs_to_prepare_input': 'positive', 'shape': [4, 1, 5, 1]} ]
+tensorflow_lite_tests/test_tfl_Binary.py::TestTFLiteBinaryLayerTest::test_binary[ ie_device:GPU - precision:FP32 - params:{'op_name': 'NOT_EQUAL', 'op_func': &lt;function not_equal at 0x7fa07cdb9ea0&gt;, 'shape': [6, 1]} ]
+tensorflow_lite_tests/test_tfl_Binary.py::TestTFLiteBinaryLayerTest::test_binary[ ie_device:GPU - precision:FP32 - params:{'op_name': 'LOGICAL_OR', 'op_func': &lt;function logical_or at 0x7fa07d1bdd80&gt;, 'kwargs_to_prepare_input': 'boolean', 'dtype': tf.bool, 'shape': [6, 1]} ]
+tensorflow_lite_tests/test_tfl_Binary.py::TestTFLiteBinaryLayerTest::test_binary[ ie_device:GPU - precision:FP32 - params:{'op_name': 'FLOOR_DIV', 'op_func': &lt;function floordiv at 0x7fa07cd9f5b0&gt;, 'kwargs_to_prepare_input': 'positive', 'shape': [6, 1]} ]
+tensorflow_lite_tests/test_tfl_Binary.py::TestTFLiteBinaryLayerTest::test_binary[ ie_device:CPU - precision:FP16 - params:{'op_name': 'POW', 'op_func': &lt;function pow at 0x7fa07cd9cb80&gt;, 'kwargs_to_prepare_input': 'positive', 'shape': [4, 1, 5, 1]} ]
+tensorflow_lite_tests/test_tfl_Binary.py::TestTFLiteBinaryLayerTest::test_binary[ ie_device:CPU - precision:FP16 - params:{'op_name': 'POW', 'op_func': &lt;function pow at 0x7fa07cd9cb80&gt;, 'kwargs_to_prepare_input': 'positive', 'shape': [6, 1]} ]
+tensorflow_lite_tests/test_tfl_Binary.py::TestTFLiteBinaryLayerTest::test_binary[ ie_device:CPU - precision:FP16 - params:{'op_name': 'NOT_EQUAL', 'op_func': &lt;function not_equal at 0x7fa07cdb9ea0&gt;, 'shape': [6, 1]} ]
+tensorflow_lite_tests/test_tfl_Binary.py::TestTFLiteBinaryLayerTest::test_binary[ ie_device:GPU - precision:FP16 - params:{'op_name': 'SQUARED_DIFFERENCE', 'op_func': &lt;function squared_difference at 0x7fa07d01af80&gt;, 'shape': [4, 1, 5, 1]} ]
+tensorflow_lite_tests/test_tfl_Binary.py::TestTFLiteBinaryLayerTest::test_binary[ ie_device:CPU - precision:FP32 - params:{'op_name': 'FLOOR_DIV', 'op_func': &lt;function floordiv at 0x7fa07cd9f5b0&gt;, 'kwargs_to_prepare_input': 'positive', 'shape': [4, 1, 5, 1]} ]
+tensorflow_lite_tests/test_tfl_Binary.py::TestTFLiteBinaryLayerTest::test_binary[ ie_device:CPU - precision:FP32 - params:{'op_name': 'GREATER', 'op_func': &lt;function greater at 0x7fa07d1a2e60&gt;, 'shape': [4, 1, 5, 1]} ]
+tensorflow_lite_tests/test_tfl_Binary.py::TestTFLiteBinaryLayerTest::test_binary[ ie_device:GPU - precision:FP16 - params:{'op_name': 'FLOOR_MOD', 'op_func': &lt;function floor_mod at 0x7fa0630c9750&gt;, 'kwargs_to_prepare_input': 'positive', 'shape': [4, 1, 5, 1]} ]
+tensorflow_lite_tests/test_tfl_Binary.py::TestTFLiteBinaryLayerTest::test_binary[ ie_device:GPU - precision:FP16 - params:{'op_name': 'LESS', 'op_func': &lt;function less at 0x7fa07d1bcaf0&gt;, 'shape': [6, 1]} ]
+tensorflow_lite_tests/test_tfl_Binary.py::TestTFLiteBinaryLayerTest::test_binary[ ie_device:CPU - precision:FP32 - params:{'op_name': 'GREATER_EQUAL', 'op_func': &lt;function greater_equal at 0x7fa07d1a3130&gt;, 'shape': [6, 1]} ]
+tensorflow_lite_tests/test_tfl_Binary.py::TestTFLiteBinaryLayerTest::test_binary[ ie_device:CPU - precision:FP32 - params:{'op_name': 'FLOOR_MOD', 'op_func': &lt;function floor_mod at 0x7fa0630c9750&gt;, 'kwargs_to_prepare_input': 'positive', 'shape': [4, 1, 5, 1]} ]
+tensorflow_lite_tests/test_tfl_Binary.py::TestTFLiteBinaryLayerTest::test_binary[ ie_device:GPU - precision:FP32 - params:{'op_name': 'GREATER', 'op_func': &lt;function greater at 0x7fa07d1a2e60&gt;, 'shape': [6, 1]} ]
 tensorflow_lite_tests/test_tfl_DepthwiseConv2D.py::TestTFLiteDepthwiseConv2DLayerTest::test_depthwise_conv2d[ ie_device:CPU - precision:FP16 - params:{'shape': [9, 28, 18, 16], 'ksize': [1, 3, 3, 2], 'strides': [9, 9, 8, 3], 'padding': 'SAME', 'dilations': [10, 5]} ]
 tensorflow_lite_tests/test_tfl_DepthwiseConv2D.py::TestTFLiteDepthwiseConv2DLayerTest::test_depthwise_conv2d[ ie_device:CPU - precision:FP32 - params:{'shape': [9, 28, 18, 16], 'ksize': [1, 3, 3, 2], 'strides': [9, 9, 8, 3], 'padding': 'SAME', 'dilations': [10, 5]} ]
 tensorflow_lite_tests/test_tfl_DepthwiseConv2D.py::TestTFLiteDepthwiseConv2DLayerTest::test_depthwise_conv2d[ ie_device:GPU - precision:FP16 - params:{'shape': [9, 28, 18, 16], 'ksize': [1, 3, 3, 2], 'strides': [9, 9, 8, 3], 'padding': 'SAME', 'dilations': [10, 5]} ]
To see why this happens see Known limitations in documentation</error></testcase></testsuite></testsuites>