============================= test session starts ==============================
platform linux -- Python 3.12.12, pytest-9.0.2, pluggy-1.6.0 -- /home/pwysocki/.pyenv/versions/3.12.12/envs/312/bin/python
cachedir: .pytest_cache
metadata: {'Python': '3.12.12', 'Platform': 'Linux-5.4.0-144-generic-x86_64-with-glibc2.31', 'Packages': {'pytest': '9.0.2', 'pluggy': '1.6.0'}, 'Plugins': {'metadata': '3.1.1', 'html': '4.1.1', 'forked': '1.6.0', 'anyio': '4.11.0', 'xdist': '3.8.0'}}
rootdir: /home/pwysocki/openvino/tests/model_hub_tests
configfile: pytest.ini
plugins: metadata-3.1.1, html-4.1.1, forked-1.6.0, anyio-4.11.0, xdist-3.8.0
collecting ... collected 1934 items / 966 deselected / 968 selected

tensorflow/test_tf_convert_model.py::TestTFHubConvertModel::test_convert_model_precommit[CPU-mmt/data_cc-https://www.kaggle.com/models/deepmind/mmt/frameworks/tensorFlow1/variations/data-cc/versions/1-skip-CPU plug-in doesn't support Squeeze operation with dynamic rank Operation name object_classification_layer/Squeeze] SKIPPED [  0%]
tensorflow/test_tf_convert_model.py::TestTFHubConvertModel::test_convert_model_precommit[CPU-vision/embedder/fungi_V2-https://tfhub.dev/svampeatlas/vision/embedder/fungi_V2/1?tf-hub-format=compressed-skip-Model is not available] SKIPPED [  0%]
tensorflow/test_tf_convert_model.py::TestTFHubConvertModel::test_convert_model_precommit[CPU-movenet/singlepose/lightning-https://www.kaggle.com/models/google/movenet/frameworks/tensorFlow2/variations/singlepose-lightning/versions/4-None-None] PASSED [  0%]
tensorflow/test_tf_convert_model.py::TestTFHubConvertModel::test_convert_model_precommit[CPU-imagenet/resnet_v2_50/feature_vector-https://www.kaggle.com/models/google/resnet-v2/frameworks/tensorFlow2/variations/50-feature-vector/versions/2-None-None] PASSED [  0%]
tensorflow/test_tf_convert_model.py::TestTFHubConvertModel::test_convert_model_precommit[CPU-movenet/singlepose/thunder-https://www.kaggle.com/models/google/movenet/frameworks/tensorFlow2/variations/singlepose-thunder/versions/4-None-None0] PASSED [  0%]
tensorflow/test_tf_convert_model.py::TestTFHubConvertModel::test_convert_model_precommit[CPU-imagenet/mobilenet_v2_100_224/feature_vector-https://www.kaggle.com/models/google/mobilenet-v2/frameworks/tensorFlow2/variations/100-224-feature-vector/versions/2-None-None] PASSED [  0%]
tensorflow/test_tf_convert_model.py::TestTFHubConvertModel::test_convert_model_precommit[CPU-efficientnet/lite0/classification-https://www.kaggle.com/models/tensorflow/efficientnet/frameworks/tensorFlow1/variations/lite0-classification/versions/2-None-None] PASSED [  0%]
tensorflow/test_tf_convert_model.py::TestTFHubConvertModel::test_convert_model_precommit[CPU-movenet/multipose/lightning-https://www.kaggle.com/models/google/movenet/frameworks/tensorFlow2/variations/multipose-lightning/versions/1-None-None] PASSED [  0%]
tensorflow/test_tf_convert_model.py::TestTFHubConvertModel::test_convert_model_precommit[CPU-imagenet/efficientnet_v2_imagenet1k_b0/feature_vector-https://www.kaggle.com/models/google/efficientnet-v2/frameworks/tensorFlow2/variations/imagenet1k-b0-feature-vector/versions/2-None-None] PASSED [  0%]
tensorflow/test_tf_convert_model.py::TestTFHubConvertModel::test_convert_model_precommit[CPU-imagenet/mobilenet_v1_100_224/classification-https://www.kaggle.com/models/google/mobilenet-v1/frameworks/tensorFlow2/variations/100-224-classification/versions/2-None-None] PASSED [  1%]
tensorflow/test_tf_convert_model.py::TestTFHubConvertModel::test_convert_model_precommit[CPU-magenta/arbitrary-image-stylization-v1-256-https://www.kaggle.com/models/google/arbitrary-image-stylization-v1/frameworks/tensorFlow1/variations/256/versions/2-None-None] PASSED [  1%]
tensorflow/test_tf_convert_model.py::TestTFHubConvertModel::test_convert_model_precommit[CPU-small_bert/bert_en_uncased_L-4_H-256_A-4-https://www.kaggle.com/models/tensorflow/bert/frameworks/tensorFlow2/variations/bert-en-uncased-l-4-h-256-a-4/versions/2-None-None] PASSED [  1%]
tensorflow/test_tf_convert_model.py::TestTFHubConvertModel::test_convert_model_precommit[CPU-movinet/a5/base/kinetics-600/classification-https://www.kaggle.com/models/google/movinet/frameworks/tensorFlow2/variations/a5-base-kinetics-600-classification/versions/3-None-None] PASSED [  1%]
tensorflow/test_tf_convert_model.py::TestTFHubConvertModel::test_convert_model_precommit[CPU-object_detection/mobile_object_localizer_v1-https://www.kaggle.com/models/google/mobile-object-localizer-v1/frameworks/tensorFlow1/variations/object-detection-mobile-object-localizer-v1/versions/1-xfail-128695 - inference results mismatch] XFAIL [  1%]
tensorflow/test_tf_convert_model.py::TestTFHubConvertModel::test_convert_model_precommit[CPU-efficientdet/lite0/detection-https://www.kaggle.com/models/tensorflow/efficientdet/frameworks/tensorFlow2/variations/lite0-detection/versions/1-None-None] PASSED [  1%]
tensorflow/test_tf_convert_model.py::TestTFHubConvertModel::test_convert_model_precommit[CPU-yamnet-https://www.kaggle.com/models/google/yamnet/frameworks/tensorFlow2/variations/yamnet/versions/1-None-None] PASSED [  1%]
tensorflow/test_tf_convert_model.py::TestTFHubConvertModel::test_convert_model_precommit[CPU-unet/industrial/class_1-https://tfhub.dev/nvidia/unet/industrial/class_1/1?tf-hub-format=compressed-skip-Model is not available] SKIPPED [  1%]
tensorflow/test_tf_convert_model.py::TestTFHubConvertModel::test_convert_model_precommit[CPU-movenet/singlepose/thunder-https://www.kaggle.com/models/google/movenet/frameworks/tensorFlow2/variations/singlepose-thunder/versions/4-None-None1] PASSED [  1%]
tensorflow/test_tf_convert_model.py::TestTFHubConvertModel::test_convert_model_precommit[CPU-esrgan-tf2-https://www.kaggle.com/models/kaggle/esrgan-tf2/frameworks/tensorFlow2/variations/esrgan-tf2/versions/1-None-None] PASSED [  1%]
tensorflow/test_tf_convert_model.py::TestTFHubConvertModel::test_convert_model_precommit[CPU-film-https://www.kaggle.com/models/google/film/frameworks/tensorFlow2/variations/film/versions/1-None-None] PASSED [  2%]
tensorflow/test_tf_convert_model.py::TestTFHubConvertModel::test_convert_model_precommit[CPU-planet/vision/classifier/planet_v2-https://www.kaggle.com/models/google/planet-v2/frameworks/tensorFlow1/variations/planet-vision-classifier-planet-v2/versions/1-None-None] PASSED [  2%]
tensorflow/test_tf_convert_model.py::TestTFHubConvertModel::test_convert_model_precommit[CPU-i3d-rgb-https://storage.openvinotoolkit.org/repositories/open_model_zoo/public/2022.1/i3d-rgb-tf/rgb.frozen.pb-None-None] PASSED [  2%]
tensorflow/test_tf_convert_model.py::TestTFHubConvertModel::test_convert_model_precommit[CPU-universal-sentence-encoder-multilingual-https://www.kaggle.com/models/google/universal-sentence-encoder/frameworks/tensorFlow2/variations/multilingual/versions/2-None-None] FAILED [  2%]
tensorflow/test_tf_convert_model.py::TestTFHubConvertModel::test_convert_model_precommit[CPU-microsoft/deberta-v3-small-hf_transformers-None-None] PASSED [  2%]
tensorflow/test_tf_convert_model.py::TestTFHubConvertModel::test_convert_model_precommit[CPU-facebook/convnext-tiny-224-hf_transformers-None-None] PASSED [  2%]
tensorflow/test_tf_convert_model.py::TestTFHubConvertModel::test_convert_model_precommit[CPU-google/vit-base-patch16-224-hf_transformers-None-None] PASSED [  2%]
tensorflow/test_tf_convert_model.py::TestTFHubConvertModel::test_convert_model_precommit[CPU-sentence-transformers/paraphrase-mpnet-base-v2-hf_transformers-None-None] PASSED [  2%]
tensorflow/test_tf_convert_model.py::TestTFHubConvertModel::test_convert_model_precommit[CPU-facebook/sam-vit-base-hf_transformers-None-None] PASSED [  2%]
tensorflow/test_tf_convert_model.py::TestTFHubConvertModel::test_convert_model_precommit[CPU-distilbert/distilgpt2-hf_transformers-None-None] PASSED [  2%]
tensorflow/test_tf_convert_model.py::TestTFHubConvertModel::test_convert_model_precommit[CPU-ResNet50-tf_keras_applications-None-None] FAILED [  3%]
tensorflow/test_tf_convert_model.py::TestTFHubConvertModel::test_convert_model_precommit[GPU-mmt/data_cc-https://www.kaggle.com/models/deepmind/mmt/frameworks/tensorFlow1/variations/data-cc/versions/1-skip-CPU plug-in doesn't support Squeeze operation with dynamic rank Operation name object_classification_layer/Squeeze] SKIPPED [  3%]
tensorflow/test_tf_convert_model.py::TestTFHubConvertModel::test_convert_model_all_models[CPU-universal-sentence-encoder-https://www.kaggle.com/models/google/universal-sentence-encoder/frameworks/tensorFlow2/variations/universal-sentence-encoder/versions/2-xfail-128994 127962 128995 128996 unsupported operations LookupTableFindV2 LookupTableSizeV2 SparseFillEmptyRows StaticRegexReplace StringSplit StringToHashBucketFast] XFAIL [  3%]
tensorflow/test_tf_convert_model.py::TestTFHubConvertModel::test_convert_model_all_models[CPU-imagenet/mobilenet_v1_100_224/classification-https://www.kaggle.com/models/google/mobilenet-v1/frameworks/tensorFlow2/variations/100-224-classification/versions/2-None-None] PASSED [  3%]
tensorflow/test_tf_convert_model.py::TestTFHubConvertModel::test_convert_model_all_models[CPU-imagenet/mobilenet_v2_100_224/classification-https://www.kaggle.com/models/google/mobilenet-v2/frameworks/tensorFlow2/variations/100-224-classification/versions/2-None-None] PASSED [  3%]
tensorflow/test_tf_convert_model.py::TestTFHubConvertModel::test_convert_model_all_models[CPU-universal-sentence-encoder-multilingual-https://www.kaggle.com/models/google/universal-sentence-encoder/frameworks/tensorFlow2/variations/multilingual/versions/2-None-None] FAILED [  3%]
tensorflow/test_tf_convert_model.py::TestTFHubConvertModel::test_convert_model_all_models[CPU-universal-sentence-encoder-large-https://www.kaggle.com/models/google/universal-sentence-encoder/frameworks/tensorFlow2/variations/large/versions/2-xfail-128994 127962 128995 128996 unsupported operations LookupTableFindV2 LookupTableSizeV2 SparseFillEmptyRows StaticRegexReplace StringSplit StringToHashBucketFast] XFAIL [  3%]
tensorflow/test_tf_convert_model.py::TestTFHubConvertModel::test_convert_model_all_models[CPU-imagenet/mobilenet_v2_075_224/classification-https://www.kaggle.com/models/google/mobilenet-v2/frameworks/tensorFlow2/variations/075-224-classification/versions/2-None-None] PASSED [  3%]
tensorflow/test_tf_convert_model.py::TestTFHubConvertModel::test_convert_model_all_models[CPU-movenet/singlepose/lightning-https://www.kaggle.com/models/google/movenet/frameworks/tensorFlow2/variations/singlepose-lightning/versions/4-None-None] PASSED [  3%]
tensorflow/test_tf_convert_model.py::TestTFHubConvertModel::test_convert_model_all_models[CPU-imagenet/mobilenet_v1_025_224/classification-https://www.kaggle.com/models/google/mobilenet-v1/frameworks/tensorFlow2/variations/025-224-classification/versions/2-None-None] PASSED [  4%]
tensorflow/test_tf_convert_model.py::TestTFHubConvertModel::test_convert_model_all_models[CPU-bert_en_uncased_preprocess-https://www.kaggle.com/models/tensorflow/bert/frameworks/tensorFlow2/variations/en-uncased-preprocess/versions/3-xfail-128989 AttributeError NoneType object has no attribute shape or dtype] XFAIL [  4%]
tensorflow/test_tf_convert_model.py::TestTFHubConvertModel::test_convert_model_all_models[CPU-tf2-preview/mobilenet_v2/feature_vector-https://www.kaggle.com/models/google/mobilenet-v2/frameworks/tensorFlow2/variations/tf2-preview-feature-vector/versions/4-xfail-120721 AssertionError No signatures for a model] XFAIL [  4%]
tensorflow/test_tf_convert_model.py::TestTFHubConvertModel::test_convert_model_all_models[CPU-magenta/arbitrary-image-stylization-v1-256-https://www.kaggle.com/models/google/arbitrary-image-stylization-v1/frameworks/tensorFlow1/variations/256/versions/2-None-None] PASSED [  4%]
tensorflow/test_tf_convert_model.py::TestTFHubConvertModel::test_convert_model_all_models[CPU-nnlm-en-dim128-https://www.kaggle.com/models/google/nnlm/frameworks/tensorFlow2/variations/en-dim128/versions/1-skip-120721 AssertionError No signatures for a model] SKIPPED [  4%]
tensorflow/test_tf_convert_model.py::TestTFHubConvertModel::test_convert_model_all_models[CPU-bert_en_uncased_L-12_H-768_A-12-https://www.kaggle.com/models/tensorflow/bert/frameworks/tensorFlow2/variations/en-uncased-l-12-h-768-a-12/versions/4-None-None] PASSED [  4%]
tensorflow/test_tf_convert_model.py::TestTFHubConvertModel::test_convert_model_all_models[CPU-bert_uncased_L-12_H-768_A-12-https://www.kaggle.com/models/google/bert/frameworks/tensorFlow1/variations/uncased-l-12-h-768-a-12/versions/1-xfail-129153 TimeoutError or killed with a signal 11] XFAIL [  4%]
tensorflow/test_tf_convert_model.py::TestTFHubConvertModel::test_convert_model_all_models[CPU-elmo-https://www.kaggle.com/models/google/elmo/frameworks/tensorFlow1/variations/elmo/versions/3-None-None] FAILED [  4%]
tensorflow/test_tf_convert_model.py::TestTFHubConvertModel::test_convert_model_all_models[CPU-universal-sentence-encoder-multilingual-large-https://www.kaggle.com/models/google/universal-sentence-encoder/frameworks/tensorFlow2/variations/multilingual-large/versions/2-xfail-129830 unsupported operations RaggedTensorToSparse SegmentMean SentencepieceOp SentencepieceTokenizeOp] XFAIL [  4%]
tensorflow/test_tf_convert_model.py::TestTFHubConvertModel::test_convert_model_all_models[CPU-small_bert/bert_en_uncased_L-4_H-256_A-4-https://www.kaggle.com/models/tensorflow/bert/frameworks/tensorFlow2/variations/bert-en-uncased-l-4-h-256-a-4/versions/2-None-None] PASSED [  4%]
tensorflow/test_tf_convert_model.py::TestTFHubConvertModel::test_convert_model_all_models[CPU-imagenet/resnet_v2_50/feature_vector-https://www.kaggle.com/models/google/resnet-v2/frameworks/tensorFlow2/variations/50-feature-vector/versions/2-None-None] PASSED [  5%]
tensorflow/test_tf_convert_model.py::TestTFHubConvertModel::test_convert_model_all_models[CPU-spice-https://www.kaggle.com/models/google/spice/frameworks/tensorFlow1/variations/spice/versions/2-xfail-128817 Model references undeclared parameters] XFAIL [  5%]
tensorflow/test_tf_convert_model.py::TestTFHubConvertModel::test_convert_model_all_models[CPU-movenet/singlepose/thunder-https://www.kaggle.com/models/google/movenet/frameworks/tensorFlow2/variations/singlepose-thunder/versions/4-None-None] PASSED [  5%]
tensorflow/test_tf_convert_model.py::TestTFHubConvertModel::test_convert_model_all_models[CPU-yamnet-https://www.kaggle.com/models/google/yamnet/frameworks/tensorFlow2/variations/yamnet/versions/1-None-None] PASSED [  5%]
tensorflow/test_tf_convert_model.py::TestTFHubConvertModel::test_convert_model_all_models[CPU-tf2-preview/nnlm-en-dim128-https://www.kaggle.com/models/google/nnlm/frameworks/tensorFlow2/variations/tf2-preview-en-dim128/versions/1-skip-120721 AssertionError No signatures for a model] SKIPPED [  5%]
tensorflow/test_tf_convert_model.py::TestTFHubConvertModel::test_convert_model_all_models[CPU-universal-sentence-encoder-lite-https://www.kaggle.com/models/google/universal-sentence-encoder/frameworks/tensorFlow1/variations/lite/versions/2-skip-128817 Model references undeclared parameters] SKIPPED [  5%]
tensorflow/test_tf_convert_model.py::TestTFHubConvertModel::test_convert_model_all_models[CPU-tf2-preview/mobilenet_v2/classification-https://www.kaggle.com/models/google/mobilenet-v2/frameworks/tensorFlow2/variations/tf2-preview-classification/versions/4-skip-120721 AssertionError No signatures for a model] SKIPPED [  5%]
tensorflow/test_tf_convert_model.py::TestTFHubConvertModel::test_convert_model_all_models[CPU-imagenet/inception_v3/feature_vector-https://www.kaggle.com/models/google/inception-v3/frameworks/tensorFlow2/variations/feature-vector/versions/2-None-None] PASSED [  5%]
tensorflow/test_tf_convert_model.py::TestTFHubConvertModel::test_convert_model_all_models[CPU-imagenet/mobilenet_v2_140_224/classification-https://www.kaggle.com/models/google/mobilenet-v2/frameworks/tensorFlow2/variations/140-224-classification/versions/2-None-None] PASSED [  5%]
tensorflow/test_tf_convert_model.py::TestTFHubConvertModel::test_convert_model_all_models[CPU-efficientnet/lite0/feature-vector-https://www.kaggle.com/models/tensorflow/efficientnet/frameworks/tensorFlow1/variations/lite0-feature-vector/versions/2-None-None] PASSED [  5%]
tensorflow/test_tf_convert_model.py::TestTFHubConvertModel::test_convert_model_all_models[CPU-i3d-kinetics-400-https://www.kaggle.com/models/deepmind/i3d-kinetics/frameworks/tensorFlow1/variations/400/versions/1-None-None] FAILED [  6%]
tensorflow/test_tf_convert_model.py::TestTFHubConvertModel::test_convert_model_all_models[CPU-imagenet/mobilenet_v2_035_224/classification-https://www.kaggle.com/models/google/mobilenet-v2/frameworks/tensorFlow2/variations/035-224-classification/versions/2-None-None] PASSED [  6%]
tensorflow/test_tf_convert_model.py::TestTFHubConvertModel::test_convert_model_all_models[CPU-tf2-preview/gnews-swivel-20dim-https://www.kaggle.com/models/google/gnews-swivel/frameworks/tensorFlow2/variations/tf2-preview-20dim/versions/1-skip-128989 AttributeError NoneType object has no attribute shape or dtype] SKIPPED [  6%]
tensorflow/test_tf_convert_model.py::TestTFHubConvertModel::test_convert_model_all_models[CPU-faster_rcnn/openimages_v4/inception_resnet_v2-https://www.kaggle.com/models/google/faster-rcnn-inception-resnet-v2/frameworks/tensorFlow1/variations/faster-rcnn-openimages-v4-inception-resnet-v2/versions/1-xfail-127962 unsupported operation LookupTableFindV2] XFAIL [  6%]
tensorflow/test_tf_convert_model.py::TestTFHubConvertModel::test_convert_model_all_models[CPU-imagenet/mobilenet_v2_140_224/feature_vector-https://www.kaggle.com/models/google/mobilenet-v2/frameworks/tensorFlow2/variations/140-224-feature-vector/versions/2-None-None] PASSED [  6%]
tensorflow/test_tf_convert_model.py::TestTFHubConvertModel::test_convert_model_all_models[CPU-imagenet/mobilenet_v2_100_224/feature_vector-https://www.kaggle.com/models/google/mobilenet-v2/frameworks/tensorFlow2/variations/100-224-feature-vector/versions/2-None-None] PASSED [  6%]
tensorflow/test_tf_convert_model.py::TestTFHubConvertModel::test_convert_model_all_models[CPU-bert_en_cased_L-12_H-768_A-12-https://www.kaggle.com/models/tensorflow/bert/frameworks/tensorFlow2/variations/en-cased-l-12-h-768-a-12/versions/4-None-None] PASSED [  6%]
tensorflow/test_tf_convert_model.py::TestTFHubConvertModel::test_convert_model_all_models[CPU-universal-sentence-encoder-cmlm/en-base-https://www.kaggle.com/models/google/universal-sentence-encoder/frameworks/tensorFlow2/variations/cmlm-en-base/versions/1-None-None] PASSED [  6%]
tensorflow/test_tf_convert_model.py::TestTFHubConvertModel::test_convert_model_all_models[CPU-openimages_v4/ssd/mobilenet_v2-https://www.kaggle.com/models/google/mobilenet-v2/frameworks/tensorFlow1/variations/openimages-v4-ssd-mobilenet-v2/versions/1-None-None] FAILED [  6%]
tensorflow/test_tf_convert_model.py::TestTFHubConvertModel::test_convert_model_all_models[CPU-efficientnet/lite0/classification-https://www.kaggle.com/models/tensorflow/efficientnet/frameworks/tensorFlow1/variations/lite0-classification/versions/2-None-None] PASSED [  7%]
tensorflow/test_tf_convert_model.py::TestTFHubConvertModel::test_convert_model_all_models[CPU-universal-sentence-encoder-xling-many-https://www.kaggle.com/models/google/universal-sentence-encoder/frameworks/tensorFlow1/variations/xling-many/versions/1-None-None] FAILED [  7%]
tensorflow/test_tf_convert_model.py::TestTFHubConvertModel::test_convert_model_all_models[CPU-imagenet/mobilenet_v3_large_100_224/classification-https://www.kaggle.com/models/google/mobilenet-v3/frameworks/tensorFlow2/variations/large-100-224-classification/versions/1-None-None] PASSED [  7%]
tensorflow/test_tf_convert_model.py::TestTFHubConvertModel::test_convert_model_all_models[CPU-nnlm-en-dim128-with-normalization-https://www.kaggle.com/models/google/nnlm/frameworks/tensorFlow2/variations/en-dim128-with-normalization/versions/1-skip-120721 AssertionError No signatures for a model] SKIPPED [  7%]
tensorflow/test_tf_convert_model.py::TestTFHubConvertModel::test_convert_model_all_models[CPU-nnlm-en-dim50-https://www.kaggle.com/models/google/nnlm/frameworks/tensorFlow2/variations/en-dim50/versions/1-skip-120721 AssertionError No signatures for a model] SKIPPED [  7%]
tensorflow/test_tf_convert_model.py::TestTFHubConvertModel::test_convert_model_all_models[CPU-movenet/multipose/lightning-https://www.kaggle.com/models/google/movenet/frameworks/tensorFlow2/variations/multipose-lightning/versions/1-None-None] PASSED [  7%]
tensorflow/test_tf_convert_model.py::TestTFHubConvertModel::test_convert_model_all_models[CPU-efficientdet/lite0/feature-vector-https://www.kaggle.com/models/tensorflow/efficientdet/frameworks/tensorFlow2/variations/lite0-feature-vector/versions/1-None-None] PASSED [  7%]
tensorflow/test_tf_convert_model.py::TestTFHubConvertModel::test_convert_model_all_models[CPU-imagenet/efficientnet_v2_imagenet1k_b0/feature_vector-https://www.kaggle.com/models/google/efficientnet-v2/frameworks/tensorFlow2/variations/imagenet1k-b0-feature-vector/versions/2-None-None] PASSED [  7%]
tensorflow/test_tf_convert_model.py::TestTFHubConvertModel::test_convert_model_all_models[CPU-small_bert/bert_en_uncased_L-4_H-512_A-8-https://www.kaggle.com/models/tensorflow/bert/frameworks/tensorFlow2/variations/bert-en-uncased-l-4-h-512-a-8/versions/2-None-None] PASSED [  7%]
tensorflow/test_tf_convert_model.py::TestTFHubConvertModel::test_convert_model_all_models[CPU-universal-sentence-encoder-cmlm/multilingual-preprocess-https://www.kaggle.com/models/google/universal-sentence-encoder/frameworks/tensorFlow2/variations/cmlm-multilingual-preprocess/versions/2-skip-128989 AttributeError NoneType object has no attribute shape or dtype] SKIPPED [  7%]
tensorflow/test_tf_convert_model.py::TestTFHubConvertModel::test_convert_model_all_models[CPU-vggish-https://www.kaggle.com/models/google/vggish/frameworks/tensorFlow2/variations/vggish/versions/1-skip-120721 AssertionError No signatures for a model] SKIPPED [  8%]
tensorflow/test_tf_convert_model.py::TestTFHubConvertModel::test_convert_model_all_models[CPU-bert_multi_cased_L-12_H-768_A-12-https://www.kaggle.com/models/tensorflow/bert/frameworks/tensorFlow2/variations/multi-cased-l-12-h-768-a-12/versions/4-None-None] PASSED [  8%]
tensorflow/test_tf_convert_model.py::TestTFHubConvertModel::test_convert_model_all_models[CPU-imagenet/mobilenet_v2_130_224/classification-https://www.kaggle.com/models/google/mobilenet-v2/frameworks/tensorFlow2/variations/130-224-classification/versions/2-None-None] PASSED [  8%]
tensorflow/test_tf_convert_model.py::TestTFHubConvertModel::test_convert_model_all_models[CPU-tf2-preview/inception_v3/feature_vector-https://www.kaggle.com/models/google/inception-v3/frameworks/tensorFlow2/variations/tf2-preview-feature-vector/versions/4-skip-120721 AssertionError No signatures for a model] SKIPPED [  8%]
tensorflow/test_tf_convert_model.py::TestTFHubConvertModel::test_convert_model_all_models[CPU-mobilebert/uncased_L-24_H-128_B-512_A-4_F-4_OPT-https://www.kaggle.com/models/google/mobilebert/frameworks/tensorFlow1/variations/uncased-l-24-h-128-b-512-a-4-f-4-opt/versions/1-None-None] FAILED [  8%]
tensorflow/test_tf_convert_model.py::TestTFHubConvertModel::test_convert_model_all_models[CPU-bert_en_uncased_L-24_H-1024_A-16-https://www.kaggle.com/models/tensorflow/bert/frameworks/tensorFlow2/variations/en-uncased-l-24-h-1024-a-16/versions/4-None-None] PASSED [  8%]
tensorflow/test_tf_convert_model.py::TestTFHubConvertModel::test_convert_model_all_models[CPU-imagenet/mobilenet_v3_small_100_224/feature_vector-https://www.kaggle.com/models/google/mobilenet-v3/frameworks/tensorFlow2/variations/small-100-224-feature-vector/versions/1-None-None] PASSED [  8%]
tensorflow/test_tf_convert_model.py::TestTFHubConvertModel::test_convert_model_all_models[CPU-efficientdet/lite0/detection-https://www.kaggle.com/models/tensorflow/efficientdet/frameworks/tensorFlow2/variations/lite0-detection/versions/1-None-None] PASSED [  8%]
tensorflow/test_tf_convert_model.py::TestTFHubConvertModel::test_convert_model_all_models[CPU-small_bert/bert_en_uncased_L-2_H-128_A-2-https://www.kaggle.com/models/tensorflow/bert/frameworks/tensorFlow2/variations/bert-en-uncased-l-2-h-128-a-2/versions/2-None-None] PASSED [  8%]
tensorflow/test_tf_convert_model.py::TestTFHubConvertModel::test_convert_model_all_models[CPU-albert_base-https://www.kaggle.com/models/google/albert/frameworks/tensorFlow1/variations/base/versions/3-skip-129153 TimeoutError or killed with a signal 11] SKIPPED [  8%]
tensorflow/test_tf_convert_model.py::TestTFHubConvertModel::test_convert_model_all_models[CPU-nnlm-ja-dim128-https://www.kaggle.com/models/google/nnlm/frameworks/tensorFlow2/variations/ja-dim128/versions/1-skip-120721 AssertionError No signatures for a model] SKIPPED [  9%]
tensorflow/test_tf_convert_model.py::TestTFHubConvertModel::test_convert_model_all_models[CPU-universal-sentence-encoder-multilingual-qa-https://www.kaggle.com/models/google/universal-sentence-encoder/frameworks/tensorFlow2/variations/multilingual-qa/versions/2-xfail-129830 unsupported operations RaggedTensorToSparse SegmentMean SentencepieceOp SentencepieceTokenizeOp] XFAIL [  9%]
tensorflow/test_tf_convert_model.py::TestTFHubConvertModel::test_convert_model_all_models[CPU-nnlm-ja-dim128-with-normalization-https://www.kaggle.com/models/google/nnlm/frameworks/tensorFlow2/variations/ja-dim128-with-normalization/versions/1-skip-120721 AssertionError No signatures for a model] SKIPPED [  9%]
tensorflow/test_tf_convert_model.py::TestTFHubConvertModel::test_convert_model_all_models[CPU-LaBSE-https://www.kaggle.com/models/google/labse/frameworks/tensorFlow2/variations/labse/versions/2-None-None] FAILED [  9%]
tensorflow/test_tf_convert_model.py::TestTFHubConvertModel::test_convert_model_all_models[CPU-nnlm-en-dim50-with-normalization-https://www.kaggle.com/models/google/nnlm/frameworks/tensorFlow2/variations/en-dim50-with-normalization/versions/1-skip-120721 AssertionError No signatures for a model] SKIPPED [  9%]
tensorflow/test_tf_convert_model.py::TestTFHubConvertModel::test_convert_model_all_models[CPU-resnet_50/feature_vector-https://www.kaggle.com/models/tensorflow/resnet-50/frameworks/tensorFlow2/variations/feature-vector/versions/1-None-None] PASSED [  9%]
tensorflow/test_tf_convert_model.py::TestTFHubConvertModel::test_convert_model_all_models[CPU-universal-sentence-encoder-qa-https://www.kaggle.com/models/google/universal-sentence-encoder/frameworks/tensorFlow2/variations/qa/versions/2-xfail-127962 128994 128995 128996 unsupported operations LookupTableFindV2 LookupTableSizeV2 StaticRegexReplace StringSplit StringToHashBucketFast] XFAIL [  9%]
tensorflow/test_tf_convert_model.py::TestTFHubConvertModel::test_convert_model_all_models[CPU-biggan-deep-256-https://www.kaggle.com/models/deepmind/biggan/frameworks/tensorFlow1/variations/deep-256/versions/1-None-None] FAILED [  9%]
tensorflow/test_tf_convert_model.py::TestTFHubConvertModel::test_convert_model_all_models[CPU-efficientdet/lite2/detection-https://www.kaggle.com/models/tensorflow/efficientdet/frameworks/tensorFlow2/variations/lite2-detection/versions/1-None-None] PASSED [  9%]
tensorflow/test_tf_convert_model.py::TestTFHubConvertModel::test_convert_model_all_models[CPU-imagenet/mobilenet_v2_050_224/classification-https://www.kaggle.com/models/google/mobilenet-v2/frameworks/tensorFlow2/variations/050-224-classification/versions/2-None-None] PASSED [ 10%]
tensorflow/test_tf_convert_model.py::TestTFHubConvertModel::test_convert_model_all_models[CPU-mobilebert/uncased_L-24_H-128_B-512_A-4_F-4_OPT/squadv1-https://www.kaggle.com/models/google/mobilebert/frameworks/tensorFlow1/variations/uncased-l-24-h-128-b-512-a-4-f-4-opt-squadv1/versions/1-None-None] PASSED [ 10%]
tensorflow/test_tf_convert_model.py::TestTFHubConvertModel::test_convert_model_all_models[CPU-delf-https://www.kaggle.com/models/google/delf/frameworks/tensorFlow1/variations/delf/versions/1-None-None] FAILED [ 10%]
tensorflow/test_tf_convert_model.py::TestTFHubConvertModel::test_convert_model_all_models[CPU-ssd_mobilenet_v2-https://www.kaggle.com/models/tensorflow/ssd-mobilenet-v2/frameworks/tensorFlow2/variations/ssd-mobilenet-v2/versions/1-None-None] PASSED [ 10%]
tensorflow/test_tf_convert_model.py::TestTFHubConvertModel::test_convert_model_all_models[CPU-imagenet/mobilenet_v3_large_075_224/feature_vector-https://www.kaggle.com/models/google/mobilenet-v3/frameworks/tensorFlow2/variations/large-075-224-feature-vector/versions/1-None-None] PASSED [ 10%]
tensorflow/test_tf_convert_model.py::TestTFHubConvertModel::test_convert_model_all_models[CPU-centernet/hourglass_512x512_kpts-https://www.kaggle.com/models/tensorflow/centernet-hourglass/frameworks/tensorFlow2/variations/512x512-kpts/versions/1-skip-129153 TimeoutError or killed with a signal 11] SKIPPED [ 10%]
tensorflow/test_tf_convert_model.py::TestTFHubConvertModel::test_convert_model_all_models[CPU-bert_cased_L-12_H-768_A-12-https://www.kaggle.com/models/google/bert/frameworks/tensorFlow1/variations/cased-l-12-h-768-a-12/versions/1-skip-129153 TimeoutError or killed with a signal 11] SKIPPED [ 10%]
tensorflow/test_tf_convert_model.py::TestTFHubConvertModel::test_convert_model_all_models[CPU-biggan-512-https://www.kaggle.com/models/deepmind/biggan/frameworks/tensorFlow1/variations/512/versions/2-None-None] FAILED [ 10%]
tensorflow/test_tf_convert_model.py::TestTFHubConvertModel::test_convert_model_all_models[CPU-tf2-preview/gnews-swivel-20dim-with-oov-https://www.kaggle.com/models/google/gnews-swivel/frameworks/tensorFlow2/variations/tf2-preview-20dim-with-oov/versions/1-skip-128989 AttributeError NoneType object has no attribute shape or dtype] SKIPPED [ 10%]
tensorflow/test_tf_convert_model.py::TestTFHubConvertModel::test_convert_model_all_models[CPU-tf2-preview/nnlm-es-dim50-with-normalization-https://www.kaggle.com/models/google/nnlm/frameworks/tensorFlow2/variations/tf2-preview-es-dim50-with-normalization/versions/1-skip-120721 AssertionError No signatures for a model] SKIPPED [ 10%]
tensorflow/test_tf_convert_model.py::TestTFHubConvertModel::test_convert_model_all_models[CPU-efficientnet/b4/feature-vector-https://www.kaggle.com/models/tensorflow/efficientnet/frameworks/tensorFlow2/variations/b4-feature-vector/versions/1-None-None] PASSED [ 11%]
tensorflow/test_tf_convert_model.py::TestTFHubConvertModel::test_convert_model_all_models[CPU-enformer-https://www.kaggle.com/models/deepmind/enformer/frameworks/tensorFlow2/variations/enformer/versions/1-skip-120721 AssertionError No signatures for a model] SKIPPED [ 11%]
tensorflow/test_tf_convert_model.py::TestTFHubConvertModel::test_convert_model_all_models[CPU-efficientnet/b0/feature-vector-https://www.kaggle.com/models/tensorflow/efficientnet/frameworks/tensorFlow2/variations/b0-feature-vector/versions/1-None-None] PASSED [ 11%]
tensorflow/test_tf_convert_model.py::TestTFHubConvertModel::test_convert_model_all_models[CPU-efficientnet/b0/feature-vector-https://www.kaggle.com/models/google/efficientnet/frameworks/tensorFlow1/variations/b0-feature-vector/versions/1-None-None] PASSED [ 11%]
tensorflow/test_tf_convert_model.py::TestTFHubConvertModel::test_convert_model_all_models[CPU-aiy/vision/classifier/food_V1-https://www.kaggle.com/models/google/aiy/frameworks/tensorFlow1/variations/vision-classifier-food-v1/versions/1-None-None] PASSED [ 11%]
tensorflow/test_tf_convert_model.py::TestTFHubConvertModel::test_convert_model_all_models[CPU-albert_en_base-https://www.kaggle.com/models/tensorflow/albert/frameworks/tensorFlow2/variations/en-base/versions/3-None-None] PASSED [ 11%]
tensorflow/test_tf_convert_model.py::TestTFHubConvertModel::test_convert_model_all_models[CPU-imagenet/inception_v3/classification-https://www.kaggle.com/models/google/inception-v3/frameworks/tensorFlow2/variations/classification/versions/2-None-None] FAILED [ 11%]
tensorflow/test_tf_convert_model.py::TestTFHubConvertModel::test_convert_model_all_models[CPU-nonsemantic-speech-benchmark/trill-distilled-https://www.kaggle.com/models/google/nonsemantic-speech-benchmark/frameworks/tensorFlow2/variations/trill-distilled/versions/3-skip-120721 AssertionError No signatures for a model] SKIPPED [ 11%]
tensorflow/test_tf_convert_model.py::TestTFHubConvertModel::test_convert_model_all_models[CPU-efficientnet/lite4/feature-vector-https://www.kaggle.com/models/tensorflow/efficientnet/frameworks/tensorFlow1/variations/lite4-feature-vector/versions/2-None-None] PASSED [ 11%]
tensorflow/test_tf_convert_model.py::TestTFHubConvertModel::test_convert_model_all_models[CPU-resnet_50/classification-https://www.kaggle.com/models/tensorflow/resnet-50/frameworks/tensorFlow2/variations/classification/versions/1-None-None] PASSED [ 11%]
tensorflow/test_tf_convert_model.py::TestTFHubConvertModel::test_convert_model_all_models[CPU-imagenet/efficientnet_v2_imagenet21k_ft1k_m/feature_vector-https://www.kaggle.com/models/google/efficientnet-v2/frameworks/tensorFlow2/variations/imagenet21k-ft1k-m-feature-vector/versions/2-None-None] PASSED [ 12%]
tensorflow/test_tf_convert_model.py::TestTFHubConvertModel::test_convert_model_all_models[CPU-imagenet/inception_v1/classification-https://www.kaggle.com/models/google/inception-v1/frameworks/tensorFlow2/variations/classification/versions/2-None-None] PASSED [ 12%]
tensorflow/test_tf_convert_model.py::TestTFHubConvertModel::test_convert_model_all_models[CPU-bit/m-r50x1-https://www.kaggle.com/models/google/bit/frameworks/tensorFlow2/variations/m-r50x1/versions/1-None-None] PASSED [ 12%]
tensorflow/test_tf_convert_model.py::TestTFHubConvertModel::test_convert_model_all_models[CPU-progan-128-https://www.kaggle.com/models/google/progan-128/frameworks/tensorFlow1/variations/progan-128/versions/1-None-None] PASSED [ 12%]
tensorflow/test_tf_convert_model.py::TestTFHubConvertModel::test_convert_model_all_models[CPU-biggan-256-https://www.kaggle.com/models/deepmind/biggan/frameworks/tensorFlow1/variations/256/versions/2-None-None] FAILED [ 12%]
tensorflow/test_tf_convert_model.py::TestTFHubConvertModel::test_convert_model_all_models[CPU-nnlm-de-dim50-with-normalization-https://www.kaggle.com/models/google/nnlm/frameworks/tensorFlow2/variations/de-dim50-with-normalization/versions/1-skip-120721 AssertionError No signatures for a model] SKIPPED [ 12%]
tensorflow/test_tf_convert_model.py::TestTFHubConvertModel::test_convert_model_all_models[CPU-imagenet/efficientnet_v2_imagenet21k_b0/feature_vector-https://www.kaggle.com/models/google/efficientnet-v2/frameworks/tensorFlow2/variations/imagenet21k-b0-feature-vector/versions/1-None-None] PASSED [ 12%]
tensorflow/test_tf_convert_model.py::TestTFHubConvertModel::test_convert_model_all_models[CPU-bert_multi_cased_preprocess-https://www.kaggle.com/models/tensorflow/bert/frameworks/tensorFlow2/variations/multi-cased-preprocess/versions/3-skip-128989 AttributeError NoneType object has no attribute shape or dtype] SKIPPED [ 12%]
tensorflow/test_tf_convert_model.py::TestTFHubConvertModel::test_convert_model_all_models[CPU-imagenet/efficientnet_v2_imagenet21k_xl/feature_vector-https://www.kaggle.com/models/google/efficientnet-v2/frameworks/tensorFlow2/variations/imagenet21k-xl-feature-vector/versions/1-None-None] PASSED [ 12%]
tensorflow/test_tf_convert_model.py::TestTFHubConvertModel::test_convert_model_all_models[CPU-efficientnet/lite2/feature-vector-https://www.kaggle.com/models/tensorflow/efficientnet/frameworks/tensorFlow1/variations/lite2-feature-vector/versions/2-None-None] PASSED [ 13%]
tensorflow/test_tf_convert_model.py::TestTFHubConvertModel::test_convert_model_all_models[CPU-tfgan/eval/inception-https://www.kaggle.com/models/tensorflow/inception/frameworks/tensorFlow1/variations/tfgan-eval-inception/versions/1-skip-120721 AssertionError No signatures for a model] SKIPPED [ 13%]
tensorflow/test_tf_convert_model.py::TestTFHubConvertModel::test_convert_model_all_models[CPU-efficientdet/lite2/feature-vector-https://www.kaggle.com/models/tensorflow/efficientdet/frameworks/tensorFlow2/variations/lite2-feature-vector/versions/1-None-None] PASSED [ 13%]
tensorflow/test_tf_convert_model.py::TestTFHubConvertModel::test_convert_model_all_models[CPU-albert_lite_base-https://www.kaggle.com/models/tensorflow/albert/frameworks/tensorFlow2/variations/lite-base/versions/1-xfail-120720 InvalidArgumentError Graph execution error] XFAIL [ 13%]
tensorflow/test_tf_convert_model.py::TestTFHubConvertModel::test_convert_model_all_models[CPU-efficientnet/lite1/feature-vector-https://www.kaggle.com/models/tensorflow/efficientnet/frameworks/tensorFlow1/variations/lite1-feature-vector/versions/2-None-None] PASSED [ 13%]
tensorflow/test_tf_convert_model.py::TestTFHubConvertModel::test_convert_model_all_models[CPU-imagenet/mobilenet_v3_large_100_224/feature_vector-https://www.kaggle.com/models/google/mobilenet-v3/frameworks/tensorFlow2/variations/large-100-224-feature-vector/versions/1-None-None] PASSED [ 13%]
tensorflow/test_tf_convert_model.py::TestTFHubConvertModel::test_convert_model_all_models[CPU-efficientnet/lite4/classification-https://www.kaggle.com/models/tensorflow/efficientnet/frameworks/tensorFlow1/variations/lite4-classification/versions/2-None-None] PASSED [ 13%]
tensorflow/test_tf_convert_model.py::TestTFHubConvertModel::test_convert_model_all_models[CPU-Wiki-words-250-https://www.kaggle.com/models/google/wiki-words/frameworks/tensorFlow2/variations/250/versions/1-skip-120721 AssertionError No signatures for a model] SKIPPED [ 13%]
tensorflow/test_tf_convert_model.py::TestTFHubConvertModel::test_convert_model_all_models[CPU-efficientnet/lite3/feature-vector-https://www.kaggle.com/models/tensorflow/efficientnet/frameworks/tensorFlow1/variations/lite3-feature-vector/versions/2-None-None] PASSED [ 13%]
tensorflow/test_tf_convert_model.py::TestTFHubConvertModel::test_convert_model_all_models[CPU-imagenet/inception_resnet_v2/feature_vector-https://www.kaggle.com/models/google/inception-resnet-v2/frameworks/tensorFlow2/variations/feature-vector/versions/2-None-None] PASSED [ 13%]
tensorflow/test_tf_convert_model.py::TestTFHubConvertModel::test_convert_model_all_models[CPU-efficientdet/d0-https://www.kaggle.com/models/tensorflow/efficientdet/frameworks/tensorFlow2/variations/d0/versions/1-None-None] PASSED [ 14%]
tensorflow/test_tf_convert_model.py::TestTFHubConvertModel::test_convert_model_all_models[CPU-tfgan/eval/mnist/logits-https://www.kaggle.com/models/tensorflow/mnist/frameworks/tensorFlow1/variations/logits/versions/1-skip-120721 AssertionError No signatures for a model] SKIPPED [ 14%]
tensorflow/test_tf_convert_model.py::TestTFHubConvertModel::test_convert_model_all_models[CPU-albert_en_preprocess-https://www.kaggle.com/models/tensorflow/albert/frameworks/tensorFlow2/variations/en-preprocess/versions/3-skip-128989 AttributeError NoneType object has no attribute shape or dtype] SKIPPED [ 14%]
tensorflow/test_tf_convert_model.py::TestTFHubConvertModel::test_convert_model_all_models[CPU-bert_zh_L-12_H-768_A-12-https://www.kaggle.com/models/tensorflow/bert/frameworks/tensorFlow2/variations/zh-l-12-h-768-a-12/versions/4-None-None] PASSED [ 14%]
tensorflow/test_tf_convert_model.py::TestTFHubConvertModel::test_convert_model_all_models[CPU-efficientdet/lite4/feature-vector-https://www.kaggle.com/models/tensorflow/efficientdet/frameworks/tensorFlow2/variations/lite4-feature-vector/versions/2-None-None] PASSED [ 14%]
tensorflow/test_tf_convert_model.py::TestTFHubConvertModel::test_convert_model_all_models[CPU-imagenet/mobilenet_v1_100_224/feature_vector-https://www.kaggle.com/models/google/mobilenet-v1/frameworks/tensorFlow2/variations/100-224-feature-vector/versions/2-None-None] PASSED [ 14%]
tensorflow/test_tf_convert_model.py::TestTFHubConvertModel::test_convert_model_all_models[CPU-bert_chinese_L-12_H-768_A-12-https://www.kaggle.com/models/google/bert/frameworks/tensorFlow1/variations/chinese-l-12-h-768-a-12/versions/1-skip-129153 TimeoutError or killed with a signal 11] SKIPPED [ 14%]
tensorflow/test_tf_convert_model.py::TestTFHubConvertModel::test_convert_model_all_models[CPU-mask_rcnn/inception_resnet_v2_1024x1024-https://www.kaggle.com/models/tensorflow/mask-rcnn-inception-resnet-v2/frameworks/tensorFlow2/variations/1024x1024/versions/1-xfail-128695 Inference results mismatch] XFAIL [ 14%]
tensorflow/test_tf_convert_model.py::TestTFHubConvertModel::test_convert_model_all_models[CPU-object_detection/mobile_object_localizer_v1-https://www.kaggle.com/models/google/mobile-object-localizer-v1/frameworks/tensorFlow1/variations/object-detection-mobile-object-localizer-v1/versions/1-None-None] FAILED [ 14%]
tensorflow/test_tf_convert_model.py::TestTFHubConvertModel::test_convert_model_all_models[CPU-efficientdet/lite3/detection-https://www.kaggle.com/models/tensorflow/efficientdet/frameworks/tensorFlow2/variations/lite3-detection/versions/1-None-None] PASSED [ 14%]
tensorflow/test_tf_convert_model.py::TestTFHubConvertModel::test_convert_model_all_models[CPU-tf2-preview/inception_v3/classification-https://www.kaggle.com/models/google/inception-v3/frameworks/tensorFlow2/variations/tf2-preview-classification/versions/4-skip-120721 AssertionError No signatures for a model] SKIPPED [ 15%]
tensorflow/test_tf_convert_model.py::TestTFHubConvertModel::test_convert_model_all_models[CPU-imagenet/mobilenet_v2_035_96/classification-https://www.kaggle.com/models/google/mobilenet-v2/frameworks/tensorFlow2/variations/035-96-classification/versions/2-None-None] PASSED [ 15%]
tensorflow/test_tf_convert_model.py::TestTFHubConvertModel::test_convert_model_all_models[CPU-faster_rcnn/inception_resnet_v2_640x640-https://www.kaggle.com/models/tensorflow/faster-rcnn-inception-resnet-v2/frameworks/tensorFlow2/variations/640x640/versions/1-None-None] FAILED [ 15%]
tensorflow/test_tf_convert_model.py::TestTFHubConvertModel::test_convert_model_all_models[CPU-imagenet/resnet_v2_50/classification-https://www.kaggle.com/models/google/resnet-v2/frameworks/tensorFlow2/variations/50-classification/versions/2-None-None] PASSED [ 15%]
tensorflow/test_tf_convert_model.py::TestTFHubConvertModel::test_convert_model_all_models[CPU-aiy/vision/classifier/birds_V1-https://www.kaggle.com/models/google/aiy/frameworks/tensorFlow1/variations/vision-classifier-birds-v1/versions/1-None-None] PASSED [ 15%]
tensorflow/test_tf_convert_model.py::TestTFHubConvertModel::test_convert_model_all_models[CPU-MuRIL-https://www.kaggle.com/models/google/muril/frameworks/tensorFlow2/variations/muril/versions/1-None-None] PASSED [ 15%]
tensorflow/test_tf_convert_model.py::TestTFHubConvertModel::test_convert_model_all_models[CPU-efficientdet/lite1/feature-vector-https://www.kaggle.com/models/tensorflow/efficientdet/frameworks/tensorFlow2/variations/lite1-feature-vector/versions/1-None-None] PASSED [ 15%]
tensorflow/test_tf_convert_model.py::TestTFHubConvertModel::test_convert_model_all_models[CPU-random-nnlm-en-dim128-https://www.kaggle.com/models/google/random-nnlm-en/frameworks/tensorFlow1/variations/dim128/versions/1-xfail-127962 128995 128996 unsupported operations LookupTableFindV2 LookupTableSizeV2 SparseFillEmptyRows SparseSegmentSqrtN StringSplit StringToHashBucketFast] XFAIL [ 15%]
tensorflow/test_tf_convert_model.py::TestTFHubConvertModel::test_convert_model_all_models[CPU-imagenet/inception_resnet_v2/classification-https://www.kaggle.com/models/google/inception-resnet-v2/frameworks/tensorFlow2/variations/classification/versions/2-None-None] PASSED [ 15%]
tensorflow/test_tf_convert_model.py::TestTFHubConvertModel::test_convert_model_all_models[CPU-ssd_mobilenet_v2/fpnlite_320x320-https://www.kaggle.com/models/tensorflow/ssd-mobilenet-v2/frameworks/tensorFlow2/variations/fpnlite-320x320/versions/1-None-None] PASSED [ 16%]
tensorflow/test_tf_convert_model.py::TestTFHubConvertModel::test_convert_model_all_models[CPU-centernet/resnet50v1_fpn_512x512-https://www.kaggle.com/models/tensorflow/centernet-resnet/frameworks/tensorFlow2/variations/50v1-fpn-512x512/versions/1-None-None] FAILED [ 16%]
tensorflow/test_tf_convert_model.py::TestTFHubConvertModel::test_convert_model_all_models[CPU-small_bert/bert_en_uncased_L-2_H-256_A-4-https://www.kaggle.com/models/tensorflow/bert/frameworks/tensorFlow2/variations/bert-en-uncased-l-2-h-256-a-4/versions/2-None-None] PASSED [ 16%]
tensorflow/test_tf_convert_model.py::TestTFHubConvertModel::test_convert_model_all_models[CPU-imagenet/efficientnet_v2_imagenet1k_s/feature_vector-https://www.kaggle.com/models/google/efficientnet-v2/frameworks/tensorFlow2/variations/imagenet1k-s-feature-vector/versions/2-None-None] PASSED [ 16%]
tensorflow/test_tf_convert_model.py::TestTFHubConvertModel::test_convert_model_all_models[CPU-biggan-deep-512-https://www.kaggle.com/models/deepmind/biggan/frameworks/tensorFlow1/variations/deep-512/versions/1-None-None] FAILED [ 16%]
tensorflow/test_tf_convert_model.py::TestTFHubConvertModel::test_convert_model_all_models[CPU-universal-sentence-encoder-cmlm/multilingual-base-br-https://www.kaggle.com/models/google/universal-sentence-encoder/frameworks/tensorFlow2/variations/cmlm-multilingual-base-br/versions/1-None-None] PASSED [ 16%]
tensorflow/test_tf_convert_model.py::TestTFHubConvertModel::test_convert_model_all_models[CPU-faster_rcnn/resnet50_v1_640x640-https://www.kaggle.com/models/tensorflow/faster-rcnn-resnet-v1/frameworks/tensorFlow2/variations/faster-rcnn-resnet50-v1-640x640/versions/1-skip-128695 Inference results mismatch] SKIPPED [ 16%]
tensorflow/test_tf_convert_model.py::TestTFHubConvertModel::test_convert_model_all_models[CPU-imagenet/mobilenet_v3_large_075_224/classification-https://www.kaggle.com/models/google/mobilenet-v3/frameworks/tensorFlow2/variations/large-075-224-classification/versions/1-None-None] FAILED [ 16%]
tensorflow/test_tf_convert_model.py::TestTFHubConvertModel::test_convert_model_all_models[CPU-imagenet/mobilenet_v3_small_075_224/classification-https://www.kaggle.com/models/google/mobilenet-v3/frameworks/tensorFlow2/variations/small-075-224-classification/versions/1-None-None] PASSED [ 16%]
tensorflow/test_tf_convert_model.py::TestTFHubConvertModel::test_convert_model_all_models[CPU-tweening_conv3d_bair-https://www.kaggle.com/models/google/tweening-conv3d/frameworks/tensorFlow1/variations/bair/versions/1-skip-128817 Model references undeclared parameters] SKIPPED [ 16%]
tensorflow/test_tf_convert_model.py::TestTFHubConvertModel::test_convert_model_all_models[CPU-efficientnet/b7/feature-vector-https://www.kaggle.com/models/tensorflow/efficientnet/frameworks/tensorFlow2/variations/b7-feature-vector/versions/1-None-None] FAILED [ 17%]
tensorflow/test_tf_convert_model.py::TestTFHubConvertModel::test_convert_model_all_models[CPU-bert_en_cased_preprocess-https://www.kaggle.com/models/tensorflow/bert/frameworks/tensorFlow2/variations/en-cased-preprocess/versions/3-skip-128989 AttributeError NoneType object has no attribute shape or dtype] SKIPPED [ 17%]
tensorflow/test_tf_convert_model.py::TestTFHubConvertModel::test_convert_model_all_models[CPU-bert_uncased_L-24_H-1024_A-16-https://www.kaggle.com/models/google/bert/frameworks/tensorFlow1/variations/uncased-l-24-h-1024-a-16/versions/1-skip-129153 TimeoutError or killed with a signal 11] SKIPPED [ 17%]
tensorflow/test_tf_convert_model.py::TestTFHubConvertModel::test_convert_model_all_models[CPU-centernet/hourglass_512x512-https://www.kaggle.com/models/tensorflow/centernet-hourglass/frameworks/tensorFlow2/variations/512x512/versions/1-None-None] FAILED [ 17%]
tensorflow/test_tf_convert_model.py::TestTFHubConvertModel::test_convert_model_all_models[CPU-imagenet/mobilenet_v2_035_128/feature_vector-https://www.kaggle.com/models/google/mobilenet-v2/frameworks/tensorFlow2/variations/035-128-feature-vector/versions/2-None-None] PASSED [ 17%]
tensorflow/test_tf_convert_model.py::TestTFHubConvertModel::test_convert_model_all_models[CPU-efficientdet/d7-https://www.kaggle.com/models/tensorflow/efficientdet/frameworks/tensorFlow2/variations/d7/versions/1-None-None] PASSED [ 17%]
tensorflow/test_tf_convert_model.py::TestTFHubConvertModel::test_convert_model_all_models[CPU-albert_en_xxlarge-https://www.kaggle.com/models/tensorflow/albert/frameworks/tensorFlow2/variations/en-xxlarge/versions/3-None-None] PASSED [ 17%]
tensorflow/test_tf_convert_model.py::TestTFHubConvertModel::test_convert_model_all_models[CPU-efficientnet/lite3/classification-https://www.kaggle.com/models/tensorflow/efficientnet/frameworks/tensorFlow1/variations/lite3-classification/versions/2-None-None] PASSED [ 17%]
tensorflow/test_tf_convert_model.py::TestTFHubConvertModel::test_convert_model_all_models[CPU-efficientdet/lite3/feature-vector-https://www.kaggle.com/models/tensorflow/efficientdet/frameworks/tensorFlow2/variations/lite3-feature-vector/versions/1-None-None] PASSED [ 17%]
tensorflow/test_tf_convert_model.py::TestTFHubConvertModel::test_convert_model_all_models[CPU-MuRIL_preprocess-https://www.kaggle.com/models/google/muril/frameworks/tensorFlow2/variations/preprocess/versions/1-skip-128989 AttributeError NoneType object has no attribute shape or dtype] SKIPPED [ 17%]
tensorflow/test_tf_convert_model.py::TestTFHubConvertModel::test_convert_model_all_models[CPU-imagenet/inception_v1/feature_vector-https://www.kaggle.com/models/google/inception-v1/frameworks/tensorFlow2/variations/feature-vector/versions/2-None-None] PASSED [ 18%]
tensorflow/test_tf_convert_model.py::TestTFHubConvertModel::test_convert_model_all_models[CPU-efficientdet/lite3x/detection-https://www.kaggle.com/models/tensorflow/efficientdet/frameworks/tensorFlow2/variations/lite3x-detection/versions/1-None-None] PASSED [ 18%]
tensorflow/test_tf_convert_model.py::TestTFHubConvertModel::test_convert_model_all_models[CPU-midas/v2-https://www.kaggle.com/models/intel/midas/frameworks/tensorFlow1/variations/v2/versions/2-None-None] FAILED [ 18%]
tensorflow/test_tf_convert_model.py::TestTFHubConvertModel::test_convert_model_all_models[CPU-universal-sentence-encoder-cmlm/multilingual-base-https://www.kaggle.com/models/google/universal-sentence-encoder/frameworks/tensorFlow2/variations/cmlm-multilingual-base/versions/1-None-None] PASSED [ 18%]
tensorflow/test_tf_convert_model.py::TestTFHubConvertModel::test_convert_model_all_models[CPU-imagenet/mobilenet_v1_075_224/feature_vector-https://www.kaggle.com/models/google/mobilenet-v1/frameworks/tensorFlow2/variations/075-224-feature-vector/versions/2-None-None] PASSED [ 18%]
tensorflow/test_tf_convert_model.py::TestTFHubConvertModel::test_convert_model_all_models[CPU-bit/m-r50x1/ilsvrc2012_classification-https://www.kaggle.com/models/google/bit/frameworks/tensorFlow2/variations/m-r50x1-ilsvrc2012-classification/versions/1-None-None] PASSED [ 18%]
tensorflow/test_tf_convert_model.py::TestTFHubConvertModel::test_convert_model_all_models[CPU-imagenet/efficientnet_v2_imagenet1k_s/classification-https://www.kaggle.com/models/google/efficientnet-v2/frameworks/tensorFlow2/variations/imagenet1k-s-classification/versions/2-None-None] PASSED [ 18%]
tensorflow/test_tf_convert_model.py::TestTFHubConvertModel::test_convert_model_all_models[CPU-nnlm-ja-dim50-https://www.kaggle.com/models/google/nnlm/frameworks/tensorFlow2/variations/ja-dim50/versions/1-skip-120721 AssertionError No signatures for a model] SKIPPED [ 18%]
tensorflow/test_tf_convert_model.py::TestTFHubConvertModel::test_convert_model_all_models[CPU-electra_small-https://www.kaggle.com/models/google/electra/frameworks/tensorFlow2/variations/small/versions/2-None-None] PASSED [ 18%]
tensorflow/test_tf_convert_model.py::TestTFHubConvertModel::test_convert_model_all_models[CPU-nonsemantic-speech-benchmark/trill-https://www.kaggle.com/models/google/nonsemantic-speech-benchmark/frameworks/tensorFlow2/variations/trill/versions/3-skip-120721 AssertionError No signatures for a model] SKIPPED [ 19%]
tensorflow/test_tf_convert_model.py::TestTFHubConvertModel::test_convert_model_all_models[CPU-bigbigan-resnet50-https://www.kaggle.com/models/deepmind/bigbigan/frameworks/tensorFlow1/variations/resnet50/versions/1-None-None] PASSED [ 19%]
tensorflow/test_tf_convert_model.py::TestTFHubConvertModel::test_convert_model_all_models[CPU-imagenet/resnet_v2_152/feature_vector-https://www.kaggle.com/models/google/resnet-v2/frameworks/tensorFlow2/variations/152-feature-vector/versions/2-None-None] PASSED [ 19%]
tensorflow/test_tf_convert_model.py::TestTFHubConvertModel::test_convert_model_all_models[CPU-efficientnet/lite2/classification-https://www.kaggle.com/models/tensorflow/efficientnet/frameworks/tensorFlow1/variations/lite2-classification/versions/2-None-None] PASSED [ 19%]
tensorflow/test_tf_convert_model.py::TestTFHubConvertModel::test_convert_model_all_models[CPU-experts/bert/pubmed-https://www.kaggle.com/models/google/experts-bert/frameworks/tensorFlow2/variations/pubmed/versions/2-None-None] PASSED [ 19%]
tensorflow/test_tf_convert_model.py::TestTFHubConvertModel::test_convert_model_all_models[CPU-faster_rcnn/inception_resnet_v2_1024x1024-https://www.kaggle.com/models/tensorflow/faster-rcnn-inception-resnet-v2/frameworks/tensorFlow2/variations/1024x1024/versions/1-None-None] PASSED [ 19%]
tensorflow/test_tf_convert_model.py::TestTFHubConvertModel::test_convert_model_all_models[CPU-ssd_mobilenet_v2/fpnlite_640x640-https://www.kaggle.com/models/tensorflow/ssd-mobilenet-v2/frameworks/tensorFlow2/variations/fpnlite-640x640/versions/1-None-None] PASSED [ 19%]
tensorflow/test_tf_convert_model.py::TestTFHubConvertModel::test_convert_model_all_models[CPU-imagenet/resnet_v1_50/classification-https://www.kaggle.com/models/google/resnet-v1/frameworks/tensorFlow2/variations/50-classification/versions/2-None-None] PASSED [ 19%]
tensorflow/test_tf_convert_model.py::TestTFHubConvertModel::test_convert_model_all_models[CPU-movinet/a5/base/kinetics-600/classification-https://www.kaggle.com/models/google/movinet/frameworks/tensorFlow2/variations/a5-base-kinetics-600-classification/versions/3-None-None] PASSED [ 19%]
tensorflow/test_tf_convert_model.py::TestTFHubConvertModel::test_convert_model_all_models[CPU-biggan-128-https://www.kaggle.com/models/deepmind/biggan/frameworks/tensorFlow1/variations/128/versions/2-None-None] FAILED [ 19%]
tensorflow/test_tf_convert_model.py::TestTFHubConvertModel::test_convert_model_all_models[CPU-Wiki-words-250-with-normalization-https://www.kaggle.com/models/google/wiki-words/frameworks/tensorFlow2/variations/250-with-normalization/versions/1-skip-120721 AssertionError No signatures for a model] SKIPPED [ 20%]
tensorflow/test_tf_convert_model.py::TestTFHubConvertModel::test_convert_model_all_models[CPU-sentence-t5/st5-base-https://www.kaggle.com/models/google/sentence-t5/frameworks/tensorFlow2/variations/st5-base/versions/1-None-None] FAILED [ 20%]
tensorflow/test_tf_convert_model.py::TestTFHubConvertModel::test_convert_model_all_models[CPU-movinet/a2/base/kinetics-600/classification-https://www.kaggle.com/models/google/movinet/frameworks/tensorFlow2/variations/a2-base-kinetics-600-classification/versions/3-None-None] PASSED [ 20%]
tensorflow/test_tf_convert_model.py::TestTFHubConvertModel::test_convert_model_all_models[CPU-bert_zh_preprocess-https://www.kaggle.com/models/tensorflow/bert/frameworks/tensorFlow2/variations/zh-preprocess/versions/3-skip-128989 AttributeError NoneType object has no attribute shape or dtype] SKIPPED [ 20%]
tensorflow/test_tf_convert_model.py::TestTFHubConvertModel::test_convert_model_all_models[CPU-bert_en_cased_L-24_H-1024_A-16-https://www.kaggle.com/models/tensorflow/bert/frameworks/tensorFlow2/variations/en-cased-l-24-h-1024-a-16/versions/4-None-None] PASSED [ 20%]
tensorflow/test_tf_convert_model.py::TestTFHubConvertModel::test_convert_model_all_models[CPU-inaturalist/inception_v3/feature_vector-https://www.kaggle.com/models/google/inception-v3/frameworks/tensorFlow2/variations/inaturalist-inception-v3-feature-vector/versions/2-None-None] PASSED [ 20%]
tensorflow/test_tf_convert_model.py::TestTFHubConvertModel::test_convert_model_all_models[CPU-efficientnet/lite1/classification-https://www.kaggle.com/models/tensorflow/efficientnet/frameworks/tensorFlow1/variations/lite1-classification/versions/2-None-None] PASSED [ 20%]
tensorflow/test_tf_convert_model.py::TestTFHubConvertModel::test_convert_model_all_models[CPU-wav2vec2-https://www.kaggle.com/models/kaggle/wav2vec2/frameworks/tensorFlow2/variations/wav2vec2/versions/1-None-None] PASSED [ 20%]
tensorflow/test_tf_convert_model.py::TestTFHubConvertModel::test_convert_model_all_models[CPU-experts/bert/wiki_books-https://www.kaggle.com/models/google/experts-bert/frameworks/tensorFlow2/variations/wiki-books/versions/2-None-None] PASSED [ 20%]
tensorflow/test_tf_convert_model.py::TestTFHubConvertModel::test_convert_model_all_models[CPU-retinanet/resnet50_v1_fpn_640x640-https://www.kaggle.com/models/tensorflow/retinanet-resnet/frameworks/tensorFlow2/variations/50-v1-fpn-640x640/versions/1-None-None] PASSED [ 20%]
tensorflow/test_tf_convert_model.py::TestTFHubConvertModel::test_convert_model_all_models[CPU-bert_en_wwm_uncased_L-24_H-1024_A-16-https://www.kaggle.com/models/tensorflow/bert/frameworks/tensorFlow2/variations/en-wwm-uncased-l-24-h-1024-a-16/versions/4-None-None] PASSED [ 21%]
tensorflow/test_tf_convert_model.py::TestTFHubConvertModel::test_convert_model_all_models[CPU-cropnet/classifier/cassava_disease_V1-https://www.kaggle.com/models/google/cropnet/frameworks/tensorFlow2/variations/classifier-cassava-disease-v1/versions/1-skip-120721 AssertionError No signatures for a model] SKIPPED [ 21%]
tensorflow/test_tf_convert_model.py::TestTFHubConvertModel::test_convert_model_all_models[CPU-midas/v2_1_small-https://www.kaggle.com/models/intel/midas/frameworks/tensorFlow1/variations/v2-1-small/versions/1-None-None] FAILED [ 21%]
tensorflow/test_tf_convert_model.py::TestTFHubConvertModel::test_convert_model_all_models[CPU-object_detection/mobile_object_labeler_v1-https://www.kaggle.com/models/google/mobile-object-labeler-v1/frameworks/tensorFlow1/variations/object-detection-mobile-object-labeler-v1/versions/1-None-None] PASSED [ 21%]
tensorflow/test_tf_convert_model.py::TestTFHubConvertModel::test_convert_model_all_models[CPU-imagenet/resnet_v2_101/classification-https://www.kaggle.com/models/google/resnet-v2/frameworks/tensorFlow2/variations/101-classification/versions/2-None-None] PASSED [ 21%]
tensorflow/test_tf_convert_model.py::TestTFHubConvertModel::test_convert_model_all_models[CPU-electra_base-https://www.kaggle.com/models/google/electra/frameworks/tensorFlow2/variations/base/versions/2-None-None] PASSED [ 21%]
tensorflow/test_tf_convert_model.py::TestTFHubConvertModel::test_convert_model_all_models[CPU-efficientdet/d4-https://www.kaggle.com/models/tensorflow/efficientdet/frameworks/tensorFlow2/variations/d4/versions/1-None-None] PASSED [ 21%]
tensorflow/test_tf_convert_model.py::TestTFHubConvertModel::test_convert_model_all_models[CPU-small_bert/bert_en_uncased_L-6_H-512_A-8-https://www.kaggle.com/models/tensorflow/bert/frameworks/tensorFlow2/variations/bert-en-uncased-l-6-h-512-a-8/versions/2-None-None] PASSED [ 21%]
tensorflow/test_tf_convert_model.py::TestTFHubConvertModel::test_convert_model_all_models[CPU-mobilebert_multi_cased_L-24_H-128_B-512_A-4_F-4_OPT-https://www.kaggle.com/models/tensorflow/mobilebert/frameworks/tensorFlow2/variations/multi-cased-l-24-h-128-b-512-a-4-f-4-opt/versions/1-skip-120720 InvalidArgumentError Graph execution error] SKIPPED [ 21%]
tensorflow/test_tf_convert_model.py::TestTFHubConvertModel::test_convert_model_all_models[CPU-i3d-kinetics-600-https://www.kaggle.com/models/deepmind/i3d-kinetics/frameworks/tensorFlow1/variations/600/versions/1-None-None] FAILED [ 22%]
tensorflow/test_tf_convert_model.py::TestTFHubConvertModel::test_convert_model_all_models[CPU-imagenet/efficientnet_v2_imagenet21k_s/feature_vector-https://www.kaggle.com/models/google/efficientnet-v2/frameworks/tensorFlow2/variations/imagenet21k-s-feature-vector/versions/2-None-None] PASSED [ 22%]
tensorflow/test_tf_convert_model.py::TestTFHubConvertModel::test_convert_model_all_models[CPU-efficientdet/d1-https://www.kaggle.com/models/tensorflow/efficientdet/frameworks/tensorFlow2/variations/d1/versions/1-skip-128695 Inference results mismatch] SKIPPED [ 22%]
tensorflow/test_tf_convert_model.py::TestTFHubConvertModel::test_convert_model_all_models[CPU-nnlm-de-dim50-https://www.kaggle.com/models/google/nnlm/frameworks/tensorFlow2/variations/de-dim50/versions/1-skip-120721 AssertionError No signatures for a model] SKIPPED [ 22%]
tensorflow/test_tf_convert_model.py::TestTFHubConvertModel::test_convert_model_all_models[CPU-ganeval-cifar10-convnet-https://www.kaggle.com/models/deepmind/ganeval-cifar10-convnet/frameworks/tensorFlow1/variations/ganeval-cifar10-convnet/versions/1-None-None] FAILED [ 22%]
tensorflow/test_tf_convert_model.py::TestTFHubConvertModel::test_convert_model_all_models[CPU-musiq/ava-https://www.kaggle.com/models/google/musiq/frameworks/tensorFlow2/variations/ava/versions/1-None-None] FAILED [ 22%]
tensorflow/test_tf_convert_model.py::TestTFHubConvertModel::test_convert_model_all_models[CPU-talkheads_ggelu_bert_en_base-https://www.kaggle.com/models/tensorflow/talkheads-ggelu-bert-en/frameworks/tensorFlow2/variations/base/versions/2-None-None] FAILED [ 22%]
tensorflow/test_tf_convert_model.py::TestTFHubConvertModel::test_convert_model_all_models[CPU-nnlm-es-dim128-https://www.kaggle.com/models/google/nnlm/frameworks/tensorFlow2/variations/es-dim128/versions/1-skip-120721 AssertionError No signatures for a model] SKIPPED [ 22%]
tensorflow/test_tf_convert_model.py::TestTFHubConvertModel::test_convert_model_all_models[CPU-esrgan-tf2-https://www.kaggle.com/models/kaggle/esrgan-tf2/frameworks/tensorFlow2/variations/esrgan-tf2/versions/1-None-None] PASSED [ 22%]
tensorflow/test_tf_convert_model.py::TestTFHubConvertModel::test_convert_model_all_models[CPU-imagenet/mobilenet_v3_small_075_224/feature_vector-https://www.kaggle.com/models/google/mobilenet-v3/frameworks/tensorFlow2/variations/small-075-224-feature-vector/versions/1-None-None] PASSED [ 22%]
tensorflow/test_tf_convert_model.py::TestTFHubConvertModel::test_convert_model_all_models[CPU-efficientnet/b2/feature-vector-https://www.kaggle.com/models/tensorflow/efficientnet/frameworks/tensorFlow2/variations/b2-feature-vector/versions/1-None-None] PASSED [ 23%]
tensorflow/test_tf_convert_model.py::TestTFHubConvertModel::test_convert_model_all_models[CPU-efficientnet/b7/classification-https://www.kaggle.com/models/tensorflow/efficientnet/frameworks/tensorFlow2/variations/b7-classification/versions/1-None-None] PASSED [ 23%]
tensorflow/test_tf_convert_model.py::TestTFHubConvertModel::test_convert_model_all_models[CPU-small_bert/bert_en_uncased_L-12_H-256_A-4-https://www.kaggle.com/models/tensorflow/bert/frameworks/tensorFlow2/variations/bert-en-uncased-l-12-h-256-a-4/versions/2-None-None] PASSED [ 23%]
tensorflow/test_tf_convert_model.py::TestTFHubConvertModel::test_convert_model_all_models[CPU-imagenet/efficientnet_v2_imagenet21k_ft1k_xl/feature_vector-https://www.kaggle.com/models/google/efficientnet-v2/frameworks/tensorFlow2/variations/imagenet21k-ft1k-xl-feature-vector/versions/1-None-None] PASSED [ 23%]
tensorflow/test_tf_convert_model.py::TestTFHubConvertModel::test_convert_model_all_models[CPU-ssd_mobilenet_v1/fpn_640x640-https://www.kaggle.com/models/tensorflow/ssd-mobilenet-v1/frameworks/tensorFlow2/variations/fpn-640x640/versions/1-None-None] PASSED [ 23%]
tensorflow/test_tf_convert_model.py::TestTFHubConvertModel::test_convert_model_all_models[CPU-mil-nce/s3d-https://www.kaggle.com/models/deepmind/mil-nce/frameworks/tensorFlow1/variations/s3d/versions/1-xfail-127962 129654 128996 unsupported operations LookupTableFindV2 StringLower StringSplitV2] XFAIL [ 23%]
tensorflow/test_tf_convert_model.py::TestTFHubConvertModel::test_convert_model_all_models[CPU-imagenet/nasnet_mobile/feature_vector-https://www.kaggle.com/models/google/nasnet/frameworks/tensorFlow2/variations/mobile-feature-vector/versions/2-None-None] PASSED [ 23%]
tensorflow/test_tf_convert_model.py::TestTFHubConvertModel::test_convert_model_all_models[CPU-efficientnet/b4/feature-vector-https://www.kaggle.com/models/google/efficientnet/frameworks/tensorFlow1/variations/b4-feature-vector/versions/1-None-None] PASSED [ 23%]
tensorflow/test_tf_convert_model.py::TestTFHubConvertModel::test_convert_model_all_models[CPU-imagenet/efficientnet_v2_imagenet21k_m/feature_vector-https://www.kaggle.com/models/google/efficientnet-v2/frameworks/tensorFlow2/variations/imagenet21k-m-feature-vector/versions/2-None-None] PASSED [ 23%]
tensorflow/test_tf_convert_model.py::TestTFHubConvertModel::test_convert_model_all_models[CPU-efficientdet/d2-https://www.kaggle.com/models/tensorflow/efficientdet/frameworks/tensorFlow2/variations/d2/versions/1-skip-128695 Inference results mismatch] SKIPPED [ 23%]
tensorflow/test_tf_convert_model.py::TestTFHubConvertModel::test_convert_model_all_models[CPU-Wiki-words-500-https://www.kaggle.com/models/google/wiki-words/frameworks/tensorFlow2/variations/500/versions/1-skip-120721 AssertionError No signatures for a model] SKIPPED [ 24%]
tensorflow/test_tf_convert_model.py::TestTFHubConvertModel::test_convert_model_all_models[CPU-imagenet/inception_v2/feature_vector-https://www.kaggle.com/models/google/inception-v2/frameworks/tensorFlow2/variations/feature-vector/versions/2-None-None] PASSED [ 24%]
tensorflow/test_tf_convert_model.py::TestTFHubConvertModel::test_convert_model_all_models[CPU-disease-classification-https://www.kaggle.com/models/agripredict/disease-classification/frameworks/tensorFlow2/variations/disease-classification/versions/1-None-None] PASSED [ 24%]
tensorflow/test_tf_convert_model.py::TestTFHubConvertModel::test_convert_model_all_models[CPU-biggan-deep-128-https://www.kaggle.com/models/deepmind/biggan/frameworks/tensorFlow1/variations/deep-128/versions/1-None-None] FAILED [ 24%]
tensorflow/test_tf_convert_model.py::TestTFHubConvertModel::test_convert_model_all_models[CPU-bit/m-r101x3-https://www.kaggle.com/models/google/bit/frameworks/tensorFlow2/variations/m-r101x3/versions/1-None-None] FAILED [ 24%]
tensorflow/test_tf_convert_model.py::TestTFHubConvertModel::test_convert_model_all_models[CPU-centernet/hourglass_1024x1024-https://www.kaggle.com/models/tensorflow/centernet-hourglass/frameworks/tensorFlow2/variations/1024x1024/versions/1-skip-129153 TimeoutError or killed with a signal 11] SKIPPED [ 24%]
tensorflow/test_tf_convert_model.py::TestTFHubConvertModel::test_convert_model_all_models[CPU-small_bert/bert_en_uncased_L-12_H-128_A-2-https://www.kaggle.com/models/tensorflow/bert/frameworks/tensorFlow2/variations/bert-en-uncased-l-12-h-128-a-2/versions/2-None-None] PASSED [ 24%]
tensorflow/test_tf_convert_model.py::TestTFHubConvertModel::test_convert_model_all_models[CPU-centernet/resnet50v2_512x512-https://www.kaggle.com/models/tensorflow/centernet-resnet/frameworks/tensorFlow2/variations/50v2-512x512/versions/1-skip-128695 Inference results mismatch] SKIPPED [ 24%]
tensorflow/test_tf_convert_model.py::TestTFHubConvertModel::test_convert_model_all_models[CPU-imagenet/resnet_v2_152/classification-https://www.kaggle.com/models/google/resnet-v2/frameworks/tensorFlow2/variations/152-classification/versions/2-None-None] PASSED [ 24%]
tensorflow/test_tf_convert_model.py::TestTFHubConvertModel::test_convert_model_all_models[CPU-imagenet/mobilenet_v1_075_160/feature_vector-https://www.kaggle.com/models/google/mobilenet-v1/frameworks/tensorFlow2/variations/075-160-feature-vector/versions/2-None-None] PASSED [ 25%]
tensorflow/test_tf_convert_model.py::TestTFHubConvertModel::test_convert_model_all_models[CPU-aiy/vision/classifier/plants_V1-https://www.kaggle.com/models/google/aiy/frameworks/tensorFlow1/variations/vision-classifier-plants-v1/versions/1-None-None] PASSED [ 25%]
tensorflow/test_tf_convert_model.py::TestTFHubConvertModel::test_convert_model_all_models[CPU-imagenet/pnasnet_large/feature_vector-https://www.kaggle.com/models/google/pnasnet/frameworks/tensorFlow2/variations/large-feature-vector/versions/2-None-None] PASSED [ 25%]
tensorflow/test_tf_convert_model.py::TestTFHubConvertModel::test_convert_model_all_models[CPU-faster_rcnn/resnet101_v1_640x640-https://www.kaggle.com/models/tensorflow/faster-rcnn-resnet-v1/frameworks/tensorFlow2/variations/faster-rcnn-resnet101-v1-640x640/versions/1-skip-128695 Inference results mismatch] SKIPPED [ 25%]
tensorflow/test_tf_convert_model.py::TestTFHubConvertModel::test_convert_model_all_models[CPU-imagenet/mobilenet_v2_130_224/feature_vector-https://www.kaggle.com/models/google/mobilenet-v2/frameworks/tensorFlow2/variations/130-224-feature-vector/versions/2-None-None] PASSED [ 25%]
tensorflow/test_tf_convert_model.py::TestTFHubConvertModel::test_convert_model_all_models[CPU-nnlm-es-dim128-with-normalization-https://www.kaggle.com/models/google/nnlm/frameworks/tensorFlow2/variations/es-dim128-with-normalization/versions/1-skip-120721 AssertionError No signatures for a model] SKIPPED [ 25%]
tensorflow/test_tf_convert_model.py::TestTFHubConvertModel::test_convert_model_all_models[CPU-bit/m-r50x1/imagenet21k_classification-https://www.kaggle.com/models/google/bit/frameworks/tensorFlow2/variations/m-r50x1-imagenet21k-classification/versions/1-None-None] PASSED [ 25%]
tensorflow/test_tf_convert_model.py::TestTFHubConvertModel::test_convert_model_all_models[CPU-imagenet/resnet_v1_101/feature_vector-https://www.kaggle.com/models/google/resnet-v1/frameworks/tensorFlow2/variations/101-feature-vector/versions/2-None-None] PASSED [ 25%]
tensorflow/test_tf_convert_model.py::TestTFHubConvertModel::test_convert_model_all_models[CPU-experts/bert/wiki_books/sst2-https://www.kaggle.com/models/google/experts-bert/frameworks/tensorFlow2/variations/wiki-books-sst2/versions/2-None-None] PASSED [ 25%]
tensorflow/test_tf_convert_model.py::TestTFHubConvertModel::test_convert_model_all_models[CPU-retinanet/resnet152_v1_fpn_1024x1024-https://www.kaggle.com/models/tensorflow/retinanet-resnet/frameworks/tensorFlow2/variations/152-v1-fpn-1024x1024/versions/1-None-None] FAILED [ 25%]
tensorflow/test_tf_convert_model.py::TestTFHubConvertModel::test_convert_model_all_models[CPU-small_bert/bert_en_uncased_L-6_H-256_A-4-https://www.kaggle.com/models/tensorflow/bert/frameworks/tensorFlow2/variations/bert-en-uncased-l-6-h-256-a-4/versions/2-None-None] PASSED [ 26%]
tensorflow/test_tf_convert_model.py::TestTFHubConvertModel::test_convert_model_all_models[CPU-movinet/a0/base/kinetics-600/classification-https://www.kaggle.com/models/google/movinet/frameworks/tensorFlow2/variations/a0-base-kinetics-600-classification/versions/3-None-None] PASSED [ 26%]
tensorflow/test_tf_convert_model.py::TestTFHubConvertModel::test_convert_model_all_models[CPU-imagenet/efficientnet_v2_imagenet21k_ft1k_b0/feature_vector-https://www.kaggle.com/models/google/efficientnet-v2/frameworks/tensorFlow2/variations/imagenet21k-ft1k-b0-feature-vector/versions/1-None-None] FAILED [ 26%]
tensorflow/test_tf_convert_model.py::TestTFHubConvertModel::test_convert_model_all_models[CPU-imagenet/resnet_v2_101/feature_vector-https://www.kaggle.com/models/google/resnet-v2/frameworks/tensorFlow2/variations/101-feature-vector/versions/2-None-None] FAILED [ 26%]
tensorflow/test_tf_convert_model.py::TestTFHubConvertModel::test_convert_model_all_models[CPU-imagenet/efficientnet_v2_imagenet21k_l/feature_vector-https://www.kaggle.com/models/google/efficientnet-v2/frameworks/tensorFlow2/variations/imagenet21k-l-feature-vector/versions/2-None-None] PASSED [ 26%]
tensorflow/test_tf_convert_model.py::TestTFHubConvertModel::test_convert_model_all_models[CPU-imagenet/nasnet_large/classification-https://www.kaggle.com/models/google/nasnet/frameworks/tensorFlow2/variations/large-classification/versions/2-None-None] PASSED [ 26%]
tensorflow/test_tf_convert_model.py::TestTFHubConvertModel::test_convert_model_all_models[CPU-faster_rcnn/resnet152_v1_1024x1024-https://www.kaggle.com/models/tensorflow/faster-rcnn-resnet-v1/frameworks/tensorFlow2/variations/faster-rcnn-resnet152-v1-1024x1024/versions/1-skip-128695 Inference results mismatch] SKIPPED [ 26%]
tensorflow/test_tf_convert_model.py::TestTFHubConvertModel::test_convert_model_all_models[CPU-vit_s16_fe-https://www.kaggle.com/models/spsayakpaul/vision-transformer/frameworks/tensorFlow2/variations/vit-s16-fe/versions/1-xfail-118324 unsupported operation XlaGather] XFAIL [ 26%]
tensorflow/test_tf_convert_model.py::TestTFHubConvertModel::test_convert_model_all_models[CPU-zh_segmentation-https://www.kaggle.com/models/google/zh-segmentation/frameworks/tensorFlow1/variations/zh-segmentation/versions/1-None-None] FAILED [ 26%]
tensorflow/test_tf_convert_model.py::TestTFHubConvertModel::test_convert_model_all_models[CPU-wiki40b-lm-es-https://www.kaggle.com/models/google/wiki40b-lm/frameworks/tensorFlow1/variations/es/versions/1-None-None] FAILED [ 26%]
tensorflow/test_tf_convert_model.py::TestTFHubConvertModel::test_convert_model_all_models[CPU-centernet/resnet50v1_fpn_512x512_kpts-https://www.kaggle.com/models/tensorflow/centernet-resnet/frameworks/tensorFlow2/variations/50v1-fpn-512x512-kpts/versions/1-None-None] FAILED [ 27%]
tensorflow/test_tf_convert_model.py::TestTFHubConvertModel::test_convert_model_all_models[CPU-nnlm-es-dim50-with-normalization-https://www.kaggle.com/models/google/nnlm/frameworks/tensorFlow2/variations/es-dim50-with-normalization/versions/1-skip-120721 AssertionError No signatures for a model] SKIPPED [ 27%]
tensorflow/test_tf_convert_model.py::TestTFHubConvertModel::test_convert_model_all_models[CPU-efficientdet/d6-https://www.kaggle.com/models/tensorflow/efficientdet/frameworks/tensorFlow2/variations/d6/versions/1-skip-128695 Inference results mismatch] SKIPPED [ 27%]
tensorflow/test_tf_convert_model.py::TestTFHubConvertModel::test_convert_model_all_models[CPU-cord-19/swivel-128d-https://www.kaggle.com/models/tensorflow/cord-19-swivel-128d/frameworks/tensorFlow2/variations/cord-19-swivel-128d/versions/2-skip-120721 AssertionError No signatures for a model] SKIPPED [ 27%]
tensorflow/test_tf_convert_model.py::TestTFHubConvertModel::test_convert_model_all_models[CPU-albert_large-https://www.kaggle.com/models/google/albert/frameworks/tensorFlow1/variations/large/versions/3-skip-129153 TimeoutError or killed with a signal 11] SKIPPED [ 27%]
tensorflow/test_tf_convert_model.py::TestTFHubConvertModel::test_convert_model_all_models[CPU-centernet/resnet50v2_512x512_kpts-https://www.kaggle.com/models/tensorflow/centernet-resnet/frameworks/tensorFlow2/variations/50v2-512x512-kpts/versions/1-None-None] FAILED [ 27%]
tensorflow/test_tf_convert_model.py::TestTFHubConvertModel::test_convert_model_all_models[CPU-efficientnet/b7/feature-vector-https://www.kaggle.com/models/google/efficientnet/frameworks/tensorFlow1/variations/b7-feature-vector/versions/1-None-None] PASSED [ 27%]
tensorflow/test_tf_convert_model.py::TestTFHubConvertModel::test_convert_model_all_models[CPU-efficientnet/b5/feature-vector-https://www.kaggle.com/models/tensorflow/efficientnet/frameworks/tensorFlow2/variations/b5-feature-vector/versions/1-None-None] PASSED [ 27%]
tensorflow/test_tf_convert_model.py::TestTFHubConvertModel::test_convert_model_all_models[CPU-imagenet/nasnet_large/feature_vector-https://www.kaggle.com/models/google/nasnet/frameworks/tensorFlow2/variations/large-feature-vector/versions/2-None-None] PASSED [ 27%]
tensorflow/test_tf_convert_model.py::TestTFHubConvertModel::test_convert_model_all_models[CPU-centernet/resnet101v1_fpn_512x512-https://www.kaggle.com/models/tensorflow/centernet-resnet/frameworks/tensorFlow2/variations/101v1-fpn-512x512/versions/1-skip-129153 TimeoutError or killed with a signal 11] SKIPPED [ 27%]
tensorflow/test_tf_convert_model.py::TestTFHubConvertModel::test_convert_model_all_models[CPU-retinanet/resnet152_v1_fpn_640x640-https://www.kaggle.com/models/tensorflow/retinanet-resnet/frameworks/tensorFlow2/variations/152-v1-fpn-640x640/versions/1-None-None] FAILED [ 28%]
tensorflow/test_tf_convert_model.py::TestTFHubConvertModel::test_convert_model_all_models[CPU-movinet/a0/stream/kinetics-600/classification-https://www.kaggle.com/models/google/movinet/frameworks/tensorFlow2/variations/a0-stream-kinetics-600-classification/versions/2-None-None] FAILED [ 28%]
tensorflow/test_tf_convert_model.py::TestTFHubConvertModel::test_convert_model_all_models[CPU-imagenet/mobilenet_v1_025_224/feature_vector-https://www.kaggle.com/models/google/mobilenet-v1/frameworks/tensorFlow2/variations/025-224-feature-vector/versions/2-None-None] PASSED [ 28%]
tensorflow/test_tf_convert_model.py::TestTFHubConvertModel::test_convert_model_all_models[CPU-unet/industrial/class_1-https://tfhub.dev/nvidia/unet/industrial/class_1/1-skip-Model is not available] SKIPPED [ 28%]
tensorflow/test_tf_convert_model.py::TestTFHubConvertModel::test_convert_model_all_models[CPU-mobilebert_en_uncased_L-24_H-128_B-512_A-4_F-4_OPT-https://www.kaggle.com/models/tensorflow/mobilebert/frameworks/tensorFlow2/variations/en-uncased-l-24-h-128-b-512-a-4-f-4-opt/versions/1-skip-120720 InvalidArgumentError Graph execution error] SKIPPED [ 28%]
tensorflow/test_tf_convert_model.py::TestTFHubConvertModel::test_convert_model_all_models[CPU-boundless/quarter-https://www.kaggle.com/models/google/boundless/frameworks/tensorFlow1/variations/quarter/versions/1-None-None] PASSED [ 28%]
tensorflow/test_tf_convert_model.py::TestTFHubConvertModel::test_convert_model_all_models[CPU-gtr/gtr-base-https://www.kaggle.com/models/google/gtr/frameworks/tensorFlow2/variations/gtr-base/versions/1-None-None] FAILED [ 28%]
tensorflow/test_tf_convert_model.py::TestTFHubConvertModel::test_convert_model_all_models[CPU-small_bert/bert_en_uncased_L-12_H-512_A-8-https://www.kaggle.com/models/tensorflow/bert/frameworks/tensorFlow2/variations/bert-en-uncased-l-12-h-512-a-8/versions/2-None-None] PASSED [ 28%]
tensorflow/test_tf_convert_model.py::TestTFHubConvertModel::test_convert_model_all_models[CPU-LAReQA/mBERT_En_En-https://www.kaggle.com/models/google/lareqa/frameworks/tensorFlow1/variations/mbert-en-en/versions/1-None-None] FAILED [ 28%]
tensorflow/test_tf_convert_model.py::TestTFHubConvertModel::test_convert_model_all_models[CPU-efficientdet/d5-https://www.kaggle.com/models/tensorflow/efficientdet/frameworks/tensorFlow2/variations/d5/versions/1-None-None] PASSED [ 29%]
tensorflow/test_tf_convert_model.py::TestTFHubConvertModel::test_convert_model_all_models[CPU-faster_rcnn/resnet101_v1_1024x1024-https://www.kaggle.com/models/tensorflow/faster-rcnn-resnet-v1/frameworks/tensorFlow2/variations/faster-rcnn-resnet101-v1-1024x1024/versions/1-skip-128695 Inference results mismatch] SKIPPED [ 29%]
tensorflow/test_tf_convert_model.py::TestTFHubConvertModel::test_convert_model_all_models[CPU-film-https://www.kaggle.com/models/google/film/frameworks/tensorFlow2/variations/film/versions/1-None-None] PASSED [ 29%]
tensorflow/test_tf_convert_model.py::TestTFHubConvertModel::test_convert_model_all_models[CPU-electra_large-https://www.kaggle.com/models/google/electra/frameworks/tensorFlow2/variations/large/versions/2-None-None] FAILED [ 29%]
tensorflow/test_tf_convert_model.py::TestTFHubConvertModel::test_convert_model_all_models[CPU-small_bert/bert_uncased_L-2_H-128_A-2-https://www.kaggle.com/models/google/bert/frameworks/tensorFlow1/variations/bert-uncased-l-2-h-128-a-2/versions/2-skip-129153 TimeoutError or killed with a signal 11] SKIPPED [ 29%]
tensorflow/test_tf_convert_model.py::TestTFHubConvertModel::test_convert_model_all_models[CPU-imagenet/mobilenet_v1_075_224/classification-https://www.kaggle.com/models/google/mobilenet-v1/frameworks/tensorFlow2/variations/075-224-classification/versions/2-None-None] FAILED [ 29%]
tensorflow/test_tf_convert_model.py::TestTFHubConvertModel::test_convert_model_all_models[CPU-efficientdet/d3-https://www.kaggle.com/models/tensorflow/efficientdet/frameworks/tensorFlow2/variations/d3/versions/1-skip-128695 Inference results mismatch] SKIPPED [ 29%]
tensorflow/test_tf_convert_model.py::TestTFHubConvertModel::test_convert_model_all_models[CPU-distilbert_en_uncased_preprocess-https://www.kaggle.com/models/jeongukjae/distilbert/frameworks/tensorFlow2/variations/en-uncased-preprocess/versions/2-skip-128989 AttributeError NoneType object has no attribute shape or dtype] SKIPPED [ 29%]
tensorflow/test_tf_convert_model.py::TestTFHubConvertModel::test_convert_model_all_models[CPU-movinet/a2/stream/kinetics-600/classification-https://www.kaggle.com/models/google/movinet/frameworks/tensorFlow2/variations/a2-stream-kinetics-600-classification/versions/2-None-None] FAILED [ 29%]
tensorflow/test_tf_convert_model.py::TestTFHubConvertModel::test_convert_model_all_models[CPU-movinet/a4/base/kinetics-600/classification-https://www.kaggle.com/models/google/movinet/frameworks/tensorFlow2/variations/a4-base-kinetics-600-classification/versions/3-None-None] PASSED [ 29%]
tensorflow/test_tf_convert_model.py::TestTFHubConvertModel::test_convert_model_all_models[CPU-efficientnet/b6/feature-vector-https://www.kaggle.com/models/google/efficientnet/frameworks/tensorFlow1/variations/b6-feature-vector/versions/1-None-None] PASSED [ 30%]
tensorflow/test_tf_convert_model.py::TestTFHubConvertModel::test_convert_model_all_models[CPU-nnlm-zh-dim50-https://www.kaggle.com/models/google/nnlm/frameworks/tensorFlow2/variations/zh-dim50/versions/1-skip-120721 AssertionError No signatures for a model] SKIPPED [ 30%]
tensorflow/test_tf_convert_model.py::TestTFHubConvertModel::test_convert_model_all_models[CPU-nnlm-id-dim128-with-normalization-https://www.kaggle.com/models/google/nnlm/frameworks/tensorFlow2/variations/id-dim128-with-normalization/versions/1-skip-120721 AssertionError No signatures for a model] SKIPPED [ 30%]
tensorflow/test_tf_convert_model.py::TestTFHubConvertModel::test_convert_model_all_models[CPU-imagenet/efficientnet_v2_imagenet1k_b3/feature_vector-https://www.kaggle.com/models/google/efficientnet-v2/frameworks/tensorFlow2/variations/imagenet1k-b3-feature-vector/versions/2-None-None] PASSED [ 30%]
tensorflow/test_tf_convert_model.py::TestTFHubConvertModel::test_convert_model_all_models[CPU-imagenet/efficientnet_v2_imagenet21k_ft1k_b3/feature_vector-https://www.kaggle.com/models/google/efficientnet-v2/frameworks/tensorFlow2/variations/imagenet21k-ft1k-b3-feature-vector/versions/1-None-None] PASSED [ 30%]
tensorflow/test_tf_convert_model.py::TestTFHubConvertModel::test_convert_model_all_models[CPU-humpback_whale-https://www.kaggle.com/models/google/humpback-whale/frameworks/tensorFlow2/variations/humpback-whale/versions/1-skip-120720 InvalidArgumentError Graph execution error] SKIPPED [ 30%]
tensorflow/test_tf_convert_model.py::TestTFHubConvertModel::test_convert_model_all_models[CPU-nnlm-id-dim50-https://www.kaggle.com/models/google/nnlm/frameworks/tensorFlow2/variations/id-dim50/versions/1-skip-120721 AssertionError No signatures for a model] SKIPPED [ 30%]
tensorflow/test_tf_convert_model.py::TestTFHubConvertModel::test_convert_model_all_models[CPU-nonsemantic-speech-benchmark/frill-https://www.kaggle.com/models/google/nonsemantic-speech-benchmark/frameworks/tensorFlow2/variations/frill/versions/1-None-None] FAILED [ 30%]
tensorflow/test_tf_convert_model.py::TestTFHubConvertModel::test_convert_model_all_models[CPU-vit_s16_classification-https://www.kaggle.com/models/spsayakpaul/vision-transformer/frameworks/tensorFlow2/variations/vit-s16-classification/versions/1-xfail-118324 unsupported operation XlaGather] XFAIL [ 30%]
tensorflow/test_tf_convert_model.py::TestTFHubConvertModel::test_convert_model_all_models[CPU-faster_rcnn/resnet152_v1_800x1333-https://www.kaggle.com/models/tensorflow/faster-rcnn-resnet-v1/frameworks/tensorFlow2/variations/faster-rcnn-resnet152-v1-800x1333/versions/1-None-None] PASSED [ 30%]
tensorflow/test_tf_convert_model.py::TestTFHubConvertModel::test_convert_model_all_models[CPU-bit/s-r152x4-https://www.kaggle.com/models/google/bit/frameworks/tensorFlow2/variations/s-r152x4/versions/1-None-None] FAILED [ 31%]
tensorflow/test_tf_convert_model.py::TestTFHubConvertModel::test_convert_model_all_models[CPU-imagenet/resnet_v1_101/classification-https://www.kaggle.com/models/google/resnet-v1/frameworks/tensorFlow2/variations/101-classification/versions/2-None-None] PASSED [ 31%]
tensorflow/test_tf_convert_model.py::TestTFHubConvertModel::test_convert_model_all_models[CPU-faster_rcnn/resnet50_v1_800x1333-https://www.kaggle.com/models/tensorflow/faster-rcnn-resnet-v1/frameworks/tensorFlow2/variations/faster-rcnn-resnet50-v1-800x1333/versions/1-None-None] PASSED [ 31%]
tensorflow/test_tf_convert_model.py::TestTFHubConvertModel::test_convert_model_all_models[CPU-imagenet/efficientnet_v2_imagenet21k_ft1k_l/feature_vector-https://www.kaggle.com/models/google/efficientnet-v2/frameworks/tensorFlow2/variations/imagenet21k-ft1k-l-feature-vector/versions/2-None-None] PASSED [ 31%]
tensorflow/test_tf_convert_model.py::TestTFHubConvertModel::test_convert_model_all_models[CPU-distilbert_multi_cased_L-6_H-768_A-12-https://www.kaggle.com/models/jeongukjae/distilbert/frameworks/tensorFlow2/variations/multi-cased-l-6-h-768-a-12/versions/1-None-None] PASSED [ 31%]
tensorflow/test_tf_convert_model.py::TestTFHubConvertModel::test_convert_model_all_models[CPU-imagenet/mobilenet_v2_050_224/feature_vector-https://www.kaggle.com/models/google/mobilenet-v2/frameworks/tensorFlow2/variations/050-224-feature-vector/versions/2-None-None] PASSED [ 31%]
tensorflow/test_tf_convert_model.py::TestTFHubConvertModel::test_convert_model_all_models[CPU-roberta_en_cased_preprocess-https://www.kaggle.com/models/kaggle/roberta/frameworks/tensorFlow2/variations/en-cased-preprocess/versions/1-skip-128989 AttributeError NoneType object has no attribute shape or dtype] SKIPPED [ 31%]
tensorflow/test_tf_convert_model.py::TestTFHubConvertModel::test_convert_model_all_models[CPU-efficientnet/b3/feature-vector-https://www.kaggle.com/models/google/efficientnet/frameworks/tensorFlow1/variations/b3-feature-vector/versions/1-None-None] PASSED [ 31%]
tensorflow/test_tf_convert_model.py::TestTFHubConvertModel::test_convert_model_all_models[CPU-small_bert/bert_en_uncased_L-8_H-256_A-4-https://www.kaggle.com/models/tensorflow/bert/frameworks/tensorFlow2/variations/bert-en-uncased-l-8-h-256-a-4/versions/2-None-None] PASSED [ 31%]
tensorflow/test_tf_convert_model.py::TestTFHubConvertModel::test_convert_model_all_models[CPU-efficientnet/b7/classification-https://www.kaggle.com/models/google/efficientnet/frameworks/tensorFlow1/variations/b7-classification/versions/1-None-None] PASSED [ 32%]
tensorflow/test_tf_convert_model.py::TestTFHubConvertModel::test_convert_model_all_models[CPU-bit/s-r50x1/ilsvrc2012_classification-https://www.kaggle.com/models/google/bit/frameworks/tensorFlow2/variations/s-r50x1-ilsvrc2012-classification/versions/1-None-None] PASSED [ 32%]
tensorflow/test_tf_convert_model.py::TestTFHubConvertModel::test_convert_model_all_models[CPU-tf2-preview/nnlm-ko-dim128-with-normalization-https://www.kaggle.com/models/google/nnlm/frameworks/tensorFlow2/variations/tf2-preview-ko-dim128-with-normalization/versions/1-skip-120721 AssertionError No signatures for a model] SKIPPED [ 32%]
tensorflow/test_tf_convert_model.py::TestTFHubConvertModel::test_convert_model_all_models[CPU-imagenet/mobilenet_v2_100_160/feature_vector-https://www.kaggle.com/models/google/mobilenet-v2/frameworks/tensorFlow2/variations/100-160-feature-vector/versions/2-None-None] PASSED [ 32%]
tensorflow/test_tf_convert_model.py::TestTFHubConvertModel::test_convert_model_all_models[CPU-imagenet/mobilenet_v1_025_128/classification-https://www.kaggle.com/models/google/mobilenet-v1/frameworks/tensorFlow2/variations/025-128-classification/versions/2-None-None] PASSED [ 32%]
tensorflow/test_tf_convert_model.py::TestTFHubConvertModel::test_convert_model_all_models[CPU-experts/bit/r50x1/in21k/food-https://www.kaggle.com/models/google/experts-bit/frameworks/tensorFlow2/variations/r50x1-in21k-food/versions/1-None-None] PASSED [ 32%]
tensorflow/test_tf_convert_model.py::TestTFHubConvertModel::test_convert_model_all_models[CPU-imagenet/resnet_v1_152/feature_vector-https://www.kaggle.com/models/google/resnet-v1/frameworks/tensorFlow2/variations/152-feature-vector/versions/2-None-None] PASSED [ 32%]
tensorflow/test_tf_convert_model.py::TestTFHubConvertModel::test_convert_model_all_models[CPU-faster_rcnn/resnet101_v1_800x1333-https://www.kaggle.com/models/tensorflow/faster-rcnn-resnet-v1/frameworks/tensorFlow2/variations/faster-rcnn-resnet101-v1-800x1333/versions/1-None-None] PASSED [ 32%]
tensorflow/test_tf_convert_model.py::TestTFHubConvertModel::test_convert_model_all_models[CPU-bit/s-r50x3-https://www.kaggle.com/models/google/bit/frameworks/tensorFlow2/variations/s-r50x3/versions/1-None-None] PASSED [ 32%]
tensorflow/test_tf_convert_model.py::TestTFHubConvertModel::test_convert_model_all_models[CPU-smaller_LaBSE_15lang-https://www.kaggle.com/models/kaggle/smaller-labse-15lang/frameworks/tensorFlow2/variations/smaller-labse-15lang/versions/1-None-None] PASSED [ 32%]
tensorflow/test_tf_convert_model.py::TestTFHubConvertModel::test_convert_model_all_models[CPU-imagenet/mobilenet_v2_100_96/classification-https://www.kaggle.com/models/google/mobilenet-v2/frameworks/tensorFlow2/variations/100-96-classification/versions/2-None-None] PASSED [ 33%]
tensorflow/test_tf_convert_model.py::TestTFHubConvertModel::test_convert_model_all_models[CPU-imagenet/mobilenet_v2_100_192/feature_vector-https://www.kaggle.com/models/google/mobilenet-v2/frameworks/tensorFlow2/variations/100-192-feature-vector/versions/2-None-None] PASSED [ 33%]
tensorflow/test_tf_convert_model.py::TestTFHubConvertModel::test_convert_model_all_models[CPU-tiny_video_net/tvn1-https://www.kaggle.com/models/google/tiny-video-net/frameworks/tensorFlow1/variations/tvn1/versions/1-skip-128817 Model references undeclared parameters] SKIPPED [ 33%]
tensorflow/test_tf_convert_model.py::TestTFHubConvertModel::test_convert_model_all_models[CPU-nnlm-id-dim128-https://www.kaggle.com/models/google/nnlm/frameworks/tensorFlow2/variations/id-dim128/versions/1-skip-120721 AssertionError No signatures for a model] SKIPPED [ 33%]
tensorflow/test_tf_convert_model.py::TestTFHubConvertModel::test_convert_model_all_models[CPU-lambert_en_uncased_L-24_H-1024_A-16-https://www.kaggle.com/models/tensorflow/lambert/frameworks/tensorFlow2/variations/en-uncased-l-24-h-1024-a-16/versions/2-None-None] PASSED [ 33%]
tensorflow/test_tf_convert_model.py::TestTFHubConvertModel::test_convert_model_all_models[CPU-imagenet/amoebanet_a_n18_f448/classification-https://www.kaggle.com/models/google/amoebanet/frameworks/tensorFlow1/variations/a-n18-f448-classification/versions/1-None-None] PASSED [ 33%]
tensorflow/test_tf_convert_model.py::TestTFHubConvertModel::test_convert_model_all_models[CPU-retinanet/resnet101_v1_fpn_1024x1024-https://www.kaggle.com/models/tensorflow/retinanet-resnet/frameworks/tensorFlow2/variations/101-v1-fpn-1024x1024/versions/1-None-None] PASSED [ 33%]
tensorflow/test_tf_convert_model.py::TestTFHubConvertModel::test_convert_model_all_models[CPU-imagenet/mobilenet_v1_025_192/feature_vector-https://www.kaggle.com/models/google/mobilenet-v1/frameworks/tensorFlow2/variations/025-192-feature-vector/versions/2-None-None] PASSED [ 33%]
tensorflow/test_tf_convert_model.py::TestTFHubConvertModel::test_convert_model_all_models[CPU-imagenet/mobilenet_v2_100_160/classification-https://www.kaggle.com/models/google/mobilenet-v2/frameworks/tensorFlow2/variations/100-160-classification/versions/2-None-None] PASSED [ 33%]
tensorflow/test_tf_convert_model.py::TestTFHubConvertModel::test_convert_model_all_models[CPU-imagenet/inception_v2/classification-https://www.kaggle.com/models/google/inception-v2/frameworks/tensorFlow2/variations/classification/versions/2-None-None] PASSED [ 33%]
tensorflow/test_tf_convert_model.py::TestTFHubConvertModel::test_convert_model_all_models[CPU-efficientnet/b5/feature-vector-https://www.kaggle.com/models/google/efficientnet/frameworks/tensorFlow1/variations/b5-feature-vector/versions/1-None-None] PASSED [ 34%]
tensorflow/test_tf_convert_model.py::TestTFHubConvertModel::test_convert_model_all_models[CPU-distilbert_multi_cased_preprocess-https://www.kaggle.com/models/jeongukjae/distilbert/frameworks/tensorFlow2/variations/multi-cased-preprocess/versions/2-skip-128989 AttributeError NoneType object has no attribute shape or dtype] SKIPPED [ 34%]
tensorflow/test_tf_convert_model.py::TestTFHubConvertModel::test_convert_model_all_models[CPU-nnlm-de-dim128-https://www.kaggle.com/models/google/nnlm/frameworks/tensorFlow2/variations/de-dim128/versions/1-skip-120721 AssertionError No signatures for a model] SKIPPED [ 34%]
tensorflow/test_tf_convert_model.py::TestTFHubConvertModel::test_convert_model_all_models[CPU-bertseq2seq/roberta24_gigaword-https://www.kaggle.com/models/google/bertseq2seq/frameworks/tensorFlow1/variations/roberta24-gigaword/versions/1-skip-128817 Model references undeclared parameters] SKIPPED [ 34%]
tensorflow/test_tf_convert_model.py::TestTFHubConvertModel::test_convert_model_all_models[CPU-vit_b8_fe-https://www.kaggle.com/models/spsayakpaul/vision-transformer/frameworks/tensorFlow2/variations/vit-b8-fe/versions/1-xfail-118324 unsupported operation XlaGather] XFAIL [ 34%]
tensorflow/test_tf_convert_model.py::TestTFHubConvertModel::test_convert_model_all_models[CPU-aiy/vision/classifier/insects_V1-https://www.kaggle.com/models/google/aiy/frameworks/tensorFlow1/variations/vision-classifier-insects-v1/versions/1-None-None] PASSED [ 34%]
tensorflow/test_tf_convert_model.py::TestTFHubConvertModel::test_convert_model_all_models[CPU-bertseq2seq/roberta24_cnndm-https://www.kaggle.com/models/google/bertseq2seq/frameworks/tensorFlow1/variations/roberta24-cnndm/versions/1-skip-128817 Model references undeclared parameters] SKIPPED [ 34%]
tensorflow/test_tf_convert_model.py::TestTFHubConvertModel::test_convert_model_all_models[CPU-movinet/a1/base/kinetics-600/classification-https://www.kaggle.com/models/google/movinet/frameworks/tensorFlow2/variations/a1-base-kinetics-600-classification/versions/3-None-None] PASSED [ 34%]
tensorflow/test_tf_convert_model.py::TestTFHubConvertModel::test_convert_model_all_models[CPU-remote_sensing/eurosat-resnet50-https://www.kaggle.com/models/google/resnet50/frameworks/tensorFlow1/variations/remote-sensing-eurosat-resnet50/versions/1-None-None] FAILED [ 34%]
tensorflow/test_tf_convert_model.py::TestTFHubConvertModel::test_convert_model_all_models[CPU-universal-sentence-encoder-cmlm/en-large-https://www.kaggle.com/models/google/universal-sentence-encoder/frameworks/tensorFlow2/variations/cmlm-en-large/versions/1-None-None] FAILED [ 35%]
tensorflow/test_tf_convert_model.py::TestTFHubConvertModel::test_convert_model_all_models[CPU-imagenet/mobilenet_v2_050_96/feature_vector-https://www.kaggle.com/models/google/mobilenet-v2/frameworks/tensorFlow2/variations/050-96-feature-vector/versions/2-None-None] PASSED [ 35%]
tensorflow/test_tf_convert_model.py::TestTFHubConvertModel::test_convert_model_all_models[CPU-efficientnet/b3/classification-https://www.kaggle.com/models/tensorflow/efficientnet/frameworks/tensorFlow2/variations/b3-classification/versions/1-None-None] PASSED [ 35%]
tensorflow/test_tf_convert_model.py::TestTFHubConvertModel::test_convert_model_all_models[CPU-imagenet/efficientnet_v2_imagenet21k_b1/feature_vector-https://www.kaggle.com/models/google/efficientnet-v2/frameworks/tensorFlow2/variations/imagenet21k-b1-feature-vector/versions/1-None-None] PASSED [ 35%]
tensorflow/test_tf_convert_model.py::TestTFHubConvertModel::test_convert_model_all_models[CPU-universal-sentence-encoder-xling/en-de-https://www.kaggle.com/models/google/universal-sentence-encoder/frameworks/tensorFlow1/variations/xling-en-de/versions/1-None-None] FAILED [ 35%]
tensorflow/test_tf_convert_model.py::TestTFHubConvertModel::test_convert_model_all_models[CPU-bit/s-r101x1-https://www.kaggle.com/models/google/bit/frameworks/tensorFlow2/variations/s-r101x1/versions/1-None-None] PASSED [ 35%]
tensorflow/test_tf_convert_model.py::TestTFHubConvertModel::test_convert_model_all_models[CPU-smaller_LaBSE_15lang_preprocess-https://www.kaggle.com/models/kaggle/smaller-labse-15lang/frameworks/tensorFlow2/variations/preprocess/versions/1-skip-128989 AttributeError NoneType object has no attribute shape or dtype] SKIPPED [ 35%]
tensorflow/test_tf_convert_model.py::TestTFHubConvertModel::test_convert_model_all_models[CPU-vgg19-block5-conv2-unpooling-decoder-https://www.kaggle.com/models/emilutz/vgg19-unpooling-encoder-decoder/frameworks/tensorFlow2/variations/vgg19-block5-conv2-unpooling-decoder/versions/1-skip-120720 InvalidArgumentError Graph execution error] SKIPPED [ 35%]
tensorflow/test_tf_convert_model.py::TestTFHubConvertModel::test_convert_model_all_models[CPU-imagenet/mobilenet_v1_050_224/classification-https://www.kaggle.com/models/google/mobilenet-v1/frameworks/tensorFlow2/variations/050-224-classification/versions/2-None-None] PASSED [ 35%]
tensorflow/test_tf_convert_model.py::TestTFHubConvertModel::test_convert_model_all_models[CPU-efficientnet/b5/classification-https://www.kaggle.com/models/tensorflow/efficientnet/frameworks/tensorFlow2/variations/b5-classification/versions/1-None-None] PASSED [ 35%]
tensorflow/test_tf_convert_model.py::TestTFHubConvertModel::test_convert_model_all_models[CPU-imagenet/efficientnet_v2_imagenet21k_b3/feature_vector-https://www.kaggle.com/models/google/efficientnet-v2/frameworks/tensorFlow2/variations/imagenet21k-b3-feature-vector/versions/1-None-None] PASSED [ 36%]
tensorflow/test_tf_convert_model.py::TestTFHubConvertModel::test_convert_model_all_models[CPU-experts/bert/wiki_books/mnli-https://www.kaggle.com/models/google/experts-bert/frameworks/tensorFlow2/variations/wiki-books-mnli/versions/2-None-None] PASSED [ 36%]
tensorflow/test_tf_convert_model.py::TestTFHubConvertModel::test_convert_model_all_models[CPU-tf2-preview/nnlm-en-dim50-with-normalization-https://www.kaggle.com/models/google/nnlm/frameworks/tensorFlow2/variations/tf2-preview-en-dim50-with-normalization/versions/1-skip-120721 AssertionError No signatures for a model] SKIPPED [ 36%]
tensorflow/test_tf_convert_model.py::TestTFHubConvertModel::test_convert_model_all_models[CPU-efficientnet/b1/feature-vector-https://www.kaggle.com/models/google/efficientnet/frameworks/tensorFlow1/variations/b1-feature-vector/versions/1-skip-128695 Inference results mismatch] SKIPPED [ 36%]
tensorflow/test_tf_convert_model.py::TestTFHubConvertModel::test_convert_model_all_models[CPU-cropnet/feature_vector/concat-https://www.kaggle.com/models/google/cropnet/frameworks/tensorFlow2/variations/feature-vector-concat/versions/1-skip-120721 AssertionError No signatures for a model] SKIPPED [ 36%]
tensorflow/test_tf_convert_model.py::TestTFHubConvertModel::test_convert_model_all_models[CPU-efficientnet/b5/classification-https://www.kaggle.com/models/google/efficientnet/frameworks/tensorFlow1/variations/b5-classification/versions/1-None-None] PASSED [ 36%]
tensorflow/test_tf_convert_model.py::TestTFHubConvertModel::test_convert_model_all_models[CPU-bit/m-r101x1/ilsvrc2012_classification-https://www.kaggle.com/models/google/bit/frameworks/tensorFlow2/variations/m-r101x1-ilsvrc2012-classification/versions/1-None-None] PASSED [ 36%]
tensorflow/test_tf_convert_model.py::TestTFHubConvertModel::test_convert_model_all_models[CPU-imagenet/efficientnet_v2_imagenet1k_l/classification-https://www.kaggle.com/models/google/efficientnet-v2/frameworks/tensorFlow2/variations/imagenet1k-l-classification/versions/2-None-None] PASSED [ 36%]
tensorflow/test_tf_convert_model.py::TestTFHubConvertModel::test_convert_model_all_models[CPU-nnlm-zh-dim128-https://www.kaggle.com/models/google/nnlm/frameworks/tensorFlow2/variations/zh-dim128/versions/1-skip-120721 AssertionError No signatures for a model] SKIPPED [ 36%]
tensorflow/test_tf_convert_model.py::TestTFHubConvertModel::test_convert_model_all_models[CPU-tf2-preview/nnlm-ja-dim128-with-normalization-https://www.kaggle.com/models/google/nnlm/frameworks/tensorFlow2/variations/tf2-preview-ja-dim128-with-normalization/versions/1-skip-120721 AssertionError No signatures for a model] SKIPPED [ 36%]
tensorflow/test_tf_convert_model.py::TestTFHubConvertModel::test_convert_model_all_models[CPU-imagenet/resnet_v1_152/classification-https://www.kaggle.com/models/google/resnet-v1/frameworks/tensorFlow2/variations/152-classification/versions/2-None-None] PASSED [ 37%]
tensorflow/test_tf_convert_model.py::TestTFHubConvertModel::test_convert_model_all_models[CPU-covid-twitter-bert-https://www.kaggle.com/models/kaggle/covid-twitter-bert/frameworks/tensorFlow2/variations/covid-twitter-bert/versions/2-None-None] PASSED [ 37%]
tensorflow/test_tf_convert_model.py::TestTFHubConvertModel::test_convert_model_all_models[CPU-imagenet/efficientnet_v2_imagenet21k_b0/classification-https://www.kaggle.com/models/google/efficientnet-v2/frameworks/tensorFlow2/variations/imagenet21k-b0-classification/versions/1-None-None] PASSED [ 37%]
tensorflow/test_tf_convert_model.py::TestTFHubConvertModel::test_convert_model_all_models[CPU-silero-stt/en-https://tfhub.dev/silero/silero-stt/en/1-skip-Model is not available] SKIPPED [ 37%]
tensorflow/test_tf_convert_model.py::TestTFHubConvertModel::test_convert_model_all_models[CPU-experts/bit/r50x1/in21k/clothing-https://www.kaggle.com/models/google/experts-bit/frameworks/tensorFlow2/variations/r50x1-in21k-clothing/versions/1-None-None] PASSED [ 37%]
tensorflow/test_tf_convert_model.py::TestTFHubConvertModel::test_convert_model_all_models[CPU-roberta_en_cased_L-12_H-768_A-12-https://www.kaggle.com/models/kaggle/roberta/frameworks/tensorFlow2/variations/en-cased-l-12-h-768-a-12/versions/1-None-None] PASSED [ 37%]
tensorflow/test_tf_convert_model.py::TestTFHubConvertModel::test_convert_model_all_models[CPU-on_device_vision/classifier/landmarks_classifier_north_america_V1-https://www.kaggle.com/models/google/landmarks/frameworks/tensorFlow1/variations/classifier-north-america-v1/versions/1-None-None] PASSED [ 37%]
tensorflow/test_tf_convert_model.py::TestTFHubConvertModel::test_convert_model_all_models[CPU-bit/s-r50x3/ilsvrc2012_classification-https://www.kaggle.com/models/google/bit/frameworks/tensorFlow2/variations/s-r50x3-ilsvrc2012-classification/versions/1-None-None] PASSED [ 37%]
tensorflow/test_tf_convert_model.py::TestTFHubConvertModel::test_convert_model_all_models[CPU-cond-biggan-https://www.kaggle.com/models/vtab/cond-biggan/frameworks/tensorFlow1/variations/cond-biggan/versions/1-None-None] FAILED [ 37%]
tensorflow/test_tf_convert_model.py::TestTFHubConvertModel::test_convert_model_all_models[CPU-LAReQA/mBERT_X_Y-https://www.kaggle.com/models/google/lareqa/frameworks/tensorFlow1/variations/mbert-x-y/versions/1-None-None] FAILED [ 38%]
tensorflow/test_tf_convert_model.py::TestTFHubConvertModel::test_convert_model_all_models[CPU-imagenet/mobilenet_v2_100_192/classification-https://www.kaggle.com/models/google/mobilenet-v2/frameworks/tensorFlow2/variations/100-192-classification/versions/2-None-None] PASSED [ 38%]
tensorflow/test_tf_convert_model.py::TestTFHubConvertModel::test_convert_model_all_models[CPU-nnlm-es-dim50-https://www.kaggle.com/models/google/nnlm/frameworks/tensorFlow2/variations/es-dim50/versions/1-skip-120721 AssertionError No signatures for a model] SKIPPED [ 38%]
tensorflow/test_tf_convert_model.py::TestTFHubConvertModel::test_convert_model_all_models[CPU-supcon/resnet_v1_50/imagenet/classification-https://www.kaggle.com/models/google/resnet-v1/frameworks/tensorFlow1/variations/50-imagenet-classification/versions/1-None-None] FAILED [ 38%]
tensorflow/test_tf_convert_model.py::TestTFHubConvertModel::test_convert_model_all_models[CPU-nnlm-zh-dim128-with-normalization-https://www.kaggle.com/models/google/nnlm/frameworks/tensorFlow2/variations/zh-dim128-with-normalization/versions/1-skip-120721 AssertionError No signatures for a model] SKIPPED [ 38%]
tensorflow/test_tf_convert_model.py::TestTFHubConvertModel::test_convert_model_all_models[CPU-experts/bit/r50x1/in21k/animal-https://www.kaggle.com/models/google/experts-bit/frameworks/tensorFlow2/variations/r50x1-in21k-animal/versions/1-None-None] PASSED [ 38%]
tensorflow/test_tf_convert_model.py::TestTFHubConvertModel::test_convert_model_all_models[CPU-imagenet/mobilenet_v2_035_96/feature_vector-https://www.kaggle.com/models/google/mobilenet-v2/frameworks/tensorFlow2/variations/035-96-feature-vector/versions/2-None-None] PASSED [ 38%]
tensorflow/test_tf_convert_model.py::TestTFHubConvertModel::test_convert_model_all_models[CPU-edgetpu/vision/deeplab-edgetpu/fused_argmax/xs-https://www.kaggle.com/models/google/deeplab-edgetpu/frameworks/tensorFlow2/variations/fused-argmax-xs/versions/1-None-None] PASSED [ 38%]
tensorflow/test_tf_convert_model.py::TestTFHubConvertModel::test_convert_model_all_models[CPU-efficientnet/b2/classification-https://www.kaggle.com/models/tensorflow/efficientnet/frameworks/tensorFlow2/variations/b2-classification/versions/1-None-None] PASSED [ 38%]
tensorflow/test_tf_convert_model.py::TestTFHubConvertModel::test_convert_model_all_models[CPU-sentence-t5/st5-large-https://www.kaggle.com/models/google/sentence-t5/frameworks/tensorFlow2/variations/st5-large/versions/1-None-None] FAILED [ 38%]
tensorflow/test_tf_convert_model.py::TestTFHubConvertModel::test_convert_model_all_models[CPU-on_device_vision/classifier/landmarks_classifier_europe_V1-https://www.kaggle.com/models/google/landmarks/frameworks/tensorFlow1/variations/classifier-europe-v1/versions/1-None-None] PASSED [ 39%]
tensorflow/test_tf_convert_model.py::TestTFHubConvertModel::test_convert_model_all_models[CPU-bit/m-r50x3/imagenet21k_classification-https://www.kaggle.com/models/google/bit/frameworks/tensorFlow2/variations/m-r50x3-imagenet21k-classification/versions/1-None-None] PASSED [ 39%]
tensorflow/test_tf_convert_model.py::TestTFHubConvertModel::test_convert_model_all_models[CPU-mmv/s3d-https://www.kaggle.com/models/deepmind/mmv/frameworks/tensorFlow1/variations/s3d/versions/1-None-None] PASSED [ 39%]
tensorflow/test_tf_convert_model.py::TestTFHubConvertModel::test_convert_model_all_models[CPU-soundstream/mel/decoder/music-https://www.kaggle.com/models/google/soundstream/frameworks/tensorFlow2/variations/mel-decoder-music/versions/1-None-None] PASSED [ 39%]
tensorflow/test_tf_convert_model.py::TestTFHubConvertModel::test_convert_model_all_models[CPU-imagenet/mobilenet_v2_075_160/classification-https://www.kaggle.com/models/google/mobilenet-v2/frameworks/tensorFlow2/variations/075-160-classification/versions/2-None-None] PASSED [ 39%]
tensorflow/test_tf_convert_model.py::TestTFHubConvertModel::test_convert_model_all_models[CPU-imagenet/efficientnet_v2_imagenet21k_ft1k_s/classification-https://www.kaggle.com/models/google/efficientnet-v2/frameworks/tensorFlow2/variations/imagenet21k-ft1k-s-classification/versions/2-None-None] PASSED [ 39%]
tensorflow/test_tf_convert_model.py::TestTFHubConvertModel::test_convert_model_all_models[CPU-imagenet/mobilenet_v2_075_128/feature_vector-https://www.kaggle.com/models/google/mobilenet-v2/frameworks/tensorFlow2/variations/075-128-feature-vector/versions/2-None-None] PASSED [ 39%]
tensorflow/test_tf_convert_model.py::TestTFHubConvertModel::test_convert_model_all_models[CPU-ulmfit/en/sp35k_uncased-https://www.kaggle.com/models/edrone/ulmfit/frameworks/tensorFlow2/variations/en-sp35k-uncased/versions/1-None-None] FAILED [ 39%]
tensorflow/test_tf_convert_model.py::TestTFHubConvertModel::test_convert_model_all_models[CPU-imagenet/efficientnet_v2_imagenet21k_ft1k_b0/classification-https://www.kaggle.com/models/google/efficientnet-v2/frameworks/tensorFlow2/variations/imagenet21k-ft1k-b0-classification/versions/1-None-None] PASSED [ 39%]
tensorflow/test_tf_convert_model.py::TestTFHubConvertModel::test_convert_model_all_models[CPU-imagenet/mobilenet_v2_075_96/feature_vector-https://www.kaggle.com/models/google/mobilenet-v2/frameworks/tensorFlow2/variations/075-96-feature-vector/versions/2-None-None] PASSED [ 39%]
tensorflow/test_tf_convert_model.py::TestTFHubConvertModel::test_convert_model_all_models[CPU-bertseq2seq/roberta24_wikisplit-https://www.kaggle.com/models/google/bertseq2seq/frameworks/tensorFlow1/variations/roberta24-wikisplit/versions/1-skip-128817 Model references undeclared parameters] SKIPPED [ 40%]
tensorflow/test_tf_convert_model.py::TestTFHubConvertModel::test_convert_model_all_models[CPU-imagenet/mobilenet_v1_100_128/feature_vector-https://www.kaggle.com/models/google/mobilenet-v1/frameworks/tensorFlow2/variations/100-128-feature-vector/versions/2-None-None] PASSED [ 40%]
tensorflow/test_tf_convert_model.py::TestTFHubConvertModel::test_convert_model_all_models[CPU-regnety800mf_classification-https://www.kaggle.com/models/adityakane/regnety/frameworks/tensorFlow2/variations/800mf-classification/versions/1-None-None] PASSED [ 40%]
tensorflow/test_tf_convert_model.py::TestTFHubConvertModel::test_convert_model_all_models[CPU-mmv/tsm-resnet50x2-https://www.kaggle.com/models/deepmind/mmv/frameworks/tensorFlow1/variations/tsm-resnet50x2/versions/1-None-None] PASSED [ 40%]
tensorflow/test_tf_convert_model.py::TestTFHubConvertModel::test_convert_model_all_models[CPU-vgg19-block1-conv2-unpooling-encoder-https://www.kaggle.com/models/emilutz/vgg19-unpooling-encoder-decoder/frameworks/tensorFlow2/variations/vgg19-block1-conv2-unpooling-encoder/versions/1-None-None] PASSED [ 40%]
tensorflow/test_tf_convert_model.py::TestTFHubConvertModel::test_convert_model_all_models[CPU-efficientnet/b2/classification-https://www.kaggle.com/models/google/efficientnet/frameworks/tensorFlow1/variations/b2-classification/versions/1-None-None] PASSED [ 40%]
tensorflow/test_tf_convert_model.py::TestTFHubConvertModel::test_convert_model_all_models[CPU-imagenet/mobilenet_v2_050_160/feature_vector-https://www.kaggle.com/models/google/mobilenet-v2/frameworks/tensorFlow2/variations/050-160-feature-vector/versions/2-None-None] PASSED [ 40%]
tensorflow/test_tf_convert_model.py::TestTFHubConvertModel::test_convert_model_all_models[CPU-imagenet/mobilenet_v2_075_224/feature_vector-https://www.kaggle.com/models/google/mobilenet-v2/frameworks/tensorFlow2/variations/075-224-feature-vector/versions/2-None-None] PASSED [ 40%]
tensorflow/test_tf_convert_model.py::TestTFHubConvertModel::test_convert_model_all_models[CPU-cropnet/feature_vector/imagenet-https://www.kaggle.com/models/google/cropnet/frameworks/tensorFlow2/variations/feature-vector-imagenet/versions/1-skip-120721 AssertionError No signatures for a model] SKIPPED [ 40%]
tensorflow/test_tf_convert_model.py::TestTFHubConvertModel::test_convert_model_all_models[CPU-nnlm-ko-dim50-with-normalization-https://www.kaggle.com/models/google/nnlm/frameworks/tensorFlow2/variations/ko-dim50-with-normalization/versions/1-None-None] FAILED [ 41%]
tensorflow/test_tf_convert_model.py::TestTFHubConvertModel::test_convert_model_all_models[CPU-vgg19-block2-conv2-unpooling-encoder-https://www.kaggle.com/models/emilutz/vgg19-unpooling-encoder-decoder/frameworks/tensorFlow2/variations/vgg19-block2-conv2-unpooling-encoder/versions/1-None-None] PASSED [ 41%]
tensorflow/test_tf_convert_model.py::TestTFHubConvertModel::test_convert_model_all_models[CPU-experts/bit/r50x1/in21k/solid-https://www.kaggle.com/models/google/experts-bit/frameworks/tensorFlow2/variations/r50x1-in21k-solid/versions/1-None-None] FAILED [ 41%]
tensorflow/test_tf_convert_model.py::TestTFHubConvertModel::test_convert_model_all_models[CPU-efficientnet/b4/classification-https://www.kaggle.com/models/google/efficientnet/frameworks/tensorFlow1/variations/b4-classification/versions/1-None-None] PASSED [ 41%]
tensorflow/test_tf_convert_model.py::TestTFHubConvertModel::test_convert_model_all_models[CPU-regnety400mf_classification-https://www.kaggle.com/models/adityakane/regnety/frameworks/tensorFlow2/variations/400mf-classification/versions/1-None-None] PASSED [ 41%]
tensorflow/test_tf_convert_model.py::TestTFHubConvertModel::test_convert_model_all_models[CPU-bit/m-r152x4/ilsvrc2012_classification-https://www.kaggle.com/models/google/bit/frameworks/tensorFlow2/variations/m-r152x4-ilsvrc2012-classification/versions/1-None-None] FAILED [ 41%]
tensorflow/test_tf_convert_model.py::TestTFHubConvertModel::test_convert_model_all_models[CPU-nnlm-zh-dim50-with-normalization-https://www.kaggle.com/models/google/nnlm/frameworks/tensorFlow2/variations/zh-dim50-with-normalization/versions/1-skip-120721 AssertionError No signatures for a model] SKIPPED [ 41%]
tensorflow/test_tf_convert_model.py::TestTFHubConvertModel::test_convert_model_all_models[CPU-on_device_vision/classifier/landmarks_classifier_south_america_V1-https://www.kaggle.com/models/google/landmarks/frameworks/tensorFlow1/variations/classifier-south-america-v1/versions/1-None-None] PASSED [ 41%]
tensorflow/test_tf_convert_model.py::TestTFHubConvertModel::test_convert_model_all_models[CPU-unsupervised-adversarial-training/cifar10/wrn_106-https://www.kaggle.com/models/deepmind/wrn-106/frameworks/tensorFlow1/variations/unsupervised-adversarial-training-cifar10-wrn-106/versions/1-None-None] PASSED [ 41%]
tensorflow/test_tf_convert_model.py::TestTFHubConvertModel::test_convert_model_all_models[CPU-tf2-preview/nnlm-de-dim128-with-normalization-https://www.kaggle.com/models/google/nnlm/frameworks/tensorFlow2/variations/tf2-preview-de-dim128-with-normalization/versions/1-skip-120721 AssertionError No signatures for a model] SKIPPED [ 41%]
tensorflow/test_tf_convert_model.py::TestTFHubConvertModel::test_convert_model_all_models[CPU-wiki40b-lm-zh-cn-https://www.kaggle.com/models/google/wiki40b-lm/frameworks/tensorFlow1/variations/zh-cn/versions/1-None-None] FAILED [ 42%]
tensorflow/test_tf_convert_model.py::TestTFHubConvertModel::test_convert_model_all_models[CPU-on_device_vision/classifier/landmarks_classifier_africa_V1-https://www.kaggle.com/models/google/landmarks/frameworks/tensorFlow1/variations/classifier-africa-v1/versions/1-None-None] PASSED [ 42%]
tensorflow/test_tf_convert_model.py::TestTFHubConvertModel::test_convert_model_all_models[CPU-regnety200mf_classification-https://www.kaggle.com/models/adityakane/regnety/frameworks/tensorFlow2/variations/200mf-classification/versions/1-None-None] PASSED [ 42%]
tensorflow/test_tf_convert_model.py::TestTFHubConvertModel::test_convert_model_all_models[CPU-talkheads_ggelu_bert_en_large-https://www.kaggle.com/models/tensorflow/talkheads-ggelu-bert-en/frameworks/tensorFlow2/variations/large/versions/2-None-None] PASSED [ 42%]
tensorflow/test_tf_convert_model.py::TestTFHubConvertModel::test_convert_model_all_models[CPU-imagenet/efficientnet_v2_imagenet1k_m/classification-https://www.kaggle.com/models/google/efficientnet-v2/frameworks/tensorFlow2/variations/imagenet1k-m-classification/versions/2-None-None] PASSED [ 42%]
tensorflow/test_tf_convert_model.py::TestTFHubConvertModel::test_convert_model_all_models[CPU-HRNet/coco-hrnetv2-w48-https://www.kaggle.com/models/google/hrnet/frameworks/tensorFlow2/variations/hrnet-coco-hrnetv2-w48/versions/1-skip-120721 AssertionError No signatures for a model] SKIPPED [ 42%]
tensorflow/test_tf_convert_model.py::TestTFHubConvertModel::test_convert_model_all_models[CPU-imagenet/mobilenet_v2_050_192/feature_vector-https://www.kaggle.com/models/google/mobilenet-v2/frameworks/tensorFlow2/variations/050-192-feature-vector/versions/2-None-None] PASSED [ 42%]
tensorflow/test_tf_convert_model.py::TestTFHubConvertModel::test_convert_model_all_models[CPU-imagenet/mobilenet_v1_050_128/feature_vector-https://www.kaggle.com/models/google/mobilenet-v1/frameworks/tensorFlow2/variations/050-128-feature-vector/versions/2-None-None] PASSED [ 42%]
tensorflow/test_tf_convert_model.py::TestTFHubConvertModel::test_convert_model_all_models[CPU-experts/bert/pubmed/squad2-https://www.kaggle.com/models/google/experts-bert/frameworks/tensorFlow2/variations/pubmed-squad2/versions/2-None-None] PASSED [ 42%]
tensorflow/test_tf_convert_model.py::TestTFHubConvertModel::test_convert_model_all_models[CPU-german-mbmelgan-https://www.kaggle.com/models/myusufs/german-mbmelgan/frameworks/tensorFlow2/variations/german-mbmelgan/versions/1-skip-120720 InvalidArgumentError Graph execution error] SKIPPED [ 42%]
tensorflow/test_tf_convert_model.py::TestTFHubConvertModel::test_convert_model_all_models[CPU-supcon/resnet_v1_101/imagenet/classification-https://www.kaggle.com/models/google/resnet-v1/frameworks/tensorFlow1/variations/101-imagenet-classification/versions/1-None-None] FAILED [ 43%]
tensorflow/test_tf_convert_model.py::TestTFHubConvertModel::test_convert_model_all_models[CPU-wiki40b-lm-fr-https://www.kaggle.com/models/google/wiki40b-lm/frameworks/tensorFlow1/variations/fr/versions/1-None-None] FAILED [ 43%]
tensorflow/test_tf_convert_model.py::TestTFHubConvertModel::test_convert_model_all_models[CPU-bit/m-r101x3/ilsvrc2012_classification-https://www.kaggle.com/models/google/bit/frameworks/tensorFlow2/variations/m-r101x3-ilsvrc2012-classification/versions/1-None-None] FAILED [ 43%]
tensorflow/test_tf_convert_model.py::TestTFHubConvertModel::test_convert_model_all_models[CPU-imagenet/mobilenet_v1_100_160/feature_vector-https://www.kaggle.com/models/google/mobilenet-v1/frameworks/tensorFlow2/variations/100-160-feature-vector/versions/2-None-None] PASSED [ 43%]
tensorflow/test_tf_convert_model.py::TestTFHubConvertModel::test_convert_model_all_models[CPU-imagenet/mobilenet_v2_035_128/classification-https://www.kaggle.com/models/google/mobilenet-v2/frameworks/tensorFlow2/variations/035-128-classification/versions/2-None-None] PASSED [ 43%]
tensorflow/test_tf_convert_model.py::TestTFHubConvertModel::test_convert_model_all_models[CPU-edgetpu/vision/autoseg-edgetpu/fused_argmax/xs-https://www.kaggle.com/models/google/autoseg-edgetpu/frameworks/tensorFlow2/variations/fused-argmax-xs/versions/1-None-None] PASSED [ 43%]
tensorflow/test_tf_convert_model.py::TestTFHubConvertModel::test_convert_model_all_models[CPU-bit/s-r101x1/ilsvrc2012_classification-https://www.kaggle.com/models/google/bit/frameworks/tensorFlow2/variations/s-r101x1-ilsvrc2012-classification/versions/1-None-None] PASSED [ 43%]
tensorflow/test_tf_convert_model.py::TestTFHubConvertModel::test_convert_model_all_models[CPU-german-tacotron2-https://www.kaggle.com/models/myusufs/german-tacotron2/frameworks/tensorFlow2/variations/german-tacotron2/versions/1-None-None] FAILED [ 43%]
tensorflow/test_tf_convert_model.py::TestTFHubConvertModel::test_convert_model_all_models[CPU-convnext_xlarge_21k_224-https://www.kaggle.com/models/spsayakpaul/convnext/frameworks/tensorFlow2/variations/xlarge-21k-224/versions/1-None-None] PASSED [ 43%]
tensorflow/test_tf_convert_model.py::TestTFHubConvertModel::test_convert_model_all_models[CPU-gtr/gtr-large-https://www.kaggle.com/models/google/gtr/frameworks/tensorFlow2/variations/gtr-large/versions/1-None-None] FAILED [ 44%]
tensorflow/test_tf_convert_model.py::TestTFHubConvertModel::test_convert_model_all_models[CPU-AraBERT-https://www.kaggle.com/models/kaggle/arabert/frameworks/tensorFlow2/variations/arabert/versions/1-None-None] PASSED [ 44%]
tensorflow/test_tf_convert_model.py::TestTFHubConvertModel::test_convert_model_all_models[CPU-trillsson1-https://www.kaggle.com/models/google/trillsson/frameworks/tensorFlow2/variations/1/versions/1-None-None] FAILED [ 44%]
tensorflow/test_tf_convert_model.py::TestTFHubConvertModel::test_convert_model_all_models[CPU-imagenet/mobilenet_v1_050_128/classification-https://www.kaggle.com/models/google/mobilenet-v1/frameworks/tensorFlow2/variations/050-128-classification/versions/2-None-None] PASSED [ 44%]
tensorflow/test_tf_convert_model.py::TestTFHubConvertModel::test_convert_model_all_models[CPU-tf2-preview/nnlm-de-dim50-with-normalization-https://www.kaggle.com/models/google/nnlm/frameworks/tensorFlow2/variations/tf2-preview-de-dim50-with-normalization/versions/1-skip-120721 AssertionError No signatures for a model] SKIPPED [ 44%]
tensorflow/test_tf_convert_model.py::TestTFHubConvertModel::test_convert_model_all_models[CPU-imagenet/mobilenet_v1_100_192/feature_vector-https://www.kaggle.com/models/google/mobilenet-v1/frameworks/tensorFlow2/variations/100-192-feature-vector/versions/2-None-None] PASSED [ 44%]
tensorflow/test_tf_convert_model.py::TestTFHubConvertModel::test_convert_model_all_models[CPU-efficientnet/b6/classification-https://www.kaggle.com/models/tensorflow/efficientnet/frameworks/tensorFlow2/variations/b6-classification/versions/1-None-None] PASSED [ 44%]
tensorflow/test_tf_convert_model.py::TestTFHubConvertModel::test_convert_model_all_models[CPU-vit_b8_classification-https://www.kaggle.com/models/spsayakpaul/vision-transformer/frameworks/tensorFlow2/variations/vit-b8-classification/versions/1-xfail-118324 unsupported operation XlaGather] XFAIL [ 44%]
tensorflow/test_tf_convert_model.py::TestTFHubConvertModel::test_convert_model_all_models[CPU-universal-sentence-encoder-xling/en-es-https://www.kaggle.com/models/google/universal-sentence-encoder/frameworks/tensorFlow1/variations/xling-en-es/versions/1-None-None] FAILED [ 44%]
tensorflow/test_tf_convert_model.py::TestTFHubConvertModel::test_convert_model_all_models[CPU-mil-nce/i3d-https://www.kaggle.com/models/deepmind/mil-nce/frameworks/tensorFlow1/variations/i3d/versions/1-xfail-127962 129654 128996 unsupported operations LookupTableFindV2 StringLower StringSplitV2] XFAIL [ 44%]
tensorflow/test_tf_convert_model.py::TestTFHubConvertModel::test_convert_model_all_models[CPU-vit_l16_fe-https://www.kaggle.com/models/spsayakpaul/vision-transformer/frameworks/tensorFlow2/variations/vit-l16-fe/versions/1-xfail-118324 unsupported operation XlaGather] XFAIL [ 45%]
tensorflow/test_tf_convert_model.py::TestTFHubConvertModel::test_convert_model_all_models[CPU-nonsemantic-speech-benchmark/frill-nofrontend-https://www.kaggle.com/models/google/nonsemantic-speech-benchmark/frameworks/tensorFlow2/variations/frill-nofrontend/versions/1-None-None] PASSED [ 45%]
tensorflow/test_tf_convert_model.py::TestTFHubConvertModel::test_convert_model_all_models[CPU-vit_r50_l32_fe-https://www.kaggle.com/models/spsayakpaul/vision-transformer/frameworks/tensorFlow2/variations/vit-r50-l32-fe/versions/1-xfail-118324 118325 unsupported operation XlaGather XlaReduceWindow] XFAIL [ 45%]
tensorflow/test_tf_convert_model.py::TestTFHubConvertModel::test_convert_model_all_models[CPU-imagenet/efficientnet_v2_imagenet21k_ft1k_b2/feature_vector-https://www.kaggle.com/models/google/efficientnet-v2/frameworks/tensorFlow2/variations/imagenet21k-ft1k-b2-feature-vector/versions/1-None-None] FAILED [ 45%]
tensorflow/test_tf_convert_model.py::TestTFHubConvertModel::test_convert_model_all_models[CPU-remote_sensing/so2sat-resnet50-https://www.kaggle.com/models/google/resnet50/frameworks/tensorFlow1/variations/remote-sensing-so2sat-resnet50/versions/1-None-None] FAILED [ 45%]
tensorflow/test_tf_convert_model.py::TestTFHubConvertModel::test_convert_model_all_models[CPU-imagenet/efficientnet_v2_imagenet21k_ft1k_b3/classification-https://www.kaggle.com/models/google/efficientnet-v2/frameworks/tensorFlow2/variations/imagenet21k-ft1k-b3-classification/versions/1-None-None] PASSED [ 45%]
tensorflow/test_tf_convert_model.py::TestTFHubConvertModel::test_convert_model_all_models[CPU-experts/bit/r50x1/in21k/spermatophyte-https://www.kaggle.com/models/google/experts-bit/frameworks/tensorFlow2/variations/r50x1-in21k-spermatophyte/versions/1-None-None] PASSED [ 45%]
tensorflow/test_tf_convert_model.py::TestTFHubConvertModel::test_convert_model_all_models[CPU-uncond-biggan-https://www.kaggle.com/models/vtab/uncond-biggan/frameworks/tensorFlow1/variations/uncond-biggan/versions/1-None-None] FAILED [ 45%]
tensorflow/test_tf_convert_model.py::TestTFHubConvertModel::test_convert_model_all_models[CPU-imagenet/efficientnet_v2_imagenet21k_ft1k_l/classification-https://www.kaggle.com/models/google/efficientnet-v2/frameworks/tensorFlow2/variations/imagenet21k-ft1k-l-classification/versions/2-None-None] PASSED [ 45%]
tensorflow/test_tf_convert_model.py::TestTFHubConvertModel::test_convert_model_all_models[CPU-tiny_video_net/tvn3-https://www.kaggle.com/models/google/tiny-video-net/frameworks/tensorFlow1/variations/tvn3/versions/1-skip-128817 Model references undeclared parameters] SKIPPED [ 45%]
tensorflow/test_tf_convert_model.py::TestTFHubConvertModel::test_convert_model_all_models[CPU-imagenet/mobilenet_v2_035_192/classification-https://www.kaggle.com/models/google/mobilenet-v2/frameworks/tensorFlow2/variations/035-192-classification/versions/2-None-None] PASSED [ 46%]
tensorflow/test_tf_convert_model.py::TestTFHubConvertModel::test_convert_model_all_models[CPU-tf2-preview/nnlm-ko-dim50-https://www.kaggle.com/models/google/nnlm/frameworks/tensorFlow2/variations/tf2-preview-ko-dim50/versions/1-skip-120721 AssertionError No signatures for a model] SKIPPED [ 46%]
tensorflow/test_tf_convert_model.py::TestTFHubConvertModel::test_convert_model_all_models[CPU-imagenet/mobilenet_v2_035_160/classification-https://www.kaggle.com/models/google/mobilenet-v2/frameworks/tensorFlow2/variations/035-160-classification/versions/2-None-None] PASSED [ 46%]
tensorflow/test_tf_convert_model.py::TestTFHubConvertModel::test_convert_model_all_models[CPU-small_bert/bert_uncased_L-4_H-128_A-2-https://www.kaggle.com/models/google/bert/frameworks/tensorFlow1/variations/bert-uncased-l-4-h-128-a-2/versions/2-skip-129153 TimeoutError or killed with a signal 11] SKIPPED [ 46%]
tensorflow/test_tf_convert_model.py::TestTFHubConvertModel::test_convert_model_all_models[CPU-bit/m-r101x1/imagenet21k_classification-https://www.kaggle.com/models/google/bit/frameworks/tensorFlow2/variations/m-r101x1-imagenet21k-classification/versions/1-None-None] PASSED [ 46%]
tensorflow/test_tf_convert_model.py::TestTFHubConvertModel::test_convert_model_all_models[CPU-efficientnet/b3/classification-https://www.kaggle.com/models/google/efficientnet/frameworks/tensorFlow1/variations/b3-classification/versions/1-None-None] PASSED [ 46%]
tensorflow/test_tf_convert_model.py::TestTFHubConvertModel::test_convert_model_all_models[CPU-imagenet/efficientnet_v2_imagenet1k_b2/classification-https://www.kaggle.com/models/google/efficientnet-v2/frameworks/tensorFlow2/variations/imagenet1k-b2-classification/versions/2-None-None] PASSED [ 46%]
tensorflow/test_tf_convert_model.py::TestTFHubConvertModel::test_convert_model_all_models[CPU-wav2vec2-xlsr-53-https://www.kaggle.com/models/kaggle/wav2vec2/frameworks/tensorFlow2/variations/xlsr-53/versions/1-None-None] PASSED [ 46%]
tensorflow/test_tf_convert_model.py::TestTFHubConvertModel::test_convert_model_all_models[CPU-unet/industrial/class_10-https://tfhub.dev/nvidia/unet/industrial/class_10/1-skip-Model is not available] SKIPPED [ 46%]
tensorflow/test_tf_convert_model.py::TestTFHubConvertModel::test_convert_model_all_models[CPU-movinet/a5/stream/kinetics-600/classification-https://www.kaggle.com/models/google/movinet/frameworks/tensorFlow2/variations/a5-stream-kinetics-600-classification/versions/2-None-None] FAILED [ 47%]
tensorflow/test_tf_convert_model.py::TestTFHubConvertModel::test_convert_model_all_models[CPU-vit_r26_s32_lightaug_fe-https://www.kaggle.com/models/spsayakpaul/vision-transformer/frameworks/tensorFlow2/variations/vit-r26-s32-lightaug-fe/versions/1-None-None] FAILED [ 47%]
tensorflow/test_tf_convert_model.py::TestTFHubConvertModel::test_convert_model_all_models[CPU-mmt/architecture_image-q-24-https://www.kaggle.com/models/deepmind/mmt/frameworks/tensorFlow1/variations/architecture-image-q-24/versions/1-None-None] FAILED [ 47%]
tensorflow/test_tf_convert_model.py::TestTFHubConvertModel::test_convert_model_all_models[CPU-wiki40b-lm-nl-https://www.kaggle.com/models/google/wiki40b-lm/frameworks/tensorFlow1/variations/nl/versions/1-None-None] FAILED [ 47%]
tensorflow/test_tf_convert_model.py::TestTFHubConvertModel::test_convert_model_all_models[CPU-imagenet/efficientnet_v2_imagenet21k_m/classification-https://www.kaggle.com/models/google/efficientnet-v2/frameworks/tensorFlow2/variations/imagenet21k-m-classification/versions/2-None-None] PASSED [ 47%]
tensorflow/test_tf_convert_model.py::TestTFHubConvertModel::test_convert_model_all_models[CPU-tf2-preview/nnlm-zh-dim50-https://www.kaggle.com/models/google/nnlm/frameworks/tensorFlow2/variations/tf2-preview-zh-dim50/versions/1-skip-120721 AssertionError No signatures for a model] SKIPPED [ 47%]
tensorflow/test_tf_convert_model.py::TestTFHubConvertModel::test_convert_model_all_models[CPU-edgetpu/vision/deeplab-edgetpu/fused_argmax/s-https://www.kaggle.com/models/google/deeplab-edgetpu/frameworks/tensorFlow2/variations/fused-argmax-s/versions/1-None-None] PASSED [ 47%]
tensorflow/test_tf_convert_model.py::TestTFHubConvertModel::test_convert_model_all_models[CPU-compare_gan/model_9_celebahq128_resnet19-https://www.kaggle.com/models/google/compare-gan/frameworks/tensorFlow1/variations/model-9-celebahq128-resnet19/versions/1-skip-128817 Model references undeclared parameters] SKIPPED [ 47%]
tensorflow/test_tf_convert_model.py::TestTFHubConvertModel::test_convert_model_all_models[CPU-tf2-preview/nnlm-zh-dim128-https://www.kaggle.com/models/google/nnlm/frameworks/tensorFlow2/variations/tf2-preview-zh-dim128/versions/1-skip-120721 AssertionError No signatures for a model] SKIPPED [ 47%]
tensorflow/test_tf_convert_model.py::TestTFHubConvertModel::test_convert_model_all_models[CPU-imagenet/mobilenet_v1_025_160/feature_vector-https://www.kaggle.com/models/google/mobilenet-v1/frameworks/tensorFlow2/variations/025-160-feature-vector/versions/2-None-None] PASSED [ 47%]
tensorflow/test_tf_convert_model.py::TestTFHubConvertModel::test_convert_model_all_models[CPU-tweening_conv3d_kth-https://www.kaggle.com/models/google/tweening-conv3d/frameworks/tensorFlow1/variations/kth/versions/1-skip-128817 Model references undeclared parameters] SKIPPED [ 48%]
tensorflow/test_tf_convert_model.py::TestTFHubConvertModel::test_convert_model_all_models[CPU-imagenet/efficientnet_v2_imagenet1k_b1/classification-https://www.kaggle.com/models/google/efficientnet-v2/frameworks/tensorFlow2/variations/imagenet1k-b1-classification/versions/2-None-None] PASSED [ 48%]
tensorflow/test_tf_convert_model.py::TestTFHubConvertModel::test_convert_model_all_models[CPU-edgetpu/vision/autoseg-edgetpu/default_argmax/s-https://www.kaggle.com/models/google/autoseg-edgetpu/frameworks/tensorFlow2/variations/default-argmax-s/versions/1-skip-128695 Inference results mismatch] SKIPPED [ 48%]
tensorflow/test_tf_convert_model.py::TestTFHubConvertModel::test_convert_model_all_models[CPU-LAReQA/mBERT_X_X_mono-https://www.kaggle.com/models/google/lareqa/frameworks/tensorFlow1/variations/mbert-x-x-mono/versions/1-None-None] FAILED [ 48%]
tensorflow/test_tf_convert_model.py::TestTFHubConvertModel::test_convert_model_all_models[CPU-experts/bit/r50x1/in21k/object-https://www.kaggle.com/models/google/experts-bit/frameworks/tensorFlow2/variations/r50x1-in21k-object/versions/1-None-None] PASSED [ 48%]
tensorflow/test_tf_convert_model.py::TestTFHubConvertModel::test_convert_model_all_models[CPU-small_bert/bert_en_uncased_L-10_H-256_A-4-https://www.kaggle.com/models/tensorflow/bert/frameworks/tensorFlow2/variations/bert-en-uncased-l-10-h-256-a-4/versions/2-None-None] PASSED [ 48%]
tensorflow/test_tf_convert_model.py::TestTFHubConvertModel::test_convert_model_all_models[CPU-supcon/resnet_v1_200/imagenet/classification-https://www.kaggle.com/models/google/resnet-v1/frameworks/tensorFlow1/variations/200-imagenet-classification/versions/1-None-None] FAILED [ 48%]
tensorflow/test_tf_convert_model.py::TestTFHubConvertModel::test_convert_model_all_models[CPU-small_bert/bert_uncased_L-6_H-128_A-2-https://www.kaggle.com/models/google/bert/frameworks/tensorFlow1/variations/bert-uncased-l-6-h-128-a-2/versions/2-skip-129153 TimeoutError or killed with a signal 11] SKIPPED [ 48%]
tensorflow/test_tf_convert_model.py::TestTFHubConvertModel::test_convert_model_all_models[CPU-tf2-preview/nnlm-ja-dim50-https://www.kaggle.com/models/google/nnlm/frameworks/tensorFlow2/variations/tf2-preview-ja-dim50/versions/1-skip-120721 AssertionError No signatures for a model] SKIPPED [ 48%]
tensorflow/test_tf_convert_model.py::TestTFHubConvertModel::test_convert_model_all_models[CPU-nnlm-ko-dim50-https://www.kaggle.com/models/google/nnlm/frameworks/tensorFlow2/variations/ko-dim50/versions/1-skip-120721 AssertionError No signatures for a model] SKIPPED [ 48%]
tensorflow/test_tf_convert_model.py::TestTFHubConvertModel::test_convert_model_all_models[CPU-compare_gan/model_12_cifar10_resnet_cifar-https://www.kaggle.com/models/google/compare-gan/frameworks/tensorFlow1/variations/model-12-cifar10-resnet-cifar/versions/1-skip-128817 Model references undeclared parameters] SKIPPED [ 49%]
tensorflow/test_tf_convert_model.py::TestTFHubConvertModel::test_convert_model_all_models[CPU-spiral/default-fluid-gansn-celebahq64-gen-19steps-https://www.kaggle.com/models/deepmind/spiral/frameworks/tensorFlow1/variations/default-fluid-gansn-celebahq64-gen-19steps/versions/1-None-None] FAILED [ 49%]
tensorflow/test_tf_convert_model.py::TestTFHubConvertModel::test_convert_model_all_models[CPU-compare_gan/s3gan_5_128x128-https://www.kaggle.com/models/google/compare-gan/frameworks/tensorFlow1/variations/s3gan-5-128x128/versions/1-None-None] PASSED [ 49%]
tensorflow/test_tf_convert_model.py::TestTFHubConvertModel::test_convert_model_all_models[CPU-convnext_base_1k_224_fe-https://www.kaggle.com/models/spsayakpaul/convnext/frameworks/tensorFlow2/variations/base-1k-224-fe/versions/1-None-None] PASSED [ 49%]
tensorflow/test_tf_convert_model.py::TestTFHubConvertModel::test_convert_model_all_models[CPU-convnext_base_1k_384-https://www.kaggle.com/models/spsayakpaul/convnext/frameworks/tensorFlow2/variations/base-1k-384/versions/1-None-None] PASSED [ 49%]
tensorflow/test_tf_convert_model.py::TestTFHubConvertModel::test_convert_model_all_models[CPU-edgetpu/vision/mobilenet-edgetpu-v2/l-https://www.kaggle.com/models/google/mobilenet-edgetpu-v2/frameworks/tensorFlow2/variations/l/versions/1-None-None] PASSED [ 49%]
tensorflow/test_tf_convert_model.py::TestTFHubConvertModel::test_convert_model_all_models[CPU-small_bert/bert_uncased_L-4_H-512_A-8-https://www.kaggle.com/models/google/bert/frameworks/tensorFlow1/variations/bert-uncased-l-4-h-512-a-8/versions/2-skip-129153 TimeoutError or killed with a signal 11] SKIPPED [ 49%]
tensorflow/test_tf_convert_model.py::TestTFHubConvertModel::test_convert_model_all_models[CPU-experts/bit/r50x1/in21k/flower-https://www.kaggle.com/models/google/experts-bit/frameworks/tensorFlow2/variations/r50x1-in21k-flower/versions/1-None-None] PASSED [ 49%]
tensorflow/test_tf_convert_model.py::TestTFHubConvertModel::test_convert_model_all_models[CPU-distill_bit_r50x1_160_feature_extraction-https://www.kaggle.com/models/spsayakpaul/bit-resnet/frameworks/tensorFlow2/variations/distill-bit-r50x1-160-feature-extraction/versions/1-None-None] 