<?xml version="1.0" encoding="utf-8"?><testsuites><testsuite name="pytest" errors="0" failures="157" skipped="0" tests="180" time="54.388" timestamp="2024-01-25T15:18:48.504468" hostname="chaitanyasai-HP-ProBook-440-G5"><testcase classname="tensorflow_lite_tests.dummy.test_tfl_BatchToSpaceND.TestTFLiteBatchToSpaceNDLayerTest" name="test_batch_to_space_nd[ ie_device:CPU - precision:FP16 - params:{'shape': [5, 8, 6, 10], 'block_shape': [2, 5], 'crops': [[2, 3], [2, 1]]} ]" time="0.026"><failure message="ValueError: Dimension size must be evenly divisible by 2 but is 5 for '{{node BatchToSpaceND}} = BatchToSpaceND[T=DT_FLOAT, Tblock_shape=DT_INT32, Tcrops=DT_INT32](Input, BatchToSpaceND/block_shape, BatchToSpaceND/crops)' with input shapes: [5,8,6,10], [2], [2,2] and with computed input tensors: input[1] = &lt;2 5&gt;, input[2] = &lt;[2 3][2 1]&gt;.">self = &lt;test_tfl_BatchToSpaceND.TestTFLiteBatchToSpaceNDLayerTest object at 0x7fbd44a85ff0&gt;
params = {'block_shape': [2, 5], 'crops': [[2, 3], [2, 1]], 'shape': [5, 8, 6, 10]}
ie_device = 'CPU', precision = 'FP16'
temp_dir = '/home/chaitanyasai/Desktop/G_Soc/openvino/tests/layer_tests/common/out/CPU_test_batch_to_space_ndx3i531gi'

    @pytest.mark.parametrize("params", test_params)
    @pytest.mark.nightly
    def test_batch_to_space_nd(self, params, ie_device, precision, temp_dir):
&gt;       self._test(ie_device, precision, temp_dir, params)

tests/layer_tests/tensorflow_lite_tests/dummy/test_tfl_BatchToSpaceND.py:32: 
_ _ _ _ _ _ _ _ _ _ _ _ _ _ _ _ _ _ _ _ _ _ _ _ _ _ _ _ _ _ _ _ _ _ _ _ _ _ _ _ 
tests/layer_tests/common/tflite_layer_test_class.py:77: in _test
    model = self.make_model(params)
tests/layer_tests/tensorflow_lite_tests/dummy/test_tfl_BatchToSpaceND.py:24: in make_model
    tf.batch_to_space(place_holder, params['block_shape'], params['crops'],
../../../.local/lib/python3.10/site-packages/tensorflow/python/util/traceback_utils.py:153: in error_handler
    raise e.with_traceback(filtered_tb) from None
_ _ _ _ _ _ _ _ _ _ _ _ _ _ _ _ _ _ _ _ _ _ _ _ _ _ _ _ _ _ _ _ _ _ _ _ _ _ _ _ 

graph = &lt;tensorflow.python.framework.ops.Graph object at 0x7fbd93c79990&gt;
node_def = name: "BatchToSpaceND"
op: "BatchToSpaceND"
attr {
  key: "T"
  value {
    type: DT_FLOAT
  }
}
attr {
  key: "Tcrops"
  value {
    type: DT_INT32
  }
}
attr {
  key: "Tblock_shape"
  value {
    type: DT_INT32
  }
}

inputs = [&lt;tf.Tensor 'Input:0' shape=(5, 8, 6, 10) dtype=float32&gt;, &lt;tf.Tensor 'BatchToSpaceND/block_shape:0' shape=(2,) dtype=int32&gt;, &lt;tf.Tensor 'BatchToSpaceND/crops:0' shape=(2, 2) dtype=int32&gt;]
control_inputs = []
op_def = name: "BatchToSpaceND"
input_arg {
  name: "input"
  type_attr: "T"
}
input_arg {
  name: "block_shape"
  type_attr: "...ult_value {
    type: DT_INT32
  }
  allowed_values {
    list {
      type: DT_INT32
      type: DT_INT64
    }
  }
}

extract_traceback = True

    @tf_export("__internal__.create_c_op", v1=[])
    @traceback_utils.filter_traceback
    def _create_c_op(graph,
                     node_def,
                     inputs,
                     control_inputs,
                     op_def=None,
                     extract_traceback=True):
      """Creates a TF_Operation.
    
      Args:
        graph: a `Graph`.
        node_def: `node_def_pb2.NodeDef` for the operation to create.
        inputs: A flattened list of `Tensor`s. This function handles grouping
          tensors into lists as per attributes in the `node_def`.
        control_inputs: A list of `Operation`s to set as control dependencies.
        op_def: Optional. `op_def_pb2.OpDef` for the operation to create. If not
          specified, is looked up from the `graph` using `node_def.op`.
        extract_traceback: if True, extract the current Python traceback to the
          TF_Operation.
    
      Returns:
        A wrapped TF_Operation*.
      """
      if op_def is None:
        op_def = graph.op_def_for_type(node_def.op)  # pylint: disable=protected-access
      # TODO(skyewm): op_def_library.apply_op() flattens the incoming inputs.
      # Refactor so we don't have to do this here.
      inputs = _reconstruct_sequence_inputs(op_def, inputs, node_def.attr)
      # pylint: disable=protected-access
      with graph._c_graph.get() as c_graph:
        op_desc = pywrap_tf_session.TF_NewOperation(c_graph,
                                                    compat.as_str(node_def.op),
                                                    compat.as_str(node_def.name))
      if node_def.device:
        pywrap_tf_session.TF_SetDevice(op_desc, compat.as_str(node_def.device))
      # Add inputs
      for op_input in inputs:
        if isinstance(op_input, (list, tuple)):
          pywrap_tf_session.TF_AddInputList(op_desc,
                                            [t._as_tf_output() for t in op_input])
        else:
          pywrap_tf_session.TF_AddInput(op_desc, op_input._as_tf_output())
    
      # Add control inputs
      for control_input in control_inputs:
        pywrap_tf_session.TF_AddControlInput(op_desc, control_input._c_op)
      # pylint: enable=protected-access
    
      # Add attrs
      for name, attr_value in node_def.attr.items():
        serialized = attr_value.SerializeToString()
        # TODO(skyewm): this creates and deletes a new TF_Status for every attr.
        # It might be worth creating a convenient way to re-use the same status.
        pywrap_tf_session.TF_SetAttrValueProto(op_desc, compat.as_str(name),
                                               serialized)
    
      try:
        c_op = pywrap_tf_session.TF_FinishOperation(op_desc)
      except errors.InvalidArgumentError as e:
        # Convert to ValueError for backwards compatibility.
&gt;       raise ValueError(e.message)
E       ValueError: Dimension size must be evenly divisible by 2 but is 5 for '{{node BatchToSpaceND}} = BatchToSpaceND[T=DT_FLOAT, Tblock_shape=DT_INT32, Tcrops=DT_INT32](Input, BatchToSpaceND/block_shape, BatchToSpaceND/crops)' with input shapes: [5,8,6,10], [2], [2,2] and with computed input tensors: input[1] = &lt;2 5&gt;, input[2] = &lt;[2 3][2 1]&gt;.

../../../.local/lib/python3.10/site-packages/tensorflow/python/framework/ops.py:1020: ValueError</failure></testcase><testcase classname="tensorflow_lite_tests.dummy.test_tfl_BatchToSpaceND.TestTFLiteBatchToSpaceNDLayerTest" name="test_batch_to_space_nd[ ie_device:CPU - precision:FP16 - params:{'shape': [5, 8, 6, 10], 'block_shape': [2, 5], 'crops': [[2, 3], [2, 1]]} ]" time="0.029"><failure message="ValueError: Dimension size must be evenly divisible by 2 but is 5 for '{{node BatchToSpaceND}} = BatchToSpaceND[T=DT_FLOAT, Tblock_shape=DT_INT32, Tcrops=DT_INT32](Input, BatchToSpaceND/block_shape, BatchToSpaceND/crops)' with input shapes: [5,8,6,10], [2], [2,2] and with computed input tensors: input[1] = &lt;2 5&gt;, input[2] = &lt;[2 3][2 1]&gt;.">self = &lt;test_tfl_BatchToSpaceND.TestTFLiteBatchToSpaceNDLayerTest object at 0x7f41edb7e020&gt;
params = {'block_shape': [2, 5], 'crops': [[2, 3], [2, 1]], 'shape': [5, 8, 6, 10]}
ie_device = 'CPU', precision = 'FP16'
temp_dir = '/home/chaitanyasai/Desktop/G_Soc/openvino/tests/layer_tests/common/out/CPU_test_batch_to_space_nd9i57ngjt'

    @pytest.mark.parametrize("params", test_params)
    @pytest.mark.nightly
    def test_batch_to_space_nd(self, params, ie_device, precision, temp_dir):
&gt;       self._test(ie_device, precision, temp_dir, params)

tests/layer_tests/tensorflow_lite_tests/dummy/test_tfl_BatchToSpaceND.py:32: 
_ _ _ _ _ _ _ _ _ _ _ _ _ _ _ _ _ _ _ _ _ _ _ _ _ _ _ _ _ _ _ _ _ _ _ _ _ _ _ _ 
tests/layer_tests/common/tflite_layer_test_class.py:77: in _test
    model = self.make_model(params)
tests/layer_tests/tensorflow_lite_tests/dummy/test_tfl_BatchToSpaceND.py:24: in make_model
    tf.batch_to_space(place_holder, params['block_shape'], params['crops'],
../../../.local/lib/python3.10/site-packages/tensorflow/python/util/traceback_utils.py:153: in error_handler
    raise e.with_traceback(filtered_tb) from None
_ _ _ _ _ _ _ _ _ _ _ _ _ _ _ _ _ _ _ _ _ _ _ _ _ _ _ _ _ _ _ _ _ _ _ _ _ _ _ _ 

graph = &lt;tensorflow.python.framework.ops.Graph object at 0x7f423cc85990&gt;
node_def = name: "BatchToSpaceND"
op: "BatchToSpaceND"
attr {
  key: "T"
  value {
    type: DT_FLOAT
  }
}
attr {
  key: "Tcrops"
  value {
    type: DT_INT32
  }
}
attr {
  key: "Tblock_shape"
  value {
    type: DT_INT32
  }
}

inputs = [&lt;tf.Tensor 'Input:0' shape=(5, 8, 6, 10) dtype=float32&gt;, &lt;tf.Tensor 'BatchToSpaceND/block_shape:0' shape=(2,) dtype=int32&gt;, &lt;tf.Tensor 'BatchToSpaceND/crops:0' shape=(2, 2) dtype=int32&gt;]
control_inputs = []
op_def = name: "BatchToSpaceND"
input_arg {
  name: "input"
  type_attr: "T"
}
input_arg {
  name: "block_shape"
  type_attr: "...ult_value {
    type: DT_INT32
  }
  allowed_values {
    list {
      type: DT_INT32
      type: DT_INT64
    }
  }
}

extract_traceback = True

    @tf_export("__internal__.create_c_op", v1=[])
    @traceback_utils.filter_traceback
    def _create_c_op(graph,
                     node_def,
                     inputs,
                     control_inputs,
                     op_def=None,
                     extract_traceback=True):
      """Creates a TF_Operation.
    
      Args:
        graph: a `Graph`.
        node_def: `node_def_pb2.NodeDef` for the operation to create.
        inputs: A flattened list of `Tensor`s. This function handles grouping
          tensors into lists as per attributes in the `node_def`.
        control_inputs: A list of `Operation`s to set as control dependencies.
        op_def: Optional. `op_def_pb2.OpDef` for the operation to create. If not
          specified, is looked up from the `graph` using `node_def.op`.
        extract_traceback: if True, extract the current Python traceback to the
          TF_Operation.
    
      Returns:
        A wrapped TF_Operation*.
      """
      if op_def is None:
        op_def = graph.op_def_for_type(node_def.op)  # pylint: disable=protected-access
      # TODO(skyewm): op_def_library.apply_op() flattens the incoming inputs.
      # Refactor so we don't have to do this here.
      inputs = _reconstruct_sequence_inputs(op_def, inputs, node_def.attr)
      # pylint: disable=protected-access
      with graph._c_graph.get() as c_graph:
        op_desc = pywrap_tf_session.TF_NewOperation(c_graph,
                                                    compat.as_str(node_def.op),
                                                    compat.as_str(node_def.name))
      if node_def.device:
        pywrap_tf_session.TF_SetDevice(op_desc, compat.as_str(node_def.device))
      # Add inputs
      for op_input in inputs:
        if isinstance(op_input, (list, tuple)):
          pywrap_tf_session.TF_AddInputList(op_desc,
                                            [t._as_tf_output() for t in op_input])
        else:
          pywrap_tf_session.TF_AddInput(op_desc, op_input._as_tf_output())
    
      # Add control inputs
      for control_input in control_inputs:
        pywrap_tf_session.TF_AddControlInput(op_desc, control_input._c_op)
      # pylint: enable=protected-access
    
      # Add attrs
      for name, attr_value in node_def.attr.items():
        serialized = attr_value.SerializeToString()
        # TODO(skyewm): this creates and deletes a new TF_Status for every attr.
        # It might be worth creating a convenient way to re-use the same status.
        pywrap_tf_session.TF_SetAttrValueProto(op_desc, compat.as_str(name),
                                               serialized)
    
      try:
        c_op = pywrap_tf_session.TF_FinishOperation(op_desc)
      except errors.InvalidArgumentError as e:
        # Convert to ValueError for backwards compatibility.
&gt;       raise ValueError(e.message)
E       ValueError: Dimension size must be evenly divisible by 2 but is 5 for '{{node BatchToSpaceND}} = BatchToSpaceND[T=DT_FLOAT, Tblock_shape=DT_INT32, Tcrops=DT_INT32](Input, BatchToSpaceND/block_shape, BatchToSpaceND/crops)' with input shapes: [5,8,6,10], [2], [2,2] and with computed input tensors: input[1] = &lt;2 5&gt;, input[2] = &lt;[2 3][2 1]&gt;.

../../../.local/lib/python3.10/site-packages/tensorflow/python/framework/ops.py:1020: ValueError</failure></testcase><testcase classname="tensorflow_lite_tests.dummy.test_tfl_BatchToSpaceND.TestTFLiteBatchToSpaceNDLayerTest" name="test_batch_to_space_nd[ ie_device:CPU - precision:FP16 - params:{'shape': [5, 8, 6, 10], 'block_shape': [2, 5], 'crops': [[2, 3], [2, 1]]} ]" time="0.030"><failure message="ValueError: Dimension size must be evenly divisible by 2 but is 5 for '{{node BatchToSpaceND}} = BatchToSpaceND[T=DT_FLOAT, Tblock_shape=DT_INT32, Tcrops=DT_INT32](Input, BatchToSpaceND/block_shape, BatchToSpaceND/crops)' with input shapes: [5,8,6,10], [2], [2,2] and with computed input tensors: input[1] = &lt;2 5&gt;, input[2] = &lt;[2 3][2 1]&gt;.">self = &lt;test_tfl_BatchToSpaceND.TestTFLiteBatchToSpaceNDLayerTest object at 0x7ff531cfa080&gt;
params = {'block_shape': [2, 5], 'crops': [[2, 3], [2, 1]], 'shape': [5, 8, 6, 10]}
ie_device = 'CPU', precision = 'FP16'
temp_dir = '/home/chaitanyasai/Desktop/G_Soc/openvino/tests/layer_tests/common/out/CPU_test_batch_to_space_ndena69b2u'

    @pytest.mark.parametrize("params", test_params)
    @pytest.mark.nightly
    def test_batch_to_space_nd(self, params, ie_device, precision, temp_dir):
&gt;       self._test(ie_device, precision, temp_dir, params)

tests/layer_tests/tensorflow_lite_tests/dummy/test_tfl_BatchToSpaceND.py:32: 
_ _ _ _ _ _ _ _ _ _ _ _ _ _ _ _ _ _ _ _ _ _ _ _ _ _ _ _ _ _ _ _ _ _ _ _ _ _ _ _ 
tests/layer_tests/common/tflite_layer_test_class.py:77: in _test
    model = self.make_model(params)
tests/layer_tests/tensorflow_lite_tests/dummy/test_tfl_BatchToSpaceND.py:24: in make_model
    tf.batch_to_space(place_holder, params['block_shape'], params['crops'],
../../../.local/lib/python3.10/site-packages/tensorflow/python/util/traceback_utils.py:153: in error_handler
    raise e.with_traceback(filtered_tb) from None
_ _ _ _ _ _ _ _ _ _ _ _ _ _ _ _ _ _ _ _ _ _ _ _ _ _ _ _ _ _ _ _ _ _ _ _ _ _ _ _ 

graph = &lt;tensorflow.python.framework.ops.Graph object at 0x7ff581281990&gt;
node_def = name: "BatchToSpaceND"
op: "BatchToSpaceND"
attr {
  key: "T"
  value {
    type: DT_FLOAT
  }
}
attr {
  key: "Tcrops"
  value {
    type: DT_INT32
  }
}
attr {
  key: "Tblock_shape"
  value {
    type: DT_INT32
  }
}

inputs = [&lt;tf.Tensor 'Input:0' shape=(5, 8, 6, 10) dtype=float32&gt;, &lt;tf.Tensor 'BatchToSpaceND/block_shape:0' shape=(2,) dtype=int32&gt;, &lt;tf.Tensor 'BatchToSpaceND/crops:0' shape=(2, 2) dtype=int32&gt;]
control_inputs = []
op_def = name: "BatchToSpaceND"
input_arg {
  name: "input"
  type_attr: "T"
}
input_arg {
  name: "block_shape"
  type_attr: "...ult_value {
    type: DT_INT32
  }
  allowed_values {
    list {
      type: DT_INT32
      type: DT_INT64
    }
  }
}

extract_traceback = True

    @tf_export("__internal__.create_c_op", v1=[])
    @traceback_utils.filter_traceback
    def _create_c_op(graph,
                     node_def,
                     inputs,
                     control_inputs,
                     op_def=None,
                     extract_traceback=True):
      """Creates a TF_Operation.
    
      Args:
        graph: a `Graph`.
        node_def: `node_def_pb2.NodeDef` for the operation to create.
        inputs: A flattened list of `Tensor`s. This function handles grouping
          tensors into lists as per attributes in the `node_def`.
        control_inputs: A list of `Operation`s to set as control dependencies.
        op_def: Optional. `op_def_pb2.OpDef` for the operation to create. If not
          specified, is looked up from the `graph` using `node_def.op`.
        extract_traceback: if True, extract the current Python traceback to the
          TF_Operation.
    
      Returns:
        A wrapped TF_Operation*.
      """
      if op_def is None:
        op_def = graph.op_def_for_type(node_def.op)  # pylint: disable=protected-access
      # TODO(skyewm): op_def_library.apply_op() flattens the incoming inputs.
      # Refactor so we don't have to do this here.
      inputs = _reconstruct_sequence_inputs(op_def, inputs, node_def.attr)
      # pylint: disable=protected-access
      with graph._c_graph.get() as c_graph:
        op_desc = pywrap_tf_session.TF_NewOperation(c_graph,
                                                    compat.as_str(node_def.op),
                                                    compat.as_str(node_def.name))
      if node_def.device:
        pywrap_tf_session.TF_SetDevice(op_desc, compat.as_str(node_def.device))
      # Add inputs
      for op_input in inputs:
        if isinstance(op_input, (list, tuple)):
          pywrap_tf_session.TF_AddInputList(op_desc,
                                            [t._as_tf_output() for t in op_input])
        else:
          pywrap_tf_session.TF_AddInput(op_desc, op_input._as_tf_output())
    
      # Add control inputs
      for control_input in control_inputs:
        pywrap_tf_session.TF_AddControlInput(op_desc, control_input._c_op)
      # pylint: enable=protected-access
    
      # Add attrs
      for name, attr_value in node_def.attr.items():
        serialized = attr_value.SerializeToString()
        # TODO(skyewm): this creates and deletes a new TF_Status for every attr.
        # It might be worth creating a convenient way to re-use the same status.
        pywrap_tf_session.TF_SetAttrValueProto(op_desc, compat.as_str(name),
                                               serialized)
    
      try:
        c_op = pywrap_tf_session.TF_FinishOperation(op_desc)
      except errors.InvalidArgumentError as e:
        # Convert to ValueError for backwards compatibility.
&gt;       raise ValueError(e.message)
E       ValueError: Dimension size must be evenly divisible by 2 but is 5 for '{{node BatchToSpaceND}} = BatchToSpaceND[T=DT_FLOAT, Tblock_shape=DT_INT32, Tcrops=DT_INT32](Input, BatchToSpaceND/block_shape, BatchToSpaceND/crops)' with input shapes: [5,8,6,10], [2], [2,2] and with computed input tensors: input[1] = &lt;2 5&gt;, input[2] = &lt;[2 3][2 1]&gt;.

../../../.local/lib/python3.10/site-packages/tensorflow/python/framework/ops.py:1020: ValueError</failure></testcase><testcase classname="tensorflow_lite_tests.dummy.test_tfl_BatchToSpaceND.TestTFLiteBatchToSpaceNDLayerTest" name="test_batch_to_space_nd[ ie_device:GPU - precision:FP32 - params:{'shape': [20, 9, 18, 23], 'block_shape': [13, 10], 'crops': [[2, 3], [1, 1]]} ]" time="0.012"><failure message="ValueError: Dimension size must be evenly divisible by 13 but is 20 for '{{node BatchToSpaceND}} = BatchToSpaceND[T=DT_FLOAT, Tblock_shape=DT_INT32, Tcrops=DT_INT32](Input, BatchToSpaceND/block_shape, BatchToSpaceND/crops)' with input shapes: [20,9,18,23], [2], [2,2] and with computed input tensors: input[1] = &lt;13 10&gt;, input[2] = &lt;[2 3][1 1]&gt;.">self = &lt;test_tfl_BatchToSpaceND.TestTFLiteBatchToSpaceNDLayerTest object at 0x7fbd44a861a0&gt;
params = {'block_shape': [13, 10], 'crops': [[2, 3], [1, 1]], 'shape': [20, 9, 18, 23]}
ie_device = 'GPU', precision = 'FP32'
temp_dir = '/home/chaitanyasai/Desktop/G_Soc/openvino/tests/layer_tests/common/out/GPU_test_batch_to_space_ndnm7u49k4'

    @pytest.mark.parametrize("params", test_params)
    @pytest.mark.nightly
    def test_batch_to_space_nd(self, params, ie_device, precision, temp_dir):
&gt;       self._test(ie_device, precision, temp_dir, params)

tests/layer_tests/tensorflow_lite_tests/dummy/test_tfl_BatchToSpaceND.py:32: 
_ _ _ _ _ _ _ _ _ _ _ _ _ _ _ _ _ _ _ _ _ _ _ _ _ _ _ _ _ _ _ _ _ _ _ _ _ _ _ _ 
tests/layer_tests/common/tflite_layer_test_class.py:77: in _test
    model = self.make_model(params)
tests/layer_tests/tensorflow_lite_tests/dummy/test_tfl_BatchToSpaceND.py:24: in make_model
    tf.batch_to_space(place_holder, params['block_shape'], params['crops'],
../../../.local/lib/python3.10/site-packages/tensorflow/python/util/traceback_utils.py:153: in error_handler
    raise e.with_traceback(filtered_tb) from None
_ _ _ _ _ _ _ _ _ _ _ _ _ _ _ _ _ _ _ _ _ _ _ _ _ _ _ _ _ _ _ _ _ _ _ _ _ _ _ _ 

graph = &lt;tensorflow.python.framework.ops.Graph object at 0x7fbd44a69870&gt;
node_def = name: "BatchToSpaceND"
op: "BatchToSpaceND"
attr {
  key: "T"
  value {
    type: DT_FLOAT
  }
}
attr {
  key: "Tcrops"
  value {
    type: DT_INT32
  }
}
attr {
  key: "Tblock_shape"
  value {
    type: DT_INT32
  }
}

inputs = [&lt;tf.Tensor 'Input:0' shape=(20, 9, 18, 23) dtype=float32&gt;, &lt;tf.Tensor 'BatchToSpaceND/block_shape:0' shape=(2,) dtype=int32&gt;, &lt;tf.Tensor 'BatchToSpaceND/crops:0' shape=(2, 2) dtype=int32&gt;]
control_inputs = []
op_def = name: "BatchToSpaceND"
input_arg {
  name: "input"
  type_attr: "T"
}
input_arg {
  name: "block_shape"
  type_attr: "...ult_value {
    type: DT_INT32
  }
  allowed_values {
    list {
      type: DT_INT32
      type: DT_INT64
    }
  }
}

extract_traceback = True

    @tf_export("__internal__.create_c_op", v1=[])
    @traceback_utils.filter_traceback
    def _create_c_op(graph,
                     node_def,
                     inputs,
                     control_inputs,
                     op_def=None,
                     extract_traceback=True):
      """Creates a TF_Operation.
    
      Args:
        graph: a `Graph`.
        node_def: `node_def_pb2.NodeDef` for the operation to create.
        inputs: A flattened list of `Tensor`s. This function handles grouping
          tensors into lists as per attributes in the `node_def`.
        control_inputs: A list of `Operation`s to set as control dependencies.
        op_def: Optional. `op_def_pb2.OpDef` for the operation to create. If not
          specified, is looked up from the `graph` using `node_def.op`.
        extract_traceback: if True, extract the current Python traceback to the
          TF_Operation.
    
      Returns:
        A wrapped TF_Operation*.
      """
      if op_def is None:
        op_def = graph.op_def_for_type(node_def.op)  # pylint: disable=protected-access
      # TODO(skyewm): op_def_library.apply_op() flattens the incoming inputs.
      # Refactor so we don't have to do this here.
      inputs = _reconstruct_sequence_inputs(op_def, inputs, node_def.attr)
      # pylint: disable=protected-access
      with graph._c_graph.get() as c_graph:
        op_desc = pywrap_tf_session.TF_NewOperation(c_graph,
                                                    compat.as_str(node_def.op),
                                                    compat.as_str(node_def.name))
      if node_def.device:
        pywrap_tf_session.TF_SetDevice(op_desc, compat.as_str(node_def.device))
      # Add inputs
      for op_input in inputs:
        if isinstance(op_input, (list, tuple)):
          pywrap_tf_session.TF_AddInputList(op_desc,
                                            [t._as_tf_output() for t in op_input])
        else:
          pywrap_tf_session.TF_AddInput(op_desc, op_input._as_tf_output())
    
      # Add control inputs
      for control_input in control_inputs:
        pywrap_tf_session.TF_AddControlInput(op_desc, control_input._c_op)
      # pylint: enable=protected-access
    
      # Add attrs
      for name, attr_value in node_def.attr.items():
        serialized = attr_value.SerializeToString()
        # TODO(skyewm): this creates and deletes a new TF_Status for every attr.
        # It might be worth creating a convenient way to re-use the same status.
        pywrap_tf_session.TF_SetAttrValueProto(op_desc, compat.as_str(name),
                                               serialized)
    
      try:
        c_op = pywrap_tf_session.TF_FinishOperation(op_desc)
      except errors.InvalidArgumentError as e:
        # Convert to ValueError for backwards compatibility.
&gt;       raise ValueError(e.message)
E       ValueError: Dimension size must be evenly divisible by 13 but is 20 for '{{node BatchToSpaceND}} = BatchToSpaceND[T=DT_FLOAT, Tblock_shape=DT_INT32, Tcrops=DT_INT32](Input, BatchToSpaceND/block_shape, BatchToSpaceND/crops)' with input shapes: [20,9,18,23], [2], [2,2] and with computed input tensors: input[1] = &lt;13 10&gt;, input[2] = &lt;[2 3][1 1]&gt;.

../../../.local/lib/python3.10/site-packages/tensorflow/python/framework/ops.py:1020: ValueError</failure></testcase><testcase classname="tensorflow_lite_tests.dummy.test_tfl_BatchToSpaceND.TestTFLiteBatchToSpaceNDLayerTest" name="test_batch_to_space_nd[ ie_device:GPU - precision:FP32 - params:{'shape': [20, 9, 18, 23], 'block_shape': [13, 10], 'crops': [[2, 3], [1, 1]]} ]" time="0.012"><failure message="ValueError: Dimension size must be evenly divisible by 13 but is 20 for '{{node BatchToSpaceND}} = BatchToSpaceND[T=DT_FLOAT, Tblock_shape=DT_INT32, Tcrops=DT_INT32](Input, BatchToSpaceND/block_shape, BatchToSpaceND/crops)' with input shapes: [20,9,18,23], [2], [2,2] and with computed input tensors: input[1] = &lt;13 10&gt;, input[2] = &lt;[2 3][1 1]&gt;.">self = &lt;test_tfl_BatchToSpaceND.TestTFLiteBatchToSpaceNDLayerTest object at 0x7f41edb7e1d0&gt;
params = {'block_shape': [13, 10], 'crops': [[2, 3], [1, 1]], 'shape': [20, 9, 18, 23]}
ie_device = 'GPU', precision = 'FP32'
temp_dir = '/home/chaitanyasai/Desktop/G_Soc/openvino/tests/layer_tests/common/out/GPU_test_batch_to_space_nde85gs910'

    @pytest.mark.parametrize("params", test_params)
    @pytest.mark.nightly
    def test_batch_to_space_nd(self, params, ie_device, precision, temp_dir):
&gt;       self._test(ie_device, precision, temp_dir, params)

tests/layer_tests/tensorflow_lite_tests/dummy/test_tfl_BatchToSpaceND.py:32: 
_ _ _ _ _ _ _ _ _ _ _ _ _ _ _ _ _ _ _ _ _ _ _ _ _ _ _ _ _ _ _ _ _ _ _ _ _ _ _ _ 
tests/layer_tests/common/tflite_layer_test_class.py:77: in _test
    model = self.make_model(params)
tests/layer_tests/tensorflow_lite_tests/dummy/test_tfl_BatchToSpaceND.py:24: in make_model
    tf.batch_to_space(place_holder, params['block_shape'], params['crops'],
../../../.local/lib/python3.10/site-packages/tensorflow/python/util/traceback_utils.py:153: in error_handler
    raise e.with_traceback(filtered_tb) from None
_ _ _ _ _ _ _ _ _ _ _ _ _ _ _ _ _ _ _ _ _ _ _ _ _ _ _ _ _ _ _ _ _ _ _ _ _ _ _ _ 

graph = &lt;tensorflow.python.framework.ops.Graph object at 0x7f41edb61870&gt;
node_def = name: "BatchToSpaceND"
op: "BatchToSpaceND"
attr {
  key: "T"
  value {
    type: DT_FLOAT
  }
}
attr {
  key: "Tcrops"
  value {
    type: DT_INT32
  }
}
attr {
  key: "Tblock_shape"
  value {
    type: DT_INT32
  }
}

inputs = [&lt;tf.Tensor 'Input:0' shape=(20, 9, 18, 23) dtype=float32&gt;, &lt;tf.Tensor 'BatchToSpaceND/block_shape:0' shape=(2,) dtype=int32&gt;, &lt;tf.Tensor 'BatchToSpaceND/crops:0' shape=(2, 2) dtype=int32&gt;]
control_inputs = []
op_def = name: "BatchToSpaceND"
input_arg {
  name: "input"
  type_attr: "T"
}
input_arg {
  name: "block_shape"
  type_attr: "...ult_value {
    type: DT_INT32
  }
  allowed_values {
    list {
      type: DT_INT32
      type: DT_INT64
    }
  }
}

extract_traceback = True

    @tf_export("__internal__.create_c_op", v1=[])
    @traceback_utils.filter_traceback
    def _create_c_op(graph,
                     node_def,
                     inputs,
                     control_inputs,
                     op_def=None,
                     extract_traceback=True):
      """Creates a TF_Operation.
    
      Args:
        graph: a `Graph`.
        node_def: `node_def_pb2.NodeDef` for the operation to create.
        inputs: A flattened list of `Tensor`s. This function handles grouping
          tensors into lists as per attributes in the `node_def`.
        control_inputs: A list of `Operation`s to set as control dependencies.
        op_def: Optional. `op_def_pb2.OpDef` for the operation to create. If not
          specified, is looked up from the `graph` using `node_def.op`.
        extract_traceback: if True, extract the current Python traceback to the
          TF_Operation.
    
      Returns:
        A wrapped TF_Operation*.
      """
      if op_def is None:
        op_def = graph.op_def_for_type(node_def.op)  # pylint: disable=protected-access
      # TODO(skyewm): op_def_library.apply_op() flattens the incoming inputs.
      # Refactor so we don't have to do this here.
      inputs = _reconstruct_sequence_inputs(op_def, inputs, node_def.attr)
      # pylint: disable=protected-access
      with graph._c_graph.get() as c_graph:
        op_desc = pywrap_tf_session.TF_NewOperation(c_graph,
                                                    compat.as_str(node_def.op),
                                                    compat.as_str(node_def.name))
      if node_def.device:
        pywrap_tf_session.TF_SetDevice(op_desc, compat.as_str(node_def.device))
      # Add inputs
      for op_input in inputs:
        if isinstance(op_input, (list, tuple)):
          pywrap_tf_session.TF_AddInputList(op_desc,
                                            [t._as_tf_output() for t in op_input])
        else:
          pywrap_tf_session.TF_AddInput(op_desc, op_input._as_tf_output())
    
      # Add control inputs
      for control_input in control_inputs:
        pywrap_tf_session.TF_AddControlInput(op_desc, control_input._c_op)
      # pylint: enable=protected-access
    
      # Add attrs
      for name, attr_value in node_def.attr.items():
        serialized = attr_value.SerializeToString()
        # TODO(skyewm): this creates and deletes a new TF_Status for every attr.
        # It might be worth creating a convenient way to re-use the same status.
        pywrap_tf_session.TF_SetAttrValueProto(op_desc, compat.as_str(name),
                                               serialized)
    
      try:
        c_op = pywrap_tf_session.TF_FinishOperation(op_desc)
      except errors.InvalidArgumentError as e:
        # Convert to ValueError for backwards compatibility.
&gt;       raise ValueError(e.message)
E       ValueError: Dimension size must be evenly divisible by 13 but is 20 for '{{node BatchToSpaceND}} = BatchToSpaceND[T=DT_FLOAT, Tblock_shape=DT_INT32, Tcrops=DT_INT32](Input, BatchToSpaceND/block_shape, BatchToSpaceND/crops)' with input shapes: [20,9,18,23], [2], [2,2] and with computed input tensors: input[1] = &lt;13 10&gt;, input[2] = &lt;[2 3][1 1]&gt;.

../../../.local/lib/python3.10/site-packages/tensorflow/python/framework/ops.py:1020: ValueError</failure></testcase><testcase classname="tensorflow_lite_tests.dummy.test_tfl_BatchToSpaceND.TestTFLiteBatchToSpaceNDLayerTest" name="test_batch_to_space_nd[ ie_device:GPU - precision:FP32 - params:{'shape': [20, 9, 18, 23], 'block_shape': [13, 10], 'crops': [[2, 3], [1, 1]]} ]" time="0.014"><failure message="ValueError: Dimension size must be evenly divisible by 13 but is 20 for '{{node BatchToSpaceND}} = BatchToSpaceND[T=DT_FLOAT, Tblock_shape=DT_INT32, Tcrops=DT_INT32](Input, BatchToSpaceND/block_shape, BatchToSpaceND/crops)' with input shapes: [20,9,18,23], [2], [2,2] and with computed input tensors: input[1] = &lt;13 10&gt;, input[2] = &lt;[2 3][1 1]&gt;.">self = &lt;test_tfl_BatchToSpaceND.TestTFLiteBatchToSpaceNDLayerTest object at 0x7ff531cfa230&gt;
params = {'block_shape': [13, 10], 'crops': [[2, 3], [1, 1]], 'shape': [20, 9, 18, 23]}
ie_device = 'GPU', precision = 'FP32'
temp_dir = '/home/chaitanyasai/Desktop/G_Soc/openvino/tests/layer_tests/common/out/GPU_test_batch_to_space_nd2cq9a5q9'

    @pytest.mark.parametrize("params", test_params)
    @pytest.mark.nightly
    def test_batch_to_space_nd(self, params, ie_device, precision, temp_dir):
&gt;       self._test(ie_device, precision, temp_dir, params)

tests/layer_tests/tensorflow_lite_tests/dummy/test_tfl_BatchToSpaceND.py:32: 
_ _ _ _ _ _ _ _ _ _ _ _ _ _ _ _ _ _ _ _ _ _ _ _ _ _ _ _ _ _ _ _ _ _ _ _ _ _ _ _ 
tests/layer_tests/common/tflite_layer_test_class.py:77: in _test
    model = self.make_model(params)
tests/layer_tests/tensorflow_lite_tests/dummy/test_tfl_BatchToSpaceND.py:24: in make_model
    tf.batch_to_space(place_holder, params['block_shape'], params['crops'],
../../../.local/lib/python3.10/site-packages/tensorflow/python/util/traceback_utils.py:153: in error_handler
    raise e.with_traceback(filtered_tb) from None
_ _ _ _ _ _ _ _ _ _ _ _ _ _ _ _ _ _ _ _ _ _ _ _ _ _ _ _ _ _ _ _ _ _ _ _ _ _ _ _ 

graph = &lt;tensorflow.python.framework.ops.Graph object at 0x7ff531cdd870&gt;
node_def = name: "BatchToSpaceND"
op: "BatchToSpaceND"
attr {
  key: "T"
  value {
    type: DT_FLOAT
  }
}
attr {
  key: "Tcrops"
  value {
    type: DT_INT32
  }
}
attr {
  key: "Tblock_shape"
  value {
    type: DT_INT32
  }
}

inputs = [&lt;tf.Tensor 'Input:0' shape=(20, 9, 18, 23) dtype=float32&gt;, &lt;tf.Tensor 'BatchToSpaceND/block_shape:0' shape=(2,) dtype=int32&gt;, &lt;tf.Tensor 'BatchToSpaceND/crops:0' shape=(2, 2) dtype=int32&gt;]
control_inputs = []
op_def = name: "BatchToSpaceND"
input_arg {
  name: "input"
  type_attr: "T"
}
input_arg {
  name: "block_shape"
  type_attr: "...ult_value {
    type: DT_INT32
  }
  allowed_values {
    list {
      type: DT_INT32
      type: DT_INT64
    }
  }
}

extract_traceback = True

    @tf_export("__internal__.create_c_op", v1=[])
    @traceback_utils.filter_traceback
    def _create_c_op(graph,
                     node_def,
                     inputs,
                     control_inputs,
                     op_def=None,
                     extract_traceback=True):
      """Creates a TF_Operation.
    
      Args:
        graph: a `Graph`.
        node_def: `node_def_pb2.NodeDef` for the operation to create.
        inputs: A flattened list of `Tensor`s. This function handles grouping
          tensors into lists as per attributes in the `node_def`.
        control_inputs: A list of `Operation`s to set as control dependencies.
        op_def: Optional. `op_def_pb2.OpDef` for the operation to create. If not
          specified, is looked up from the `graph` using `node_def.op`.
        extract_traceback: if True, extract the current Python traceback to the
          TF_Operation.
    
      Returns:
        A wrapped TF_Operation*.
      """
      if op_def is None:
        op_def = graph.op_def_for_type(node_def.op)  # pylint: disable=protected-access
      # TODO(skyewm): op_def_library.apply_op() flattens the incoming inputs.
      # Refactor so we don't have to do this here.
      inputs = _reconstruct_sequence_inputs(op_def, inputs, node_def.attr)
      # pylint: disable=protected-access
      with graph._c_graph.get() as c_graph:
        op_desc = pywrap_tf_session.TF_NewOperation(c_graph,
                                                    compat.as_str(node_def.op),
                                                    compat.as_str(node_def.name))
      if node_def.device:
        pywrap_tf_session.TF_SetDevice(op_desc, compat.as_str(node_def.device))
      # Add inputs
      for op_input in inputs:
        if isinstance(op_input, (list, tuple)):
          pywrap_tf_session.TF_AddInputList(op_desc,
                                            [t._as_tf_output() for t in op_input])
        else:
          pywrap_tf_session.TF_AddInput(op_desc, op_input._as_tf_output())
    
      # Add control inputs
      for control_input in control_inputs:
        pywrap_tf_session.TF_AddControlInput(op_desc, control_input._c_op)
      # pylint: enable=protected-access
    
      # Add attrs
      for name, attr_value in node_def.attr.items():
        serialized = attr_value.SerializeToString()
        # TODO(skyewm): this creates and deletes a new TF_Status for every attr.
        # It might be worth creating a convenient way to re-use the same status.
        pywrap_tf_session.TF_SetAttrValueProto(op_desc, compat.as_str(name),
                                               serialized)
    
      try:
        c_op = pywrap_tf_session.TF_FinishOperation(op_desc)
      except errors.InvalidArgumentError as e:
        # Convert to ValueError for backwards compatibility.
&gt;       raise ValueError(e.message)
E       ValueError: Dimension size must be evenly divisible by 13 but is 20 for '{{node BatchToSpaceND}} = BatchToSpaceND[T=DT_FLOAT, Tblock_shape=DT_INT32, Tcrops=DT_INT32](Input, BatchToSpaceND/block_shape, BatchToSpaceND/crops)' with input shapes: [20,9,18,23], [2], [2,2] and with computed input tensors: input[1] = &lt;13 10&gt;, input[2] = &lt;[2 3][1 1]&gt;.

../../../.local/lib/python3.10/site-packages/tensorflow/python/framework/ops.py:1020: ValueError</failure></testcase><testcase classname="tensorflow_lite_tests.dummy.test_tfl_BatchToSpaceND.TestTFLiteBatchToSpaceNDLayerTest" name="test_batch_to_space_nd[ ie_device:CPU - precision:FP32 - params:{'shape': [20, 9, 18, 23], 'block_shape': [13, 10], 'crops': [[2, 3], [1, 1]]} ]" time="0.012"><failure message="ValueError: Dimension size must be evenly divisible by 13 but is 20 for '{{node BatchToSpaceND}} = BatchToSpaceND[T=DT_FLOAT, Tblock_shape=DT_INT32, Tcrops=DT_INT32](Input, BatchToSpaceND/block_shape, BatchToSpaceND/crops)' with input shapes: [20,9,18,23], [2], [2,2] and with computed input tensors: input[1] = &lt;13 10&gt;, input[2] = &lt;[2 3][1 1]&gt;.">self = &lt;test_tfl_BatchToSpaceND.TestTFLiteBatchToSpaceNDLayerTest object at 0x7fbd44a85f60&gt;
params = {'block_shape': [13, 10], 'crops': [[2, 3], [1, 1]], 'shape': [20, 9, 18, 23]}
ie_device = 'CPU', precision = 'FP32'
temp_dir = '/home/chaitanyasai/Desktop/G_Soc/openvino/tests/layer_tests/common/out/CPU_test_batch_to_space_nd0xxmuab_'

    @pytest.mark.parametrize("params", test_params)
    @pytest.mark.nightly
    def test_batch_to_space_nd(self, params, ie_device, precision, temp_dir):
&gt;       self._test(ie_device, precision, temp_dir, params)

tests/layer_tests/tensorflow_lite_tests/dummy/test_tfl_BatchToSpaceND.py:32: 
_ _ _ _ _ _ _ _ _ _ _ _ _ _ _ _ _ _ _ _ _ _ _ _ _ _ _ _ _ _ _ _ _ _ _ _ _ _ _ _ 
tests/layer_tests/common/tflite_layer_test_class.py:77: in _test
    model = self.make_model(params)
tests/layer_tests/tensorflow_lite_tests/dummy/test_tfl_BatchToSpaceND.py:24: in make_model
    tf.batch_to_space(place_holder, params['block_shape'], params['crops'],
../../../.local/lib/python3.10/site-packages/tensorflow/python/util/traceback_utils.py:153: in error_handler
    raise e.with_traceback(filtered_tb) from None
_ _ _ _ _ _ _ _ _ _ _ _ _ _ _ _ _ _ _ _ _ _ _ _ _ _ _ _ _ _ _ _ _ _ _ _ _ _ _ _ 

graph = &lt;tensorflow.python.framework.ops.Graph object at 0x7fbd4498b9a0&gt;
node_def = name: "BatchToSpaceND"
op: "BatchToSpaceND"
attr {
  key: "T"
  value {
    type: DT_FLOAT
  }
}
attr {
  key: "Tcrops"
  value {
    type: DT_INT32
  }
}
attr {
  key: "Tblock_shape"
  value {
    type: DT_INT32
  }
}

inputs = [&lt;tf.Tensor 'Input:0' shape=(20, 9, 18, 23) dtype=float32&gt;, &lt;tf.Tensor 'BatchToSpaceND/block_shape:0' shape=(2,) dtype=int32&gt;, &lt;tf.Tensor 'BatchToSpaceND/crops:0' shape=(2, 2) dtype=int32&gt;]
control_inputs = []
op_def = name: "BatchToSpaceND"
input_arg {
  name: "input"
  type_attr: "T"
}
input_arg {
  name: "block_shape"
  type_attr: "...ult_value {
    type: DT_INT32
  }
  allowed_values {
    list {
      type: DT_INT32
      type: DT_INT64
    }
  }
}

extract_traceback = True

    @tf_export("__internal__.create_c_op", v1=[])
    @traceback_utils.filter_traceback
    def _create_c_op(graph,
                     node_def,
                     inputs,
                     control_inputs,
                     op_def=None,
                     extract_traceback=True):
      """Creates a TF_Operation.
    
      Args:
        graph: a `Graph`.
        node_def: `node_def_pb2.NodeDef` for the operation to create.
        inputs: A flattened list of `Tensor`s. This function handles grouping
          tensors into lists as per attributes in the `node_def`.
        control_inputs: A list of `Operation`s to set as control dependencies.
        op_def: Optional. `op_def_pb2.OpDef` for the operation to create. If not
          specified, is looked up from the `graph` using `node_def.op`.
        extract_traceback: if True, extract the current Python traceback to the
          TF_Operation.
    
      Returns:
        A wrapped TF_Operation*.
      """
      if op_def is None:
        op_def = graph.op_def_for_type(node_def.op)  # pylint: disable=protected-access
      # TODO(skyewm): op_def_library.apply_op() flattens the incoming inputs.
      # Refactor so we don't have to do this here.
      inputs = _reconstruct_sequence_inputs(op_def, inputs, node_def.attr)
      # pylint: disable=protected-access
      with graph._c_graph.get() as c_graph:
        op_desc = pywrap_tf_session.TF_NewOperation(c_graph,
                                                    compat.as_str(node_def.op),
                                                    compat.as_str(node_def.name))
      if node_def.device:
        pywrap_tf_session.TF_SetDevice(op_desc, compat.as_str(node_def.device))
      # Add inputs
      for op_input in inputs:
        if isinstance(op_input, (list, tuple)):
          pywrap_tf_session.TF_AddInputList(op_desc,
                                            [t._as_tf_output() for t in op_input])
        else:
          pywrap_tf_session.TF_AddInput(op_desc, op_input._as_tf_output())
    
      # Add control inputs
      for control_input in control_inputs:
        pywrap_tf_session.TF_AddControlInput(op_desc, control_input._c_op)
      # pylint: enable=protected-access
    
      # Add attrs
      for name, attr_value in node_def.attr.items():
        serialized = attr_value.SerializeToString()
        # TODO(skyewm): this creates and deletes a new TF_Status for every attr.
        # It might be worth creating a convenient way to re-use the same status.
        pywrap_tf_session.TF_SetAttrValueProto(op_desc, compat.as_str(name),
                                               serialized)
    
      try:
        c_op = pywrap_tf_session.TF_FinishOperation(op_desc)
      except errors.InvalidArgumentError as e:
        # Convert to ValueError for backwards compatibility.
&gt;       raise ValueError(e.message)
E       ValueError: Dimension size must be evenly divisible by 13 but is 20 for '{{node BatchToSpaceND}} = BatchToSpaceND[T=DT_FLOAT, Tblock_shape=DT_INT32, Tcrops=DT_INT32](Input, BatchToSpaceND/block_shape, BatchToSpaceND/crops)' with input shapes: [20,9,18,23], [2], [2,2] and with computed input tensors: input[1] = &lt;13 10&gt;, input[2] = &lt;[2 3][1 1]&gt;.

../../../.local/lib/python3.10/site-packages/tensorflow/python/framework/ops.py:1020: ValueError</failure></testcase><testcase classname="tensorflow_lite_tests.dummy.test_tfl_BatchToSpaceND.TestTFLiteBatchToSpaceNDLayerTest" name="test_batch_to_space_nd[ ie_device:CPU - precision:FP32 - params:{'shape': [20, 9, 18, 23], 'block_shape': [13, 10], 'crops': [[2, 3], [1, 1]]} ]" time="0.014"><failure message="ValueError: Dimension size must be evenly divisible by 13 but is 20 for '{{node BatchToSpaceND}} = BatchToSpaceND[T=DT_FLOAT, Tblock_shape=DT_INT32, Tcrops=DT_INT32](Input, BatchToSpaceND/block_shape, BatchToSpaceND/crops)' with input shapes: [20,9,18,23], [2], [2,2] and with computed input tensors: input[1] = &lt;13 10&gt;, input[2] = &lt;[2 3][1 1]&gt;.">self = &lt;test_tfl_BatchToSpaceND.TestTFLiteBatchToSpaceNDLayerTest object at 0x7f41edb7df90&gt;
params = {'block_shape': [13, 10], 'crops': [[2, 3], [1, 1]], 'shape': [20, 9, 18, 23]}
ie_device = 'CPU', precision = 'FP32'
temp_dir = '/home/chaitanyasai/Desktop/G_Soc/openvino/tests/layer_tests/common/out/CPU_test_batch_to_space_ndjmv6bm2y'

    @pytest.mark.parametrize("params", test_params)
    @pytest.mark.nightly
    def test_batch_to_space_nd(self, params, ie_device, precision, temp_dir):
&gt;       self._test(ie_device, precision, temp_dir, params)

tests/layer_tests/tensorflow_lite_tests/dummy/test_tfl_BatchToSpaceND.py:32: 
_ _ _ _ _ _ _ _ _ _ _ _ _ _ _ _ _ _ _ _ _ _ _ _ _ _ _ _ _ _ _ _ _ _ _ _ _ _ _ _ 
tests/layer_tests/common/tflite_layer_test_class.py:77: in _test
    model = self.make_model(params)
tests/layer_tests/tensorflow_lite_tests/dummy/test_tfl_BatchToSpaceND.py:24: in make_model
    tf.batch_to_space(place_holder, params['block_shape'], params['crops'],
../../../.local/lib/python3.10/site-packages/tensorflow/python/util/traceback_utils.py:153: in error_handler
    raise e.with_traceback(filtered_tb) from None
_ _ _ _ _ _ _ _ _ _ _ _ _ _ _ _ _ _ _ _ _ _ _ _ _ _ _ _ _ _ _ _ _ _ _ _ _ _ _ _ 

graph = &lt;tensorflow.python.framework.ops.Graph object at 0x7f41eda7f9a0&gt;
node_def = name: "BatchToSpaceND"
op: "BatchToSpaceND"
attr {
  key: "T"
  value {
    type: DT_FLOAT
  }
}
attr {
  key: "Tcrops"
  value {
    type: DT_INT32
  }
}
attr {
  key: "Tblock_shape"
  value {
    type: DT_INT32
  }
}

inputs = [&lt;tf.Tensor 'Input:0' shape=(20, 9, 18, 23) dtype=float32&gt;, &lt;tf.Tensor 'BatchToSpaceND/block_shape:0' shape=(2,) dtype=int32&gt;, &lt;tf.Tensor 'BatchToSpaceND/crops:0' shape=(2, 2) dtype=int32&gt;]
control_inputs = []
op_def = name: "BatchToSpaceND"
input_arg {
  name: "input"
  type_attr: "T"
}
input_arg {
  name: "block_shape"
  type_attr: "...ult_value {
    type: DT_INT32
  }
  allowed_values {
    list {
      type: DT_INT32
      type: DT_INT64
    }
  }
}

extract_traceback = True

    @tf_export("__internal__.create_c_op", v1=[])
    @traceback_utils.filter_traceback
    def _create_c_op(graph,
                     node_def,
                     inputs,
                     control_inputs,
                     op_def=None,
                     extract_traceback=True):
      """Creates a TF_Operation.
    
      Args:
        graph: a `Graph`.
        node_def: `node_def_pb2.NodeDef` for the operation to create.
        inputs: A flattened list of `Tensor`s. This function handles grouping
          tensors into lists as per attributes in the `node_def`.
        control_inputs: A list of `Operation`s to set as control dependencies.
        op_def: Optional. `op_def_pb2.OpDef` for the operation to create. If not
          specified, is looked up from the `graph` using `node_def.op`.
        extract_traceback: if True, extract the current Python traceback to the
          TF_Operation.
    
      Returns:
        A wrapped TF_Operation*.
      """
      if op_def is None:
        op_def = graph.op_def_for_type(node_def.op)  # pylint: disable=protected-access
      # TODO(skyewm): op_def_library.apply_op() flattens the incoming inputs.
      # Refactor so we don't have to do this here.
      inputs = _reconstruct_sequence_inputs(op_def, inputs, node_def.attr)
      # pylint: disable=protected-access
      with graph._c_graph.get() as c_graph:
        op_desc = pywrap_tf_session.TF_NewOperation(c_graph,
                                                    compat.as_str(node_def.op),
                                                    compat.as_str(node_def.name))
      if node_def.device:
        pywrap_tf_session.TF_SetDevice(op_desc, compat.as_str(node_def.device))
      # Add inputs
      for op_input in inputs:
        if isinstance(op_input, (list, tuple)):
          pywrap_tf_session.TF_AddInputList(op_desc,
                                            [t._as_tf_output() for t in op_input])
        else:
          pywrap_tf_session.TF_AddInput(op_desc, op_input._as_tf_output())
    
      # Add control inputs
      for control_input in control_inputs:
        pywrap_tf_session.TF_AddControlInput(op_desc, control_input._c_op)
      # pylint: enable=protected-access
    
      # Add attrs
      for name, attr_value in node_def.attr.items():
        serialized = attr_value.SerializeToString()
        # TODO(skyewm): this creates and deletes a new TF_Status for every attr.
        # It might be worth creating a convenient way to re-use the same status.
        pywrap_tf_session.TF_SetAttrValueProto(op_desc, compat.as_str(name),
                                               serialized)
    
      try:
        c_op = pywrap_tf_session.TF_FinishOperation(op_desc)
      except errors.InvalidArgumentError as e:
        # Convert to ValueError for backwards compatibility.
&gt;       raise ValueError(e.message)
E       ValueError: Dimension size must be evenly divisible by 13 but is 20 for '{{node BatchToSpaceND}} = BatchToSpaceND[T=DT_FLOAT, Tblock_shape=DT_INT32, Tcrops=DT_INT32](Input, BatchToSpaceND/block_shape, BatchToSpaceND/crops)' with input shapes: [20,9,18,23], [2], [2,2] and with computed input tensors: input[1] = &lt;13 10&gt;, input[2] = &lt;[2 3][1 1]&gt;.

../../../.local/lib/python3.10/site-packages/tensorflow/python/framework/ops.py:1020: ValueError</failure></testcase><testcase classname="tensorflow_lite_tests.dummy.test_tfl_BatchToSpaceND.TestTFLiteBatchToSpaceNDLayerTest" name="test_batch_to_space_nd[ ie_device:CPU - precision:FP32 - params:{'shape': [20, 9, 18, 23], 'block_shape': [13, 10], 'crops': [[2, 3], [1, 1]]} ]" time="0.016"><failure message="ValueError: Dimension size must be evenly divisible by 13 but is 20 for '{{node BatchToSpaceND}} = BatchToSpaceND[T=DT_FLOAT, Tblock_shape=DT_INT32, Tcrops=DT_INT32](Input, BatchToSpaceND/block_shape, BatchToSpaceND/crops)' with input shapes: [20,9,18,23], [2], [2,2] and with computed input tensors: input[1] = &lt;13 10&gt;, input[2] = &lt;[2 3][1 1]&gt;.">self = &lt;test_tfl_BatchToSpaceND.TestTFLiteBatchToSpaceNDLayerTest object at 0x7ff531cf9ff0&gt;
params = {'block_shape': [13, 10], 'crops': [[2, 3], [1, 1]], 'shape': [20, 9, 18, 23]}
ie_device = 'CPU', precision = 'FP32'
temp_dir = '/home/chaitanyasai/Desktop/G_Soc/openvino/tests/layer_tests/common/out/CPU_test_batch_to_space_ndzkzpsbdr'

    @pytest.mark.parametrize("params", test_params)
    @pytest.mark.nightly
    def test_batch_to_space_nd(self, params, ie_device, precision, temp_dir):
&gt;       self._test(ie_device, precision, temp_dir, params)

tests/layer_tests/tensorflow_lite_tests/dummy/test_tfl_BatchToSpaceND.py:32: 
_ _ _ _ _ _ _ _ _ _ _ _ _ _ _ _ _ _ _ _ _ _ _ _ _ _ _ _ _ _ _ _ _ _ _ _ _ _ _ _ 
tests/layer_tests/common/tflite_layer_test_class.py:77: in _test
    model = self.make_model(params)
tests/layer_tests/tensorflow_lite_tests/dummy/test_tfl_BatchToSpaceND.py:24: in make_model
    tf.batch_to_space(place_holder, params['block_shape'], params['crops'],
../../../.local/lib/python3.10/site-packages/tensorflow/python/util/traceback_utils.py:153: in error_handler
    raise e.with_traceback(filtered_tb) from None
_ _ _ _ _ _ _ _ _ _ _ _ _ _ _ _ _ _ _ _ _ _ _ _ _ _ _ _ _ _ _ _ _ _ _ _ _ _ _ _ 

graph = &lt;tensorflow.python.framework.ops.Graph object at 0x7ff5303f79a0&gt;
node_def = name: "BatchToSpaceND"
op: "BatchToSpaceND"
attr {
  key: "T"
  value {
    type: DT_FLOAT
  }
}
attr {
  key: "Tcrops"
  value {
    type: DT_INT32
  }
}
attr {
  key: "Tblock_shape"
  value {
    type: DT_INT32
  }
}

inputs = [&lt;tf.Tensor 'Input:0' shape=(20, 9, 18, 23) dtype=float32&gt;, &lt;tf.Tensor 'BatchToSpaceND/block_shape:0' shape=(2,) dtype=int32&gt;, &lt;tf.Tensor 'BatchToSpaceND/crops:0' shape=(2, 2) dtype=int32&gt;]
control_inputs = []
op_def = name: "BatchToSpaceND"
input_arg {
  name: "input"
  type_attr: "T"
}
input_arg {
  name: "block_shape"
  type_attr: "...ult_value {
    type: DT_INT32
  }
  allowed_values {
    list {
      type: DT_INT32
      type: DT_INT64
    }
  }
}

extract_traceback = True

    @tf_export("__internal__.create_c_op", v1=[])
    @traceback_utils.filter_traceback
    def _create_c_op(graph,
                     node_def,
                     inputs,
                     control_inputs,
                     op_def=None,
                     extract_traceback=True):
      """Creates a TF_Operation.
    
      Args:
        graph: a `Graph`.
        node_def: `node_def_pb2.NodeDef` for the operation to create.
        inputs: A flattened list of `Tensor`s. This function handles grouping
          tensors into lists as per attributes in the `node_def`.
        control_inputs: A list of `Operation`s to set as control dependencies.
        op_def: Optional. `op_def_pb2.OpDef` for the operation to create. If not
          specified, is looked up from the `graph` using `node_def.op`.
        extract_traceback: if True, extract the current Python traceback to the
          TF_Operation.
    
      Returns:
        A wrapped TF_Operation*.
      """
      if op_def is None:
        op_def = graph.op_def_for_type(node_def.op)  # pylint: disable=protected-access
      # TODO(skyewm): op_def_library.apply_op() flattens the incoming inputs.
      # Refactor so we don't have to do this here.
      inputs = _reconstruct_sequence_inputs(op_def, inputs, node_def.attr)
      # pylint: disable=protected-access
      with graph._c_graph.get() as c_graph:
        op_desc = pywrap_tf_session.TF_NewOperation(c_graph,
                                                    compat.as_str(node_def.op),
                                                    compat.as_str(node_def.name))
      if node_def.device:
        pywrap_tf_session.TF_SetDevice(op_desc, compat.as_str(node_def.device))
      # Add inputs
      for op_input in inputs:
        if isinstance(op_input, (list, tuple)):
          pywrap_tf_session.TF_AddInputList(op_desc,
                                            [t._as_tf_output() for t in op_input])
        else:
          pywrap_tf_session.TF_AddInput(op_desc, op_input._as_tf_output())
    
      # Add control inputs
      for control_input in control_inputs:
        pywrap_tf_session.TF_AddControlInput(op_desc, control_input._c_op)
      # pylint: enable=protected-access
    
      # Add attrs
      for name, attr_value in node_def.attr.items():
        serialized = attr_value.SerializeToString()
        # TODO(skyewm): this creates and deletes a new TF_Status for every attr.
        # It might be worth creating a convenient way to re-use the same status.
        pywrap_tf_session.TF_SetAttrValueProto(op_desc, compat.as_str(name),
                                               serialized)
    
      try:
        c_op = pywrap_tf_session.TF_FinishOperation(op_desc)
      except errors.InvalidArgumentError as e:
        # Convert to ValueError for backwards compatibility.
&gt;       raise ValueError(e.message)
E       ValueError: Dimension size must be evenly divisible by 13 but is 20 for '{{node BatchToSpaceND}} = BatchToSpaceND[T=DT_FLOAT, Tblock_shape=DT_INT32, Tcrops=DT_INT32](Input, BatchToSpaceND/block_shape, BatchToSpaceND/crops)' with input shapes: [20,9,18,23], [2], [2,2] and with computed input tensors: input[1] = &lt;13 10&gt;, input[2] = &lt;[2 3][1 1]&gt;.

../../../.local/lib/python3.10/site-packages/tensorflow/python/framework/ops.py:1020: ValueError</failure></testcase><testcase classname="tensorflow_lite_tests.dummy.test_tfl_BatchToSpaceND.TestTFLiteBatchToSpaceNDLayerTest" name="test_batch_to_space_nd[ ie_device:CPU - precision:FP32 - params:{'shape': [5, 8, 6, 10], 'block_shape': [2, 5], 'crops': [[2, 3], [2, 1]]} ]" time="0.016"><failure message="ValueError: Dimension size must be evenly divisible by 2 but is 5 for '{{node BatchToSpaceND}} = BatchToSpaceND[T=DT_FLOAT, Tblock_shape=DT_INT32, Tcrops=DT_INT32](Input, BatchToSpaceND/block_shape, BatchToSpaceND/crops)' with input shapes: [5,8,6,10], [2], [2,2] and with computed input tensors: input[1] = &lt;2 5&gt;, input[2] = &lt;[2 3][2 1]&gt;.">self = &lt;test_tfl_BatchToSpaceND.TestTFLiteBatchToSpaceNDLayerTest object at 0x7fbd44a85de0&gt;
params = {'block_shape': [2, 5], 'crops': [[2, 3], [2, 1]], 'shape': [5, 8, 6, 10]}
ie_device = 'CPU', precision = 'FP32'
temp_dir = '/home/chaitanyasai/Desktop/G_Soc/openvino/tests/layer_tests/common/out/CPU_test_batch_to_space_ndyy5n5uve'

    @pytest.mark.parametrize("params", test_params)
    @pytest.mark.nightly
    def test_batch_to_space_nd(self, params, ie_device, precision, temp_dir):
&gt;       self._test(ie_device, precision, temp_dir, params)

tests/layer_tests/tensorflow_lite_tests/dummy/test_tfl_BatchToSpaceND.py:32: 
_ _ _ _ _ _ _ _ _ _ _ _ _ _ _ _ _ _ _ _ _ _ _ _ _ _ _ _ _ _ _ _ _ _ _ _ _ _ _ _ 
tests/layer_tests/common/tflite_layer_test_class.py:77: in _test
    model = self.make_model(params)
tests/layer_tests/tensorflow_lite_tests/dummy/test_tfl_BatchToSpaceND.py:24: in make_model
    tf.batch_to_space(place_holder, params['block_shape'], params['crops'],
../../../.local/lib/python3.10/site-packages/tensorflow/python/util/traceback_utils.py:153: in error_handler
    raise e.with_traceback(filtered_tb) from None
_ _ _ _ _ _ _ _ _ _ _ _ _ _ _ _ _ _ _ _ _ _ _ _ _ _ _ _ _ _ _ _ _ _ _ _ _ _ _ _ 

graph = &lt;tensorflow.python.framework.ops.Graph object at 0x7fbd3c748700&gt;
node_def = name: "BatchToSpaceND"
op: "BatchToSpaceND"
attr {
  key: "T"
  value {
    type: DT_FLOAT
  }
}
attr {
  key: "Tcrops"
  value {
    type: DT_INT32
  }
}
attr {
  key: "Tblock_shape"
  value {
    type: DT_INT32
  }
}

inputs = [&lt;tf.Tensor 'Input:0' shape=(5, 8, 6, 10) dtype=float32&gt;, &lt;tf.Tensor 'BatchToSpaceND/block_shape:0' shape=(2,) dtype=int32&gt;, &lt;tf.Tensor 'BatchToSpaceND/crops:0' shape=(2, 2) dtype=int32&gt;]
control_inputs = []
op_def = name: "BatchToSpaceND"
input_arg {
  name: "input"
  type_attr: "T"
}
input_arg {
  name: "block_shape"
  type_attr: "...ult_value {
    type: DT_INT32
  }
  allowed_values {
    list {
      type: DT_INT32
      type: DT_INT64
    }
  }
}

extract_traceback = True

    @tf_export("__internal__.create_c_op", v1=[])
    @traceback_utils.filter_traceback
    def _create_c_op(graph,
                     node_def,
                     inputs,
                     control_inputs,
                     op_def=None,
                     extract_traceback=True):
      """Creates a TF_Operation.
    
      Args:
        graph: a `Graph`.
        node_def: `node_def_pb2.NodeDef` for the operation to create.
        inputs: A flattened list of `Tensor`s. This function handles grouping
          tensors into lists as per attributes in the `node_def`.
        control_inputs: A list of `Operation`s to set as control dependencies.
        op_def: Optional. `op_def_pb2.OpDef` for the operation to create. If not
          specified, is looked up from the `graph` using `node_def.op`.
        extract_traceback: if True, extract the current Python traceback to the
          TF_Operation.
    
      Returns:
        A wrapped TF_Operation*.
      """
      if op_def is None:
        op_def = graph.op_def_for_type(node_def.op)  # pylint: disable=protected-access
      # TODO(skyewm): op_def_library.apply_op() flattens the incoming inputs.
      # Refactor so we don't have to do this here.
      inputs = _reconstruct_sequence_inputs(op_def, inputs, node_def.attr)
      # pylint: disable=protected-access
      with graph._c_graph.get() as c_graph:
        op_desc = pywrap_tf_session.TF_NewOperation(c_graph,
                                                    compat.as_str(node_def.op),
                                                    compat.as_str(node_def.name))
      if node_def.device:
        pywrap_tf_session.TF_SetDevice(op_desc, compat.as_str(node_def.device))
      # Add inputs
      for op_input in inputs:
        if isinstance(op_input, (list, tuple)):
          pywrap_tf_session.TF_AddInputList(op_desc,
                                            [t._as_tf_output() for t in op_input])
        else:
          pywrap_tf_session.TF_AddInput(op_desc, op_input._as_tf_output())
    
      # Add control inputs
      for control_input in control_inputs:
        pywrap_tf_session.TF_AddControlInput(op_desc, control_input._c_op)
      # pylint: enable=protected-access
    
      # Add attrs
      for name, attr_value in node_def.attr.items():
        serialized = attr_value.SerializeToString()
        # TODO(skyewm): this creates and deletes a new TF_Status for every attr.
        # It might be worth creating a convenient way to re-use the same status.
        pywrap_tf_session.TF_SetAttrValueProto(op_desc, compat.as_str(name),
                                               serialized)
    
      try:
        c_op = pywrap_tf_session.TF_FinishOperation(op_desc)
      except errors.InvalidArgumentError as e:
        # Convert to ValueError for backwards compatibility.
&gt;       raise ValueError(e.message)
E       ValueError: Dimension size must be evenly divisible by 2 but is 5 for '{{node BatchToSpaceND}} = BatchToSpaceND[T=DT_FLOAT, Tblock_shape=DT_INT32, Tcrops=DT_INT32](Input, BatchToSpaceND/block_shape, BatchToSpaceND/crops)' with input shapes: [5,8,6,10], [2], [2,2] and with computed input tensors: input[1] = &lt;2 5&gt;, input[2] = &lt;[2 3][2 1]&gt;.

../../../.local/lib/python3.10/site-packages/tensorflow/python/framework/ops.py:1020: ValueError</failure></testcase><testcase classname="tensorflow_lite_tests.dummy.test_tfl_BatchToSpaceND.TestTFLiteBatchToSpaceNDLayerTest" name="test_batch_to_space_nd[ ie_device:CPU - precision:FP32 - params:{'shape': [5, 8, 6, 10], 'block_shape': [2, 5], 'crops': [[2, 3], [2, 1]]} ]" time="0.018"><failure message="ValueError: Dimension size must be evenly divisible by 2 but is 5 for '{{node BatchToSpaceND}} = BatchToSpaceND[T=DT_FLOAT, Tblock_shape=DT_INT32, Tcrops=DT_INT32](Input, BatchToSpaceND/block_shape, BatchToSpaceND/crops)' with input shapes: [5,8,6,10], [2], [2,2] and with computed input tensors: input[1] = &lt;2 5&gt;, input[2] = &lt;[2 3][2 1]&gt;.">self = &lt;test_tfl_BatchToSpaceND.TestTFLiteBatchToSpaceNDLayerTest object at 0x7f41edb7de10&gt;
params = {'block_shape': [2, 5], 'crops': [[2, 3], [2, 1]], 'shape': [5, 8, 6, 10]}
ie_device = 'CPU', precision = 'FP32'
temp_dir = '/home/chaitanyasai/Desktop/G_Soc/openvino/tests/layer_tests/common/out/CPU_test_batch_to_space_ndo8m_g134'

    @pytest.mark.parametrize("params", test_params)
    @pytest.mark.nightly
    def test_batch_to_space_nd(self, params, ie_device, precision, temp_dir):
&gt;       self._test(ie_device, precision, temp_dir, params)

tests/layer_tests/tensorflow_lite_tests/dummy/test_tfl_BatchToSpaceND.py:32: 
_ _ _ _ _ _ _ _ _ _ _ _ _ _ _ _ _ _ _ _ _ _ _ _ _ _ _ _ _ _ _ _ _ _ _ _ _ _ _ _ 
tests/layer_tests/common/tflite_layer_test_class.py:77: in _test
    model = self.make_model(params)
tests/layer_tests/tensorflow_lite_tests/dummy/test_tfl_BatchToSpaceND.py:24: in make_model
    tf.batch_to_space(place_holder, params['block_shape'], params['crops'],
../../../.local/lib/python3.10/site-packages/tensorflow/python/util/traceback_utils.py:153: in error_handler
    raise e.with_traceback(filtered_tb) from None
_ _ _ _ _ _ _ _ _ _ _ _ _ _ _ _ _ _ _ _ _ _ _ _ _ _ _ _ _ _ _ _ _ _ _ _ _ _ _ _ 

graph = &lt;tensorflow.python.framework.ops.Graph object at 0x7f41ec0cc700&gt;
node_def = name: "BatchToSpaceND"
op: "BatchToSpaceND"
attr {
  key: "T"
  value {
    type: DT_FLOAT
  }
}
attr {
  key: "Tcrops"
  value {
    type: DT_INT32
  }
}
attr {
  key: "Tblock_shape"
  value {
    type: DT_INT32
  }
}

inputs = [&lt;tf.Tensor 'Input:0' shape=(5, 8, 6, 10) dtype=float32&gt;, &lt;tf.Tensor 'BatchToSpaceND/block_shape:0' shape=(2,) dtype=int32&gt;, &lt;tf.Tensor 'BatchToSpaceND/crops:0' shape=(2, 2) dtype=int32&gt;]
control_inputs = []
op_def = name: "BatchToSpaceND"
input_arg {
  name: "input"
  type_attr: "T"
}
input_arg {
  name: "block_shape"
  type_attr: "...ult_value {
    type: DT_INT32
  }
  allowed_values {
    list {
      type: DT_INT32
      type: DT_INT64
    }
  }
}

extract_traceback = True

    @tf_export("__internal__.create_c_op", v1=[])
    @traceback_utils.filter_traceback
    def _create_c_op(graph,
                     node_def,
                     inputs,
                     control_inputs,
                     op_def=None,
                     extract_traceback=True):
      """Creates a TF_Operation.
    
      Args:
        graph: a `Graph`.
        node_def: `node_def_pb2.NodeDef` for the operation to create.
        inputs: A flattened list of `Tensor`s. This function handles grouping
          tensors into lists as per attributes in the `node_def`.
        control_inputs: A list of `Operation`s to set as control dependencies.
        op_def: Optional. `op_def_pb2.OpDef` for the operation to create. If not
          specified, is looked up from the `graph` using `node_def.op`.
        extract_traceback: if True, extract the current Python traceback to the
          TF_Operation.
    
      Returns:
        A wrapped TF_Operation*.
      """
      if op_def is None:
        op_def = graph.op_def_for_type(node_def.op)  # pylint: disable=protected-access
      # TODO(skyewm): op_def_library.apply_op() flattens the incoming inputs.
      # Refactor so we don't have to do this here.
      inputs = _reconstruct_sequence_inputs(op_def, inputs, node_def.attr)
      # pylint: disable=protected-access
      with graph._c_graph.get() as c_graph:
        op_desc = pywrap_tf_session.TF_NewOperation(c_graph,
                                                    compat.as_str(node_def.op),
                                                    compat.as_str(node_def.name))
      if node_def.device:
        pywrap_tf_session.TF_SetDevice(op_desc, compat.as_str(node_def.device))
      # Add inputs
      for op_input in inputs:
        if isinstance(op_input, (list, tuple)):
          pywrap_tf_session.TF_AddInputList(op_desc,
                                            [t._as_tf_output() for t in op_input])
        else:
          pywrap_tf_session.TF_AddInput(op_desc, op_input._as_tf_output())
    
      # Add control inputs
      for control_input in control_inputs:
        pywrap_tf_session.TF_AddControlInput(op_desc, control_input._c_op)
      # pylint: enable=protected-access
    
      # Add attrs
      for name, attr_value in node_def.attr.items():
        serialized = attr_value.SerializeToString()
        # TODO(skyewm): this creates and deletes a new TF_Status for every attr.
        # It might be worth creating a convenient way to re-use the same status.
        pywrap_tf_session.TF_SetAttrValueProto(op_desc, compat.as_str(name),
                                               serialized)
    
      try:
        c_op = pywrap_tf_session.TF_FinishOperation(op_desc)
      except errors.InvalidArgumentError as e:
        # Convert to ValueError for backwards compatibility.
&gt;       raise ValueError(e.message)
E       ValueError: Dimension size must be evenly divisible by 2 but is 5 for '{{node BatchToSpaceND}} = BatchToSpaceND[T=DT_FLOAT, Tblock_shape=DT_INT32, Tcrops=DT_INT32](Input, BatchToSpaceND/block_shape, BatchToSpaceND/crops)' with input shapes: [5,8,6,10], [2], [2,2] and with computed input tensors: input[1] = &lt;2 5&gt;, input[2] = &lt;[2 3][2 1]&gt;.

../../../.local/lib/python3.10/site-packages/tensorflow/python/framework/ops.py:1020: ValueError</failure></testcase><testcase classname="tensorflow_lite_tests.dummy.test_tfl_BatchToSpaceND.TestTFLiteBatchToSpaceNDLayerTest" name="test_batch_to_space_nd[ ie_device:CPU - precision:FP32 - params:{'shape': [5, 8, 6, 10], 'block_shape': [2, 5], 'crops': [[2, 3], [2, 1]]} ]" time="0.014"><failure message="ValueError: Dimension size must be evenly divisible by 2 but is 5 for '{{node BatchToSpaceND}} = BatchToSpaceND[T=DT_FLOAT, Tblock_shape=DT_INT32, Tcrops=DT_INT32](Input, BatchToSpaceND/block_shape, BatchToSpaceND/crops)' with input shapes: [5,8,6,10], [2], [2,2] and with computed input tensors: input[1] = &lt;2 5&gt;, input[2] = &lt;[2 3][2 1]&gt;.">self = &lt;test_tfl_BatchToSpaceND.TestTFLiteBatchToSpaceNDLayerTest object at 0x7ff531cf9e70&gt;
params = {'block_shape': [2, 5], 'crops': [[2, 3], [2, 1]], 'shape': [5, 8, 6, 10]}
ie_device = 'CPU', precision = 'FP32'
temp_dir = '/home/chaitanyasai/Desktop/G_Soc/openvino/tests/layer_tests/common/out/CPU_test_batch_to_space_ndbs_bbt8f'

    @pytest.mark.parametrize("params", test_params)
    @pytest.mark.nightly
    def test_batch_to_space_nd(self, params, ie_device, precision, temp_dir):
&gt;       self._test(ie_device, precision, temp_dir, params)

tests/layer_tests/tensorflow_lite_tests/dummy/test_tfl_BatchToSpaceND.py:32: 
_ _ _ _ _ _ _ _ _ _ _ _ _ _ _ _ _ _ _ _ _ _ _ _ _ _ _ _ _ _ _ _ _ _ _ _ _ _ _ _ 
tests/layer_tests/common/tflite_layer_test_class.py:77: in _test
    model = self.make_model(params)
tests/layer_tests/tensorflow_lite_tests/dummy/test_tfl_BatchToSpaceND.py:24: in make_model
    tf.batch_to_space(place_holder, params['block_shape'], params['crops'],
../../../.local/lib/python3.10/site-packages/tensorflow/python/util/traceback_utils.py:153: in error_handler
    raise e.with_traceback(filtered_tb) from None
_ _ _ _ _ _ _ _ _ _ _ _ _ _ _ _ _ _ _ _ _ _ _ _ _ _ _ _ _ _ _ _ _ _ _ _ _ _ _ _ 

graph = &lt;tensorflow.python.framework.ops.Graph object at 0x7ff530448700&gt;
node_def = name: "BatchToSpaceND"
op: "BatchToSpaceND"
attr {
  key: "T"
  value {
    type: DT_FLOAT
  }
}
attr {
  key: "Tcrops"
  value {
    type: DT_INT32
  }
}
attr {
  key: "Tblock_shape"
  value {
    type: DT_INT32
  }
}

inputs = [&lt;tf.Tensor 'Input:0' shape=(5, 8, 6, 10) dtype=float32&gt;, &lt;tf.Tensor 'BatchToSpaceND/block_shape:0' shape=(2,) dtype=int32&gt;, &lt;tf.Tensor 'BatchToSpaceND/crops:0' shape=(2, 2) dtype=int32&gt;]
control_inputs = []
op_def = name: "BatchToSpaceND"
input_arg {
  name: "input"
  type_attr: "T"
}
input_arg {
  name: "block_shape"
  type_attr: "...ult_value {
    type: DT_INT32
  }
  allowed_values {
    list {
      type: DT_INT32
      type: DT_INT64
    }
  }
}

extract_traceback = True

    @tf_export("__internal__.create_c_op", v1=[])
    @traceback_utils.filter_traceback
    def _create_c_op(graph,
                     node_def,
                     inputs,
                     control_inputs,
                     op_def=None,
                     extract_traceback=True):
      """Creates a TF_Operation.
    
      Args:
        graph: a `Graph`.
        node_def: `node_def_pb2.NodeDef` for the operation to create.
        inputs: A flattened list of `Tensor`s. This function handles grouping
          tensors into lists as per attributes in the `node_def`.
        control_inputs: A list of `Operation`s to set as control dependencies.
        op_def: Optional. `op_def_pb2.OpDef` for the operation to create. If not
          specified, is looked up from the `graph` using `node_def.op`.
        extract_traceback: if True, extract the current Python traceback to the
          TF_Operation.
    
      Returns:
        A wrapped TF_Operation*.
      """
      if op_def is None:
        op_def = graph.op_def_for_type(node_def.op)  # pylint: disable=protected-access
      # TODO(skyewm): op_def_library.apply_op() flattens the incoming inputs.
      # Refactor so we don't have to do this here.
      inputs = _reconstruct_sequence_inputs(op_def, inputs, node_def.attr)
      # pylint: disable=protected-access
      with graph._c_graph.get() as c_graph:
        op_desc = pywrap_tf_session.TF_NewOperation(c_graph,
                                                    compat.as_str(node_def.op),
                                                    compat.as_str(node_def.name))
      if node_def.device:
        pywrap_tf_session.TF_SetDevice(op_desc, compat.as_str(node_def.device))
      # Add inputs
      for op_input in inputs:
        if isinstance(op_input, (list, tuple)):
          pywrap_tf_session.TF_AddInputList(op_desc,
                                            [t._as_tf_output() for t in op_input])
        else:
          pywrap_tf_session.TF_AddInput(op_desc, op_input._as_tf_output())
    
      # Add control inputs
      for control_input in control_inputs:
        pywrap_tf_session.TF_AddControlInput(op_desc, control_input._c_op)
      # pylint: enable=protected-access
    
      # Add attrs
      for name, attr_value in node_def.attr.items():
        serialized = attr_value.SerializeToString()
        # TODO(skyewm): this creates and deletes a new TF_Status for every attr.
        # It might be worth creating a convenient way to re-use the same status.
        pywrap_tf_session.TF_SetAttrValueProto(op_desc, compat.as_str(name),
                                               serialized)
    
      try:
        c_op = pywrap_tf_session.TF_FinishOperation(op_desc)
      except errors.InvalidArgumentError as e:
        # Convert to ValueError for backwards compatibility.
&gt;       raise ValueError(e.message)
E       ValueError: Dimension size must be evenly divisible by 2 but is 5 for '{{node BatchToSpaceND}} = BatchToSpaceND[T=DT_FLOAT, Tblock_shape=DT_INT32, Tcrops=DT_INT32](Input, BatchToSpaceND/block_shape, BatchToSpaceND/crops)' with input shapes: [5,8,6,10], [2], [2,2] and with computed input tensors: input[1] = &lt;2 5&gt;, input[2] = &lt;[2 3][2 1]&gt;.

../../../.local/lib/python3.10/site-packages/tensorflow/python/framework/ops.py:1020: ValueError</failure></testcase><testcase classname="tensorflow_lite_tests.dummy.test_tfl_BatchToSpaceND.TestTFLiteBatchToSpaceNDLayerTest" name="test_batch_to_space_nd[ ie_device:CPU - precision:FP16 - params:{'shape': [20, 9, 18, 23], 'block_shape': [13, 10], 'crops': [[2, 3], [1, 1]]} ]" time="0.015"><failure message="ValueError: Dimension size must be evenly divisible by 13 but is 20 for '{{node BatchToSpaceND}} = BatchToSpaceND[T=DT_FLOAT, Tblock_shape=DT_INT32, Tcrops=DT_INT32](Input, BatchToSpaceND/block_shape, BatchToSpaceND/crops)' with input shapes: [20,9,18,23], [2], [2,2] and with computed input tensors: input[1] = &lt;13 10&gt;, input[2] = &lt;[2 3][1 1]&gt;.">self = &lt;test_tfl_BatchToSpaceND.TestTFLiteBatchToSpaceNDLayerTest object at 0x7fbd44a86080&gt;
params = {'block_shape': [13, 10], 'crops': [[2, 3], [1, 1]], 'shape': [20, 9, 18, 23]}
ie_device = 'CPU', precision = 'FP16'
temp_dir = '/home/chaitanyasai/Desktop/G_Soc/openvino/tests/layer_tests/common/out/CPU_test_batch_to_space_nd_9i68xne'

    @pytest.mark.parametrize("params", test_params)
    @pytest.mark.nightly
    def test_batch_to_space_nd(self, params, ie_device, precision, temp_dir):
&gt;       self._test(ie_device, precision, temp_dir, params)

tests/layer_tests/tensorflow_lite_tests/dummy/test_tfl_BatchToSpaceND.py:32: 
_ _ _ _ _ _ _ _ _ _ _ _ _ _ _ _ _ _ _ _ _ _ _ _ _ _ _ _ _ _ _ _ _ _ _ _ _ _ _ _ 
tests/layer_tests/common/tflite_layer_test_class.py:77: in _test
    model = self.make_model(params)
tests/layer_tests/tensorflow_lite_tests/dummy/test_tfl_BatchToSpaceND.py:24: in make_model
    tf.batch_to_space(place_holder, params['block_shape'], params['crops'],
../../../.local/lib/python3.10/site-packages/tensorflow/python/util/traceback_utils.py:153: in error_handler
    raise e.with_traceback(filtered_tb) from None
_ _ _ _ _ _ _ _ _ _ _ _ _ _ _ _ _ _ _ _ _ _ _ _ _ _ _ _ _ _ _ _ _ _ _ _ _ _ _ _ 

graph = &lt;tensorflow.python.framework.ops.Graph object at 0x7fbd3c749120&gt;
node_def = name: "BatchToSpaceND"
op: "BatchToSpaceND"
attr {
  key: "T"
  value {
    type: DT_FLOAT
  }
}
attr {
  key: "Tcrops"
  value {
    type: DT_INT32
  }
}
attr {
  key: "Tblock_shape"
  value {
    type: DT_INT32
  }
}

inputs = [&lt;tf.Tensor 'Input:0' shape=(20, 9, 18, 23) dtype=float32&gt;, &lt;tf.Tensor 'BatchToSpaceND/block_shape:0' shape=(2,) dtype=int32&gt;, &lt;tf.Tensor 'BatchToSpaceND/crops:0' shape=(2, 2) dtype=int32&gt;]
control_inputs = []
op_def = name: "BatchToSpaceND"
input_arg {
  name: "input"
  type_attr: "T"
}
input_arg {
  name: "block_shape"
  type_attr: "...ult_value {
    type: DT_INT32
  }
  allowed_values {
    list {
      type: DT_INT32
      type: DT_INT64
    }
  }
}

extract_traceback = True

    @tf_export("__internal__.create_c_op", v1=[])
    @traceback_utils.filter_traceback
    def _create_c_op(graph,
                     node_def,
                     inputs,
                     control_inputs,
                     op_def=None,
                     extract_traceback=True):
      """Creates a TF_Operation.
    
      Args:
        graph: a `Graph`.
        node_def: `node_def_pb2.NodeDef` for the operation to create.
        inputs: A flattened list of `Tensor`s. This function handles grouping
          tensors into lists as per attributes in the `node_def`.
        control_inputs: A list of `Operation`s to set as control dependencies.
        op_def: Optional. `op_def_pb2.OpDef` for the operation to create. If not
          specified, is looked up from the `graph` using `node_def.op`.
        extract_traceback: if True, extract the current Python traceback to the
          TF_Operation.
    
      Returns:
        A wrapped TF_Operation*.
      """
      if op_def is None:
        op_def = graph.op_def_for_type(node_def.op)  # pylint: disable=protected-access
      # TODO(skyewm): op_def_library.apply_op() flattens the incoming inputs.
      # Refactor so we don't have to do this here.
      inputs = _reconstruct_sequence_inputs(op_def, inputs, node_def.attr)
      # pylint: disable=protected-access
      with graph._c_graph.get() as c_graph:
        op_desc = pywrap_tf_session.TF_NewOperation(c_graph,
                                                    compat.as_str(node_def.op),
                                                    compat.as_str(node_def.name))
      if node_def.device:
        pywrap_tf_session.TF_SetDevice(op_desc, compat.as_str(node_def.device))
      # Add inputs
      for op_input in inputs:
        if isinstance(op_input, (list, tuple)):
          pywrap_tf_session.TF_AddInputList(op_desc,
                                            [t._as_tf_output() for t in op_input])
        else:
          pywrap_tf_session.TF_AddInput(op_desc, op_input._as_tf_output())
    
      # Add control inputs
      for control_input in control_inputs:
        pywrap_tf_session.TF_AddControlInput(op_desc, control_input._c_op)
      # pylint: enable=protected-access
    
      # Add attrs
      for name, attr_value in node_def.attr.items():
        serialized = attr_value.SerializeToString()
        # TODO(skyewm): this creates and deletes a new TF_Status for every attr.
        # It might be worth creating a convenient way to re-use the same status.
        pywrap_tf_session.TF_SetAttrValueProto(op_desc, compat.as_str(name),
                                               serialized)
    
      try:
        c_op = pywrap_tf_session.TF_FinishOperation(op_desc)
      except errors.InvalidArgumentError as e:
        # Convert to ValueError for backwards compatibility.
&gt;       raise ValueError(e.message)
E       ValueError: Dimension size must be evenly divisible by 13 but is 20 for '{{node BatchToSpaceND}} = BatchToSpaceND[T=DT_FLOAT, Tblock_shape=DT_INT32, Tcrops=DT_INT32](Input, BatchToSpaceND/block_shape, BatchToSpaceND/crops)' with input shapes: [20,9,18,23], [2], [2,2] and with computed input tensors: input[1] = &lt;13 10&gt;, input[2] = &lt;[2 3][1 1]&gt;.

../../../.local/lib/python3.10/site-packages/tensorflow/python/framework/ops.py:1020: ValueError</failure></testcase><testcase classname="tensorflow_lite_tests.dummy.test_tfl_BatchToSpaceND.TestTFLiteBatchToSpaceNDLayerTest" name="test_batch_to_space_nd[ ie_device:CPU - precision:FP16 - params:{'shape': [20, 9, 18, 23], 'block_shape': [13, 10], 'crops': [[2, 3], [1, 1]]} ]" time="0.013"><failure message="ValueError: Dimension size must be evenly divisible by 13 but is 20 for '{{node BatchToSpaceND}} = BatchToSpaceND[T=DT_FLOAT, Tblock_shape=DT_INT32, Tcrops=DT_INT32](Input, BatchToSpaceND/block_shape, BatchToSpaceND/crops)' with input shapes: [20,9,18,23], [2], [2,2] and with computed input tensors: input[1] = &lt;13 10&gt;, input[2] = &lt;[2 3][1 1]&gt;.">self = &lt;test_tfl_BatchToSpaceND.TestTFLiteBatchToSpaceNDLayerTest object at 0x7f41edb7e0b0&gt;
params = {'block_shape': [13, 10], 'crops': [[2, 3], [1, 1]], 'shape': [20, 9, 18, 23]}
ie_device = 'CPU', precision = 'FP16'
temp_dir = '/home/chaitanyasai/Desktop/G_Soc/openvino/tests/layer_tests/common/out/CPU_test_batch_to_space_nd3ovgleql'

    @pytest.mark.parametrize("params", test_params)
    @pytest.mark.nightly
[...]

    def make_model(self, params):
&gt;       assert len(set(params.keys()).intersection({'shape', 'num_inputs'})) == 2, \
            'Unexpected parameters for test: ' + ','.join(params.keys())
E       AssertionError: Unexpected parameters for test: shape
E       assert 1 == 2
E        +  where 1 = len({'shape'})
E        +    where {'shape'} = &lt;built-in method intersection of set object at 0x7ff5304865e0&gt;({'num_inputs', 'shape'})
E        +      where &lt;built-in method intersection of set object at 0x7ff5304865e0&gt; = {'shape'}.intersection
E        +        where {'shape'} = set(dict_keys(['shape']))
E        +          where dict_keys(['shape']) = &lt;built-in method keys of dict object at 0x7ff533b20780&gt;()
E        +            where &lt;built-in method keys of dict object at 0x7ff533b20780&gt; = {'shape': [2, 4, 5, 1]}.keys

tests/layer_tests/tensorflow_lite_tests/dummy/test_tfl_AddN.py:28: AssertionError</failure></testcase><testcase classname="tensorflow_lite_tests.dummy.test_tfl_AddN.TestTFLiteAddNLayerTest" name="test_add_n[ ie_device:CPU - precision:FP32 - params:{'shape': [2, 1]} ]" time="0.011"><failure message="AssertionError: Unexpected parameters for test: shape&#10;assert 1 == 2&#10; +  where 1 = len({'shape'})&#10; +    where {'shape'} = &lt;built-in method intersection of set object at 0x7ff531d5f3e0&gt;({'num_inputs', 'shape'})&#10; +      where &lt;built-in method intersection of set object at 0x7ff531d5f3e0&gt; = {'shape'}.intersection&#10; +        where {'shape'} = set(dict_keys(['shape']))&#10; +          where dict_keys(['shape']) = &lt;built-in method keys of dict object at 0x7ff533b20c00&gt;()&#10; +            where &lt;built-in method keys of dict object at 0x7ff533b20c00&gt; = {'shape': [2, 1]}.keys">self = &lt;test_tfl_AddN.TestTFLiteAddNLayerTest object at 0x7ff531cbae60&gt;
params = {'shape': [2, 1]}, ie_device = 'CPU', precision = 'FP32'
temp_dir = '/home/chaitanyasai/Desktop/G_Soc/openvino/tests/layer_tests/common/out/CPU_test_add_np2kd6d86'

    @pytest.mark.parametrize("params", sorted(test_params, key=lambda x: len(x['shape'])))
    @pytest.mark.nightly
    def test_add_n(self, params, ie_device, precision, temp_dir):
&gt;       self._test(ie_device, precision, temp_dir, params)

tests/layer_tests/tensorflow_lite_tests/dummy/test_tfl_AddN.py:47: 
_ _ _ _ _ _ _ _ _ _ _ _ _ _ _ _ _ _ _ _ _ _ _ _ _ _ _ _ _ _ _ _ _ _ _ _ _ _ _ _ 
tests/layer_tests/common/tflite_layer_test_class.py:77: in _test
    model = self.make_model(params)
_ _ _ _ _ _ _ _ _ _ _ _ _ _ _ _ _ _ _ _ _ _ _ _ _ _ _ _ _ _ _ _ _ _ _ _ _ _ _ _ 

self = &lt;test_tfl_AddN.TestTFLiteAddNLayerTest object at 0x7ff531cbae60&gt;
params = {'shape': [2, 1]}

    def make_model(self, params):
&gt;       assert len(set(params.keys()).intersection({'shape', 'num_inputs'})) == 2, \
            'Unexpected parameters for test: ' + ','.join(params.keys())
E       AssertionError: Unexpected parameters for test: shape
E       assert 1 == 2
E        +  where 1 = len({'shape'})
E        +    where {'shape'} = &lt;built-in method intersection of set object at 0x7ff531d5f3e0&gt;({'num_inputs', 'shape'})
E        +      where &lt;built-in method intersection of set object at 0x7ff531d5f3e0&gt; = {'shape'}.intersection
E        +        where {'shape'} = set(dict_keys(['shape']))
E        +          where dict_keys(['shape']) = &lt;built-in method keys of dict object at 0x7ff533b20c00&gt;()
E        +            where &lt;built-in method keys of dict object at 0x7ff533b20c00&gt; = {'shape': [2, 1]}.keys

tests/layer_tests/tensorflow_lite_tests/dummy/test_tfl_AddN.py:28: AssertionError</failure></testcase><testcase classname="tensorflow_lite_tests.dummy.test_tfl_AddN.TestTFLiteAddNLayerTest" name="test_add_n[ ie_device:GPU - precision:FP32 - params:{'shape': [2, 1]} ]" time="0.009"><failure message="AssertionError: Unexpected parameters for test: shape&#10;assert 1 == 2&#10; +  where 1 = len({'shape'})&#10; +    where {'shape'} = &lt;built-in method intersection of set object at 0x7ff5304858c0&gt;({'num_inputs', 'shape'})&#10; +      where &lt;built-in method intersection of set object at 0x7ff5304858c0&gt; = {'shape'}.intersection&#10; +        where {'shape'} = set(dict_keys(['shape']))&#10; +          where dict_keys(['shape']) = &lt;built-in method keys of dict object at 0x7ff533b20c00&gt;()&#10; +            where &lt;built-in method keys of dict object at 0x7ff533b20c00&gt; = {'shape': [2, 1]}.keys">self = &lt;test_tfl_AddN.TestTFLiteAddNLayerTest object at 0x7ff531cba740&gt;
params = {'shape': [2, 1]}, ie_device = 'GPU', precision = 'FP32'
temp_dir = '/home/chaitanyasai/Desktop/G_Soc/openvino/tests/layer_tests/common/out/GPU_test_add_nyxxgtcvh'

    @pytest.mark.parametrize("params", sorted(test_params, key=lambda x: len(x['shape'])))
    @pytest.mark.nightly
    def test_add_n(self, params, ie_device, precision, temp_dir):
&gt;       self._test(ie_device, precision, temp_dir, params)

tests/layer_tests/tensorflow_lite_tests/dummy/test_tfl_AddN.py:47: 
_ _ _ _ _ _ _ _ _ _ _ _ _ _ _ _ _ _ _ _ _ _ _ _ _ _ _ _ _ _ _ _ _ _ _ _ _ _ _ _ 
tests/layer_tests/common/tflite_layer_test_class.py:77: in _test
    model = self.make_model(params)
_ _ _ _ _ _ _ _ _ _ _ _ _ _ _ _ _ _ _ _ _ _ _ _ _ _ _ _ _ _ _ _ _ _ _ _ _ _ _ _ 

self = &lt;test_tfl_AddN.TestTFLiteAddNLayerTest object at 0x7ff531cba740&gt;
params = {'shape': [2, 1]}

    def make_model(self, params):
&gt;       assert len(set(params.keys()).intersection({'shape', 'num_inputs'})) == 2, \
            'Unexpected parameters for test: ' + ','.join(params.keys())
E       AssertionError: Unexpected parameters for test: shape
E       assert 1 == 2
E        +  where 1 = len({'shape'})
E        +    where {'shape'} = &lt;built-in method intersection of set object at 0x7ff5304858c0&gt;({'num_inputs', 'shape'})
E        +      where &lt;built-in method intersection of set object at 0x7ff5304858c0&gt; = {'shape'}.intersection
E        +        where {'shape'} = set(dict_keys(['shape']))
E        +          where dict_keys(['shape']) = &lt;built-in method keys of dict object at 0x7ff533b20c00&gt;()
E        +            where &lt;built-in method keys of dict object at 0x7ff533b20c00&gt; = {'shape': [2, 1]}.keys

tests/layer_tests/tensorflow_lite_tests/dummy/test_tfl_AddN.py:28: AssertionError</failure></testcase><testcase classname="tensorflow_lite_tests.dummy.test_tfl_AddN.TestTFLiteAddNLayerTest" name="test_add_n[ ie_device:CPU - precision:FP16 - params:{'shape': [2, 1]} ]" time="0.011"><failure message="AssertionError: Unexpected parameters for test: shape&#10;assert 1 == 2&#10; +  where 1 = len({'shape'})&#10; +    where {'shape'} = &lt;built-in method intersection of set object at 0x7ff530487d80&gt;({'num_inputs', 'shape'})&#10; +      where &lt;built-in method intersection of set object at 0x7ff530487d80&gt; = {'shape'}.intersection&#10; +        where {'shape'} = set(dict_keys(['shape']))&#10; +          where dict_keys(['shape']) = &lt;built-in method keys of dict object at 0x7ff533b20c00&gt;()&#10; +            where &lt;built-in method keys of dict object at 0x7ff533b20c00&gt; = {'shape': [2, 1]}.keys">self = &lt;test_tfl_AddN.TestTFLiteAddNLayerTest object at 0x7ff531cba560&gt;
params = {'shape': [2, 1]}, ie_device = 'CPU', precision = 'FP16'
temp_dir = '/home/chaitanyasai/Desktop/G_Soc/openvino/tests/layer_tests/common/out/CPU_test_add_n_57e4gpk'

    @pytest.mark.parametrize("params", sorted(test_params, key=lambda x: len(x['shape'])))
    @pytest.mark.nightly
    def test_add_n(self, params, ie_device, precision, temp_dir):
&gt;       self._test(ie_device, precision, temp_dir, params)

tests/layer_tests/tensorflow_lite_tests/dummy/test_tfl_AddN.py:47: 
_ _ _ _ _ _ _ _ _ _ _ _ _ _ _ _ _ _ _ _ _ _ _ _ _ _ _ _ _ _ _ _ _ _ _ _ _ _ _ _ 
tests/layer_tests/common/tflite_layer_test_class.py:77: in _test
    model = self.make_model(params)
_ _ _ _ _ _ _ _ _ _ _ _ _ _ _ _ _ _ _ _ _ _ _ _ _ _ _ _ _ _ _ _ _ _ _ _ _ _ _ _ 

self = &lt;test_tfl_AddN.TestTFLiteAddNLayerTest object at 0x7ff531cba560&gt;
params = {'shape': [2, 1]}

    def make_model(self, params):
&gt;       assert len(set(params.keys()).intersection({'shape', 'num_inputs'})) == 2, \
            'Unexpected parameters for test: ' + ','.join(params.keys())
E       AssertionError: Unexpected parameters for test: shape
E       assert 1 == 2
E        +  where 1 = len({'shape'})
E        +    where {'shape'} = &lt;built-in method intersection of set object at 0x7ff530487d80&gt;({'num_inputs', 'shape'})
E        +      where &lt;built-in method intersection of set object at 0x7ff530487d80&gt; = {'shape'}.intersection
E        +        where {'shape'} = set(dict_keys(['shape']))
E        +          where dict_keys(['shape']) = &lt;built-in method keys of dict object at 0x7ff533b20c00&gt;()
E        +            where &lt;built-in method keys of dict object at 0x7ff533b20c00&gt; = {'shape': [2, 1]}.keys

tests/layer_tests/tensorflow_lite_tests/dummy/test_tfl_AddN.py:28: AssertionError</failure></testcase><testcase classname="tensorflow_lite_tests.dummy.test_tfl_AddN.TestTFLiteAddNLayerTest" name="test_add_n[ ie_device:GPU - precision:FP32 - params:{'shape': [2, 4, 5, 1]} ]" time="0.012"><failure message="AssertionError: Unexpected parameters for test: shape&#10;assert 1 == 2&#10; +  where 1 = len({'shape'})&#10; +    where {'shape'} = &lt;built-in method intersection of set object at 0x7ff5304874c0&gt;({'num_inputs', 'shape'})&#10; +      where &lt;built-in method intersection of set object at 0x7ff5304874c0&gt; = {'shape'}.intersection&#10; +        where {'shape'} = set(dict_keys(['shape']))&#10; +          where dict_keys(['shape']) = &lt;built-in method keys of dict object at 0x7ff533b20780&gt;()&#10; +            where &lt;built-in method keys of dict object at 0x7ff533b20780&gt; = {'shape': [2, 4, 5, 1]}.keys">self = &lt;test_tfl_AddN.TestTFLiteAddNLayerTest object at 0x7ff531cba860&gt;
params = {'shape': [2, 4, 5, 1]}, ie_device = 'GPU', precision = 'FP32'
temp_dir = '/home/chaitanyasai/Desktop/G_Soc/openvino/tests/layer_tests/common/out/GPU_test_add_ni_ql_0hz'

    @pytest.mark.parametrize("params", sorted(test_params, key=lambda x: len(x['shape'])))
    @pytest.mark.nightly
    def test_add_n(self, params, ie_device, precision, temp_dir):
&gt;       self._test(ie_device, precision, temp_dir, params)

tests/layer_tests/tensorflow_lite_tests/dummy/test_tfl_AddN.py:47: 
_ _ _ _ _ _ _ _ _ _ _ _ _ _ _ _ _ _ _ _ _ _ _ _ _ _ _ _ _ _ _ _ _ _ _ _ _ _ _ _ 
tests/layer_tests/common/tflite_layer_test_class.py:77: in _test
    model = self.make_model(params)
_ _ _ _ _ _ _ _ _ _ _ _ _ _ _ _ _ _ _ _ _ _ _ _ _ _ _ _ _ _ _ _ _ _ _ _ _ _ _ _ 

self = &lt;test_tfl_AddN.TestTFLiteAddNLayerTest object at 0x7ff531cba860&gt;
params = {'shape': [2, 4, 5, 1]}

    def make_model(self, params):
&gt;       assert len(set(params.keys()).intersection({'shape', 'num_inputs'})) == 2, \
            'Unexpected parameters for test: ' + ','.join(params.keys())
E       AssertionError: Unexpected parameters for test: shape
E       assert 1 == 2
E        +  where 1 = len({'shape'})
E        +    where {'shape'} = &lt;built-in method intersection of set object at 0x7ff5304874c0&gt;({'num_inputs', 'shape'})
E        +      where &lt;built-in method intersection of set object at 0x7ff5304874c0&gt; = {'shape'}.intersection
E        +        where {'shape'} = set(dict_keys(['shape']))
E        +          where dict_keys(['shape']) = &lt;built-in method keys of dict object at 0x7ff533b20780&gt;()
E        +            where &lt;built-in method keys of dict object at 0x7ff533b20780&gt; = {'shape': [2, 4, 5, 1]}.keys

tests/layer_tests/tensorflow_lite_tests/dummy/test_tfl_AddN.py:28: AssertionError</failure></testcase><testcase classname="tensorflow_lite_tests.dummy.test_tfl_AddN.TestTFLiteAddNLayerTest" name="test_add_n[ ie_device:GPU - precision:FP16 - params:{'shape': [2, 4, 5, 1]} ]" time="0.020"><failure message="AssertionError: Unexpected parameters for test: shape&#10;assert 1 == 2&#10; +  where 1 = len({'shape'})&#10; +    where {'shape'} = &lt;built-in method intersection of set object at 0x7ff530487680&gt;({'num_inputs', 'shape'})&#10; +      where &lt;built-in method intersection of set object at 0x7ff530487680&gt; = {'shape'}.intersection&#10; +        where {'shape'} = set(dict_keys(['shape']))&#10; +          where dict_keys(['shape']) = &lt;built-in method keys of dict object at 0x7ff533b20780&gt;()&#10; +            where &lt;built-in method keys of dict object at 0x7ff533b20780&gt; = {'shape': [2, 4, 5, 1]}.keys">self = &lt;test_tfl_AddN.TestTFLiteAddNLayerTest object at 0x7ff531cbaf50&gt;
params = {'shape': [2, 4, 5, 1]}, ie_device = 'GPU', precision = 'FP16'
temp_dir = '/home/chaitanyasai/Desktop/G_Soc/openvino/tests/layer_tests/common/out/GPU_test_add_nq18fg99x'

    @pytest.mark.parametrize("params", sorted(test_params, key=lambda x: len(x['shape'])))
    @pytest.mark.nightly
    def test_add_n(self, params, ie_device, precision, temp_dir):
&gt;       self._test(ie_device, precision, temp_dir, params)

tests/layer_tests/tensorflow_lite_tests/dummy/test_tfl_AddN.py:47: 
_ _ _ _ _ _ _ _ _ _ _ _ _ _ _ _ _ _ _ _ _ _ _ _ _ _ _ _ _ _ _ _ _ _ _ _ _ _ _ _ 
tests/layer_tests/common/tflite_layer_test_class.py:77: in _test
    model = self.make_model(params)
_ _ _ _ _ _ _ _ _ _ _ _ _ _ _ _ _ _ _ _ _ _ _ _ _ _ _ _ _ _ _ _ _ _ _ _ _ _ _ _ 

self = &lt;test_tfl_AddN.TestTFLiteAddNLayerTest object at 0x7ff531cbaf50&gt;
params = {'shape': [2, 4, 5, 1]}

    def make_model(self, params):
&gt;       assert len(set(params.keys()).intersection({'shape', 'num_inputs'})) == 2, \
            'Unexpected parameters for test: ' + ','.join(params.keys())
E       AssertionError: Unexpected parameters for test: shape
E       assert 1 == 2
E        +  where 1 = len({'shape'})
E        +    where {'shape'} = &lt;built-in method intersection of set object at 0x7ff530487680&gt;({'num_inputs', 'shape'})
E        +      where &lt;built-in method intersection of set object at 0x7ff530487680&gt; = {'shape'}.intersection
E        +        where {'shape'} = set(dict_keys(['shape']))
E        +          where dict_keys(['shape']) = &lt;built-in method keys of dict object at 0x7ff533b20780&gt;()
E        +            where &lt;built-in method keys of dict object at 0x7ff533b20780&gt; = {'shape': [2, 4, 5, 1]}.keys

tests/layer_tests/tensorflow_lite_tests/dummy/test_tfl_AddN.py:28: AssertionError</failure></testcase><testcase classname="tensorflow_lite_tests.dummy.test_tfl_AddN.TestTFLiteAddNLayerTest" name="test_add_n[ ie_device:GPU - precision:FP16 - params:{'shape': [2, 1]} ]" time="0.053"><failure message="AssertionError: Unexpected parameters for test: shape&#10;assert 1 == 2&#10; +  where 1 = len({'shape'})&#10; +    where {'shape'} = &lt;built-in method intersection of set object at 0x7ff531d06880&gt;({'num_inputs', 'shape'})&#10; +      where &lt;built-in method intersection of set object at 0x7ff531d06880&gt; = {'shape'}.intersection&#10; +        where {'shape'} = set(dict_keys(['shape']))&#10; +          where dict_keys(['shape']) = &lt;built-in method keys of dict object at 0x7ff533b20c00&gt;()&#10; +            where &lt;built-in method keys of dict object at 0x7ff533b20c00&gt; = {'shape': [2, 1]}.keys">self = &lt;test_tfl_AddN.TestTFLiteAddNLayerTest object at 0x7ff531cba950&gt;
params = {'shape': [2, 1]}, ie_device = 'GPU', precision = 'FP16'
temp_dir = '/home/chaitanyasai/Desktop/G_Soc/openvino/tests/layer_tests/common/out/GPU_test_add_nw97yyz3r'

    @pytest.mark.parametrize("params", sorted(test_params, key=lambda x: len(x['shape'])))
    @pytest.mark.nightly
    def test_add_n(self, params, ie_device, precision, temp_dir):
&gt;       self._test(ie_device, precision, temp_dir, params)

tests/layer_tests/tensorflow_lite_tests/dummy/test_tfl_AddN.py:47: 
_ _ _ _ _ _ _ _ _ _ _ _ _ _ _ _ _ _ _ _ _ _ _ _ _ _ _ _ _ _ _ _ _ _ _ _ _ _ _ _ 
tests/layer_tests/common/tflite_layer_test_class.py:77: in _test
    model = self.make_model(params)
_ _ _ _ _ _ _ _ _ _ _ _ _ _ _ _ _ _ _ _ _ _ _ _ _ _ _ _ _ _ _ _ _ _ _ _ _ _ _ _ 

self = &lt;test_tfl_AddN.TestTFLiteAddNLayerTest object at 0x7ff531cba950&gt;
params = {'shape': [2, 1]}

    def make_model(self, params):
&gt;       assert len(set(params.keys()).intersection({'shape', 'num_inputs'})) == 2, \
            'Unexpected parameters for test: ' + ','.join(params.keys())
E       AssertionError: Unexpected parameters for test: shape
E       assert 1 == 2
E        +  where 1 = len({'shape'})
E        +    where {'shape'} = &lt;built-in method intersection of set object at 0x7ff531d06880&gt;({'num_inputs', 'shape'})
E        +      where &lt;built-in method intersection of set object at 0x7ff531d06880&gt; = {'shape'}.intersection
E        +        where {'shape'} = set(dict_keys(['shape']))
E        +          where dict_keys(['shape']) = &lt;built-in method keys of dict object at 0x7ff533b20c00&gt;()
E        +            where &lt;built-in method keys of dict object at 0x7ff533b20c00&gt; = {'shape': [2, 1]}.keys

tests/layer_tests/tensorflow_lite_tests/dummy/test_tfl_AddN.py:28: AssertionError</failure></testcase><testcase classname="tensorflow_lite_tests.dummy.test_tfl_AddN.TestTFLiteAddNLayerTest" name="test_add_n[ ie_device:CPU - precision:FP16 - params:{'shape': [2, 4, 5, 1]} ]" time="0.038"><failure message="AssertionError: Unexpected parameters for test: shape&#10;assert 1 == 2&#10; +  where 1 = len({'shape'})&#10; +    where {'shape'} = &lt;built-in method intersection of set object at 0x7ff530485d20&gt;({'num_inputs', 'shape'})&#10; +      where &lt;built-in method intersection of set object at 0x7ff530485d20&gt; = {'shape'}.intersection&#10; +        where {'shape'} = set(dict_keys(['shape']))&#10; +          where dict_keys(['shape']) = &lt;built-in method keys of dict object at 0x7ff533b20780&gt;()&#10; +            where &lt;built-in method keys of dict object at 0x7ff533b20780&gt; = {'shape': [2, 4, 5, 1]}.keys">self = &lt;test_tfl_AddN.TestTFLiteAddNLayerTest object at 0x7ff531cba650&gt;
params = {'shape': [2, 4, 5, 1]}, ie_device = 'CPU', precision = 'FP16'
temp_dir = '/home/chaitanyasai/Desktop/G_Soc/openvino/tests/layer_tests/common/out/CPU_test_add_n9znus27p'

    @pytest.mark.parametrize("params", sorted(test_params, key=lambda x: len(x['shape'])))
    @pytest.mark.nightly
    def test_add_n(self, params, ie_device, precision, temp_dir):
&gt;       self._test(ie_device, precision, temp_dir, params)

tests/layer_tests/tensorflow_lite_tests/dummy/test_tfl_AddN.py:47: 
_ _ _ _ _ _ _ _ _ _ _ _ _ _ _ _ _ _ _ _ _ _ _ _ _ _ _ _ _ _ _ _ _ _ _ _ _ _ _ _ 
tests/layer_tests/common/tflite_layer_test_class.py:77: in _test
    model = self.make_model(params)
_ _ _ _ _ _ _ _ _ _ _ _ _ _ _ _ _ _ _ _ _ _ _ _ _ _ _ _ _ _ _ _ _ _ _ _ _ _ _ _ 

self = &lt;test_tfl_AddN.TestTFLiteAddNLayerTest object at 0x7ff531cba650&gt;
params = {'shape': [2, 4, 5, 1]}

    def make_model(self, params):
&gt;       assert len(set(params.keys()).intersection({'shape', 'num_inputs'})) == 2, \
            'Unexpected parameters for test: ' + ','.join(params.keys())
E       AssertionError: Unexpected parameters for test: shape
E       assert 1 == 2
E        +  where 1 = len({'shape'})
E        +    where {'shape'} = &lt;built-in method intersection of set object at 0x7ff530485d20&gt;({'num_inputs', 'shape'})
E        +      where &lt;built-in method intersection of set object at 0x7ff530485d20&gt; = {'shape'}.intersection
E        +        where {'shape'} = set(dict_keys(['shape']))
E        +          where dict_keys(['shape']) = &lt;built-in method keys of dict object at 0x7ff533b20780&gt;()
E        +            where &lt;built-in method keys of dict object at 0x7ff533b20780&gt; = {'shape': [2, 4, 5, 1]}.keys

tests/layer_tests/tensorflow_lite_tests/dummy/test_tfl_AddN.py:28: AssertionError</failure></testcase></testsuite></testsuites>